[0.365s] Invoking command in '/home/naraphon9/ros2_ws/build/slam_toolbox': CMAKE_PREFIX_PATH=${CMAKE_PREFIX_PATH}:/home/naraphon9/ros2_ws/install/ydlidar_old:/home/naraphon9/ros2_ws/install/my_slam_launch:/home/naraphon9/ros2_ws/install/my_robot_description:/home/naraphon9/ros2_ws/install/my_pose_pub:/opt/ros/foxy /opt/cmake-3.26/bin/cmake /home/naraphon9/ros2_ws/src/slam_toolbox -DCMAKE_INSTALL_PREFIX=/home/naraphon9/ros2_ws/install/slam_toolbox
[0.521s] -- The C compiler identification is GNU 9.4.0
[0.521s] -- The CXX compiler identification is GNU 9.4.0
[0.521s] -- Detecting C compiler ABI info
[0.564s] -- Detecting C compiler ABI info - done
[0.574s] -- Check for working C compiler: /usr/bin/cc - skipped
[0.576s] -- Detecting C compile features
[0.576s] -- Detecting C compile features - done
[0.580s] -- Detecting CXX compiler ABI info
[0.638s] -- Detecting CXX compiler ABI info - done
[0.652s] -- Check for working CXX compiler: /usr/bin/c++ - skipped
[0.652s] -- Detecting CXX compile features
[0.653s] -- Detecting CXX compile features - done
[0.656s] -- Found ament_cmake: 0.9.12 (/opt/ros/foxy/share/ament_cmake/cmake)
[0.680s] -- Found PythonInterp: /usr/bin/python3 (found suitable version "3.8.10", minimum required is "3") 
[0.680s] -- Using PYTHON_EXECUTABLE: /usr/bin/python3
[0.856s] -- Found message_filters: 3.2.7 (/opt/ros/foxy/share/message_filters/cmake)
[0.861s] -- Found nav_msgs: 2.0.5 (/opt/ros/foxy/share/nav_msgs/cmake)
[0.894s] -- Using all available rosidl_typesupport_c: rosidl_typesupport_fastrtps_c;rosidl_typesupport_introspection_c
[0.904s] -- Found rosidl_adapter: 1.3.1 (/opt/ros/foxy/share/rosidl_adapter/cmake)
[0.977s] -- Found OpenSSL: /usr/lib/x86_64-linux-gnu/libcrypto.so (found version "1.1.1f")  
[1.010s] -- Found FastRTPS: /opt/ros/foxy/include  
[1.098s] -- Using all available rosidl_typesupport_cpp: rosidl_typesupport_fastrtps_cpp;rosidl_typesupport_introspection_cpp
[1.243s] -- Found rclcpp: 2.4.3 (/opt/ros/foxy/share/rclcpp/cmake)
[1.270s] -- Found rmw_implementation_cmake: 1.0.4 (/opt/ros/foxy/share/rmw_implementation_cmake/cmake)
[1.271s] -- Using RMW implementation 'rmw_fastrtps_cpp' as default
[1.271s] -- Performing Test CMAKE_HAVE_LIBC_PTHREAD
[1.308s] -- Performing Test CMAKE_HAVE_LIBC_PTHREAD - Failed
[1.308s] -- Looking for pthread_create in pthreads
[1.338s] -- Looking for pthread_create in pthreads - not found
[1.338s] -- Looking for pthread_create in pthread
[1.371s] -- Looking for pthread_create in pthread - found
[1.372s] -- Found Threads: TRUE  
[1.453s] -- Found sensor_msgs: 2.0.5 (/opt/ros/foxy/share/sensor_msgs/cmake)
[1.494s] -- Found tf2: 0.13.14 (/opt/ros/foxy/share/tf2/cmake)
[1.503s] -- Found tf2_ros: 0.13.14 (/opt/ros/foxy/share/tf2_ros/cmake)
[1.773s] -- Found visualization_msgs: 2.0.5 (/opt/ros/foxy/share/visualization_msgs/cmake)
[1.871s] -- Found pluginlib: 2.5.4 (/opt/ros/foxy/share/pluginlib/cmake)
[1.892s] -- Found tf2_geometry_msgs: 0.13.14 (/opt/ros/foxy/share/tf2_geometry_msgs/cmake)
[1.900s] -- Found eigen3_cmake_module: 0.1.1 (/opt/ros/foxy/share/eigen3_cmake_module/cmake)
[1.904s] -- Found Eigen3: TRUE (found version "3.3.7") 
[1.929s] -- Found tf2_sensor_msgs: 0.13.14 (/opt/ros/foxy/share/tf2_sensor_msgs/cmake)
[1.945s] -- Found std_srvs: 2.0.5 (/opt/ros/foxy/share/std_srvs/cmake)
[1.957s] -- Found rosidl_default_generators: 1.0.1 (/opt/ros/foxy/share/rosidl_default_generators/cmake)
[1.970s] -- Found nav2_map_server: 0.4.7 (/opt/ros/foxy/share/nav2_map_server/cmake)
[1.973s] -- Found rviz_common: 8.2.8 (/opt/ros/foxy/share/rviz_common/cmake)
[1.996s] -- Setting OGRE_DIR to: '/opt/ros/foxy/share/rviz_ogre_vendor/cmake/../../../opt/rviz_ogre_vendor/lib/OGRE/cmake'
[1.999s] -- Found OGRE
[2.000s] --   static     : OFF
[2.000s] --   components : HLMS;MeshLodGenerator;Overlay;Paging;Property;RTShaderSystem;Terrain;Volume
[2.000s] --   plugins    : Plugin_BSPSceneManager;Plugin_OctreeSceneManager;Plugin_PCZSceneManager;Plugin_ParticleFX;RenderSystem_GL;RenderSystem_GL3Plus;Codec_STBI
[2.000s] --   media      : /opt/ros/foxy/opt/rviz_ogre_vendor/share/OGRE/Media
[2.000s] -- OGRE_LIBRARIES: OgreHLMS;OgreMeshLodGenerator;OgreOverlay;OgrePaging;OgreProperty;OgreRTShaderSystem;OgreTerrain;OgreVolume;OgreMain
[2.000s] -- OGRE_LIBRARY_DIRS: /opt/ros/foxy/opt/rviz_ogre_vendor/lib
[2.001s] -- OGRE_PLUGINS: Plugin_BSPSceneManager;Plugin_OctreeSceneManager;Plugin_PCZSceneManager;Plugin_ParticleFX;RenderSystem_GL;RenderSystem_GL3Plus;Codec_STBI
[2.001s] -- OGRE_PLUGIN_DIR: /opt/ros/foxy/opt/rviz_ogre_vendor/lib/OGRE
[2.001s] -- rviz_ogre_vendor::OgreOverlay for IMPORTED_LOCATION_RELEASE: /opt/ros/foxy/opt/rviz_ogre_vendor/lib/libOgreOverlay.so
[2.001s] -- rviz_ogre_vendor::OgreOverlay for IMPORTED_LOCATION_DEBUG: /opt/ros/foxy/opt/rviz_ogre_vendor/lib/libOgreOverlay.so
[2.001s] -- rviz_ogre_vendor::OgreMain for IMPORTED_LOCATION_RELEASE: /opt/ros/foxy/opt/rviz_ogre_vendor/lib/libOgreMain.so
[2.001s] -- rviz_ogre_vendor::OgreMain for IMPORTED_LOCATION_DEBUG: /opt/ros/foxy/opt/rviz_ogre_vendor/lib/libOgreMain.so
[2.003s] -- Could not find freeimage library
[2.059s] -- Found ZLIB: /usr/lib/x86_64-linux-gnu/libz.so (found version "1.2.11")  
[2.069s] -- Found OpenGL: /usr/lib/x86_64-linux-gnu/libOpenGL.so   
[2.170s] -- Found X11: /usr/include   
[2.170s] -- Looking for XOpenDisplay in /usr/lib/x86_64-linux-gnu/libX11.so;/usr/lib/x86_64-linux-gnu/libXext.so
[2.220s] -- Looking for XOpenDisplay in /usr/lib/x86_64-linux-gnu/libX11.so;/usr/lib/x86_64-linux-gnu/libXext.so - found
[2.220s] -- Looking for gethostbyname
[2.265s] -- Looking for gethostbyname - found
[2.265s] -- Looking for connect
[2.310s] -- Looking for connect - found
[2.310s] -- Looking for remove
[2.351s] -- Looking for remove - found
[2.351s] -- Looking for shmat
[2.390s] -- Looking for shmat - found
[2.390s] -- Looking for IceConnectionNumber in ICE
[2.430s] -- Looking for IceConnectionNumber in ICE - found
[2.432s] -- rviz_ogre_vendor::RenderSystem_GL for IMPORTED_LOCATION_RELEASE: _render_system_gl_static_library_abs-NOTFOUND
[2.432s] -- rviz_ogre_vendor::RenderSystem_GL for IMPORTED_LOCATION_DEBUG: _render_system_gl_static_library_abs-NOTFOUND
[2.437s] -- library: libassimp.so.5
[2.496s] -- library: /usr/lib/x86_64-linux-gnu/libcurl.so
[2.553s] -- Setting yaml-cpp_DIR to: '/opt/ros/foxy/share/yaml_cpp_vendor/cmake/../../../opt/yaml_cpp_vendor/lib/cmake/yaml-cpp'
[2.559s] -- Found rviz_default_plugins: 8.2.8 (/opt/ros/foxy/share/rviz_default_plugins/cmake)
[2.819s] -- Found Boost: /usr/lib/x86_64-linux-gnu/cmake/Boost-1.71.0/BoostConfig.cmake (found version "1.71.0") found components: system serialization filesystem thread 
[2.889s] -- Found PkgConfig: /usr/bin/pkg-config (found version "0.29.1") 
[2.893s] [33mCMake Warning (dev) at /opt/cmake-3.26/share/cmake-3.26/Modules/FindPackageHandleStandardArgs.cmake:438 (message):
[2.893s]   The package name passed to `find_package_handle_standard_args` (CSPARSE)
[2.893s]   does not match the name of the calling package (CSparse).  This can lead to
[2.893s]   problems in calling code that expects `find_package` result variables
[2.893s]   (e.g., `_FOUND`) to follow a certain pattern.
[2.893s] Call Stack (most recent call first):
[2.893s]   CMake/FindCSparse.cmake:24 (find_package_handle_standard_args)
[2.894s]   CMakeLists.txt:77 (find_package)
[2.894s] This warning is for project developers.  Use -Wno-dev to suppress it.
[2.894s] [0m
[2.894s] -- Found CSPARSE: /usr/include/suitesparse  
[2.938s] [33mCMake Warning (dev) at /opt/cmake-3.26/share/cmake-3.26/Modules/FindPackageHandleStandardArgs.cmake:438 (message):
[2.938s]   The package name passed to `find_package_handle_standard_args` (CHOLMOD)
[2.938s]   does not match the name of the calling package (Cholmod).  This can lead to
[2.938s]   problems in calling code that expects `find_package` result variables
[2.938s]   (e.g., `_FOUND`) to follow a certain pattern.
[2.939s] Call Stack (most recent call first):
[2.939s]   CMake/FindCholmod.cmake:86 (find_package_handle_standard_args)
[2.939s]   CMakeLists.txt:79 (find_package)
[2.939s] This warning is for project developers.  Use -Wno-dev to suppress it.
[2.939s] [0m
[2.939s] -- Found CHOLMOD: /usr/include/suitesparse  
[2.941s] -- Looking for sgemm_
[2.980s] -- Looking for sgemm_ - not found
[3.038s] -- Looking for sgemm_
[3.080s] -- Looking for sgemm_ - found
[3.080s] -- Found BLAS: /usr/lib/x86_64-linux-gnu/libblas.so  
[3.082s] -- Looking for cheev_
[3.122s] -- Looking for cheev_ - not found
[3.139s] -- Looking for cheev_
[3.188s] -- Looking for cheev_ - found
[3.188s] -- Found LAPACK: /usr/lib/x86_64-linux-gnu/liblapack.so;/usr/lib/x86_64-linux-gnu/libblas.so  
[3.192s] -- Found installed version of Eigen: /usr/lib/cmake/eigen3
[3.193s] -- Found required Ceres dependency: Eigen version 3.3.7 in /usr/include/eigen3
[3.195s] -- Found required Ceres dependency: glog
[3.197s] -- Found installed version of gflags: /usr/lib/x86_64-linux-gnu/cmake/gflags
[3.197s] -- Detected gflags version: 2.2.2
[3.198s] -- Found required Ceres dependency: gflags
[3.199s] -- Found Ceres version: 1.14.0 installed in: /usr with components: [EigenSparse, SparseLinearAlgebraLibrary, LAPACK, SuiteSparse, CXSparse, SchurSpecializations, OpenMP, Multithreading]
[3.227s] -- Found PythonInterp: /usr/bin/python3 (found version "3.8.10") 
[3.417s] -- Found ament_cmake_ros: 0.9.2 (/opt/ros/foxy/share/ament_cmake_ros/cmake)
[3.672s] -- Using all available rosidl_typesupport_c: rosidl_typesupport_fastrtps_c;rosidl_typesupport_introspection_c
[3.790s] -- Using all available rosidl_typesupport_cpp: rosidl_typesupport_fastrtps_cpp;rosidl_typesupport_introspection_cpp
[3.815s] -- Found PythonInterp: /usr/bin/python3 (found suitable version "3.8.10", minimum required is "3.5") 
[3.816s] -- Found python_cmake_module: 0.8.1 (/opt/ros/foxy/share/python_cmake_module/cmake)
[3.843s] -- Found PythonLibs: /usr/lib/x86_64-linux-gnu/libpython3.8.so (found suitable version "3.8.10", minimum required is "3.5") 
[3.843s] -- Using PYTHON_EXECUTABLE: /usr/bin/python3
[3.843s] -- Using PYTHON_INCLUDE_DIRS: /usr/include/python3.8
[3.843s] -- Using PYTHON_LIBRARIES: /usr/lib/x86_64-linux-gnu/libpython3.8.so
[3.863s] -- Found PythonExtra: .so  
[3.992s] -- Configuring done (3.6s)
[4.189s] -- Generating done (0.2s)
[4.224s] -- Build files have been written to: /home/naraphon9/ros2_ws/build/slam_toolbox
[4.237s] Invoked command in '/home/naraphon9/ros2_ws/build/slam_toolbox' returned '0': CMAKE_PREFIX_PATH=${CMAKE_PREFIX_PATH}:/home/naraphon9/ros2_ws/install/ydlidar_old:/home/naraphon9/ros2_ws/install/my_slam_launch:/home/naraphon9/ros2_ws/install/my_robot_description:/home/naraphon9/ros2_ws/install/my_pose_pub:/opt/ros/foxy /opt/cmake-3.26/bin/cmake /home/naraphon9/ros2_ws/src/slam_toolbox -DCMAKE_INSTALL_PREFIX=/home/naraphon9/ros2_ws/install/slam_toolbox
[4.240s] Invoking command in '/home/naraphon9/ros2_ws/build/slam_toolbox': CMAKE_PREFIX_PATH=${CMAKE_PREFIX_PATH}:/home/naraphon9/ros2_ws/install/ydlidar_old:/home/naraphon9/ros2_ws/install/my_slam_launch:/home/naraphon9/ros2_ws/install/my_robot_description:/home/naraphon9/ros2_ws/install/my_pose_pub:/opt/ros/foxy /opt/cmake-3.26/bin/cmake --build /home/naraphon9/ros2_ws/build/slam_toolbox -- -j20 -l20
[4.257s] [  1%] [34m[1mGenerating C code for ROS interfaces[0m
[4.260s] [  2%] [32mBuilding CXX object lib/karto_sdk/CMakeFiles/kartoSlamToolbox.dir/src/Karto.cpp.o[0m
[4.260s] [  3%] [32mBuilding CXX object lib/karto_sdk/CMakeFiles/kartoSlamToolbox.dir/src/Mapper.cpp.o[0m
[4.260s] [  3%] [34m[1mGenerating C++ code for ROS interfaces[0m
[5.010s] [  3%] Built target slam_toolbox__cpp
[5.014s] [  4%] [34m[1mGenerating C++ type support dispatch for ROS interfaces[0m
[5.015s] [  5%] [34m[1mGenerating C++ type support for eProsima Fast-RTPS[0m
[5.032s] [  6%] [34m[1mGenerating C++ introspection for ROS interfaces[0m
[5.091s] [  7%] [32mBuilding C object CMakeFiles/slam_toolbox__rosidl_generator_c.dir/rosidl_generator_c/slam_toolbox/srv/detail/clear_queue__functions.c.o[0m
[5.094s] [  7%] [32mBuilding C object CMakeFiles/slam_toolbox__rosidl_generator_c.dir/rosidl_generator_c/slam_toolbox/srv/detail/pause__functions.c.o[0m
[5.096s] [  8%] [32mBuilding C object CMakeFiles/slam_toolbox__rosidl_generator_c.dir/rosidl_generator_c/slam_toolbox/srv/detail/loop_closure__functions.c.o[0m
[5.100s] [  9%] [32mBuilding C object CMakeFiles/slam_toolbox__rosidl_generator_c.dir/rosidl_generator_c/slam_toolbox/srv/detail/add_submap__functions.c.o[0m
[5.101s] [  9%] [32mBuilding C object CMakeFiles/slam_toolbox__rosidl_generator_c.dir/rosidl_generator_c/slam_toolbox/srv/detail/deserialize_pose_graph__functions.c.o[0m
[5.101s] [ 10%] [32mBuilding C object CMakeFiles/slam_toolbox__rosidl_generator_c.dir/rosidl_generator_c/slam_toolbox/srv/detail/merge_maps__functions.c.o[0m
[5.101s] [ 11%] [32mBuilding C object CMakeFiles/slam_toolbox__rosidl_generator_c.dir/rosidl_generator_c/slam_toolbox/srv/detail/toggle_interactive__functions.c.o[0m
[5.102s] [ 12%] [32mBuilding C object CMakeFiles/slam_toolbox__rosidl_generator_c.dir/rosidl_generator_c/slam_toolbox/srv/detail/clear__functions.c.o[0m
[5.105s] [ 12%] [32mBuilding C object CMakeFiles/slam_toolbox__rosidl_generator_c.dir/rosidl_generator_c/slam_toolbox/srv/detail/save_map__functions.c.o[0m
[5.110s] [ 13%] [32mBuilding C object CMakeFiles/slam_toolbox__rosidl_generator_c.dir/rosidl_generator_c/slam_toolbox/srv/detail/serialize_pose_graph__functions.c.o[0m
[5.525s] [ 14%] [32mBuilding CXX object CMakeFiles/slam_toolbox__rosidl_typesupport_cpp.dir/rosidl_typesupport_cpp/slam_toolbox/srv/pause__type_support.cpp.o[0m
[5.527s] [ 14%] [32mBuilding CXX object CMakeFiles/slam_toolbox__rosidl_typesupport_cpp.dir/rosidl_typesupport_cpp/slam_toolbox/srv/clear_queue__type_support.cpp.o[0m
[5.528s] [ 15%] [32mBuilding CXX object CMakeFiles/slam_toolbox__rosidl_typesupport_cpp.dir/rosidl_typesupport_cpp/slam_toolbox/srv/toggle_interactive__type_support.cpp.o[0m
[5.528s] [ 16%] [32mBuilding CXX object CMakeFiles/slam_toolbox__rosidl_typesupport_cpp.dir/rosidl_typesupport_cpp/slam_toolbox/srv/clear__type_support.cpp.o[0m
[5.529s] [ 17%] [32mBuilding CXX object CMakeFiles/slam_toolbox__rosidl_typesupport_cpp.dir/rosidl_typesupport_cpp/slam_toolbox/srv/add_submap__type_support.cpp.o[0m
[5.532s] [ 18%] [32mBuilding CXX object CMakeFiles/slam_toolbox__rosidl_typesupport_cpp.dir/rosidl_typesupport_cpp/slam_toolbox/srv/save_map__type_support.cpp.o[0m
[5.538s] [ 19%] [32mBuilding CXX object CMakeFiles/slam_toolbox__rosidl_typesupport_cpp.dir/rosidl_typesupport_cpp/slam_toolbox/srv/merge_maps__type_support.cpp.o[0m
[5.543s] [ 19%] [32mBuilding CXX object CMakeFiles/slam_toolbox__rosidl_typesupport_cpp.dir/rosidl_typesupport_cpp/slam_toolbox/srv/deserialize_pose_graph__type_support.cpp.o[0m
[5.545s] [ 19%] [32mBuilding CXX object CMakeFiles/slam_toolbox__rosidl_typesupport_cpp.dir/rosidl_typesupport_cpp/slam_toolbox/srv/loop_closure__type_support.cpp.o[0m
[5.583s] [ 20%] [32mBuilding CXX object CMakeFiles/slam_toolbox__rosidl_typesupport_cpp.dir/rosidl_typesupport_cpp/slam_toolbox/srv/serialize_pose_graph__type_support.cpp.o[0m
[5.947s] [ 21%] [32mBuilding CXX object CMakeFiles/slam_toolbox__rosidl_typesupport_introspection_cpp.dir/rosidl_typesupport_introspection_cpp/slam_toolbox/srv/detail/pause__type_support.cpp.o[0m
[5.947s] [ 22%] [32mBuilding CXX object CMakeFiles/slam_toolbox__rosidl_typesupport_introspection_cpp.dir/rosidl_typesupport_introspection_cpp/slam_toolbox/srv/detail/clear_queue__type_support.cpp.o[0m
[5.947s] [ 22%] [32mBuilding CXX object CMakeFiles/slam_toolbox__rosidl_typesupport_introspection_cpp.dir/rosidl_typesupport_introspection_cpp/slam_toolbox/srv/detail/toggle_interactive__type_support.cpp.o[0m
[5.960s] [ 23%] [32mBuilding CXX object CMakeFiles/slam_toolbox__rosidl_typesupport_introspection_cpp.dir/rosidl_typesupport_introspection_cpp/slam_toolbox/srv/detail/save_map__type_support.cpp.o[0m
[5.962s] [ 23%] [32mBuilding CXX object CMakeFiles/slam_toolbox__rosidl_typesupport_introspection_cpp.dir/rosidl_typesupport_introspection_cpp/slam_toolbox/srv/detail/loop_closure__type_support.cpp.o[0m
[5.971s] [ 24%] [32mBuilding CXX object CMakeFiles/slam_toolbox__rosidl_typesupport_introspection_cpp.dir/rosidl_typesupport_introspection_cpp/slam_toolbox/srv/detail/merge_maps__type_support.cpp.o[0m
[5.975s] [ 25%] [32mBuilding CXX object CMakeFiles/slam_toolbox__rosidl_typesupport_introspection_cpp.dir/rosidl_typesupport_introspection_cpp/slam_toolbox/srv/detail/clear__type_support.cpp.o[0m
[5.991s] [ 26%] [32mBuilding CXX object CMakeFiles/slam_toolbox__rosidl_typesupport_introspection_cpp.dir/rosidl_typesupport_introspection_cpp/slam_toolbox/srv/detail/add_submap__type_support.cpp.o[0m
[5.999s] [ 27%] [32mBuilding CXX object CMakeFiles/slam_toolbox__rosidl_typesupport_introspection_cpp.dir/rosidl_typesupport_introspection_cpp/slam_toolbox/srv/detail/deserialize_pose_graph__type_support.cpp.o[0m
[6.009s] [ 27%] [32mBuilding CXX object CMakeFiles/slam_toolbox__rosidl_typesupport_introspection_cpp.dir/rosidl_typesupport_introspection_cpp/slam_toolbox/srv/detail/serialize_pose_graph__type_support.cpp.o[0m
[6.058s] [ 28%] [32mBuilding CXX object CMakeFiles/slam_toolbox__rosidl_typesupport_fastrtps_cpp.dir/rosidl_typesupport_fastrtps_cpp/slam_toolbox/srv/detail/dds_fastrtps/clear_queue__type_support.cpp.o[0m
[6.058s] [ 28%] [32mBuilding CXX object CMakeFiles/slam_toolbox__rosidl_typesupport_fastrtps_cpp.dir/rosidl_typesupport_fastrtps_cpp/slam_toolbox/srv/detail/dds_fastrtps/pause__type_support.cpp.o[0m
[6.058s] [ 29%] [32mBuilding CXX object CMakeFiles/slam_toolbox__rosidl_typesupport_fastrtps_cpp.dir/rosidl_typesupport_fastrtps_cpp/slam_toolbox/srv/detail/dds_fastrtps/toggle_interactive__type_support.cpp.o[0m
[6.120s] [ 30%] [32m[1mLinking C shared library libslam_toolbox__rosidl_generator_c.so[0m
[6.213s] [ 31%] [32mBuilding CXX object CMakeFiles/slam_toolbox__rosidl_typesupport_fastrtps_cpp.dir/rosidl_typesupport_fastrtps_cpp/slam_toolbox/srv/detail/dds_fastrtps/clear__type_support.cpp.o[0m
[6.217s] [ 31%] Built target slam_toolbox__rosidl_generator_c
[6.221s] [ 32%] [32mBuilding CXX object CMakeFiles/slam_toolbox__rosidl_typesupport_fastrtps_cpp.dir/rosidl_typesupport_fastrtps_cpp/slam_toolbox/srv/detail/dds_fastrtps/save_map__type_support.cpp.o[0m
[6.303s] [ 32%] [32mBuilding CXX object CMakeFiles/slam_toolbox__rosidl_typesupport_fastrtps_cpp.dir/rosidl_typesupport_fastrtps_cpp/slam_toolbox/srv/detail/dds_fastrtps/loop_closure__type_support.cpp.o[0m
[6.395s] [ 33%] [32mBuilding CXX object CMakeFiles/slam_toolbox__rosidl_typesupport_fastrtps_cpp.dir/rosidl_typesupport_fastrtps_cpp/slam_toolbox/srv/detail/dds_fastrtps/merge_maps__type_support.cpp.o[0m
[6.399s] [ 34%] [32mBuilding CXX object CMakeFiles/slam_toolbox__rosidl_typesupport_fastrtps_cpp.dir/rosidl_typesupport_fastrtps_cpp/slam_toolbox/srv/detail/dds_fastrtps/add_submap__type_support.cpp.o[0m
[6.415s] [ 35%] [34m[1mGenerating C type support dispatch for ROS interfaces[0m
[6.415s] [ 36%] [32mBuilding CXX object CMakeFiles/slam_toolbox__rosidl_typesupport_fastrtps_cpp.dir/rosidl_typesupport_fastrtps_cpp/slam_toolbox/srv/detail/dds_fastrtps/deserialize_pose_graph__type_support.cpp.o[0m
[6.423s] [ 37%] [34m[1mGenerating C introspection for ROS interfaces[0m
[6.460s] [ 37%] [32mBuilding CXX object CMakeFiles/slam_toolbox__rosidl_typesupport_fastrtps_cpp.dir/rosidl_typesupport_fastrtps_cpp/slam_toolbox/srv/detail/dds_fastrtps/serialize_pose_graph__type_support.cpp.o[0m
[7.074s] [ 37%] [32mBuilding CXX object CMakeFiles/slam_toolbox__rosidl_typesupport_c.dir/rosidl_typesupport_c/slam_toolbox/srv/pause__type_support.cpp.o[0m
[7.077s] [ 39%] [32mBuilding CXX object CMakeFiles/slam_toolbox__rosidl_typesupport_c.dir/rosidl_typesupport_c/slam_toolbox/srv/loop_closure__type_support.cpp.o[0m
[7.077s] [ 39%] [32mBuilding CXX object CMakeFiles/slam_toolbox__rosidl_typesupport_c.dir/rosidl_typesupport_c/slam_toolbox/srv/save_map__type_support.cpp.o[0m
[7.077s] [ 40%] [32mBuilding CXX object CMakeFiles/slam_toolbox__rosidl_typesupport_c.dir/rosidl_typesupport_c/slam_toolbox/srv/merge_maps__type_support.cpp.o[0m
[7.078s] [ 40%] [32mBuilding CXX object CMakeFiles/slam_toolbox__rosidl_typesupport_c.dir/rosidl_typesupport_c/slam_toolbox/srv/add_submap__type_support.cpp.o[0m
[7.078s] [ 41%] [32mBuilding CXX object CMakeFiles/slam_toolbox__rosidl_typesupport_c.dir/rosidl_typesupport_c/slam_toolbox/srv/deserialize_pose_graph__type_support.cpp.o[0m
[7.078s] [ 42%] [32mBuilding CXX object CMakeFiles/slam_toolbox__rosidl_typesupport_c.dir/rosidl_typesupport_c/slam_toolbox/srv/toggle_interactive__type_support.cpp.o[0m
[7.084s] [ 44%] [32mBuilding CXX object CMakeFiles/slam_toolbox__rosidl_typesupport_c.dir/rosidl_typesupport_c/slam_toolbox/srv/serialize_pose_graph__type_support.cpp.o[0m
[7.085s] [ 44%] [32mBuilding CXX object CMakeFiles/slam_toolbox__rosidl_typesupport_c.dir/rosidl_typesupport_c/slam_toolbox/srv/clear__type_support.cpp.o[0m
[7.085s] [ 43%] [32mBuilding CXX object CMakeFiles/slam_toolbox__rosidl_typesupport_c.dir/rosidl_typesupport_c/slam_toolbox/srv/clear_queue__type_support.cpp.o[0m
[7.180s] [ 45%] [32m[1mLinking CXX shared library libslam_toolbox__rosidl_typesupport_c.so[0m
[7.212s] [ 45%] Built target slam_toolbox__rosidl_typesupport_c
[7.249s] [ 46%] [32mBuilding C object CMakeFiles/slam_toolbox__rosidl_typesupport_introspection_c.dir/rosidl_typesupport_introspection_c/slam_toolbox/srv/detail/pause__type_support.c.o[0m
[7.249s] [ 46%] [32mBuilding C object CMakeFiles/slam_toolbox__rosidl_typesupport_introspection_c.dir/rosidl_typesupport_introspection_c/slam_toolbox/srv/detail/clear_queue__type_support.c.o[0m
[7.253s] [ 47%] [32mBuilding C object CMakeFiles/slam_toolbox__rosidl_typesupport_introspection_c.dir/rosidl_typesupport_introspection_c/slam_toolbox/srv/detail/merge_maps__type_support.c.o[0m
[7.253s] [ 48%] [32mBuilding C object CMakeFiles/slam_toolbox__rosidl_typesupport_introspection_c.dir/rosidl_typesupport_introspection_c/slam_toolbox/srv/detail/clear__type_support.c.o[0m
[7.255s] [ 48%] [32mBuilding C object CMakeFiles/slam_toolbox__rosidl_typesupport_introspection_c.dir/rosidl_typesupport_introspection_c/slam_toolbox/srv/detail/save_map__type_support.c.o[0m
[7.256s] [ 49%] [32mBuilding C object CMakeFiles/slam_toolbox__rosidl_typesupport_introspection_c.dir/rosidl_typesupport_introspection_c/slam_toolbox/srv/detail/serialize_pose_graph__type_support.c.o[0m
[7.257s] [ 50%] [32mBuilding C object CMakeFiles/slam_toolbox__rosidl_typesupport_introspection_c.dir/rosidl_typesupport_introspection_c/slam_toolbox/srv/detail/add_submap__type_support.c.o[0m
[7.258s] [ 51%] [32mBuilding C object CMakeFiles/slam_toolbox__rosidl_typesupport_introspection_c.dir/rosidl_typesupport_introspection_c/slam_toolbox/srv/detail/loop_closure__type_support.c.o[0m
[7.259s] [ 52%] [32mBuilding C object CMakeFiles/slam_toolbox__rosidl_typesupport_introspection_c.dir/rosidl_typesupport_introspection_c/slam_toolbox/srv/detail/toggle_interactive__type_support.c.o[0m
[7.261s] [ 52%] [32mBuilding C object CMakeFiles/slam_toolbox__rosidl_typesupport_introspection_c.dir/rosidl_typesupport_introspection_c/slam_toolbox/srv/detail/deserialize_pose_graph__type_support.c.o[0m
[7.370s] [ 53%] [32m[1mLinking C shared library libslam_toolbox__rosidl_typesupport_introspection_c.so[0m
[7.384s] [ 54%] [32m[1mLinking CXX shared library libslam_toolbox__rosidl_typesupport_introspection_cpp.so[0m
[7.440s] [ 54%] Built target slam_toolbox__rosidl_typesupport_introspection_cpp
[7.443s] [ 55%] [32m[1mLinking CXX shared library libslam_toolbox__rosidl_typesupport_cpp.so[0m
[7.461s] [ 55%] Built target slam_toolbox__rosidl_typesupport_introspection_c
[7.477s] [ 55%] Built target slam_toolbox__rosidl_typesupport_cpp
[7.592s] [ 56%] [32m[1mLinking CXX shared library libslam_toolbox__rosidl_typesupport_fastrtps_cpp.so[0m
[7.674s] [ 56%] Built target slam_toolbox__rosidl_typesupport_fastrtps_cpp
[7.679s] [ 57%] [34m[1mGenerating C type support for eProsima Fast-RTPS[0m
[8.283s] [ 57%] [32mBuilding CXX object CMakeFiles/slam_toolbox__rosidl_typesupport_fastrtps_c.dir/rosidl_typesupport_fastrtps_c/slam_toolbox/srv/detail/pause__type_support_c.cpp.o[0m
[8.283s] [ 58%] [32mBuilding CXX object CMakeFiles/slam_toolbox__rosidl_typesupport_fastrtps_c.dir/rosidl_typesupport_fastrtps_c/slam_toolbox/srv/detail/clear_queue__type_support_c.cpp.o[0m
[8.283s] [ 59%] [32mBuilding CXX object CMakeFiles/slam_toolbox__rosidl_typesupport_fastrtps_c.dir/rosidl_typesupport_fastrtps_c/slam_toolbox/srv/detail/toggle_interactive__type_support_c.cpp.o[0m
[8.284s] [ 60%] [32mBuilding CXX object CMakeFiles/slam_toolbox__rosidl_typesupport_fastrtps_c.dir/rosidl_typesupport_fastrtps_c/slam_toolbox/srv/detail/clear__type_support_c.cpp.o[0m
[8.284s] [ 61%] [32mBuilding CXX object CMakeFiles/slam_toolbox__rosidl_typesupport_fastrtps_c.dir/rosidl_typesupport_fastrtps_c/slam_toolbox/srv/detail/loop_closure__type_support_c.cpp.o[0m
[8.284s] [ 61%] [32mBuilding CXX object CMakeFiles/slam_toolbox__rosidl_typesupport_fastrtps_c.dir/rosidl_typesupport_fastrtps_c/slam_toolbox/srv/detail/save_map__type_support_c.cpp.o[0m
[8.285s] [ 62%] [32mBuilding CXX object CMakeFiles/slam_toolbox__rosidl_typesupport_fastrtps_c.dir/rosidl_typesupport_fastrtps_c/slam_toolbox/srv/detail/add_submap__type_support_c.cpp.o[0m
[8.285s] [ 63%] [32mBuilding CXX object CMakeFiles/slam_toolbox__rosidl_typesupport_fastrtps_c.dir/rosidl_typesupport_fastrtps_c/slam_toolbox/srv/detail/merge_maps__type_support_c.cpp.o[0m
[8.286s] [ 63%] [32mBuilding CXX object CMakeFiles/slam_toolbox__rosidl_typesupport_fastrtps_c.dir/rosidl_typesupport_fastrtps_c/slam_toolbox/srv/detail/deserialize_pose_graph__type_support_c.cpp.o[0m
[8.287s] [ 64%] [32mBuilding CXX object CMakeFiles/slam_toolbox__rosidl_typesupport_fastrtps_c.dir/rosidl_typesupport_fastrtps_c/slam_toolbox/srv/detail/serialize_pose_graph__type_support_c.cpp.o[0m
[9.037s] [ 65%] [32m[1mLinking CXX shared library libslam_toolbox__rosidl_typesupport_fastrtps_c.so[0m
[9.117s] [ 65%] Built target slam_toolbox__rosidl_typesupport_fastrtps_c
[9.124s] [ 65%] Built target slam_toolbox
[9.128s] [ 65%] [34m[1mGenerating rviz_plugin/moc_slam_toolbox_rviz_plugin.cpp[0m
[9.132s] [ 66%] [34m[1mGenerating Python code for ROS interfaces[0m
[9.139s] [ 67%] [32mBuilding CXX object CMakeFiles/SlamToolboxPlugin.dir/rviz_plugin/slam_toolbox_rviz_plugin.cpp.o[0m
[9.139s] [ 68%] [32mBuilding CXX object CMakeFiles/SlamToolboxPlugin.dir/rviz_plugin/moc_slam_toolbox_rviz_plugin.cpp.o[0m
[10.659s] [ 68%] Built target slam_toolbox__py
[10.666s] [ 69%] [32mBuilding C object CMakeFiles/slam_toolbox__python.dir/rosidl_generator_py/slam_toolbox/srv/_pause_s.c.o[0m
[10.667s] [ 69%] [32mBuilding C object CMakeFiles/slam_toolbox__python.dir/rosidl_generator_py/slam_toolbox/srv/_clear_queue_s.c.o[0m
[10.668s] [ 70%] [32mBuilding C object CMakeFiles/slam_toolbox__python.dir/rosidl_generator_py/slam_toolbox/srv/_save_map_s.c.o[0m
[10.669s] [ 71%] [32mBuilding C object CMakeFiles/slam_toolbox__python.dir/rosidl_generator_py/slam_toolbox/srv/_toggle_interactive_s.c.o[0m
[10.672s] [ 72%] [32mBuilding C object CMakeFiles/slam_toolbox__python.dir/rosidl_generator_py/slam_toolbox/srv/_add_submap_s.c.o[0m
[10.673s] [ 73%] [32mBuilding C object CMakeFiles/slam_toolbox__python.dir/rosidl_generator_py/slam_toolbox/srv/_merge_maps_s.c.o[0m
[10.676s] [ 73%] [32mBuilding C object CMakeFiles/slam_toolbox__python.dir/rosidl_generator_py/slam_toolbox/srv/_serialize_pose_graph_s.c.o[0m
[10.677s] [ 74%] [32mBuilding C object CMakeFiles/slam_toolbox__python.dir/rosidl_generator_py/slam_toolbox/srv/_clear_s.c.o[0m
[10.678s] [ 75%] [32mBuilding C object CMakeFiles/slam_toolbox__python.dir/rosidl_generator_py/slam_toolbox/srv/_deserialize_pose_graph_s.c.o[0m
[10.678s] [ 75%] [32mBuilding C object CMakeFiles/slam_toolbox__python.dir/rosidl_generator_py/slam_toolbox/srv/_loop_closure_s.c.o[0m
[11.145s] [ 76%] [32m[1mLinking C shared library rosidl_generator_py/slam_toolbox/libslam_toolbox__python.so[0m
[11.183s] [ 76%] Built target slam_toolbox__python
[11.191s] [ 76%] [32mBuilding C object CMakeFiles/slam_toolbox__rosidl_typesupport_fastrtps_c__pyext.dir/rosidl_generator_py/slam_toolbox/_slam_toolbox_s.ep.rosidl_typesupport_fastrtps_c.c.o[0m
[11.192s] [ 77%] [32mBuilding C object CMakeFiles/slam_toolbox__rosidl_typesupport_introspection_c__pyext.dir/rosidl_generator_py/slam_toolbox/_slam_toolbox_s.ep.rosidl_typesupport_introspection_c.c.o[0m
[11.225s] [ 77%] [32mBuilding C object CMakeFiles/slam_toolbox__rosidl_typesupport_c__pyext.dir/rosidl_generator_py/slam_toolbox/_slam_toolbox_s.ep.rosidl_typesupport_c.c.o[0m
[11.560s] [ 77%] [32m[1mLinking C shared library rosidl_generator_py/slam_toolbox/slam_toolbox_s__rosidl_typesupport_introspection_c.cpython-38-x86_64-linux-gnu.so[0m
[11.561s] [ 78%] [32m[1mLinking CXX shared library rosidl_generator_py/slam_toolbox/slam_toolbox_s__rosidl_typesupport_fastrtps_c.cpython-38-x86_64-linux-gnu.so[0m
[11.592s] [ 78%] Built target slam_toolbox__rosidl_typesupport_introspection_c__pyext
[11.626s] [ 78%] Built target slam_toolbox__rosidl_typesupport_fastrtps_c__pyext
[11.918s] [ 79%] [32m[1mLinking C shared library rosidl_generator_py/slam_toolbox/slam_toolbox_s__rosidl_typesupport_c.cpython-38-x86_64-linux-gnu.so[0m
[11.949s] [ 79%] Built target slam_toolbox__rosidl_typesupport_c__pyext
[20.963s] [ 79%] [32m[1mLinking CXX shared library libSlamToolboxPlugin.so[0m
[21.545s] [ 79%] Built target SlamToolboxPlugin
[22.542s] [ 80%] [32m[1mLinking CXX shared library libkartoSlamToolbox.so[0m
[22.734s] [ 80%] Built target kartoSlamToolbox
[22.740s] [ 81%] [32mBuilding CXX object CMakeFiles/toolbox_common.dir/src/slam_toolbox_common.cpp.o[0m
[22.740s] [ 82%] [32mBuilding CXX object CMakeFiles/ceres_solver_plugin.dir/solvers/ceres_solver.cpp.o[0m
[22.740s] [ 83%] [32mBuilding CXX object CMakeFiles/toolbox_common.dir/src/map_saver.cpp.o[0m
[22.741s] [ 83%] [32mBuilding CXX object CMakeFiles/toolbox_common.dir/src/loop_closure_assistant.cpp.o[0m
[22.741s] [ 84%] [32mBuilding CXX object CMakeFiles/toolbox_common.dir/src/laser_utils.cpp.o[0m
[22.741s] [ 85%] [32mBuilding CXX object CMakeFiles/toolbox_common.dir/src/slam_mapper.cpp.o[0m
[33.889s] [ 86%] [32m[1mLinking CXX shared library libceres_solver_plugin.so[0m
[34.224s] [ 86%] Built target ceres_solver_plugin
[43.523s] [ 87%] [32m[1mLinking CXX shared library libtoolbox_common.so[0m
[43.885s] [ 87%] Built target toolbox_common
[43.892s] [ 88%] [32mBuilding CXX object CMakeFiles/async_slam_toolbox.dir/src/slam_toolbox_async.cpp.o[0m
[43.892s] [ 89%] [32mBuilding CXX object CMakeFiles/localization_slam_toolbox.dir/src/slam_toolbox_localization.cpp.o[0m
[43.892s] [ 90%] [32mBuilding CXX object CMakeFiles/sync_slam_toolbox.dir/src/slam_toolbox_sync.cpp.o[0m
[43.892s] [ 91%] [32mBuilding CXX object CMakeFiles/lifelong_slam_toolbox.dir/src/experimental/slam_toolbox_lifelong.cpp.o[0m
[43.893s] [ 92%] [32mBuilding CXX object CMakeFiles/merge_maps_kinematic.dir/src/merge_maps_kinematic.cpp.o[0m
[54.557s] [ 93%] [32m[1mLinking CXX shared library libasync_slam_toolbox.so[0m
[55.000s] [ 93%] Built target async_slam_toolbox
[55.008s] [ 94%] [32mBuilding CXX object CMakeFiles/async_slam_toolbox_node.dir/src/slam_toolbox_async_node.cpp.o[0m
[55.296s] [ 95%] [32m[1mLinking CXX shared library liblifelong_slam_toolbox.so[0m
[55.540s] [ 96%] [32m[1mLinking CXX shared library libsync_slam_toolbox.so[0m
[55.738s] [ 96%] Built target lifelong_slam_toolbox
[55.746s] [ 96%] [32mBuilding CXX object CMakeFiles/lifelong_slam_toolbox_node.dir/src/experimental/slam_toolbox_lifelong_node.cpp.o[0m
[55.977s] [ 96%] Built target sync_slam_toolbox
[55.985s] [ 96%] [32mBuilding CXX object CMakeFiles/sync_slam_toolbox_node.dir/src/slam_toolbox_sync_node.cpp.o[0m
[59.288s] [ 96%] [32m[1mLinking CXX executable merge_maps_kinematic[0m
[60.043s] [ 96%] Built target merge_maps_kinematic
[60.043s] [ 96%] [32m[1mLinking CXX shared library liblocalization_slam_toolbox.so[0m
[60.494s] [ 96%] Built target localization_slam_toolbox
[60.502s] [ 97%] [32mBuilding CXX object CMakeFiles/localization_slam_toolbox_node.dir/src/slam_toolbox_localization_node.cpp.o[0m
[65.276s] [ 97%] [32m[1mLinking CXX executable async_slam_toolbox_node[0m
[65.850s] [ 97%] Built target async_slam_toolbox_node
[65.912s] [ 98%] [32m[1mLinking CXX executable lifelong_slam_toolbox_node[0m
[66.159s] [ 99%] [32m[1mLinking CXX executable sync_slam_toolbox_node[0m
[66.439s] [ 99%] Built target lifelong_slam_toolbox_node
[66.656s] [ 99%] Built target sync_slam_toolbox_node
[68.823s] [100%] [32m[1mLinking CXX executable localization_slam_toolbox_node[0m
[69.192s] [100%] Built target localization_slam_toolbox_node
[69.196s] Invoked command in '/home/naraphon9/ros2_ws/build/slam_toolbox' returned '0': CMAKE_PREFIX_PATH=${CMAKE_PREFIX_PATH}:/home/naraphon9/ros2_ws/install/ydlidar_old:/home/naraphon9/ros2_ws/install/my_slam_launch:/home/naraphon9/ros2_ws/install/my_robot_description:/home/naraphon9/ros2_ws/install/my_pose_pub:/opt/ros/foxy /opt/cmake-3.26/bin/cmake --build /home/naraphon9/ros2_ws/build/slam_toolbox -- -j20 -l20
[69.199s] Invoking command in '/home/naraphon9/ros2_ws/build/slam_toolbox': CMAKE_PREFIX_PATH=${CMAKE_PREFIX_PATH}:/home/naraphon9/ros2_ws/install/ydlidar_old:/home/naraphon9/ros2_ws/install/my_slam_launch:/home/naraphon9/ros2_ws/install/my_robot_description:/home/naraphon9/ros2_ws/install/my_pose_pub:/opt/ros/foxy /opt/cmake-3.26/bin/cmake --install /home/naraphon9/ros2_ws/build/slam_toolbox
[69.201s] -- Install configuration: "Release"
[69.201s] -- Installing: /home/naraphon9/ros2_ws/install/slam_toolbox/share/ament_index/resource_index/rosidl_interfaces/slam_toolbox
[69.201s] -- Installing: /home/naraphon9/ros2_ws/install/slam_toolbox/include/slam_toolbox
[69.201s] -- Installing: /home/naraphon9/ros2_ws/install/slam_toolbox/include/slam_toolbox/msg
[69.201s] -- Installing: /home/naraphon9/ros2_ws/install/slam_toolbox/include/slam_toolbox/msg/rosidl_generator_c__visibility_control.h
[69.201s] -- Installing: /home/naraphon9/ros2_ws/install/slam_toolbox/include/slam_toolbox/srv
[69.201s] -- Installing: /home/naraphon9/ros2_ws/install/slam_toolbox/include/slam_toolbox/srv/pause.h
[69.201s] -- Installing: /home/naraphon9/ros2_ws/install/slam_toolbox/include/slam_toolbox/srv/merge_maps.h
[69.201s] -- Installing: /home/naraphon9/ros2_ws/install/slam_toolbox/include/slam_toolbox/srv/save_map.h
[69.201s] -- Installing: /home/naraphon9/ros2_ws/install/slam_toolbox/include/slam_toolbox/srv/loop_closure.h
[69.201s] -- Installing: /home/naraphon9/ros2_ws/install/slam_toolbox/include/slam_toolbox/srv/toggle_interactive.h
[69.201s] -- Installing: /home/naraphon9/ros2_ws/install/slam_toolbox/include/slam_toolbox/srv/add_submap.h
[69.201s] -- Installing: /home/naraphon9/ros2_ws/install/slam_toolbox/include/slam_toolbox/srv/clear.h
[69.201s] -- Installing: /home/naraphon9/ros2_ws/install/slam_toolbox/include/slam_toolbox/srv/deserialize_pose_graph.h
[69.201s] -- Installing: /home/naraphon9/ros2_ws/install/slam_toolbox/include/slam_toolbox/srv/serialize_pose_graph.h
[69.201s] -- Installing: /home/naraphon9/ros2_ws/install/slam_toolbox/include/slam_toolbox/srv/clear_queue.h
[69.201s] -- Installing: /home/naraphon9/ros2_ws/install/slam_toolbox/include/slam_toolbox/srv/detail
[69.201s] -- Installing: /home/naraphon9/ros2_ws/install/slam_toolbox/include/slam_toolbox/srv/detail/pause__type_support.h
[69.201s] -- Installing: /home/naraphon9/ros2_ws/install/slam_toolbox/include/slam_toolbox/srv/detail/loop_closure__type_support.h
[69.201s] -- Installing: /home/naraphon9/ros2_ws/install/slam_toolbox/include/slam_toolbox/srv/detail/loop_closure__struct.h
[69.201s] -- Installing: /home/naraphon9/ros2_ws/install/slam_toolbox/include/slam_toolbox/srv/detail/serialize_pose_graph__functions.h
[69.201s] -- Installing: /home/naraphon9/ros2_ws/install/slam_toolbox/include/slam_toolbox/srv/detail/clear__functions.c
[69.202s] -- Installing: /home/naraphon9/ros2_ws/install/slam_toolbox/include/slam_toolbox/srv/detail/loop_closure__functions.h
[69.202s] -- Installing: /home/naraphon9/ros2_ws/install/slam_toolbox/include/slam_toolbox/srv/detail/toggle_interactive__functions.c
[69.202s] -- Installing: /home/naraphon9/ros2_ws/install/slam_toolbox/include/slam_toolbox/srv/detail/merge_maps__type_support.h
[69.202s] -- Installing: /home/naraphon9/ros2_ws/install/slam_toolbox/include/slam_toolbox/srv/detail/pause__functions.c
[69.202s] -- Installing: /home/naraphon9/ros2_ws/install/slam_toolbox/include/slam_toolbox/srv/detail/deserialize_pose_graph__struct.h
[69.202s] -- Installing: /home/naraphon9/ros2_ws/install/slam_toolbox/include/slam_toolbox/srv/detail/serialize_pose_graph__functions.c
[69.202s] -- Installing: /home/naraphon9/ros2_ws/install/slam_toolbox/include/slam_toolbox/srv/detail/add_submap__struct.h
[69.202s] -- Installing: /home/naraphon9/ros2_ws/install/slam_toolbox/include/slam_toolbox/srv/detail/clear__struct.h
[69.202s] -- Installing: /home/naraphon9/ros2_ws/install/slam_toolbox/include/slam_toolbox/srv/detail/loop_closure__functions.c
[69.202s] -- Installing: /home/naraphon9/ros2_ws/install/slam_toolbox/include/slam_toolbox/srv/detail/clear_queue__type_support.h
[69.202s] -- Installing: /home/naraphon9/ros2_ws/install/slam_toolbox/include/slam_toolbox/srv/detail/serialize_pose_graph__struct.h
[69.202s] -- Installing: /home/naraphon9/ros2_ws/install/slam_toolbox/include/slam_toolbox/srv/detail/clear_queue__struct.h
[69.202s] -- Installing: /home/naraphon9/ros2_ws/install/slam_toolbox/include/slam_toolbox/srv/detail/toggle_interactive__struct.h
[69.202s] -- Installing: /home/naraphon9/ros2_ws/install/slam_toolbox/include/slam_toolbox/srv/detail/serialize_pose_graph__type_support.h
[69.202s] -- Installing: /home/naraphon9/ros2_ws/install/slam_toolbox/include/slam_toolbox/srv/detail/save_map__functions.c
[69.202s] -- Installing: /home/naraphon9/ros2_ws/install/slam_toolbox/include/slam_toolbox/srv/detail/save_map__type_support.h
[69.202s] -- Installing: /home/naraphon9/ros2_ws/install/slam_toolbox/include/slam_toolbox/srv/detail/add_submap__functions.c
[69.202s] -- Installing: /home/naraphon9/ros2_ws/install/slam_toolbox/include/slam_toolbox/srv/detail/pause__functions.h
[69.202s] -- Installing: /home/naraphon9/ros2_ws/install/slam_toolbox/include/slam_toolbox/srv/detail/clear_queue__functions.c
[69.202s] -- Installing: /home/naraphon9/ros2_ws/install/slam_toolbox/include/slam_toolbox/srv/detail/clear__functions.h
[69.202s] -- Installing: /home/naraphon9/ros2_ws/install/slam_toolbox/include/slam_toolbox/srv/detail/toggle_interactive__functions.h
[69.202s] -- Installing: /home/naraphon9/ros2_ws/install/slam_toolbox/include/slam_toolbox/srv/detail/deserialize_pose_graph__functions.h
[69.202s] -- Installing: /home/naraphon9/ros2_ws/install/slam_toolbox/include/slam_toolbox/srv/detail/save_map__functions.h
[69.202s] -- Installing: /home/naraphon9/ros2_ws/install/slam_toolbox/include/slam_toolbox/srv/detail/deserialize_pose_graph__type_support.h
[69.202s] -- Installing: /home/naraphon9/ros2_ws/install/slam_toolbox/include/slam_toolbox/srv/detail/toggle_interactive__type_support.h
[69.202s] -- Installing: /home/naraphon9/ros2_ws/install/slam_toolbox/include/slam_toolbox/srv/detail/add_submap__type_support.h
[69.202s] -- Installing: /home/naraphon9/ros2_ws/install/slam_toolbox/include/slam_toolbox/srv/detail/deserialize_pose_graph__functions.c
[69.202s] -- Installing: /home/naraphon9/ros2_ws/install/slam_toolbox/include/slam_toolbox/srv/detail/pause__struct.h
[69.202s] -- Installing: /home/naraphon9/ros2_ws/install/slam_toolbox/include/slam_toolbox/srv/detail/clear_queue__functions.h
[69.203s] -- Installing: /home/naraphon9/ros2_ws/install/slam_toolbox/include/slam_toolbox/srv/detail/save_map__struct.h
[69.203s] -- Installing: /home/naraphon9/ros2_ws/install/slam_toolbox/include/slam_toolbox/srv/detail/merge_maps__functions.h
[69.203s] -- Installing: /home/naraphon9/ros2_ws/install/slam_toolbox/include/slam_toolbox/srv/detail/merge_maps__functions.c
[69.203s] -- Installing: /home/naraphon9/ros2_ws/install/slam_toolbox/include/slam_toolbox/srv/detail/merge_maps__struct.h
[69.203s] -- Installing: /home/naraphon9/ros2_ws/install/slam_toolbox/include/slam_toolbox/srv/detail/clear__type_support.h
[69.203s] -- Installing: /home/naraphon9/ros2_ws/install/slam_toolbox/include/slam_toolbox/srv/detail/add_submap__functions.h
[69.203s] -- Installing: /home/naraphon9/ros2_ws/install/slam_toolbox/share/slam_toolbox/environment/library_path.sh
[69.203s] -- Installing: /home/naraphon9/ros2_ws/install/slam_toolbox/share/slam_toolbox/environment/library_path.dsv
[69.203s] -- Installing: /home/naraphon9/ros2_ws/install/slam_toolbox/lib/libslam_toolbox__rosidl_generator_c.so
[69.203s] -- Set runtime path of "/home/naraphon9/ros2_ws/install/slam_toolbox/lib/libslam_toolbox__rosidl_generator_c.so" to ""
[69.203s] -- Up-to-date: /home/naraphon9/ros2_ws/install/slam_toolbox/include/slam_toolbox
[69.203s] -- Up-to-date: /home/naraphon9/ros2_ws/install/slam_toolbox/include/slam_toolbox/msg
[69.203s] -- Installing: /home/naraphon9/ros2_ws/install/slam_toolbox/include/slam_toolbox/msg/rosidl_typesupport_fastrtps_c__visibility_control.h
[69.203s] -- Up-to-date: /home/naraphon9/ros2_ws/install/slam_toolbox/include/slam_toolbox/srv
[69.203s] -- Up-to-date: /home/naraphon9/ros2_ws/install/slam_toolbox/include/slam_toolbox/srv/detail
[69.203s] -- Installing: /home/naraphon9/ros2_ws/install/slam_toolbox/include/slam_toolbox/srv/detail/merge_maps__rosidl_typesupport_fastrtps_c.h
[69.203s] -- Installing: /home/naraphon9/ros2_ws/install/slam_toolbox/include/slam_toolbox/srv/detail/save_map__rosidl_typesupport_fastrtps_c.h
[69.203s] -- Installing: /home/naraphon9/ros2_ws/install/slam_toolbox/include/slam_toolbox/srv/detail/loop_closure__rosidl_typesupport_fastrtps_c.h
[69.203s] -- Installing: /home/naraphon9/ros2_ws/install/slam_toolbox/include/slam_toolbox/srv/detail/add_submap__rosidl_typesupport_fastrtps_c.h
[69.203s] -- Installing: /home/naraphon9/ros2_ws/install/slam_toolbox/include/slam_toolbox/srv/detail/clear__rosidl_typesupport_fastrtps_c.h
[69.203s] -- Installing: /home/naraphon9/ros2_ws/install/slam_toolbox/include/slam_toolbox/srv/detail/pause__rosidl_typesupport_fastrtps_c.h
[69.203s] -- Installing: /home/naraphon9/ros2_ws/install/slam_toolbox/include/slam_toolbox/srv/detail/clear_queue__rosidl_typesupport_fastrtps_c.h
[69.203s] -- Installing: /home/naraphon9/ros2_ws/install/slam_toolbox/include/slam_toolbox/srv/detail/deserialize_pose_graph__rosidl_typesupport_fastrtps_c.h
[69.203s] -- Installing: /home/naraphon9/ros2_ws/install/slam_toolbox/include/slam_toolbox/srv/detail/serialize_pose_graph__rosidl_typesupport_fastrtps_c.h
[69.203s] -- Installing: /home/naraphon9/ros2_ws/install/slam_toolbox/include/slam_toolbox/srv/detail/toggle_interactive__rosidl_typesupport_fastrtps_c.h
[69.203s] -- Installing: /home/naraphon9/ros2_ws/install/slam_toolbox/lib/libslam_toolbox__rosidl_typesupport_fastrtps_c.so
[69.203s] -- Set runtime path of "/home/naraphon9/ros2_ws/install/slam_toolbox/lib/libslam_toolbox__rosidl_typesupport_fastrtps_c.so" to ""
[69.203s] -- Up-to-date: /home/naraphon9/ros2_ws/install/slam_toolbox/include/slam_toolbox
[69.203s] -- Up-to-date: /home/naraphon9/ros2_ws/install/slam_toolbox/include/slam_toolbox/msg
[69.204s] -- Installing: /home/naraphon9/ros2_ws/install/slam_toolbox/include/slam_toolbox/msg/rosidl_typesupport_fastrtps_cpp__visibility_control.h
[69.204s] -- Up-to-date: /home/naraphon9/ros2_ws/install/slam_toolbox/include/slam_toolbox/srv
[69.204s] -- Up-to-date: /home/naraphon9/ros2_ws/install/slam_toolbox/include/slam_toolbox/srv/detail
[69.204s] -- Installing: /home/naraphon9/ros2_ws/install/slam_toolbox/include/slam_toolbox/srv/detail/save_map__rosidl_typesupport_fastrtps_cpp.hpp
[69.204s] -- Installing: /home/naraphon9/ros2_ws/install/slam_toolbox/include/slam_toolbox/srv/detail/clear__rosidl_typesupport_fastrtps_cpp.hpp
[69.204s] -- Installing: /home/naraphon9/ros2_ws/install/slam_toolbox/include/slam_toolbox/srv/detail/pause__rosidl_typesupport_fastrtps_cpp.hpp
[69.204s] -- Installing: /home/naraphon9/ros2_ws/install/slam_toolbox/include/slam_toolbox/srv/detail/add_submap__rosidl_typesupport_fastrtps_cpp.hpp
[69.204s] -- Installing: /home/naraphon9/ros2_ws/install/slam_toolbox/include/slam_toolbox/srv/detail/serialize_pose_graph__rosidl_typesupport_fastrtps_cpp.hpp
[69.204s] -- Installing: /home/naraphon9/ros2_ws/install/slam_toolbox/include/slam_toolbox/srv/detail/dds_fastrtps
[69.204s] -- Installing: /home/naraphon9/ros2_ws/install/slam_toolbox/include/slam_toolbox/srv/detail/toggle_interactive__rosidl_typesupport_fastrtps_cpp.hpp
[69.204s] -- Installing: /home/naraphon9/ros2_ws/install/slam_toolbox/include/slam_toolbox/srv/detail/merge_maps__rosidl_typesupport_fastrtps_cpp.hpp
[69.204s] -- Installing: /home/naraphon9/ros2_ws/install/slam_toolbox/include/slam_toolbox/srv/detail/deserialize_pose_graph__rosidl_typesupport_fastrtps_cpp.hpp
[69.204s] -- Installing: /home/naraphon9/ros2_ws/install/slam_toolbox/include/slam_toolbox/srv/detail/loop_closure__rosidl_typesupport_fastrtps_cpp.hpp
[69.204s] -- Installing: /home/naraphon9/ros2_ws/install/slam_toolbox/include/slam_toolbox/srv/detail/clear_queue__rosidl_typesupport_fastrtps_cpp.hpp
[69.204s] -- Installing: /home/naraphon9/ros2_ws/install/slam_toolbox/lib/libslam_toolbox__rosidl_typesupport_fastrtps_cpp.so
[69.204s] -- Set runtime path of "/home/naraphon9/ros2_ws/install/slam_toolbox/lib/libslam_toolbox__rosidl_typesupport_fastrtps_cpp.so" to ""
[69.204s] -- Up-to-date: /home/naraphon9/ros2_ws/install/slam_toolbox/include/slam_toolbox
[69.204s] -- Up-to-date: /home/naraphon9/ros2_ws/install/slam_toolbox/include/slam_toolbox/msg
[69.204s] -- Installing: /home/naraphon9/ros2_ws/install/slam_toolbox/include/slam_toolbox/msg/rosidl_typesupport_introspection_c__visibility_control.h
[69.204s] -- Up-to-date: /home/naraphon9/ros2_ws/install/slam_toolbox/include/slam_toolbox/srv
[69.204s] -- Up-to-date: /home/naraphon9/ros2_ws/install/slam_toolbox/include/slam_toolbox/srv/detail
[69.204s] -- Installing: /home/naraphon9/ros2_ws/install/slam_toolbox/include/slam_toolbox/srv/detail/add_submap__type_support.c
[69.204s] -- Installing: /home/naraphon9/ros2_ws/install/slam_toolbox/include/slam_toolbox/srv/detail/save_map__rosidl_typesupport_introspection_c.h
[69.204s] -- Installing: /home/naraphon9/ros2_ws/install/slam_toolbox/include/slam_toolbox/srv/detail/add_submap__rosidl_typesupport_introspection_c.h
[69.204s] -- Installing: /home/naraphon9/ros2_ws/install/slam_toolbox/include/slam_toolbox/srv/detail/toggle_interactive__type_support.c
[69.204s] -- Installing: /home/naraphon9/ros2_ws/install/slam_toolbox/include/slam_toolbox/srv/detail/deserialize_pose_graph__rosidl_typesupport_introspection_c.h
[69.204s] -- Installing: /home/naraphon9/ros2_ws/install/slam_toolbox/include/slam_toolbox/srv/detail/clear__type_support.c
[69.204s] -- Installing: /home/naraphon9/ros2_ws/install/slam_toolbox/include/slam_toolbox/srv/detail/merge_maps__type_support.c
[69.204s] -- Installing: /home/naraphon9/ros2_ws/install/slam_toolbox/include/slam_toolbox/srv/detail/loop_closure__rosidl_typesupport_introspection_c.h
[69.204s] -- Installing: /home/naraphon9/ros2_ws/install/slam_toolbox/include/slam_toolbox/srv/detail/loop_closure__type_support.c
[69.205s] -- Installing: /home/naraphon9/ros2_ws/install/slam_toolbox/include/slam_toolbox/srv/detail/deserialize_pose_graph__type_support.c
[69.205s] -- Installing: /home/naraphon9/ros2_ws/install/slam_toolbox/include/slam_toolbox/srv/detail/pause__type_support.c
[69.205s] -- Installing: /home/naraphon9/ros2_ws/install/slam_toolbox/include/slam_toolbox/srv/detail/toggle_interactive__rosidl_typesupport_introspection_c.h
[69.205s] -- Installing: /home/naraphon9/ros2_ws/install/slam_toolbox/include/slam_toolbox/srv/detail/serialize_pose_graph__rosidl_typesupport_introspection_c.h
[69.205s] -- Installing: /home/naraphon9/ros2_ws/install/slam_toolbox/include/slam_toolbox/srv/detail/pause__rosidl_typesupport_introspection_c.h
[69.205s] -- Installing: /home/naraphon9/ros2_ws/install/slam_toolbox/include/slam_toolbox/srv/detail/serialize_pose_graph__type_support.c
[69.205s] -- Installing: /home/naraphon9/ros2_ws/install/slam_toolbox/include/slam_toolbox/srv/detail/clear__rosidl_typesupport_introspection_c.h
[69.205s] -- Installing: /home/naraphon9/ros2_ws/install/slam_toolbox/include/slam_toolbox/srv/detail/save_map__type_support.c
[69.205s] -- Installing: /home/naraphon9/ros2_ws/install/slam_toolbox/include/slam_toolbox/srv/detail/merge_maps__rosidl_typesupport_introspection_c.h
[69.205s] -- Installing: /home/naraphon9/ros2_ws/install/slam_toolbox/include/slam_toolbox/srv/detail/clear_queue__type_support.c
[69.205s] -- Installing: /home/naraphon9/ros2_ws/install/slam_toolbox/include/slam_toolbox/srv/detail/clear_queue__rosidl_typesupport_introspection_c.h
[69.205s] -- Installing: /home/naraphon9/ros2_ws/install/slam_toolbox/lib/libslam_toolbox__rosidl_typesupport_introspection_c.so
[69.205s] -- Set runtime path of "/home/naraphon9/ros2_ws/install/slam_toolbox/lib/libslam_toolbox__rosidl_typesupport_introspection_c.so" to ""
[69.205s] -- Installing: /home/naraphon9/ros2_ws/install/slam_toolbox/lib/libslam_toolbox__rosidl_typesupport_c.so
[69.205s] -- Set runtime path of "/home/naraphon9/ros2_ws/install/slam_toolbox/lib/libslam_toolbox__rosidl_typesupport_c.so" to ""
[69.205s] -- Up-to-date: /home/naraphon9/ros2_ws/install/slam_toolbox/include/slam_toolbox
[69.205s] -- Up-to-date: /home/naraphon9/ros2_ws/install/slam_toolbox/include/slam_toolbox/msg
[69.205s] -- Installing: /home/naraphon9/ros2_ws/install/slam_toolbox/include/slam_toolbox/msg/rosidl_generator_cpp__visibility_control.hpp
[69.205s] -- Up-to-date: /home/naraphon9/ros2_ws/install/slam_toolbox/include/slam_toolbox/srv
[69.205s] -- Installing: /home/naraphon9/ros2_ws/install/slam_toolbox/include/slam_toolbox/srv/merge_maps.hpp
[69.205s] -- Installing: /home/naraphon9/ros2_ws/install/slam_toolbox/include/slam_toolbox/srv/loop_closure.hpp
[69.205s] -- Installing: /home/naraphon9/ros2_ws/install/slam_toolbox/include/slam_toolbox/srv/pause.hpp
[69.205s] -- Installing: /home/naraphon9/ros2_ws/install/slam_toolbox/include/slam_toolbox/srv/toggle_interactive.hpp
[69.205s] -- Installing: /home/naraphon9/ros2_ws/install/slam_toolbox/include/slam_toolbox/srv/clear.hpp
[69.205s] -- Installing: /home/naraphon9/ros2_ws/install/slam_toolbox/include/slam_toolbox/srv/add_submap.hpp
[69.205s] -- Installing: /home/naraphon9/ros2_ws/install/slam_toolbox/include/slam_toolbox/srv/deserialize_pose_graph.hpp
[69.206s] -- Installing: /home/naraphon9/ros2_ws/install/slam_toolbox/include/slam_toolbox/srv/serialize_pose_graph.hpp
[69.206s] -- Up-to-date: /home/naraphon9/ros2_ws/install/slam_toolbox/include/slam_toolbox/srv/detail
[69.206s] -- Installing: /home/naraphon9/ros2_ws/install/slam_toolbox/include/slam_toolbox/srv/detail/save_map__struct.hpp
[69.206s] -- Installing: /home/naraphon9/ros2_ws/install/slam_toolbox/include/slam_toolbox/srv/detail/add_submap__struct.hpp
[69.206s] -- Installing: /home/naraphon9/ros2_ws/install/slam_toolbox/include/slam_toolbox/srv/detail/clear_queue__type_support.hpp
[69.206s] -- Installing: /home/naraphon9/ros2_ws/install/slam_toolbox/include/slam_toolbox/srv/detail/deserialize_pose_graph__struct.hpp
[69.206s] -- Installing: /home/naraphon9/ros2_ws/install/slam_toolbox/include/slam_toolbox/srv/detail/clear__type_support.hpp
[69.206s] -- Installing: /home/naraphon9/ros2_ws/install/slam_toolbox/include/slam_toolbox/srv/detail/loop_closure__struct.hpp
[69.206s] -- Installing: /home/naraphon9/ros2_ws/install/slam_toolbox/include/slam_toolbox/srv/detail/loop_closure__type_support.hpp
[69.206s] -- Installing: /home/naraphon9/ros2_ws/install/slam_toolbox/include/slam_toolbox/srv/detail/serialize_pose_graph__builder.hpp
[69.206s] -- Installing: /home/naraphon9/ros2_ws/install/slam_toolbox/include/slam_toolbox/srv/detail/save_map__type_support.hpp
[69.206s] -- Installing: /home/naraphon9/ros2_ws/install/slam_toolbox/include/slam_toolbox/srv/detail/loop_closure__builder.hpp
[69.206s] -- Installing: /home/naraphon9/ros2_ws/install/slam_toolbox/include/slam_toolbox/srv/detail/merge_maps__type_support.hpp
[69.206s] -- Installing: /home/naraphon9/ros2_ws/install/slam_toolbox/include/slam_toolbox/srv/detail/loop_closure__traits.hpp
[69.206s] -- Installing: /home/naraphon9/ros2_ws/install/slam_toolbox/include/slam_toolbox/srv/detail/clear__builder.hpp
[69.206s] -- Installing: /home/naraphon9/ros2_ws/install/slam_toolbox/include/slam_toolbox/srv/detail/merge_maps__traits.hpp
[69.206s] -- Installing: /home/naraphon9/ros2_ws/install/slam_toolbox/include/slam_toolbox/srv/detail/add_submap__builder.hpp
[69.206s] -- Installing: /home/naraphon9/ros2_ws/install/slam_toolbox/include/slam_toolbox/srv/detail/add_submap__type_support.hpp
[69.206s] -- Installing: /home/naraphon9/ros2_ws/install/slam_toolbox/include/slam_toolbox/srv/detail/clear__struct.hpp
[69.206s] -- Installing: /home/naraphon9/ros2_ws/install/slam_toolbox/include/slam_toolbox/srv/detail/toggle_interactive__struct.hpp
[69.206s] -- Installing: /home/naraphon9/ros2_ws/install/slam_toolbox/include/slam_toolbox/srv/detail/clear_queue__struct.hpp
[69.206s] -- Installing: /home/naraphon9/ros2_ws/install/slam_toolbox/include/slam_toolbox/srv/detail/merge_maps__builder.hpp
[69.206s] -- Installing: /home/naraphon9/ros2_ws/install/slam_toolbox/include/slam_toolbox/srv/detail/deserialize_pose_graph__type_support.hpp
[69.206s] -- Installing: /home/naraphon9/ros2_ws/install/slam_toolbox/include/slam_toolbox/srv/detail/pause__struct.hpp
[69.206s] -- Installing: /home/naraphon9/ros2_ws/install/slam_toolbox/include/slam_toolbox/srv/detail/toggle_interactive__type_support.hpp
[69.206s] -- Installing: /home/naraphon9/ros2_ws/install/slam_toolbox/include/slam_toolbox/srv/detail/pause__type_support.hpp
[69.206s] -- Installing: /home/naraphon9/ros2_ws/install/slam_toolbox/include/slam_toolbox/srv/detail/deserialize_pose_graph__builder.hpp
[69.207s] -- Installing: /home/naraphon9/ros2_ws/install/slam_toolbox/include/slam_toolbox/srv/detail/add_submap__traits.hpp
[69.207s] -- Installing: /home/naraphon9/ros2_ws/install/slam_toolbox/include/slam_toolbox/srv/detail/pause__builder.hpp
[69.207s] -- Installing: /home/naraphon9/ros2_ws/install/slam_toolbox/include/slam_toolbox/srv/detail/serialize_pose_graph__type_support.hpp
[69.207s] -- Installing: /home/naraphon9/ros2_ws/install/slam_toolbox/include/slam_toolbox/srv/detail/serialize_pose_graph__struct.hpp
[69.207s] -- Installing: /home/naraphon9/ros2_ws/install/slam_toolbox/include/slam_toolbox/srv/detail/deserialize_pose_graph__traits.hpp
[69.207s] -- Installing: /home/naraphon9/ros2_ws/install/slam_toolbox/include/slam_toolbox/srv/detail/clear__traits.hpp
[69.207s] -- Installing: /home/naraphon9/ros2_ws/install/slam_toolbox/include/slam_toolbox/srv/detail/toggle_interactive__builder.hpp
[69.207s] -- Installing: /home/naraphon9/ros2_ws/install/slam_toolbox/include/slam_toolbox/srv/detail/clear_queue__traits.hpp
[69.207s] -- Installing: /home/naraphon9/ros2_ws/install/slam_toolbox/include/slam_toolbox/srv/detail/merge_maps__struct.hpp
[69.207s] -- Installing: /home/naraphon9/ros2_ws/install/slam_toolbox/include/slam_toolbox/srv/detail/toggle_interactive__traits.hpp
[69.207s] -- Installing: /home/naraphon9/ros2_ws/install/slam_toolbox/include/slam_toolbox/srv/detail/serialize_pose_graph__traits.hpp
[69.207s] -- Installing: /home/naraphon9/ros2_ws/install/slam_toolbox/include/slam_toolbox/srv/detail/clear_queue__builder.hpp
[69.207s] -- Installing: /home/naraphon9/ros2_ws/install/slam_toolbox/include/slam_toolbox/srv/detail/save_map__traits.hpp
[69.207s] -- Installing: /home/naraphon9/ros2_ws/install/slam_toolbox/include/slam_toolbox/srv/detail/save_map__builder.hpp
[69.207s] -- Installing: /home/naraphon9/ros2_ws/install/slam_toolbox/include/slam_toolbox/srv/detail/pause__traits.hpp
[69.207s] -- Installing: /home/naraphon9/ros2_ws/install/slam_toolbox/include/slam_toolbox/srv/clear_queue.hpp
[69.207s] -- Installing: /home/naraphon9/ros2_ws/install/slam_toolbox/include/slam_toolbox/srv/save_map.hpp
[69.207s] -- Up-to-date: /home/naraphon9/ros2_ws/install/slam_toolbox/include/slam_toolbox
[69.207s] -- Up-to-date: /home/naraphon9/ros2_ws/install/slam_toolbox/include/slam_toolbox/srv
[69.207s] -- Up-to-date: /home/naraphon9/ros2_ws/install/slam_toolbox/include/slam_toolbox/srv/detail
[69.207s] -- Installing: /home/naraphon9/ros2_ws/install/slam_toolbox/include/slam_toolbox/srv/detail/loop_closure__rosidl_typesupport_introspection_cpp.hpp
[69.207s] -- Installing: /home/naraphon9/ros2_ws/install/slam_toolbox/include/slam_toolbox/srv/detail/merge_maps__type_support.cpp
[69.207s] -- Installing: /home/naraphon9/ros2_ws/install/slam_toolbox/include/slam_toolbox/srv/detail/merge_maps__rosidl_typesupport_introspection_cpp.hpp
[69.207s] -- Installing: /home/naraphon9/ros2_ws/install/slam_toolbox/include/slam_toolbox/srv/detail/clear__rosidl_typesupport_introspection_cpp.hpp
[69.207s] -- Installing: /home/naraphon9/ros2_ws/install/slam_toolbox/include/slam_toolbox/srv/detail/save_map__rosidl_typesupport_introspection_cpp.hpp
[69.207s] -- Installing: /home/naraphon9/ros2_ws/install/slam_toolbox/include/slam_toolbox/srv/detail/clear_queue__type_support.cpp
[69.207s] -- Installing: /home/naraphon9/ros2_ws/install/slam_toolbox/include/slam_toolbox/srv/detail/add_submap__rosidl_typesupport_introspection_cpp.hpp
[69.207s] -- Installing: /home/naraphon9/ros2_ws/install/slam_toolbox/include/slam_toolbox/srv/detail/clear_queue__rosidl_typesupport_introspection_cpp.hpp
[69.208s] -- Installing: /home/naraphon9/ros2_ws/install/slam_toolbox/include/slam_toolbox/srv/detail/pause__rosidl_typesupport_introspection_cpp.hpp
[69.208s] -- Installing: /home/naraphon9/ros2_ws/install/slam_toolbox/include/slam_toolbox/srv/detail/deserialize_pose_graph__rosidl_typesupport_introspection_cpp.hpp
[69.208s] -- Installing: /home/naraphon9/ros2_ws/install/slam_toolbox/include/slam_toolbox/srv/detail/clear__type_support.cpp
[69.208s] -- Installing: /home/naraphon9/ros2_ws/install/slam_toolbox/include/slam_toolbox/srv/detail/deserialize_pose_graph__type_support.cpp
[69.208s] -- Installing: /home/naraphon9/ros2_ws/install/slam_toolbox/include/slam_toolbox/srv/detail/toggle_interactive__rosidl_typesupport_introspection_cpp.hpp
[69.208s] -- Installing: /home/naraphon9/ros2_ws/install/slam_toolbox/include/slam_toolbox/srv/detail/save_map__type_support.cpp
[69.208s] -- Installing: /home/naraphon9/ros2_ws/install/slam_toolbox/include/slam_toolbox/srv/detail/toggle_interactive__type_support.cpp
[69.208s] -- Installing: /home/naraphon9/ros2_ws/install/slam_toolbox/include/slam_toolbox/srv/detail/serialize_pose_graph__type_support.cpp
[69.208s] -- Installing: /home/naraphon9/ros2_ws/install/slam_toolbox/include/slam_toolbox/srv/detail/serialize_pose_graph__rosidl_typesupport_introspection_cpp.hpp
[69.208s] -- Installing: /home/naraphon9/ros2_ws/install/slam_toolbox/include/slam_toolbox/srv/detail/loop_closure__type_support.cpp
[69.208s] -- Installing: /home/naraphon9/ros2_ws/install/slam_toolbox/include/slam_toolbox/srv/detail/add_submap__type_support.cpp
[69.208s] -- Installing: /home/naraphon9/ros2_ws/install/slam_toolbox/include/slam_toolbox/srv/detail/pause__type_support.cpp
[69.208s] -- Installing: /home/naraphon9/ros2_ws/install/slam_toolbox/lib/libslam_toolbox__rosidl_typesupport_introspection_cpp.so
[69.208s] -- Set runtime path of "/home/naraphon9/ros2_ws/install/slam_toolbox/lib/libslam_toolbox__rosidl_typesupport_introspection_cpp.so" to ""
[69.208s] -- Installing: /home/naraphon9/ros2_ws/install/slam_toolbox/lib/libslam_toolbox__rosidl_typesupport_cpp.so
[69.208s] -- Set runtime path of "/home/naraphon9/ros2_ws/install/slam_toolbox/lib/libslam_toolbox__rosidl_typesupport_cpp.so" to ""
[69.208s] -- Installing: /home/naraphon9/ros2_ws/install/slam_toolbox/share/slam_toolbox/environment/pythonpath.sh
[69.208s] -- Installing: /home/naraphon9/ros2_ws/install/slam_toolbox/share/slam_toolbox/environment/pythonpath.dsv
[69.208s] -- Installing: /home/naraphon9/ros2_ws/install/slam_toolbox/lib/python3.8/site-packages/slam_toolbox/__init__.py
[69.228s] Compiling '/home/naraphon9/ros2_ws/install/slam_toolbox/lib/python3.8/site-packages/slam_toolbox/__init__.py'...
[69.231s] -- Installing: /home/naraphon9/ros2_ws/install/slam_toolbox/lib/python3.8/site-packages/slam_toolbox/srv
[69.231s] -- Installing: /home/naraphon9/ros2_ws/install/slam_toolbox/lib/python3.8/site-packages/slam_toolbox/srv/_add_submap.py
[69.231s] -- Installing: /home/naraphon9/ros2_ws/install/slam_toolbox/lib/python3.8/site-packages/slam_toolbox/srv/_toggle_interactive.py
[69.231s] -- Installing: /home/naraphon9/ros2_ws/install/slam_toolbox/lib/python3.8/site-packages/slam_toolbox/srv/__init__.py
[69.231s] -- Installing: /home/naraphon9/ros2_ws/install/slam_toolbox/lib/python3.8/site-packages/slam_toolbox/srv/_serialize_pose_graph.py
[69.231s] -- Installing: /home/naraphon9/ros2_ws/install/slam_toolbox/lib/python3.8/site-packages/slam_toolbox/srv/_merge_maps.py
[69.231s] -- Installing: /home/naraphon9/ros2_ws/install/slam_toolbox/lib/python3.8/site-packages/slam_toolbox/srv/_clear.py
[69.231s] -- Installing: /home/naraphon9/ros2_ws/install/slam_toolbox/lib/python3.8/site-packages/slam_toolbox/srv/_deserialize_pose_graph_s.c
[69.231s] -- Installing: /home/naraphon9/ros2_ws/install/slam_toolbox/lib/python3.8/site-packages/slam_toolbox/srv/_deserialize_pose_graph.py
[69.231s] -- Installing: /home/naraphon9/ros2_ws/install/slam_toolbox/lib/python3.8/site-packages/slam_toolbox/srv/_pause_s.c
[69.231s] -- Installing: /home/naraphon9/ros2_ws/install/slam_toolbox/lib/python3.8/site-packages/slam_toolbox/srv/_toggle_interactive_s.c
[69.231s] -- Installing: /home/naraphon9/ros2_ws/install/slam_toolbox/lib/python3.8/site-packages/slam_toolbox/srv/_serialize_pose_graph_s.c
[69.231s] -- Installing: /home/naraphon9/ros2_ws/install/slam_toolbox/lib/python3.8/site-packages/slam_toolbox/srv/_pause.py
[69.231s] -- Installing: /home/naraphon9/ros2_ws/install/slam_toolbox/lib/python3.8/site-packages/slam_toolbox/srv/_save_map_s.c
[69.231s] -- Installing: /home/naraphon9/ros2_ws/install/slam_toolbox/lib/python3.8/site-packages/slam_toolbox/srv/_save_map.py
[69.231s] -- Installing: /home/naraphon9/ros2_ws/install/slam_toolbox/lib/python3.8/site-packages/slam_toolbox/srv/_add_submap_s.c
[69.231s] -- Installing: /home/naraphon9/ros2_ws/install/slam_toolbox/lib/python3.8/site-packages/slam_toolbox/srv/_clear_queue.py
[69.231s] -- Installing: /home/naraphon9/ros2_ws/install/slam_toolbox/lib/python3.8/site-packages/slam_toolbox/srv/_clear_s.c
[69.231s] -- Installing: /home/naraphon9/ros2_ws/install/slam_toolbox/lib/python3.8/site-packages/slam_toolbox/srv/_merge_maps_s.c
[69.231s] -- Installing: /home/naraphon9/ros2_ws/install/slam_toolbox/lib/python3.8/site-packages/slam_toolbox/srv/_loop_closure_s.c
[69.231s] -- Installing: /home/naraphon9/ros2_ws/install/slam_toolbox/lib/python3.8/site-packages/slam_toolbox/srv/_loop_closure.py
[69.231s] -- Installing: /home/naraphon9/ros2_ws/install/slam_toolbox/lib/python3.8/site-packages/slam_toolbox/srv/_clear_queue_s.c
[69.231s] -- Installing: /home/naraphon9/ros2_ws/install/slam_toolbox/lib/python3.8/site-packages/slam_toolbox/slam_toolbox_s__rosidl_typesupport_fastrtps_c.cpython-38-x86_64-linux-gnu.so
[69.231s] -- Set runtime path of "/home/naraphon9/ros2_ws/install/slam_toolbox/lib/python3.8/site-packages/slam_toolbox/slam_toolbox_s__rosidl_typesupport_fastrtps_c.cpython-38-x86_64-linux-gnu.so" to ""
[69.232s] -- Installing: /home/naraphon9/ros2_ws/install/slam_toolbox/lib/python3.8/site-packages/slam_toolbox/slam_toolbox_s__rosidl_typesupport_introspection_c.cpython-38-x86_64-linux-gnu.so
[69.232s] -- Set runtime path of "/home/naraphon9/ros2_ws/install/slam_toolbox/lib/python3.8/site-packages/slam_toolbox/slam_toolbox_s__rosidl_typesupport_introspection_c.cpython-38-x86_64-linux-gnu.so" to ""
[69.232s] -- Installing: /home/naraphon9/ros2_ws/install/slam_toolbox/lib/python3.8/site-packages/slam_toolbox/slam_toolbox_s__rosidl_typesupport_c.cpython-38-x86_64-linux-gnu.so
[69.232s] -- Set runtime path of "/home/naraphon9/ros2_ws/install/slam_toolbox/lib/python3.8/site-packages/slam_toolbox/slam_toolbox_s__rosidl_typesupport_c.cpython-38-x86_64-linux-gnu.so" to ""
[69.232s] -- Installing: /home/naraphon9/ros2_ws/install/slam_toolbox/lib/libslam_toolbox__python.so
[69.232s] -- Set runtime path of "/home/naraphon9/ros2_ws/install/slam_toolbox/lib/libslam_toolbox__python.so" to ""
[69.232s] -- Installing: /home/naraphon9/ros2_ws/install/slam_toolbox/share/slam_toolbox/srv/Pause.idl
[69.232s] -- Installing: /home/naraphon9/ros2_ws/install/slam_toolbox/share/slam_toolbox/srv/ClearQueue.idl
[69.232s] -- Installing: /home/naraphon9/ros2_ws/install/slam_toolbox/share/slam_toolbox/srv/ToggleInteractive.idl
[69.232s] -- Installing: /home/naraphon9/ros2_ws/install/slam_toolbox/share/slam_toolbox/srv/Clear.idl
[69.232s] -- Installing: /home/naraphon9/ros2_ws/install/slam_toolbox/share/slam_toolbox/srv/SaveMap.idl
[69.232s] -- Installing: /home/naraphon9/ros2_ws/install/slam_toolbox/share/slam_toolbox/srv/LoopClosure.idl
[69.232s] -- Installing: /home/naraphon9/ros2_ws/install/slam_toolbox/share/slam_toolbox/srv/MergeMaps.idl
[69.232s] -- Installing: /home/naraphon9/ros2_ws/install/slam_toolbox/share/slam_toolbox/srv/AddSubmap.idl
[69.232s] -- Installing: /home/naraphon9/ros2_ws/install/slam_toolbox/share/slam_toolbox/srv/DeserializePoseGraph.idl
[69.232s] -- Installing: /home/naraphon9/ros2_ws/install/slam_toolbox/share/slam_toolbox/srv/SerializePoseGraph.idl
[69.232s] -- Installing: /home/naraphon9/ros2_ws/install/slam_toolbox/share/slam_toolbox/srvs/Pause.srv
[69.232s] -- Installing: /home/naraphon9/ros2_ws/install/slam_toolbox/share/slam_toolbox/srvs/Pause_Request.msg
[69.232s] -- Installing: /home/naraphon9/ros2_ws/install/slam_toolbox/share/slam_toolbox/srvs/Pause_Response.msg
[69.232s] -- Installing: /home/naraphon9/ros2_ws/install/slam_toolbox/share/slam_toolbox/srvs/ClearQueue.srv
[69.232s] -- Installing: /home/naraphon9/ros2_ws/install/slam_toolbox/share/slam_toolbox/srvs/ClearQueue_Request.msg
[69.232s] -- Installing: /home/naraphon9/ros2_ws/install/slam_toolbox/share/slam_toolbox/srvs/ClearQueue_Response.msg
[69.232s] -- Installing: /home/naraphon9/ros2_ws/install/slam_toolbox/share/slam_toolbox/srvs/ToggleInteractive.srv
[69.232s] -- Installing: /home/naraphon9/ros2_ws/install/slam_toolbox/share/slam_toolbox/srvs/ToggleInteractive_Request.msg
[69.232s] -- Installing: /home/naraphon9/ros2_ws/install/slam_toolbox/share/slam_toolbox/srvs/ToggleInteractive_Response.msg
[69.233s] -- Installing: /home/naraphon9/ros2_ws/install/slam_toolbox/share/slam_toolbox/srvs/Clear.srv
[69.233s] -- Installing: /home/naraphon9/ros2_ws/install/slam_toolbox/share/slam_toolbox/srvs/Clear_Request.msg
[69.233s] -- Installing: /home/naraphon9/ros2_ws/install/slam_toolbox/share/slam_toolbox/srvs/Clear_Response.msg
[69.233s] -- Installing: /home/naraphon9/ros2_ws/install/slam_toolbox/share/slam_toolbox/srvs/SaveMap.srv
[69.233s] -- Installing: /home/naraphon9/ros2_ws/install/slam_toolbox/share/slam_toolbox/srvs/SaveMap_Request.msg
[69.233s] -- Installing: /home/naraphon9/ros2_ws/install/slam_toolbox/share/slam_toolbox/srvs/SaveMap_Response.msg
[69.233s] -- Installing: /home/naraphon9/ros2_ws/install/slam_toolbox/share/slam_toolbox/srvs/LoopClosure.srv
[69.233s] -- Installing: /home/naraphon9/ros2_ws/install/slam_toolbox/share/slam_toolbox/srvs/LoopClosure_Request.msg
[69.233s] -- Installing: /home/naraphon9/ros2_ws/install/slam_toolbox/share/slam_toolbox/srvs/LoopClosure_Response.msg
[69.233s] -- Installing: /home/naraphon9/ros2_ws/install/slam_toolbox/share/slam_toolbox/srvs/MergeMaps.srv
[69.233s] -- Installing: /home/naraphon9/ros2_ws/install/slam_toolbox/share/slam_toolbox/srvs/MergeMaps_Request.msg
[69.233s] -- Installing: /home/naraphon9/ros2_ws/install/slam_toolbox/share/slam_toolbox/srvs/MergeMaps_Response.msg
[69.233s] -- Installing: /home/naraphon9/ros2_ws/install/slam_toolbox/share/slam_toolbox/srvs/AddSubmap.srv
[69.233s] -- Installing: /home/naraphon9/ros2_ws/install/slam_toolbox/share/slam_toolbox/srvs/AddSubmap_Request.msg
[69.233s] -- Installing: /home/naraphon9/ros2_ws/install/slam_toolbox/share/slam_toolbox/srvs/AddSubmap_Response.msg
[69.233s] -- Installing: /home/naraphon9/ros2_ws/install/slam_toolbox/share/slam_toolbox/srvs/DeserializePoseGraph.srv
[69.233s] -- Installing: /home/naraphon9/ros2_ws/install/slam_toolbox/share/slam_toolbox/srvs/DeserializePoseGraph_Request.msg
[69.233s] -- Installing: /home/naraphon9/ros2_ws/install/slam_toolbox/share/slam_toolbox/srvs/DeserializePoseGraph_Response.msg
[69.233s] -- Installing: /home/naraphon9/ros2_ws/install/slam_toolbox/share/slam_toolbox/srvs/SerializePoseGraph.srv
[69.233s] -- Installing: /home/naraphon9/ros2_ws/install/slam_toolbox/share/slam_toolbox/srvs/SerializePoseGraph_Request.msg
[69.233s] -- Installing: /home/naraphon9/ros2_ws/install/slam_toolbox/share/slam_toolbox/srvs/SerializePoseGraph_Response.msg
[69.233s] -- Installing: /home/naraphon9/ros2_ws/install/slam_toolbox/share/slam_toolbox/rviz_plugins.xml
[69.235s] -- Installing: /home/naraphon9/ros2_ws/install/slam_toolbox/share/slam_toolbox/solver_plugins.xml
[69.235s] -- Installing: /home/naraphon9/ros2_ws/install/slam_toolbox/lib/slam_toolbox/async_slam_toolbox_node
[69.235s] -- Set runtime path of "/home/naraphon9/ros2_ws/install/slam_toolbox/lib/slam_toolbox/async_slam_toolbox_node" to ""
[69.235s] -- Installing: /home/naraphon9/ros2_ws/install/slam_toolbox/lib/slam_toolbox/sync_slam_toolbox_node
[69.236s] -- Set runtime path of "/home/naraphon9/ros2_ws/install/slam_toolbox/lib/slam_toolbox/sync_slam_toolbox_node" to ""
[69.236s] -- Installing: /home/naraphon9/ros2_ws/install/slam_toolbox/lib/slam_toolbox/localization_slam_toolbox_node
[69.236s] -- Set runtime path of "/home/naraphon9/ros2_ws/install/slam_toolbox/lib/slam_toolbox/localization_slam_toolbox_node" to ""
[69.236s] -- Installing: /home/naraphon9/ros2_ws/install/slam_toolbox/lib/slam_toolbox/lifelong_slam_toolbox_node
[69.237s] -- Set runtime path of "/home/naraphon9/ros2_ws/install/slam_toolbox/lib/slam_toolbox/lifelong_slam_toolbox_node" to ""
[69.237s] -- Installing: /home/naraphon9/ros2_ws/install/slam_toolbox/lib/slam_toolbox/merge_maps_kinematic
[69.238s] -- Set runtime path of "/home/naraphon9/ros2_ws/install/slam_toolbox/lib/slam_toolbox/merge_maps_kinematic" to ""
[69.238s] -- Installing: /home/naraphon9/ros2_ws/install/slam_toolbox/lib/libtoolbox_common.so
[69.240s] -- Set runtime path of "/home/naraphon9/ros2_ws/install/slam_toolbox/lib/libtoolbox_common.so" to ""
[69.240s] -- Installing: /home/naraphon9/ros2_ws/install/slam_toolbox/lib/libSlamToolboxPlugin.so
[69.240s] -- Set runtime path of "/home/naraphon9/ros2_ws/install/slam_toolbox/lib/libSlamToolboxPlugin.so" to ""
[69.240s] -- Installing: /home/naraphon9/ros2_ws/install/slam_toolbox/lib/libceres_solver_plugin.so
[69.241s] -- Set runtime path of "/home/naraphon9/ros2_ws/install/slam_toolbox/lib/libceres_solver_plugin.so" to ""
[69.241s] -- Installing: /home/naraphon9/ros2_ws/install/slam_toolbox/lib/libasync_slam_toolbox.so
[69.242s] -- Set runtime path of "/home/naraphon9/ros2_ws/install/slam_toolbox/lib/libasync_slam_toolbox.so" to ""
[69.242s] -- Installing: /home/naraphon9/ros2_ws/install/slam_toolbox/lib/libsync_slam_toolbox.so
[69.243s] -- Set runtime path of "/home/naraphon9/ros2_ws/install/slam_toolbox/lib/libsync_slam_toolbox.so" to ""
[69.243s] -- Installing: /home/naraphon9/ros2_ws/install/slam_toolbox/lib/liblocalization_slam_toolbox.so
[69.243s] -- Set runtime path of "/home/naraphon9/ros2_ws/install/slam_toolbox/lib/liblocalization_slam_toolbox.so" to ""
[69.243s] -- Installing: /home/naraphon9/ros2_ws/install/slam_toolbox/lib/liblifelong_slam_toolbox.so
[69.244s] -- Set runtime path of "/home/naraphon9/ros2_ws/install/slam_toolbox/lib/liblifelong_slam_toolbox.so" to ""
[69.244s] -- Up-to-date: /home/naraphon9/ros2_ws/install/slam_toolbox/lib/libSlamToolboxPlugin.so
[69.244s] -- Up-to-date: /home/naraphon9/ros2_ws/install/slam_toolbox/include
[69.244s] -- Up-to-date: /home/naraphon9/ros2_ws/install/slam_toolbox/include/slam_toolbox
[69.244s] -- Installing: /home/naraphon9/ros2_ws/install/slam_toolbox/include/slam_toolbox/laser_utils.hpp
[69.244s] -- Installing: /home/naraphon9/ros2_ws/install/slam_toolbox/include/slam_toolbox/toolbox_types.hpp
[69.244s] -- Installing: /home/naraphon9/ros2_ws/install/slam_toolbox/include/slam_toolbox/merge_maps_kinematic.hpp
[69.244s] -- Installing: /home/naraphon9/ros2_ws/install/slam_toolbox/include/slam_toolbox/slam_toolbox_async.hpp
[69.244s] -- Installing: /home/naraphon9/ros2_ws/install/slam_toolbox/include/slam_toolbox/snap_utils.hpp
[69.245s] -- Installing: /home/naraphon9/ros2_ws/install/slam_toolbox/include/slam_toolbox/get_pose_helper.hpp
[69.245s] -- Installing: /home/naraphon9/ros2_ws/install/slam_toolbox/include/slam_toolbox/toolbox_msgs.hpp
[69.245s] -- Installing: /home/naraphon9/ros2_ws/install/slam_toolbox/include/slam_toolbox/slam_mapper.hpp
[69.245s] -- Installing: /home/naraphon9/ros2_ws/install/slam_toolbox/include/slam_toolbox/loop_closure_assistant.hpp
[69.245s] -- Installing: /home/naraphon9/ros2_ws/install/slam_toolbox/include/slam_toolbox/slam_toolbox_localization.hpp
[69.245s] -- Installing: /home/naraphon9/ros2_ws/install/slam_toolbox/include/slam_toolbox/experimental
[69.245s] -- Installing: /home/naraphon9/ros2_ws/install/slam_toolbox/include/slam_toolbox/experimental/slam_toolbox_lifelong.hpp
[69.245s] -- Installing: /home/naraphon9/ros2_ws/install/slam_toolbox/include/slam_toolbox/slam_toolbox_common.hpp
[69.245s] -- Installing: /home/naraphon9/ros2_ws/install/slam_toolbox/include/slam_toolbox/map_saver.hpp
[69.245s] -- Installing: /home/naraphon9/ros2_ws/install/slam_toolbox/include/slam_toolbox/serialization.hpp
[69.245s] -- Installing: /home/naraphon9/ros2_ws/install/slam_toolbox/include/slam_toolbox/slam_toolbox_sync.hpp
[69.245s] -- Installing: /home/naraphon9/ros2_ws/install/slam_toolbox/include/slam_toolbox/visualization_utils.hpp
[69.245s] -- Installing: /home/naraphon9/ros2_ws/install/slam_toolbox/share/slam_toolbox/launch
[69.245s] -- Installing: /home/naraphon9/ros2_ws/install/slam_toolbox/share/slam_toolbox/launch/merge_maps_kinematic_launch.py
[69.245s] -- Installing: /home/naraphon9/ros2_ws/install/slam_toolbox/share/slam_toolbox/launch/online_sync_launch.py
[69.245s] -- Installing: /home/naraphon9/ros2_ws/install/slam_toolbox/share/slam_toolbox/launch/offline_launch.py
[69.246s] -- Installing: /home/naraphon9/ros2_ws/install/slam_toolbox/share/slam_toolbox/launch/lifelong_launch.py
[69.246s] -- Installing: /home/naraphon9/ros2_ws/install/slam_toolbox/share/slam_toolbox/launch/online_async_launch.py
[69.246s] -- Installing: /home/naraphon9/ros2_ws/install/slam_toolbox/share/slam_toolbox/launch/localization_launch.py
[69.246s] -- Installing: /home/naraphon9/ros2_ws/install/slam_toolbox/share/slam_toolbox/config
[69.246s] -- Installing: /home/naraphon9/ros2_ws/install/slam_toolbox/share/slam_toolbox/config/mapper_params_localization.yaml
[69.246s] -- Installing: /home/naraphon9/ros2_ws/install/slam_toolbox/share/slam_toolbox/config/mapper_params_offline.yaml
[69.246s] -- Installing: /home/naraphon9/ros2_ws/install/slam_toolbox/share/slam_toolbox/config/mapper_params_online_async.yaml
[69.247s] -- Installing: /home/naraphon9/ros2_ws/install/slam_toolbox/share/slam_toolbox/config/mapper_params_lifelong.yaml
[69.247s] -- Installing: /home/naraphon9/ros2_ws/install/slam_toolbox/share/slam_toolbox/config/mapper_params_online_sync.yaml
[69.247s] -- Installing: /home/naraphon9/ros2_ws/install/slam_toolbox/share/solver_plugins.xml
[69.247s] -- Installing: /home/naraphon9/ros2_ws/install/slam_toolbox/share/rviz_plugins.xml
[69.247s] -- Installing: /home/naraphon9/ros2_ws/install/slam_toolbox/share/ament_index/resource_index/package_run_dependencies/slam_toolbox
[69.247s] -- Installing: /home/naraphon9/ros2_ws/install/slam_toolbox/share/ament_index/resource_index/parent_prefix_path/slam_toolbox
[69.247s] -- Installing: /home/naraphon9/ros2_ws/install/slam_toolbox/share/slam_toolbox/environment/ament_prefix_path.sh
[69.247s] -- Installing: /home/naraphon9/ros2_ws/install/slam_toolbox/share/slam_toolbox/environment/ament_prefix_path.dsv
[69.247s] -- Installing: /home/naraphon9/ros2_ws/install/slam_toolbox/share/slam_toolbox/environment/path.sh
[69.247s] -- Installing: /home/naraphon9/ros2_ws/install/slam_toolbox/share/slam_toolbox/environment/path.dsv
[69.247s] -- Installing: /home/naraphon9/ros2_ws/install/slam_toolbox/share/slam_toolbox/local_setup.bash
[69.247s] -- Installing: /home/naraphon9/ros2_ws/install/slam_toolbox/share/slam_toolbox/local_setup.sh
[69.247s] -- Installing: /home/naraphon9/ros2_ws/install/slam_toolbox/share/slam_toolbox/local_setup.zsh
[69.247s] -- Installing: /home/naraphon9/ros2_ws/install/slam_toolbox/share/slam_toolbox/local_setup.dsv
[69.247s] -- Installing: /home/naraphon9/ros2_ws/install/slam_toolbox/share/slam_toolbox/package.dsv
[69.248s] -- Installing: /home/naraphon9/ros2_ws/install/slam_toolbox/share/ament_index/resource_index/packages/slam_toolbox
[69.248s] -- Installing: /home/naraphon9/ros2_ws/install/slam_toolbox/share/ament_index/resource_index/rviz_common__pluginlib__plugin/slam_toolbox
[69.248s] -- Installing: /home/naraphon9/ros2_ws/install/slam_toolbox/share/ament_index/resource_index/slam_toolbox__pluginlib__plugin/slam_toolbox
[69.248s] -- Installing: /home/naraphon9/ros2_ws/install/slam_toolbox/share/slam_toolbox/cmake/slam_toolbox__rosidl_generator_cExport.cmake
[69.248s] -- Installing: /home/naraphon9/ros2_ws/install/slam_toolbox/share/slam_toolbox/cmake/slam_toolbox__rosidl_generator_cExport-release.cmake
[69.248s] -- Installing: /home/naraphon9/ros2_ws/install/slam_toolbox/share/slam_toolbox/cmake/slam_toolbox__rosidl_typesupport_introspection_cExport.cmake
[69.248s] -- Installing: /home/naraphon9/ros2_ws/install/slam_toolbox/share/slam_toolbox/cmake/slam_toolbox__rosidl_typesupport_introspection_cExport-release.cmake
[69.248s] -- Installing: /home/naraphon9/ros2_ws/install/slam_toolbox/share/slam_toolbox/cmake/slam_toolbox__rosidl_typesupport_cExport.cmake
[69.248s] -- Installing: /home/naraphon9/ros2_ws/install/slam_toolbox/share/slam_toolbox/cmake/slam_toolbox__rosidl_typesupport_cExport-release.cmake
[69.248s] -- Installing: /home/naraphon9/ros2_ws/install/slam_toolbox/share/slam_toolbox/cmake/slam_toolbox__rosidl_generator_cppExport.cmake
[69.248s] -- Installing: /home/naraphon9/ros2_ws/install/slam_toolbox/share/slam_toolbox/cmake/slam_toolbox__rosidl_typesupport_introspection_cppExport.cmake
[69.248s] -- Installing: /home/naraphon9/ros2_ws/install/slam_toolbox/share/slam_toolbox/cmake/slam_toolbox__rosidl_typesupport_introspection_cppExport-release.cmake
[69.248s] -- Installing: /home/naraphon9/ros2_ws/install/slam_toolbox/share/slam_toolbox/cmake/slam_toolbox__rosidl_typesupport_cppExport.cmake
[69.248s] -- Installing: /home/naraphon9/ros2_ws/install/slam_toolbox/share/slam_toolbox/cmake/slam_toolbox__rosidl_typesupport_cppExport-release.cmake
[69.248s] -- Installing: /home/naraphon9/ros2_ws/install/slam_toolbox/share/slam_toolbox/cmake/SlamToolboxPluginExport.cmake
[69.248s] -- Installing: /home/naraphon9/ros2_ws/install/slam_toolbox/share/slam_toolbox/cmake/SlamToolboxPluginExport-release.cmake
[69.248s] -- Installing: /home/naraphon9/ros2_ws/install/slam_toolbox/share/slam_toolbox/cmake/rosidl_cmake-extras.cmake
[69.248s] -- Installing: /home/naraphon9/ros2_ws/install/slam_toolbox/share/slam_toolbox/cmake/ament_cmake_export_dependencies-extras.cmake
[69.248s] -- Installing: /home/naraphon9/ros2_ws/install/slam_toolbox/share/slam_toolbox/cmake/ament_cmake_export_libraries-extras.cmake
[69.248s] -- Installing: /home/naraphon9/ros2_ws/install/slam_toolbox/share/slam_toolbox/cmake/ament_cmake_export_targets-extras.cmake
[69.248s] -- Installing: /home/naraphon9/ros2_ws/install/slam_toolbox/share/slam_toolbox/cmake/ament_cmake_export_include_directories-extras.cmake
[69.248s] -- Installing: /home/naraphon9/ros2_ws/install/slam_toolbox/share/slam_toolbox/cmake/rosidl_cmake_export_typesupport_libraries-extras.cmake
[69.248s] -- Installing: /home/naraphon9/ros2_ws/install/slam_toolbox/share/slam_toolbox/cmake/rosidl_cmake_export_typesupport_targets-extras.cmake
[69.249s] -- Installing: /home/naraphon9/ros2_ws/install/slam_toolbox/share/slam_toolbox/cmake/slam_toolboxConfig.cmake
[69.249s] -- Installing: /home/naraphon9/ros2_ws/install/slam_toolbox/share/slam_toolbox/cmake/slam_toolboxConfig-version.cmake
[69.249s] -- Installing: /home/naraphon9/ros2_ws/install/slam_toolbox/share/slam_toolbox/package.xml
[69.249s] -- Up-to-date: /home/naraphon9/ros2_ws/install/slam_toolbox/include/
[69.249s] -- Installing: /home/naraphon9/ros2_ws/install/slam_toolbox/include//karto_sdk
[69.249s] -- Installing: /home/naraphon9/ros2_ws/install/slam_toolbox/include//karto_sdk/Mapper.h
[69.249s] -- Installing: /home/naraphon9/ros2_ws/install/slam_toolbox/include//karto_sdk/Types.h
[69.249s] -- Installing: /home/naraphon9/ros2_ws/install/slam_toolbox/include//karto_sdk/Karto.h
[69.249s] -- Installing: /home/naraphon9/ros2_ws/install/slam_toolbox/include//karto_sdk/Math.h
[69.249s] -- Installing: /home/naraphon9/ros2_ws/install/slam_toolbox/include//karto_sdk/Macros.h
[69.249s] -- Installing: /home/naraphon9/ros2_ws/install/slam_toolbox/include//karto_sdk/nanoflann_adaptors.h
[69.249s] -- Installing: /home/naraphon9/ros2_ws/install/slam_toolbox/include//karto_sdk/nanoflann.hpp
[69.249s] -- Installing: /home/naraphon9/ros2_ws/install/slam_toolbox/lib/libkartoSlamToolbox.so
[69.252s] -- Set runtime path of "/home/naraphon9/ros2_ws/install/slam_toolbox/lib/libkartoSlamToolbox.so" to ""
[69.252s] -- Installing: /home/naraphon9/ros2_ws/install/slam_toolbox/share/karto_sdk/environment/library_path.sh
[69.252s] -- Installing: /home/naraphon9/ros2_ws/install/slam_toolbox/share/karto_sdk/environment/library_path.dsv
[69.252s] -- Installing: /home/naraphon9/ros2_ws/install/slam_toolbox/share/ament_index/resource_index/package_run_dependencies/karto_sdk
[69.252s] -- Installing: /home/naraphon9/ros2_ws/install/slam_toolbox/share/ament_index/resource_index/parent_prefix_path/karto_sdk
[69.252s] -- Installing: /home/naraphon9/ros2_ws/install/slam_toolbox/share/karto_sdk/environment/ament_prefix_path.sh
[69.252s] -- Installing: /home/naraphon9/ros2_ws/install/slam_toolbox/share/karto_sdk/environment/ament_prefix_path.dsv
[69.252s] -- Installing: /home/naraphon9/ros2_ws/install/slam_toolbox/share/karto_sdk/environment/path.sh
[69.252s] -- Installing: /home/naraphon9/ros2_ws/install/slam_toolbox/share/karto_sdk/environment/path.dsv
[69.252s] -- Installing: /home/naraphon9/ros2_ws/install/slam_toolbox/share/karto_sdk/local_setup.bash
[69.252s] -- Installing: /home/naraphon9/ros2_ws/install/slam_toolbox/share/karto_sdk/local_setup.sh
[69.252s] -- Installing: /home/naraphon9/ros2_ws/install/slam_toolbox/share/karto_sdk/local_setup.zsh
[69.252s] -- Installing: /home/naraphon9/ros2_ws/install/slam_toolbox/share/karto_sdk/local_setup.dsv
[69.252s] -- Installing: /home/naraphon9/ros2_ws/install/slam_toolbox/share/karto_sdk/package.dsv
[69.252s] -- Installing: /home/naraphon9/ros2_ws/install/slam_toolbox/share/ament_index/resource_index/packages/karto_sdk
[69.252s] -- Installing: /home/naraphon9/ros2_ws/install/slam_toolbox/share/karto_sdk/cmake/ament_cmake_export_libraries-extras.cmake
[69.252s] -- Installing: /home/naraphon9/ros2_ws/install/slam_toolbox/share/karto_sdk/cmake/ament_cmake_export_include_directories-extras.cmake
[69.252s] -- Installing: /home/naraphon9/ros2_ws/install/slam_toolbox/share/karto_sdk/cmake/ament_cmake_export_dependencies-extras.cmake
[69.253s] -- Installing: /home/naraphon9/ros2_ws/install/slam_toolbox/share/karto_sdk/cmake/karto_sdkConfig.cmake
[69.253s] -- Installing: /home/naraphon9/ros2_ws/install/slam_toolbox/share/karto_sdk/cmake/karto_sdkConfig-version.cmake
[69.253s] -- Installing: /home/naraphon9/ros2_ws/install/slam_toolbox/share/karto_sdk/package.xml
[69.254s] Invoked command in '/home/naraphon9/ros2_ws/build/slam_toolbox' returned '0': CMAKE_PREFIX_PATH=${CMAKE_PREFIX_PATH}:/home/naraphon9/ros2_ws/install/ydlidar_old:/home/naraphon9/ros2_ws/install/my_slam_launch:/home/naraphon9/ros2_ws/install/my_robot_description:/home/naraphon9/ros2_ws/install/my_pose_pub:/opt/ros/foxy /opt/cmake-3.26/bin/cmake --install /home/naraphon9/ros2_ws/build/slam_toolbox
