[0.779s] Invoking command in '/home/naraphon9/ros2_ws/src/my_robot_description': PYTHONPATH=/home/naraphon9/ros2_ws/build/my_robot_description/prefix_override:/usr/lib/python3/dist-packages/colcon_core/task/python/colcon_distutils_commands:/home/naraphon9/ros2_ws/install/my_robot_description/lib/python3.8/site-packages:${PYTHONPATH} /usr/bin/python3 -W ignore:setup.py install is deprecated -W ignore:easy_install command is deprecated setup.py egg_info --egg-base ../../build/my_robot_description build --build-base /home/naraphon9/ros2_ws/build/my_robot_description/build install --record /home/naraphon9/ros2_ws/build/my_robot_description/install.log --single-version-externally-managed install_data
[0.897s] running egg_info
[0.897s] writing ../../build/my_robot_description/my_robot_description.egg-info/PKG-INFO
[0.897s] writing dependency_links to ../../build/my_robot_description/my_robot_description.egg-info/dependency_links.txt
[0.897s] writing entry points to ../../build/my_robot_description/my_robot_description.egg-info/entry_points.txt
[0.898s] writing requirements to ../../build/my_robot_description/my_robot_description.egg-info/requires.txt
[0.898s] writing top-level names to ../../build/my_robot_description/my_robot_description.egg-info/top_level.txt
[0.917s] reading manifest file '../../build/my_robot_description/my_robot_description.egg-info/SOURCES.txt'
[0.917s] writing manifest file '../../build/my_robot_description/my_robot_description.egg-info/SOURCES.txt'
[0.917s] running build
[0.917s] running build_py
[0.917s] running install
[0.918s] running install_lib
[0.919s] running install_data
[0.919s] running install_egg_info
[0.920s] removing '/home/naraphon9/ros2_ws/install/my_robot_description/lib/python3.8/site-packages/my_robot_description-0.0.0-py3.8.egg-info' (and everything under it)
[0.920s] Copying ../../build/my_robot_description/my_robot_description.egg-info to /home/naraphon9/ros2_ws/install/my_robot_description/lib/python3.8/site-packages/my_robot_description-0.0.0-py3.8.egg-info
[0.921s] running install_scripts
[0.932s] writing list of installed files to '/home/naraphon9/ros2_ws/build/my_robot_description/install.log'
[0.949s] Invoked command in '/home/naraphon9/ros2_ws/src/my_robot_description' returned '0': PYTHONPATH=/home/naraphon9/ros2_ws/build/my_robot_description/prefix_override:/usr/lib/python3/dist-packages/colcon_core/task/python/colcon_distutils_commands:/home/naraphon9/ros2_ws/install/my_robot_description/lib/python3.8/site-packages:${PYTHONPATH} /usr/bin/python3 -W ignore:setup.py install is deprecated -W ignore:easy_install command is deprecated setup.py egg_info --egg-base ../../build/my_robot_description build --build-base /home/naraphon9/ros2_ws/build/my_robot_description/build install --record /home/naraphon9/ros2_ws/build/my_robot_description/install.log --single-version-externally-managed install_data
