[0.350s] Invoking command in '/home/naraphon9/ros2_ws/build/ydlidar': CMAKE_PREFIX_PATH=${CMAKE_PREFIX_PATH}:/home/naraphon9/ros2_ws/install/ydlidar_old:/home/naraphon9/ros2_ws/install/my_slam_launch:/home/naraphon9/ros2_ws/install/my_robot_description:/home/naraphon9/ros2_ws/install/my_pose_pub:/opt/ros/foxy /opt/cmake-3.26/bin/cmake --build /home/naraphon9/ros2_ws/build/ydlidar -- -j20 -l20
[0.483s] [ 18%] Built target ydlidar_client
[0.483s] [100%] Built target ydlidar_node
[0.489s] Invoked command in '/home/naraphon9/ros2_ws/build/ydlidar' returned '0': CMAKE_PREFIX_PATH=${CMAKE_PREFIX_PATH}:/home/naraphon9/ros2_ws/install/ydlidar_old:/home/naraphon9/ros2_ws/install/my_slam_launch:/home/naraphon9/ros2_ws/install/my_robot_description:/home/naraphon9/ros2_ws/install/my_pose_pub:/opt/ros/foxy /opt/cmake-3.26/bin/cmake --build /home/naraphon9/ros2_ws/build/ydlidar -- -j20 -l20
[0.490s] Invoking command in '/home/naraphon9/ros2_ws/build/ydlidar': CMAKE_PREFIX_PATH=${CMAKE_PREFIX_PATH}:/home/naraphon9/ros2_ws/install/ydlidar_old:/home/naraphon9/ros2_ws/install/my_slam_launch:/home/naraphon9/ros2_ws/install/my_robot_description:/home/naraphon9/ros2_ws/install/my_pose_pub:/opt/ros/foxy /opt/cmake-3.26/bin/cmake --install /home/naraphon9/ros2_ws/build/ydlidar
[0.497s] -- Install configuration: ""
[0.497s] -- Up-to-date: /home/naraphon9/ros2_ws/install/ydlidar/lib/ydlidar/ydlidar_node
[0.499s] -- Up-to-date: /home/naraphon9/ros2_ws/install/ydlidar/lib/ydlidar/ydlidar_client
[0.503s] -- Up-to-date: /home/naraphon9/ros2_ws/install/ydlidar/share/ydlidar/launch
[0.504s] -- Up-to-date: /home/naraphon9/ros2_ws/install/ydlidar/share/ydlidar/launch/ydlidar_launch_view.py
[0.504s] -- Up-to-date: /home/naraphon9/ros2_ws/install/ydlidar/share/ydlidar/launch/lidar_only_launch.py
[0.504s] -- Up-to-date: /home/naraphon9/ros2_ws/install/ydlidar/share/ydlidar/launch/ydlidar_launch.py
[0.504s] -- Up-to-date: /home/naraphon9/ros2_ws/install/ydlidar/share/ydlidar/launch/ydlidar_slam_launch.py
[0.504s] -- Up-to-date: /home/naraphon9/ros2_ws/install/ydlidar/share/ydlidar/params
[0.504s] -- Up-to-date: /home/naraphon9/ros2_ws/install/ydlidar/share/ydlidar/params/ydlidar.yaml
[0.504s] -- Up-to-date: /home/naraphon9/ros2_ws/install/ydlidar/share/ydlidar/startup
[0.504s] -- Up-to-date: /home/naraphon9/ros2_ws/install/ydlidar/share/ydlidar/startup/initenv.sh
[0.504s] -- Up-to-date: /home/naraphon9/ros2_ws/install/ydlidar/share/ament_index/resource_index/package_run_dependencies/ydlidar
[0.504s] -- Up-to-date: /home/naraphon9/ros2_ws/install/ydlidar/share/ament_index/resource_index/parent_prefix_path/ydlidar
[0.504s] -- Up-to-date: /home/naraphon9/ros2_ws/install/ydlidar/share/ydlidar/environment/ament_prefix_path.sh
[0.504s] -- Up-to-date: /home/naraphon9/ros2_ws/install/ydlidar/share/ydlidar/environment/ament_prefix_path.dsv
[0.504s] -- Up-to-date: /home/naraphon9/ros2_ws/install/ydlidar/share/ydlidar/environment/path.sh
[0.504s] -- Up-to-date: /home/naraphon9/ros2_ws/install/ydlidar/share/ydlidar/environment/path.dsv
[0.504s] -- Up-to-date: /home/naraphon9/ros2_ws/install/ydlidar/share/ydlidar/local_setup.bash
[0.504s] -- Up-to-date: /home/naraphon9/ros2_ws/install/ydlidar/share/ydlidar/local_setup.sh
[0.504s] -- Up-to-date: /home/naraphon9/ros2_ws/install/ydlidar/share/ydlidar/local_setup.zsh
[0.504s] -- Up-to-date: /home/naraphon9/ros2_ws/install/ydlidar/share/ydlidar/local_setup.dsv
[0.504s] -- Installing: /home/naraphon9/ros2_ws/install/ydlidar/share/ydlidar/package.dsv
[0.504s] -- Up-to-date: /home/naraphon9/ros2_ws/install/ydlidar/share/ament_index/resource_index/packages/ydlidar
[0.504s] -- Up-to-date: /home/naraphon9/ros2_ws/install/ydlidar/share/ydlidar/cmake/ydlidarConfig.cmake
[0.504s] -- Up-to-date: /home/naraphon9/ros2_ws/install/ydlidar/share/ydlidar/cmake/ydlidarConfig-version.cmake
[0.505s] -- Up-to-date: /home/naraphon9/ros2_ws/install/ydlidar/share/ydlidar/package.xml
[0.518s] Invoked command in '/home/naraphon9/ros2_ws/build/ydlidar' returned '0': CMAKE_PREFIX_PATH=${CMAKE_PREFIX_PATH}:/home/naraphon9/ros2_ws/install/ydlidar_old:/home/naraphon9/ros2_ws/install/my_slam_launch:/home/naraphon9/ros2_ws/install/my_robot_description:/home/naraphon9/ros2_ws/install/my_pose_pub:/opt/ros/foxy /opt/cmake-3.26/bin/cmake --install /home/naraphon9/ros2_ws/build/ydlidar
