running egg_info
creating ../build/ydlidar_old/ydlidar.egg-info
writing ../build/ydlidar_old/ydlidar.egg-info/PKG-INFO
writing dependency_links to ../build/ydlidar_old/ydlidar.egg-info/dependency_links.txt
writing entry points to ../build/ydlidar_old/ydlidar.egg-info/entry_points.txt
writing requirements to ../build/ydlidar_old/ydlidar.egg-info/requires.txt
writing top-level names to ../build/ydlidar_old/ydlidar.egg-info/top_level.txt
writing manifest file '../build/ydlidar_old/ydlidar.egg-info/SOURCES.txt'
reading manifest file '../build/ydlidar_old/ydlidar.egg-info/SOURCES.txt'
writing manifest file '../build/ydlidar_old/ydlidar.egg-info/SOURCES.txt'
running build
running build_py
creating /home/naraphon9/ros2_ws/build/ydlidar_old/build
creating /home/naraphon9/ros2_ws/build/ydlidar_old/build/lib
creating /home/naraphon9/ros2_ws/build/ydlidar_old/build/lib/ydlidar
copying ydlidar/ydlidar_node.py -> /home/naraphon9/ros2_ws/build/ydlidar_old/build/lib/ydlidar
copying ydlidar/__init__.py -> /home/naraphon9/ros2_ws/build/ydlidar_old/build/lib/ydlidar
running install
running install_lib
creating /home/naraphon9/ros2_ws/install/ydlidar_old/lib/python3.8/site-packages/ydlidar
copying /home/naraphon9/ros2_ws/build/ydlidar_old/build/lib/ydlidar/ydlidar_node.py -> /home/naraphon9/ros2_ws/install/ydlidar_old/lib/python3.8/site-packages/ydlidar
copying /home/naraphon9/ros2_ws/build/ydlidar_old/build/lib/ydlidar/__init__.py -> /home/naraphon9/ros2_ws/install/ydlidar_old/lib/python3.8/site-packages/ydlidar
byte-compiling /home/naraphon9/ros2_ws/install/ydlidar_old/lib/python3.8/site-packages/ydlidar/ydlidar_node.py to ydlidar_node.cpython-38.pyc
byte-compiling /home/naraphon9/ros2_ws/install/ydlidar_old/lib/python3.8/site-packages/ydlidar/__init__.py to __init__.cpython-38.pyc
running install_data
creating /home/naraphon9/ros2_ws/install/ydlidar_old/share/ydlidar
creating /home/naraphon9/ros2_ws/install/ydlidar_old/share/ydlidar/launch
copying launch/ydlidar_slam_rviz_launch.py -> /home/naraphon9/ros2_ws/install/ydlidar_old/share/ydlidar/launch
copying package.xml -> /home/naraphon9/ros2_ws/install/ydlidar_old/share/ament_index/resource_index/packages
running install_egg_info
Copying ../build/ydlidar_old/ydlidar.egg-info to /home/naraphon9/ros2_ws/install/ydlidar_old/lib/python3.8/site-packages/ydlidar-0.0.1-py3.8.egg-info
running install_scripts
Installing ydlidar_node script to /home/naraphon9/ros2_ws/install/ydlidar_old/bin
writing list of installed files to '/home/naraphon9/ros2_ws/build/ydlidar_old/install.log'
