[0.884s] Invoking command in '/home/naraphon9/ros2_ws/ydlidar_old': PYTHONPATH=/home/naraphon9/ros2_ws/build/ydlidar_old/prefix_override:/usr/lib/python3/dist-packages/colcon_core/task/python/colcon_distutils_commands:/home/naraphon9/ros2_ws/install/ydlidar_old/lib/python3.8/site-packages:${PYTHONPATH} /usr/bin/python3 -W ignore:setup.py install is deprecated -W ignore:easy_install command is deprecated setup.py egg_info --egg-base ../build/ydlidar_old build --build-base /home/naraphon9/ros2_ws/build/ydlidar_old/build install --record /home/naraphon9/ros2_ws/build/ydlidar_old/install.log --single-version-externally-managed install_data
[1.050s] running egg_info
[1.051s] creating ../build/ydlidar_old/ydlidar.egg-info
[1.051s] writing ../build/ydlidar_old/ydlidar.egg-info/PKG-INFO
[1.051s] writing dependency_links to ../build/ydlidar_old/ydlidar.egg-info/dependency_links.txt
[1.051s] writing entry points to ../build/ydlidar_old/ydlidar.egg-info/entry_points.txt
[1.051s] writing requirements to ../build/ydlidar_old/ydlidar.egg-info/requires.txt
[1.051s] writing top-level names to ../build/ydlidar_old/ydlidar.egg-info/top_level.txt
[1.052s] writing manifest file '../build/ydlidar_old/ydlidar.egg-info/SOURCES.txt'
[1.079s] reading manifest file '../build/ydlidar_old/ydlidar.egg-info/SOURCES.txt'
[1.080s] writing manifest file '../build/ydlidar_old/ydlidar.egg-info/SOURCES.txt'
[1.080s] running build
[1.080s] running build_py
[1.080s] creating /home/naraphon9/ros2_ws/build/ydlidar_old/build
[1.080s] creating /home/naraphon9/ros2_ws/build/ydlidar_old/build/lib
[1.081s] creating /home/naraphon9/ros2_ws/build/ydlidar_old/build/lib/ydlidar
[1.081s] copying ydlidar/ydlidar_node.py -> /home/naraphon9/ros2_ws/build/ydlidar_old/build/lib/ydlidar
[1.081s] copying ydlidar/__init__.py -> /home/naraphon9/ros2_ws/build/ydlidar_old/build/lib/ydlidar
[1.081s] running install
[1.082s] running install_lib
[1.082s] creating /home/naraphon9/ros2_ws/install/ydlidar_old/lib/python3.8/site-packages/ydlidar
[1.082s] copying /home/naraphon9/ros2_ws/build/ydlidar_old/build/lib/ydlidar/ydlidar_node.py -> /home/naraphon9/ros2_ws/install/ydlidar_old/lib/python3.8/site-packages/ydlidar
[1.083s] copying /home/naraphon9/ros2_ws/build/ydlidar_old/build/lib/ydlidar/__init__.py -> /home/naraphon9/ros2_ws/install/ydlidar_old/lib/python3.8/site-packages/ydlidar
[1.083s] byte-compiling /home/naraphon9/ros2_ws/install/ydlidar_old/lib/python3.8/site-packages/ydlidar/ydlidar_node.py to ydlidar_node.cpython-38.pyc
[1.084s] byte-compiling /home/naraphon9/ros2_ws/install/ydlidar_old/lib/python3.8/site-packages/ydlidar/__init__.py to __init__.cpython-38.pyc
[1.084s] running install_data
[1.084s] creating /home/naraphon9/ros2_ws/install/ydlidar_old/share/ydlidar
[1.084s] creating /home/naraphon9/ros2_ws/install/ydlidar_old/share/ydlidar/launch
[1.085s] copying launch/ydlidar_slam_rviz_launch.py -> /home/naraphon9/ros2_ws/install/ydlidar_old/share/ydlidar/launch
[1.085s] copying package.xml -> /home/naraphon9/ros2_ws/install/ydlidar_old/share/ament_index/resource_index/packages
[1.085s] running install_egg_info
[1.086s] Copying ../build/ydlidar_old/ydlidar.egg-info to /home/naraphon9/ros2_ws/install/ydlidar_old/lib/python3.8/site-packages/ydlidar-0.0.1-py3.8.egg-info
[1.087s] running install_scripts
[1.103s] Installing ydlidar_node script to /home/naraphon9/ros2_ws/install/ydlidar_old/bin
[1.103s] writing list of installed files to '/home/naraphon9/ros2_ws/build/ydlidar_old/install.log'
[1.127s] Invoked command in '/home/naraphon9/ros2_ws/ydlidar_old' returned '0': PYTHONPATH=/home/naraphon9/ros2_ws/build/ydlidar_old/prefix_override:/usr/lib/python3/dist-packages/colcon_core/task/python/colcon_distutils_commands:/home/naraphon9/ros2_ws/install/ydlidar_old/lib/python3.8/site-packages:${PYTHONPATH} /usr/bin/python3 -W ignore:setup.py install is deprecated -W ignore:easy_install command is deprecated setup.py egg_info --egg-base ../build/ydlidar_old build --build-base /home/naraphon9/ros2_ws/build/ydlidar_old/build install --record /home/naraphon9/ros2_ws/build/ydlidar_old/install.log --single-version-externally-managed install_data
