[0.854s] Invoking command in '/home/naraphon9/ros2_ws/src/my_pose_pub': PYTHONPATH=/home/naraphon9/ros2_ws/build/my_pose_pub/prefix_override:/usr/lib/python3/dist-packages/colcon_core/task/python/colcon_distutils_commands:/home/naraphon9/ros2_ws/install/my_pose_pub/lib/python3.8/site-packages:${PYTHONPATH} /usr/bin/python3 -W ignore:setup.py install is deprecated -W ignore:easy_install command is deprecated setup.py egg_info --egg-base ../../build/my_pose_pub build --build-base /home/naraphon9/ros2_ws/build/my_pose_pub/build install --record /home/naraphon9/ros2_ws/build/my_pose_pub/install.log --install-scripts $base/lib/my_pose_pub --single-version-externally-managed install_data
[0.971s] running egg_info
[0.972s] writing ../../build/my_pose_pub/my_pose_pub.egg-info/PKG-INFO
[0.972s] writing dependency_links to ../../build/my_pose_pub/my_pose_pub.egg-info/dependency_links.txt
[0.972s] writing entry points to ../../build/my_pose_pub/my_pose_pub.egg-info/entry_points.txt
[0.973s] writing requirements to ../../build/my_pose_pub/my_pose_pub.egg-info/requires.txt
[0.973s] writing top-level names to ../../build/my_pose_pub/my_pose_pub.egg-info/top_level.txt
[0.993s] reading manifest file '../../build/my_pose_pub/my_pose_pub.egg-info/SOURCES.txt'
[0.993s] writing manifest file '../../build/my_pose_pub/my_pose_pub.egg-info/SOURCES.txt'
[0.993s] running build
[0.993s] running build_py
[0.994s] running install
[0.994s] running install_lib
[0.995s] running install_data
[0.995s] running install_egg_info
[0.996s] removing '/home/naraphon9/ros2_ws/install/my_pose_pub/lib/python3.8/site-packages/my_pose_pub-0.0.0-py3.8.egg-info' (and everything under it)
[0.996s] Copying ../../build/my_pose_pub/my_pose_pub.egg-info to /home/naraphon9/ros2_ws/install/my_pose_pub/lib/python3.8/site-packages/my_pose_pub-0.0.0-py3.8.egg-info
[0.997s] running install_scripts
[1.008s] Installing pose2d_to_ekf script to /home/naraphon9/ros2_ws/install/my_pose_pub/lib/my_pose_pub
[1.008s] writing list of installed files to '/home/naraphon9/ros2_ws/build/my_pose_pub/install.log'
[1.034s] Invoked command in '/home/naraphon9/ros2_ws/src/my_pose_pub' returned '0': PYTHONPATH=/home/naraphon9/ros2_ws/build/my_pose_pub/prefix_override:/usr/lib/python3/dist-packages/colcon_core/task/python/colcon_distutils_commands:/home/naraphon9/ros2_ws/install/my_pose_pub/lib/python3.8/site-packages:${PYTHONPATH} /usr/bin/python3 -W ignore:setup.py install is deprecated -W ignore:easy_install command is deprecated setup.py egg_info --egg-base ../../build/my_pose_pub build --build-base /home/naraphon9/ros2_ws/build/my_pose_pub/build install --record /home/naraphon9/ros2_ws/build/my_pose_pub/install.log --install-scripts $base/lib/my_pose_pub --single-version-externally-managed install_data
