[0.897s] Invoking command in '/home/naraphon9/ros2_ws/src/my_slam_launch': PYTHONPATH=/home/naraphon9/ros2_ws/build/my_slam_launch/prefix_override:/usr/lib/python3/dist-packages/colcon_core/task/python/colcon_distutils_commands:/home/naraphon9/ros2_ws/install/my_slam_launch/lib/python3.8/site-packages:${PYTHONPATH} /usr/bin/python3 -W ignore:setup.py install is deprecated -W ignore:easy_install command is deprecated setup.py egg_info --egg-base ../../build/my_slam_launch build --build-base /home/naraphon9/ros2_ws/build/my_slam_launch/build install --record /home/naraphon9/ros2_ws/build/my_slam_launch/install.log --install-scripts $base/lib/my_slam_launch --single-version-externally-managed install_data
[1.069s] running egg_info
[1.069s] creating ../../build/my_slam_launch/my_slam_launch.egg-info
[1.070s] writing ../../build/my_slam_launch/my_slam_launch.egg-info/PKG-INFO
[1.070s] writing dependency_links to ../../build/my_slam_launch/my_slam_launch.egg-info/dependency_links.txt
[1.070s] writing entry points to ../../build/my_slam_launch/my_slam_launch.egg-info/entry_points.txt
[1.070s] writing requirements to ../../build/my_slam_launch/my_slam_launch.egg-info/requires.txt
[1.070s] writing top-level names to ../../build/my_slam_launch/my_slam_launch.egg-info/top_level.txt
[1.071s] writing manifest file '../../build/my_slam_launch/my_slam_launch.egg-info/SOURCES.txt'
[1.099s] reading manifest file '../../build/my_slam_launch/my_slam_launch.egg-info/SOURCES.txt'
[1.100s] writing manifest file '../../build/my_slam_launch/my_slam_launch.egg-info/SOURCES.txt'
[1.100s] running build
[1.100s] running build_py
[1.100s] creating /home/naraphon9/ros2_ws/build/my_slam_launch/build
[1.100s] creating /home/naraphon9/ros2_ws/build/my_slam_launch/build/lib
[1.100s] creating /home/naraphon9/ros2_ws/build/my_slam_launch/build/lib/my_slam_launch
[1.101s] copying my_slam_launch/__init__.py -> /home/naraphon9/ros2_ws/build/my_slam_launch/build/lib/my_slam_launch
[1.101s] copying my_slam_launch/laser_tf_pub.py -> /home/naraphon9/ros2_ws/build/my_slam_launch/build/lib/my_slam_launch
[1.101s] copying my_slam_launch/base_footprint.py -> /home/naraphon9/ros2_ws/build/my_slam_launch/build/lib/my_slam_launch
[1.101s] copying my_slam_launch/odom_to_tf.py -> /home/naraphon9/ros2_ws/build/my_slam_launch/build/lib/my_slam_launch
[1.101s] copying my_slam_launch/fake_odom_tf.py -> /home/naraphon9/ros2_ws/build/my_slam_launch/build/lib/my_slam_launch
[1.101s] running install
[1.101s] running install_lib
[1.102s] creating /home/naraphon9/ros2_ws/install/my_slam_launch/lib/python3.8/site-packages/my_slam_launch
[1.102s] copying /home/naraphon9/ros2_ws/build/my_slam_launch/build/lib/my_slam_launch/__init__.py -> /home/naraphon9/ros2_ws/install/my_slam_launch/lib/python3.8/site-packages/my_slam_launch
[1.102s] copying /home/naraphon9/ros2_ws/build/my_slam_launch/build/lib/my_slam_launch/laser_tf_pub.py -> /home/naraphon9/ros2_ws/install/my_slam_launch/lib/python3.8/site-packages/my_slam_launch
[1.103s] copying /home/naraphon9/ros2_ws/build/my_slam_launch/build/lib/my_slam_launch/base_footprint.py -> /home/naraphon9/ros2_ws/install/my_slam_launch/lib/python3.8/site-packages/my_slam_launch
[1.103s] copying /home/naraphon9/ros2_ws/build/my_slam_launch/build/lib/my_slam_launch/odom_to_tf.py -> /home/naraphon9/ros2_ws/install/my_slam_launch/lib/python3.8/site-packages/my_slam_launch
[1.103s] copying /home/naraphon9/ros2_ws/build/my_slam_launch/build/lib/my_slam_launch/fake_odom_tf.py -> /home/naraphon9/ros2_ws/install/my_slam_launch/lib/python3.8/site-packages/my_slam_launch
[1.103s] byte-compiling /home/naraphon9/ros2_ws/install/my_slam_launch/lib/python3.8/site-packages/my_slam_launch/__init__.py to __init__.cpython-38.pyc
[1.104s] byte-compiling /home/naraphon9/ros2_ws/install/my_slam_launch/lib/python3.8/site-packages/my_slam_launch/laser_tf_pub.py to laser_tf_pub.cpython-38.pyc
[1.104s] byte-compiling /home/naraphon9/ros2_ws/install/my_slam_launch/lib/python3.8/site-packages/my_slam_launch/base_footprint.py to base_footprint.cpython-38.pyc
[1.105s] byte-compiling /home/naraphon9/ros2_ws/install/my_slam_launch/lib/python3.8/site-packages/my_slam_launch/odom_to_tf.py to odom_to_tf.cpython-38.pyc
[1.105s] byte-compiling /home/naraphon9/ros2_ws/install/my_slam_launch/lib/python3.8/site-packages/my_slam_launch/fake_odom_tf.py to fake_odom_tf.cpython-38.pyc
[1.106s] running install_data
[1.106s] creating /home/naraphon9/ros2_ws/install/my_slam_launch/share/ament_index
[1.106s] creating /home/naraphon9/ros2_ws/install/my_slam_launch/share/ament_index/resource_index
[1.106s] creating /home/naraphon9/ros2_ws/install/my_slam_launch/share/ament_index/resource_index/packages
[1.106s] copying resource/my_slam_launch -> /home/naraphon9/ros2_ws/install/my_slam_launch/share/ament_index/resource_index/packages
[1.106s] copying package.xml -> /home/naraphon9/ros2_ws/install/my_slam_launch/share/my_slam_launch
[1.106s] creating /home/naraphon9/ros2_ws/install/my_slam_launch/share/my_slam_launch/launch
[1.106s] copying launch/slam_with_ekf.launch.py -> /home/naraphon9/ros2_ws/install/my_slam_launch/share/my_slam_launch/launch
[1.106s] copying launch/slam_with_ttf.launch.py -> /home/naraphon9/ros2_ws/install/my_slam_launch/share/my_slam_launch/launch
[1.106s] copying launch/slam_with_tf.launch.py -> /home/naraphon9/ros2_ws/install/my_slam_launch/share/my_slam_launch/launch
[1.107s] copying launch/nav2.launch.py -> /home/naraphon9/ros2_ws/install/my_slam_launch/share/my_slam_launch/launch
[1.107s] creating /home/naraphon9/ros2_ws/install/my_slam_launch/share/my_slam_launch/scripts
[1.107s] copying scripts/odom_publisher.py -> /home/naraphon9/ros2_ws/install/my_slam_launch/share/my_slam_launch/scripts
[1.107s] copying scripts/fake_odom_tf.py -> /home/naraphon9/ros2_ws/install/my_slam_launch/share/my_slam_launch/scripts
[1.108s] running install_egg_info
[1.110s] Copying ../../build/my_slam_launch/my_slam_launch.egg-info to /home/naraphon9/ros2_ws/install/my_slam_launch/lib/python3.8/site-packages/my_slam_launch-0.0.0-py3.8.egg-info
[1.111s] running install_scripts
[1.129s] Installing base_footprint script to /home/naraphon9/ros2_ws/install/my_slam_launch/lib/my_slam_launch
[1.129s] Installing laser_tf_pub script to /home/naraphon9/ros2_ws/install/my_slam_launch/lib/my_slam_launch
[1.129s] writing list of installed files to '/home/naraphon9/ros2_ws/build/my_slam_launch/install.log'
[1.149s] Invoked command in '/home/naraphon9/ros2_ws/src/my_slam_launch' returned '0': PYTHONPATH=/home/naraphon9/ros2_ws/build/my_slam_launch/prefix_override:/usr/lib/python3/dist-packages/colcon_core/task/python/colcon_distutils_commands:/home/naraphon9/ros2_ws/install/my_slam_launch/lib/python3.8/site-packages:${PYTHONPATH} /usr/bin/python3 -W ignore:setup.py install is deprecated -W ignore:easy_install command is deprecated setup.py egg_info --egg-base ../../build/my_slam_launch build --build-base /home/naraphon9/ros2_ws/build/my_slam_launch/build install --record /home/naraphon9/ros2_ws/build/my_slam_launch/install.log --install-scripts $base/lib/my_slam_launch --single-version-externally-managed install_data
