[0.865s] Invoking command in '/home/naraphon9/ros2_ws/src/my_robot_description': PYTHONPATH=/home/naraphon9/ros2_ws/build/my_robot_description/prefix_override:/usr/lib/python3/dist-packages/colcon_core/task/python/colcon_distutils_commands:/home/naraphon9/ros2_ws/install/my_robot_description/lib/python3.8/site-packages:${PYTHONPATH} /usr/bin/python3 -W ignore:setup.py install is deprecated -W ignore:easy_install command is deprecated setup.py egg_info --egg-base ../../build/my_robot_description build --build-base /home/naraphon9/ros2_ws/build/my_robot_description/build install --record /home/naraphon9/ros2_ws/build/my_robot_description/install.log --single-version-externally-managed install_data
[0.987s] running egg_info
[0.987s] writing ../../build/my_robot_description/my_robot_description.egg-info/PKG-INFO
[0.987s] writing dependency_links to ../../build/my_robot_description/my_robot_description.egg-info/dependency_links.txt
[0.988s] writing entry points to ../../build/my_robot_description/my_robot_description.egg-info/entry_points.txt
[0.988s] writing requirements to ../../build/my_robot_description/my_robot_description.egg-info/requires.txt
[0.988s] writing top-level names to ../../build/my_robot_description/my_robot_description.egg-info/top_level.txt
[1.007s] reading manifest file '../../build/my_robot_description/my_robot_description.egg-info/SOURCES.txt'
[1.008s] writing manifest file '../../build/my_robot_description/my_robot_description.egg-info/SOURCES.txt'
[1.008s] running build
[1.008s] running build_py
[1.008s] running install
[1.008s] running install_lib
[1.009s] running install_data
[1.009s] running install_egg_info
[1.010s] removing '/home/naraphon9/ros2_ws/install/my_robot_description/lib/python3.8/site-packages/my_robot_description-0.0.0-py3.8.egg-info' (and everything under it)
[1.010s] Copying ../../build/my_robot_description/my_robot_description.egg-info to /home/naraphon9/ros2_ws/install/my_robot_description/lib/python3.8/site-packages/my_robot_description-0.0.0-py3.8.egg-info
[1.011s] running install_scripts
[1.024s] writing list of installed files to '/home/naraphon9/ros2_ws/build/my_robot_description/install.log'
[1.046s] Invoked command in '/home/naraphon9/ros2_ws/src/my_robot_description' returned '0': PYTHONPATH=/home/naraphon9/ros2_ws/build/my_robot_description/prefix_override:/usr/lib/python3/dist-packages/colcon_core/task/python/colcon_distutils_commands:/home/naraphon9/ros2_ws/install/my_robot_description/lib/python3.8/site-packages:${PYTHONPATH} /usr/bin/python3 -W ignore:setup.py install is deprecated -W ignore:easy_install command is deprecated setup.py egg_info --egg-base ../../build/my_robot_description build --build-base /home/naraphon9/ros2_ws/build/my_robot_description/build install --record /home/naraphon9/ros2_ws/build/my_robot_description/install.log --single-version-externally-managed install_data
