[0.125s] DEBUG:colcon:Command line arguments: ['/usr/bin/colcon', 'build']
[0.125s] DEBUG:colcon:Parsed command line arguments: Namespace(allow_overriding=[], ament_cmake_args=None, base_paths=['.'], build_base='build', catkin_cmake_args=None, catkin_skip_building_tests=False, cmake_args=None, cmake_clean_cache=False, cmake_clean_first=False, cmake_force_configure=False, cmake_target=None, cmake_target_skip_unavailable=False, continue_on_error=False, event_handlers=None, executor='parallel', ignore_user_meta=False, install_base='install', log_base=None, log_level=None, main=<bound method BuildVerb.main of <colcon_core.verb.build.BuildVerb object at 0x7feb1daf95e0>>, merge_install=False, metas=['./colcon.meta'], packages_above=None, packages_above_and_dependencies=None, packages_above_depth=None, packages_end=None, packages_ignore=None, packages_ignore_regex=None, packages_select=None, packages_select_build_failed=False, packages_select_by_dep=None, packages_select_regex=None, packages_select_test_failures=False, packages_skip=None, packages_skip_build_finished=False, packages_skip_by_dep=None, packages_skip_regex=None, packages_skip_test_passed=False, packages_skip_up_to=None, packages_start=None, packages_up_to=None, packages_up_to_regex=None, parallel_workers=20, paths=None, symlink_install=False, test_result_base=None, verb_extension=<colcon_core.verb.build.BuildVerb object at 0x7feb1daf95e0>, verb_name='build', verb_parser=<colcon_defaults.argument_parser.defaults.DefaultArgumentsDecorator object at 0x7feb1da429a0>)
[0.217s] Level 1:colcon.colcon_core.package_discovery:discover_packages(colcon_meta) check parameters
[0.217s] Level 1:colcon.colcon_core.package_discovery:discover_packages(recursive) check parameters
[0.217s] Level 1:colcon.colcon_core.package_discovery:discover_packages(ignore) check parameters
[0.217s] Level 1:colcon.colcon_core.package_discovery:discover_packages(path) check parameters
[0.217s] Level 1:colcon.colcon_core.package_discovery:discover_packages(colcon_meta) discover
[0.217s] Level 1:colcon.colcon_core.package_discovery:discover_packages(recursive) discover
[0.217s] INFO:colcon.colcon_core.package_discovery:Crawling recursively for packages in '/home/naraphon9/ros2_ws'
[0.217s] Level 1:colcon.colcon_core.package_identification:_identify(.) by extensions ['ignore', 'ignore_ament_install']
[0.217s] Level 1:colcon.colcon_core.package_identification:_identify(.) by extension 'ignore'
[0.217s] Level 1:colcon.colcon_core.package_identification:_identify(.) by extension 'ignore_ament_install'
[0.217s] Level 1:colcon.colcon_core.package_identification:_identify(.) by extensions ['colcon_pkg']
[0.217s] Level 1:colcon.colcon_core.package_identification:_identify(.) by extension 'colcon_pkg'
[0.217s] Level 1:colcon.colcon_core.package_identification:_identify(.) by extensions ['colcon_meta']
[0.217s] Level 1:colcon.colcon_core.package_identification:_identify(.) by extension 'colcon_meta'
[0.217s] Level 1:colcon.colcon_core.package_identification:_identify(.) by extensions ['ros']
[0.217s] Level 1:colcon.colcon_core.package_identification:_identify(.) by extension 'ros'
[0.223s] Level 1:colcon.colcon_core.package_identification:_identify(.) by extensions ['cmake', 'python']
[0.224s] Level 1:colcon.colcon_core.package_identification:_identify(.) by extension 'cmake'
[0.224s] Level 1:colcon.colcon_core.package_identification:_identify(.) by extension 'python'
[0.224s] Level 1:colcon.colcon_core.package_identification:_identify(.) by extensions ['python_setup_py']
[0.224s] Level 1:colcon.colcon_core.package_identification:_identify(.) by extension 'python_setup_py'
[0.224s] Level 1:colcon.colcon_core.package_identification:_identify(__pycache__) by extensions ['ignore', 'ignore_ament_install']
[0.224s] Level 1:colcon.colcon_core.package_identification:_identify(__pycache__) by extension 'ignore'
[0.224s] Level 1:colcon.colcon_core.package_identification:_identify(__pycache__) by extension 'ignore_ament_install'
[0.224s] Level 1:colcon.colcon_core.package_identification:_identify(__pycache__) by extensions ['colcon_pkg']
[0.224s] Level 1:colcon.colcon_core.package_identification:_identify(__pycache__) by extension 'colcon_pkg'
[0.224s] Level 1:colcon.colcon_core.package_identification:_identify(__pycache__) by extensions ['colcon_meta']
[0.224s] Level 1:colcon.colcon_core.package_identification:_identify(__pycache__) by extension 'colcon_meta'
[0.224s] Level 1:colcon.colcon_core.package_identification:_identify(__pycache__) by extensions ['ros']
[0.224s] Level 1:colcon.colcon_core.package_identification:_identify(__pycache__) by extension 'ros'
[0.224s] Level 1:colcon.colcon_core.package_identification:_identify(__pycache__) by extensions ['cmake', 'python']
[0.224s] Level 1:colcon.colcon_core.package_identification:_identify(__pycache__) by extension 'cmake'
[0.224s] Level 1:colcon.colcon_core.package_identification:_identify(__pycache__) by extension 'python'
[0.224s] Level 1:colcon.colcon_core.package_identification:_identify(__pycache__) by extensions ['python_setup_py']
[0.224s] Level 1:colcon.colcon_core.package_identification:_identify(__pycache__) by extension 'python_setup_py'
[0.224s] Level 1:colcon.colcon_core.package_identification:_identify(bt) by extensions ['ignore', 'ignore_ament_install']
[0.224s] Level 1:colcon.colcon_core.package_identification:_identify(bt) by extension 'ignore'
[0.224s] Level 1:colcon.colcon_core.package_identification:_identify(bt) by extension 'ignore_ament_install'
[0.224s] Level 1:colcon.colcon_core.package_identification:_identify(bt) by extensions ['colcon_pkg']
[0.224s] Level 1:colcon.colcon_core.package_identification:_identify(bt) by extension 'colcon_pkg'
[0.224s] Level 1:colcon.colcon_core.package_identification:_identify(bt) by extensions ['colcon_meta']
[0.224s] Level 1:colcon.colcon_core.package_identification:_identify(bt) by extension 'colcon_meta'
[0.224s] Level 1:colcon.colcon_core.package_identification:_identify(bt) by extensions ['ros']
[0.224s] Level 1:colcon.colcon_core.package_identification:_identify(bt) by extension 'ros'
[0.224s] Level 1:colcon.colcon_core.package_identification:_identify(bt) by extensions ['cmake', 'python']
[0.224s] Level 1:colcon.colcon_core.package_identification:_identify(bt) by extension 'cmake'
[0.224s] Level 1:colcon.colcon_core.package_identification:_identify(bt) by extension 'python'
[0.224s] Level 1:colcon.colcon_core.package_identification:_identify(bt) by extensions ['python_setup_py']
[0.224s] Level 1:colcon.colcon_core.package_identification:_identify(bt) by extension 'python_setup_py'
[0.224s] Level 1:colcon.colcon_core.package_identification:_identify(build) by extensions ['ignore', 'ignore_ament_install']
[0.224s] Level 1:colcon.colcon_core.package_identification:_identify(build) by extension 'ignore'
[0.224s] Level 1:colcon.colcon_core.package_identification:_identify(build) ignored
[0.224s] Level 1:colcon.colcon_core.package_identification:_identify(install) by extensions ['ignore', 'ignore_ament_install']
[0.224s] Level 1:colcon.colcon_core.package_identification:_identify(install) by extension 'ignore'
[0.224s] Level 1:colcon.colcon_core.package_identification:_identify(install) ignored
[0.224s] Level 1:colcon.colcon_core.package_identification:_identify(log) by extensions ['ignore', 'ignore_ament_install']
[0.225s] Level 1:colcon.colcon_core.package_identification:_identify(log) by extension 'ignore'
[0.225s] Level 1:colcon.colcon_core.package_identification:_identify(log) ignored
[0.225s] Level 1:colcon.colcon_core.package_identification:_identify(src) by extensions ['ignore', 'ignore_ament_install']
[0.225s] Level 1:colcon.colcon_core.package_identification:_identify(src) by extension 'ignore'
[0.225s] Level 1:colcon.colcon_core.package_identification:_identify(src) by extension 'ignore_ament_install'
[0.225s] Level 1:colcon.colcon_core.package_identification:_identify(src) by extensions ['colcon_pkg']
[0.225s] Level 1:colcon.colcon_core.package_identification:_identify(src) by extension 'colcon_pkg'
[0.225s] Level 1:colcon.colcon_core.package_identification:_identify(src) by extensions ['colcon_meta']
[0.225s] Level 1:colcon.colcon_core.package_identification:_identify(src) by extension 'colcon_meta'
[0.225s] Level 1:colcon.colcon_core.package_identification:_identify(src) by extensions ['ros']
[0.225s] Level 1:colcon.colcon_core.package_identification:_identify(src) by extension 'ros'
[0.225s] Level 1:colcon.colcon_core.package_identification:_identify(src) by extensions ['cmake', 'python']
[0.225s] Level 1:colcon.colcon_core.package_identification:_identify(src) by extension 'cmake'
[0.225s] Level 1:colcon.colcon_core.package_identification:_identify(src) by extension 'python'
[0.225s] Level 1:colcon.colcon_core.package_identification:_identify(src) by extensions ['python_setup_py']
[0.225s] Level 1:colcon.colcon_core.package_identification:_identify(src) by extension 'python_setup_py'
[0.225s] Level 1:colcon.colcon_core.package_identification:_identify(src/build) by extensions ['ignore', 'ignore_ament_install']
[0.225s] Level 1:colcon.colcon_core.package_identification:_identify(src/build) by extension 'ignore'
[0.225s] Level 1:colcon.colcon_core.package_identification:_identify(src/build) ignored
[0.225s] Level 1:colcon.colcon_core.package_identification:_identify(src/install) by extensions ['ignore', 'ignore_ament_install']
[0.225s] Level 1:colcon.colcon_core.package_identification:_identify(src/install) by extension 'ignore'
[0.225s] Level 1:colcon.colcon_core.package_identification:_identify(src/install) ignored
[0.225s] Level 1:colcon.colcon_core.package_identification:_identify(src/log) by extensions ['ignore', 'ignore_ament_install']
[0.225s] Level 1:colcon.colcon_core.package_identification:_identify(src/log) by extension 'ignore'
[0.225s] Level 1:colcon.colcon_core.package_identification:_identify(src/log) ignored
[0.225s] Level 1:colcon.colcon_core.package_identification:_identify(src/my_pose_pub) by extensions ['ignore', 'ignore_ament_install']
[0.225s] Level 1:colcon.colcon_core.package_identification:_identify(src/my_pose_pub) by extension 'ignore'
[0.225s] Level 1:colcon.colcon_core.package_identification:_identify(src/my_pose_pub) by extension 'ignore_ament_install'
[0.225s] Level 1:colcon.colcon_core.package_identification:_identify(src/my_pose_pub) by extensions ['colcon_pkg']
[0.225s] Level 1:colcon.colcon_core.package_identification:_identify(src/my_pose_pub) by extension 'colcon_pkg'
[0.225s] Level 1:colcon.colcon_core.package_identification:_identify(src/my_pose_pub) by extensions ['colcon_meta']
[0.225s] Level 1:colcon.colcon_core.package_identification:_identify(src/my_pose_pub) by extension 'colcon_meta'
[0.225s] Level 1:colcon.colcon_core.package_identification:_identify(src/my_pose_pub) by extensions ['ros']
[0.225s] Level 1:colcon.colcon_core.package_identification:_identify(src/my_pose_pub) by extension 'ros'
[0.227s] DEBUG:colcon.colcon_core.package_identification:Package 'src/my_pose_pub' with type 'ros.ament_python' and name 'my_pose_pub'
[0.227s] Level 1:colcon.colcon_core.package_identification:_identify(src/my_robot_config) by extensions ['ignore', 'ignore_ament_install']
[0.227s] Level 1:colcon.colcon_core.package_identification:_identify(src/my_robot_config) by extension 'ignore'
[0.227s] Level 1:colcon.colcon_core.package_identification:_identify(src/my_robot_config) by extension 'ignore_ament_install'
[0.227s] Level 1:colcon.colcon_core.package_identification:_identify(src/my_robot_config) by extensions ['colcon_pkg']
[0.227s] Level 1:colcon.colcon_core.package_identification:_identify(src/my_robot_config) by extension 'colcon_pkg'
[0.227s] Level 1:colcon.colcon_core.package_identification:_identify(src/my_robot_config) by extensions ['colcon_meta']
[0.227s] Level 1:colcon.colcon_core.package_identification:_identify(src/my_robot_config) by extension 'colcon_meta'
[0.227s] Level 1:colcon.colcon_core.package_identification:_identify(src/my_robot_config) by extensions ['ros']
[0.227s] Level 1:colcon.colcon_core.package_identification:_identify(src/my_robot_config) by extension 'ros'
[0.227s] Level 1:colcon.colcon_core.package_identification:_identify(src/my_robot_config) by extensions ['cmake', 'python']
[0.227s] Level 1:colcon.colcon_core.package_identification:_identify(src/my_robot_config) by extension 'cmake'
[0.227s] Level 1:colcon.colcon_core.package_identification:_identify(src/my_robot_config) by extension 'python'
[0.227s] Level 1:colcon.colcon_core.package_identification:_identify(src/my_robot_config) by extensions ['python_setup_py']
[0.227s] Level 1:colcon.colcon_core.package_identification:_identify(src/my_robot_config) by extension 'python_setup_py'
[0.227s] Level 1:colcon.colcon_core.package_identification:_identify(src/my_robot_description) by extensions ['ignore', 'ignore_ament_install']
[0.227s] Level 1:colcon.colcon_core.package_identification:_identify(src/my_robot_description) by extension 'ignore'
[0.227s] Level 1:colcon.colcon_core.package_identification:_identify(src/my_robot_description) by extension 'ignore_ament_install'
[0.227s] Level 1:colcon.colcon_core.package_identification:_identify(src/my_robot_description) by extensions ['colcon_pkg']
[0.227s] Level 1:colcon.colcon_core.package_identification:_identify(src/my_robot_description) by extension 'colcon_pkg'
[0.227s] Level 1:colcon.colcon_core.package_identification:_identify(src/my_robot_description) by extensions ['colcon_meta']
[0.227s] Level 1:colcon.colcon_core.package_identification:_identify(src/my_robot_description) by extension 'colcon_meta'
[0.227s] Level 1:colcon.colcon_core.package_identification:_identify(src/my_robot_description) by extensions ['ros']
[0.227s] Level 1:colcon.colcon_core.package_identification:_identify(src/my_robot_description) by extension 'ros'
[0.228s] DEBUG:colcon.colcon_core.package_identification:Package 'src/my_robot_description' with type 'ros.ament_python' and name 'my_robot_description'
[0.228s] Level 1:colcon.colcon_core.package_identification:_identify(src/my_slam_launch) by extensions ['ignore', 'ignore_ament_install']
[0.228s] Level 1:colcon.colcon_core.package_identification:_identify(src/my_slam_launch) by extension 'ignore'
[0.228s] Level 1:colcon.colcon_core.package_identification:_identify(src/my_slam_launch) by extension 'ignore_ament_install'
[0.228s] Level 1:colcon.colcon_core.package_identification:_identify(src/my_slam_launch) by extensions ['colcon_pkg']
[0.228s] Level 1:colcon.colcon_core.package_identification:_identify(src/my_slam_launch) by extension 'colcon_pkg'
[0.228s] Level 1:colcon.colcon_core.package_identification:_identify(src/my_slam_launch) by extensions ['colcon_meta']
[0.228s] Level 1:colcon.colcon_core.package_identification:_identify(src/my_slam_launch) by extension 'colcon_meta'
[0.228s] Level 1:colcon.colcon_core.package_identification:_identify(src/my_slam_launch) by extensions ['ros']
[0.228s] Level 1:colcon.colcon_core.package_identification:_identify(src/my_slam_launch) by extension 'ros'
[0.228s] DEBUG:colcon.colcon_core.package_identification:Package 'src/my_slam_launch' with type 'ros.ament_python' and name 'my_slam_launch'
[0.228s] Level 1:colcon.colcon_core.package_identification:_identify(src/slam_toolbox) by extensions ['ignore', 'ignore_ament_install']
[0.228s] Level 1:colcon.colcon_core.package_identification:_identify(src/slam_toolbox) by extension 'ignore'
[0.228s] Level 1:colcon.colcon_core.package_identification:_identify(src/slam_toolbox) by extension 'ignore_ament_install'
[0.228s] Level 1:colcon.colcon_core.package_identification:_identify(src/slam_toolbox) by extensions ['colcon_pkg']
[0.228s] Level 1:colcon.colcon_core.package_identification:_identify(src/slam_toolbox) by extension 'colcon_pkg'
[0.228s] Level 1:colcon.colcon_core.package_identification:_identify(src/slam_toolbox) by extensions ['colcon_meta']
[0.228s] Level 1:colcon.colcon_core.package_identification:_identify(src/slam_toolbox) by extension 'colcon_meta'
[0.228s] Level 1:colcon.colcon_core.package_identification:_identify(src/slam_toolbox) by extensions ['ros']
[0.228s] Level 1:colcon.colcon_core.package_identification:_identify(src/slam_toolbox) by extension 'ros'
[0.229s] DEBUG:colcon.colcon_core.package_identification:Package 'src/slam_toolbox' with type 'ros.ament_cmake' and name 'slam_toolbox'
[0.229s] Level 1:colcon.colcon_core.package_identification:_identify(src/ydlidar_ros2) by extensions ['ignore', 'ignore_ament_install']
[0.229s] Level 1:colcon.colcon_core.package_identification:_identify(src/ydlidar_ros2) by extension 'ignore'
[0.229s] Level 1:colcon.colcon_core.package_identification:_identify(src/ydlidar_ros2) by extension 'ignore_ament_install'
[0.229s] Level 1:colcon.colcon_core.package_identification:_identify(src/ydlidar_ros2) by extensions ['colcon_pkg']
[0.229s] Level 1:colcon.colcon_core.package_identification:_identify(src/ydlidar_ros2) by extension 'colcon_pkg'
[0.229s] Level 1:colcon.colcon_core.package_identification:_identify(src/ydlidar_ros2) by extensions ['colcon_meta']
[0.229s] Level 1:colcon.colcon_core.package_identification:_identify(src/ydlidar_ros2) by extension 'colcon_meta'
[0.229s] Level 1:colcon.colcon_core.package_identification:_identify(src/ydlidar_ros2) by extensions ['ros']
[0.229s] Level 1:colcon.colcon_core.package_identification:_identify(src/ydlidar_ros2) by extension 'ros'
[0.230s] DEBUG:colcon.colcon_core.package_identification:Package 'src/ydlidar_ros2' with type 'ros.ament_cmake' and name 'ydlidar'
[0.230s] Level 1:colcon.colcon_core.package_identification:_identify(ydlidar_old) by extensions ['ignore', 'ignore_ament_install']
[0.230s] Level 1:colcon.colcon_core.package_identification:_identify(ydlidar_old) by extension 'ignore'
[0.230s] Level 1:colcon.colcon_core.package_identification:_identify(ydlidar_old) by extension 'ignore_ament_install'
[0.230s] Level 1:colcon.colcon_core.package_identification:_identify(ydlidar_old) by extensions ['colcon_pkg']
[0.230s] Level 1:colcon.colcon_core.package_identification:_identify(ydlidar_old) by extension 'colcon_pkg'
[0.230s] Level 1:colcon.colcon_core.package_identification:_identify(ydlidar_old) by extensions ['colcon_meta']
[0.230s] Level 1:colcon.colcon_core.package_identification:_identify(ydlidar_old) by extension 'colcon_meta'
[0.230s] Level 1:colcon.colcon_core.package_identification:_identify(ydlidar_old) by extensions ['ros']
[0.230s] Level 1:colcon.colcon_core.package_identification:_identify(ydlidar_old) by extension 'ros'
[0.230s] DEBUG:colcon.colcon_core.package_identification:Package 'ydlidar_old' with type 'ros.ament_python' and name 'ydlidar_old'
[0.230s] Level 1:colcon.colcon_core.package_discovery:discover_packages(recursive) using defaults
[0.230s] Level 1:colcon.colcon_core.package_discovery:discover_packages(ignore) discover
[0.230s] Level 1:colcon.colcon_core.package_discovery:discover_packages(ignore) using defaults
[0.230s] Level 1:colcon.colcon_core.package_discovery:discover_packages(path) discover
[0.230s] Level 1:colcon.colcon_core.package_discovery:discover_packages(path) using defaults
[0.241s] Level 1:colcon.colcon_core.package_discovery:discover_packages(prefix_path) check parameters
[0.241s] Level 1:colcon.colcon_core.package_discovery:discover_packages(prefix_path) discover
[0.242s] DEBUG:colcon.colcon_installed_package_information.package_discovery:Found 6 installed packages in /home/naraphon9/ros2_ws/install
[0.245s] DEBUG:colcon.colcon_installed_package_information.package_discovery:Found 300 installed packages in /opt/ros/foxy
[0.251s] Level 1:colcon.colcon_core.package_discovery:discover_packages(prefix_path) using defaults
[0.282s] WARNING:colcon.colcon_core.package_selection:Some selected packages are already built in one or more underlay workspaces:
	'slam_toolbox' is in: /home/naraphon9/ros2_ws/install/slam_toolbox, /opt/ros/foxy
If a package in a merged underlay workspace is overridden and it installs headers, then all packages in the overlay must sort their include directories by workspace order. Failure to do so may result in build failures or undefined behavior at run time.
If the overridden package is used by another package in any underlay, then the overriding package in the overlay must be API and ABI compatible or undefined behavior at run time may occur.

If you understand the risks and want to override a package anyways, add the following to the command line:
	--allow-overriding slam_toolbox

This may be promoted to an error in a future release of colcon-override-check.
[0.283s] Level 5:colcon.colcon_core.verb:set package 'my_pose_pub' build argument 'cmake_args' from command line to 'None'
[0.283s] Level 5:colcon.colcon_core.verb:set package 'my_pose_pub' build argument 'cmake_target' from command line to 'None'
[0.283s] Level 5:colcon.colcon_core.verb:set package 'my_pose_pub' build argument 'cmake_target_skip_unavailable' from command line to 'False'
[0.283s] Level 5:colcon.colcon_core.verb:set package 'my_pose_pub' build argument 'cmake_clean_cache' from command line to 'False'
[0.283s] Level 5:colcon.colcon_core.verb:set package 'my_pose_pub' build argument 'cmake_clean_first' from command line to 'False'
[0.283s] Level 5:colcon.colcon_core.verb:set package 'my_pose_pub' build argument 'cmake_force_configure' from command line to 'False'
[0.283s] Level 5:colcon.colcon_core.verb:set package 'my_pose_pub' build argument 'ament_cmake_args' from command line to 'None'
[0.283s] Level 5:colcon.colcon_core.verb:set package 'my_pose_pub' build argument 'catkin_cmake_args' from command line to 'None'
[0.283s] Level 5:colcon.colcon_core.verb:set package 'my_pose_pub' build argument 'catkin_skip_building_tests' from command line to 'False'
[0.283s] DEBUG:colcon.colcon_core.verb:Building package 'my_pose_pub' with the following arguments: {'ament_cmake_args': None, 'build_base': '/home/naraphon9/ros2_ws/build/my_pose_pub', 'catkin_cmake_args': None, 'catkin_skip_building_tests': False, 'cmake_args': None, 'cmake_clean_cache': False, 'cmake_clean_first': False, 'cmake_force_configure': False, 'cmake_target': None, 'cmake_target_skip_unavailable': False, 'install_base': '/home/naraphon9/ros2_ws/install/my_pose_pub', 'merge_install': False, 'path': '/home/naraphon9/ros2_ws/src/my_pose_pub', 'symlink_install': False, 'test_result_base': None}
[0.283s] Level 5:colcon.colcon_core.verb:set package 'my_robot_description' build argument 'cmake_args' from command line to 'None'
[0.283s] Level 5:colcon.colcon_core.verb:set package 'my_robot_description' build argument 'cmake_target' from command line to 'None'
[0.283s] Level 5:colcon.colcon_core.verb:set package 'my_robot_description' build argument 'cmake_target_skip_unavailable' from command line to 'False'
[0.283s] Level 5:colcon.colcon_core.verb:set package 'my_robot_description' build argument 'cmake_clean_cache' from command line to 'False'
[0.283s] Level 5:colcon.colcon_core.verb:set package 'my_robot_description' build argument 'cmake_clean_first' from command line to 'False'
[0.283s] Level 5:colcon.colcon_core.verb:set package 'my_robot_description' build argument 'cmake_force_configure' from command line to 'False'
[0.283s] Level 5:colcon.colcon_core.verb:set package 'my_robot_description' build argument 'ament_cmake_args' from command line to 'None'
[0.283s] Level 5:colcon.colcon_core.verb:set package 'my_robot_description' build argument 'catkin_cmake_args' from command line to 'None'
[0.283s] Level 5:colcon.colcon_core.verb:set package 'my_robot_description' build argument 'catkin_skip_building_tests' from command line to 'False'
[0.283s] DEBUG:colcon.colcon_core.verb:Building package 'my_robot_description' with the following arguments: {'ament_cmake_args': None, 'build_base': '/home/naraphon9/ros2_ws/build/my_robot_description', 'catkin_cmake_args': None, 'catkin_skip_building_tests': False, 'cmake_args': None, 'cmake_clean_cache': False, 'cmake_clean_first': False, 'cmake_force_configure': False, 'cmake_target': None, 'cmake_target_skip_unavailable': False, 'install_base': '/home/naraphon9/ros2_ws/install/my_robot_description', 'merge_install': False, 'path': '/home/naraphon9/ros2_ws/src/my_robot_description', 'symlink_install': False, 'test_result_base': None}
[0.284s] Level 5:colcon.colcon_core.verb:set package 'my_slam_launch' build argument 'cmake_args' from command line to 'None'
[0.284s] Level 5:colcon.colcon_core.verb:set package 'my_slam_launch' build argument 'cmake_target' from command line to 'None'
[0.284s] Level 5:colcon.colcon_core.verb:set package 'my_slam_launch' build argument 'cmake_target_skip_unavailable' from command line to 'False'
[0.284s] Level 5:colcon.colcon_core.verb:set package 'my_slam_launch' build argument 'cmake_clean_cache' from command line to 'False'
[0.284s] Level 5:colcon.colcon_core.verb:set package 'my_slam_launch' build argument 'cmake_clean_first' from command line to 'False'
[0.284s] Level 5:colcon.colcon_core.verb:set package 'my_slam_launch' build argument 'cmake_force_configure' from command line to 'False'
[0.284s] Level 5:colcon.colcon_core.verb:set package 'my_slam_launch' build argument 'ament_cmake_args' from command line to 'None'
[0.284s] Level 5:colcon.colcon_core.verb:set package 'my_slam_launch' build argument 'catkin_cmake_args' from command line to 'None'
[0.284s] Level 5:colcon.colcon_core.verb:set package 'my_slam_launch' build argument 'catkin_skip_building_tests' from command line to 'False'
[0.284s] DEBUG:colcon.colcon_core.verb:Building package 'my_slam_launch' with the following arguments: {'ament_cmake_args': None, 'build_base': '/home/naraphon9/ros2_ws/build/my_slam_launch', 'catkin_cmake_args': None, 'catkin_skip_building_tests': False, 'cmake_args': None, 'cmake_clean_cache': False, 'cmake_clean_first': False, 'cmake_force_configure': False, 'cmake_target': None, 'cmake_target_skip_unavailable': False, 'install_base': '/home/naraphon9/ros2_ws/install/my_slam_launch', 'merge_install': False, 'path': '/home/naraphon9/ros2_ws/src/my_slam_launch', 'symlink_install': False, 'test_result_base': None}
[0.284s] Level 5:colcon.colcon_core.verb:set package 'slam_toolbox' build argument 'cmake_args' from command line to 'None'
[0.284s] Level 5:colcon.colcon_core.verb:set package 'slam_toolbox' build argument 'cmake_target' from command line to 'None'
[0.284s] Level 5:colcon.colcon_core.verb:set package 'slam_toolbox' build argument 'cmake_target_skip_unavailable' from command line to 'False'
[0.284s] Level 5:colcon.colcon_core.verb:set package 'slam_toolbox' build argument 'cmake_clean_cache' from command line to 'False'
[0.284s] Level 5:colcon.colcon_core.verb:set package 'slam_toolbox' build argument 'cmake_clean_first' from command line to 'False'
[0.284s] Level 5:colcon.colcon_core.verb:set package 'slam_toolbox' build argument 'cmake_force_configure' from command line to 'False'
[0.284s] Level 5:colcon.colcon_core.verb:set package 'slam_toolbox' build argument 'ament_cmake_args' from command line to 'None'
[0.284s] Level 5:colcon.colcon_core.verb:set package 'slam_toolbox' build argument 'catkin_cmake_args' from command line to 'None'
[0.284s] Level 5:colcon.colcon_core.verb:set package 'slam_toolbox' build argument 'catkin_skip_building_tests' from command line to 'False'
[0.284s] DEBUG:colcon.colcon_core.verb:Building package 'slam_toolbox' with the following arguments: {'ament_cmake_args': None, 'build_base': '/home/naraphon9/ros2_ws/build/slam_toolbox', 'catkin_cmake_args': None, 'catkin_skip_building_tests': False, 'cmake_args': None, 'cmake_clean_cache': False, 'cmake_clean_first': False, 'cmake_force_configure': False, 'cmake_target': None, 'cmake_target_skip_unavailable': False, 'install_base': '/home/naraphon9/ros2_ws/install/slam_toolbox', 'merge_install': False, 'path': '/home/naraphon9/ros2_ws/src/slam_toolbox', 'symlink_install': False, 'test_result_base': None}
[0.284s] Level 5:colcon.colcon_core.verb:set package 'ydlidar' build argument 'cmake_args' from command line to 'None'
[0.284s] Level 5:colcon.colcon_core.verb:set package 'ydlidar' build argument 'cmake_target' from command line to 'None'
[0.284s] Level 5:colcon.colcon_core.verb:set package 'ydlidar' build argument 'cmake_target_skip_unavailable' from command line to 'False'
[0.284s] Level 5:colcon.colcon_core.verb:set package 'ydlidar' build argument 'cmake_clean_cache' from command line to 'False'
[0.284s] Level 5:colcon.colcon_core.verb:set package 'ydlidar' build argument 'cmake_clean_first' from command line to 'False'
[0.284s] Level 5:colcon.colcon_core.verb:set package 'ydlidar' build argument 'cmake_force_configure' from command line to 'False'
[0.284s] Level 5:colcon.colcon_core.verb:set package 'ydlidar' build argument 'ament_cmake_args' from command line to 'None'
[0.284s] Level 5:colcon.colcon_core.verb:set package 'ydlidar' build argument 'catkin_cmake_args' from command line to 'None'
[0.284s] Level 5:colcon.colcon_core.verb:set package 'ydlidar' build argument 'catkin_skip_building_tests' from command line to 'False'
[0.284s] DEBUG:colcon.colcon_core.verb:Building package 'ydlidar' with the following arguments: {'ament_cmake_args': None, 'build_base': '/home/naraphon9/ros2_ws/build/ydlidar', 'catkin_cmake_args': None, 'catkin_skip_building_tests': False, 'cmake_args': None, 'cmake_clean_cache': False, 'cmake_clean_first': False, 'cmake_force_configure': False, 'cmake_target': None, 'cmake_target_skip_unavailable': False, 'install_base': '/home/naraphon9/ros2_ws/install/ydlidar', 'merge_install': False, 'path': '/home/naraphon9/ros2_ws/src/ydlidar_ros2', 'symlink_install': False, 'test_result_base': None}
[0.284s] Level 5:colcon.colcon_core.verb:set package 'ydlidar_old' build argument 'cmake_args' from command line to 'None'
[0.284s] Level 5:colcon.colcon_core.verb:set package 'ydlidar_old' build argument 'cmake_target' from command line to 'None'
[0.284s] Level 5:colcon.colcon_core.verb:set package 'ydlidar_old' build argument 'cmake_target_skip_unavailable' from command line to 'False'
[0.284s] Level 5:colcon.colcon_core.verb:set package 'ydlidar_old' build argument 'cmake_clean_cache' from command line to 'False'
[0.284s] Level 5:colcon.colcon_core.verb:set package 'ydlidar_old' build argument 'cmake_clean_first' from command line to 'False'
[0.284s] Level 5:colcon.colcon_core.verb:set package 'ydlidar_old' build argument 'cmake_force_configure' from command line to 'False'
[0.284s] Level 5:colcon.colcon_core.verb:set package 'ydlidar_old' build argument 'ament_cmake_args' from command line to 'None'
[0.284s] Level 5:colcon.colcon_core.verb:set package 'ydlidar_old' build argument 'catkin_cmake_args' from command line to 'None'
[0.284s] Level 5:colcon.colcon_core.verb:set package 'ydlidar_old' build argument 'catkin_skip_building_tests' from command line to 'False'
[0.285s] DEBUG:colcon.colcon_core.verb:Building package 'ydlidar_old' with the following arguments: {'ament_cmake_args': None, 'build_base': '/home/naraphon9/ros2_ws/build/ydlidar_old', 'catkin_cmake_args': None, 'catkin_skip_building_tests': False, 'cmake_args': None, 'cmake_clean_cache': False, 'cmake_clean_first': False, 'cmake_force_configure': False, 'cmake_target': None, 'cmake_target_skip_unavailable': False, 'install_base': '/home/naraphon9/ros2_ws/install/ydlidar_old', 'merge_install': False, 'path': '/home/naraphon9/ros2_ws/ydlidar_old', 'symlink_install': False, 'test_result_base': None}
[0.285s] INFO:colcon.colcon_core.executor:Executing jobs using 'parallel' executor
[0.285s] DEBUG:colcon.colcon_parallel_executor.executor.parallel:run_until_complete
[0.286s] INFO:colcon.colcon_ros.task.ament_python.build:Building ROS package in '/home/naraphon9/ros2_ws/src/my_pose_pub' with build type 'ament_python'
[0.286s] Level 1:colcon.colcon_core.shell:create_environment_hook('my_pose_pub', 'ament_prefix_path')
[0.287s] INFO:colcon.colcon_core.plugin_system:Skipping extension 'colcon_core.shell.bat': Not used on non-Windows systems
[0.287s] INFO:colcon.colcon_core.shell:Creating environment hook '/home/naraphon9/ros2_ws/install/my_pose_pub/share/my_pose_pub/hook/ament_prefix_path.ps1'
[0.288s] INFO:colcon.colcon_core.shell:Creating environment descriptor '/home/naraphon9/ros2_ws/install/my_pose_pub/share/my_pose_pub/hook/ament_prefix_path.dsv'
[0.288s] INFO:colcon.colcon_core.shell:Creating environment hook '/home/naraphon9/ros2_ws/install/my_pose_pub/share/my_pose_pub/hook/ament_prefix_path.sh'
[0.288s] INFO:colcon.colcon_core.shell:Skip shell extension 'powershell' for command environment: Not usable outside of PowerShell
[0.288s] DEBUG:colcon.colcon_core.shell:Skip shell extension 'dsv' for command environment
[0.291s] INFO:colcon.colcon_ros.task.ament_python.build:Building ROS package in '/home/naraphon9/ros2_ws/src/my_robot_description' with build type 'ament_python'
[0.291s] Level 1:colcon.colcon_core.shell:create_environment_hook('my_robot_description', 'ament_prefix_path')
[0.291s] INFO:colcon.colcon_core.shell:Creating environment hook '/home/naraphon9/ros2_ws/install/my_robot_description/share/my_robot_description/hook/ament_prefix_path.ps1'
[0.292s] INFO:colcon.colcon_core.shell:Creating environment descriptor '/home/naraphon9/ros2_ws/install/my_robot_description/share/my_robot_description/hook/ament_prefix_path.dsv'
[0.292s] INFO:colcon.colcon_core.shell:Creating environment hook '/home/naraphon9/ros2_ws/install/my_robot_description/share/my_robot_description/hook/ament_prefix_path.sh'
[0.292s] INFO:colcon.colcon_core.shell:Skip shell extension 'powershell' for command environment: Not usable outside of PowerShell
[0.292s] DEBUG:colcon.colcon_core.shell:Skip shell extension 'dsv' for command environment
[0.295s] INFO:colcon.colcon_ros.task.ament_python.build:Building ROS package in '/home/naraphon9/ros2_ws/src/my_slam_launch' with build type 'ament_python'
[0.295s] Level 1:colcon.colcon_core.shell:create_environment_hook('my_slam_launch', 'ament_prefix_path')
[0.296s] INFO:colcon.colcon_core.shell:Creating environment hook '/home/naraphon9/ros2_ws/install/my_slam_launch/share/my_slam_launch/hook/ament_prefix_path.ps1'
[0.296s] INFO:colcon.colcon_core.shell:Creating environment descriptor '/home/naraphon9/ros2_ws/install/my_slam_launch/share/my_slam_launch/hook/ament_prefix_path.dsv'
[0.296s] INFO:colcon.colcon_core.shell:Creating environment hook '/home/naraphon9/ros2_ws/install/my_slam_launch/share/my_slam_launch/hook/ament_prefix_path.sh'
[0.297s] INFO:colcon.colcon_core.shell:Skip shell extension 'powershell' for command environment: Not usable outside of PowerShell
[0.297s] DEBUG:colcon.colcon_core.shell:Skip shell extension 'dsv' for command environment
[0.299s] INFO:colcon.colcon_ros.task.ament_cmake.build:Building ROS package in '/home/naraphon9/ros2_ws/src/slam_toolbox' with build type 'ament_cmake'
[0.299s] INFO:colcon.colcon_cmake.task.cmake.build:Building CMake package in '/home/naraphon9/ros2_ws/src/slam_toolbox'
[0.300s] INFO:colcon.colcon_core.shell:Skip shell extension 'powershell' for command environment: Not usable outside of PowerShell
[0.300s] DEBUG:colcon.colcon_core.shell:Skip shell extension 'dsv' for command environment
[0.302s] INFO:colcon.colcon_ros.task.ament_cmake.build:Building ROS package in '/home/naraphon9/ros2_ws/src/ydlidar_ros2' with build type 'ament_cmake'
[0.303s] INFO:colcon.colcon_cmake.task.cmake.build:Building CMake package in '/home/naraphon9/ros2_ws/src/ydlidar_ros2'
[0.303s] INFO:colcon.colcon_core.shell:Skip shell extension 'powershell' for command environment: Not usable outside of PowerShell
[0.304s] DEBUG:colcon.colcon_core.shell:Skip shell extension 'dsv' for command environment
[0.308s] INFO:colcon.colcon_ros.task.ament_python.build:Building ROS package in '/home/naraphon9/ros2_ws/ydlidar_old' with build type 'ament_python'
[0.309s] Level 1:colcon.colcon_core.shell:create_environment_hook('ydlidar_old', 'ament_prefix_path')
[0.309s] INFO:colcon.colcon_core.shell:Creating environment hook '/home/naraphon9/ros2_ws/install/ydlidar_old/share/ydlidar_old/hook/ament_prefix_path.ps1'
[0.310s] INFO:colcon.colcon_core.shell:Creating environment descriptor '/home/naraphon9/ros2_ws/install/ydlidar_old/share/ydlidar_old/hook/ament_prefix_path.dsv'
[0.310s] INFO:colcon.colcon_core.shell:Creating environment hook '/home/naraphon9/ros2_ws/install/ydlidar_old/share/ydlidar_old/hook/ament_prefix_path.sh'
[0.311s] INFO:colcon.colcon_core.shell:Skip shell extension 'powershell' for command environment: Not usable outside of PowerShell
[0.311s] DEBUG:colcon.colcon_core.shell:Skip shell extension 'dsv' for command environment
[0.450s] INFO:colcon.colcon_core.task.python.build:Building Python package in '/home/naraphon9/ros2_ws/src/my_pose_pub'
[0.451s] INFO:colcon.colcon_core.shell:Skip shell extension 'powershell' for command environment: Not usable outside of PowerShell
[0.451s] DEBUG:colcon.colcon_core.shell:Skip shell extension 'dsv' for command environment
[0.588s] INFO:colcon.colcon_core.task.python.build:Building Python package in '/home/naraphon9/ros2_ws/src/my_robot_description'
[0.589s] INFO:colcon.colcon_core.shell:Skip shell extension 'powershell' for command environment: Not usable outside of PowerShell
[0.589s] DEBUG:colcon.colcon_core.shell:Skip shell extension 'dsv' for command environment
[0.727s] INFO:colcon.colcon_core.task.python.build:Building Python package in '/home/naraphon9/ros2_ws/src/my_slam_launch'
[0.728s] INFO:colcon.colcon_core.shell:Skip shell extension 'powershell' for command environment: Not usable outside of PowerShell
[0.728s] DEBUG:colcon.colcon_core.shell:Skip shell extension 'dsv' for command environment
[0.734s] DEBUG:colcon.colcon_core.event_handler.log_command:Invoking command in '/home/naraphon9/ros2_ws/build/slam_toolbox': CMAKE_PREFIX_PATH=${CMAKE_PREFIX_PATH}:/home/naraphon9/ros2_ws/install/ydlidar_old:/home/naraphon9/ros2_ws/install/my_slam_launch:/home/naraphon9/ros2_ws/install/my_robot_description:/home/naraphon9/ros2_ws/install/my_pose_pub:/opt/ros/foxy /opt/cmake-3.26/bin/cmake --build /home/naraphon9/ros2_ws/build/slam_toolbox -- -j20 -l20
[0.737s] DEBUG:colcon.colcon_core.event_handler.log_command:Invoking command in '/home/naraphon9/ros2_ws/build/ydlidar': CMAKE_PREFIX_PATH=${CMAKE_PREFIX_PATH}:/home/naraphon9/ros2_ws/install/ydlidar_old:/home/naraphon9/ros2_ws/install/my_slam_launch:/home/naraphon9/ros2_ws/install/my_robot_description:/home/naraphon9/ros2_ws/install/my_pose_pub:/opt/ros/foxy /opt/cmake-3.26/bin/cmake --build /home/naraphon9/ros2_ws/build/ydlidar -- -j20 -l20
[0.875s] WARNING:colcon.colcon_ros.task.ament_python.build:Package 'ydlidar_old' doesn't explicitly install a marker in the package index (colcon-ros currently does it implicitly but that fallback will be removed in the future)
[0.876s] WARNING:colcon.colcon_ros.task.ament_python.build:Package 'ydlidar_old' doesn't explicitly install the 'package.xml' file (colcon-ros currently does it implicitly but that fallback will be removed in the future)
[0.876s] INFO:colcon.colcon_core.task.python.build:Building Python package in '/home/naraphon9/ros2_ws/ydlidar_old'
[0.876s] INFO:colcon.colcon_core.shell:Skip shell extension 'powershell' for command environment: Not usable outside of PowerShell
[0.876s] DEBUG:colcon.colcon_core.shell:Skip shell extension 'dsv' for command environment
[0.891s] DEBUG:colcon.colcon_core.event_handler.log_command:Invoked command in '/home/naraphon9/ros2_ws/build/ydlidar' returned '0': CMAKE_PREFIX_PATH=${CMAKE_PREFIX_PATH}:/home/naraphon9/ros2_ws/install/ydlidar_old:/home/naraphon9/ros2_ws/install/my_slam_launch:/home/naraphon9/ros2_ws/install/my_robot_description:/home/naraphon9/ros2_ws/install/my_pose_pub:/opt/ros/foxy /opt/cmake-3.26/bin/cmake --build /home/naraphon9/ros2_ws/build/ydlidar -- -j20 -l20
[0.895s] DEBUG:colcon.colcon_core.event_handler.log_command:Invoking command in '/home/naraphon9/ros2_ws/build/ydlidar': CMAKE_PREFIX_PATH=${CMAKE_PREFIX_PATH}:/home/naraphon9/ros2_ws/install/ydlidar_old:/home/naraphon9/ros2_ws/install/my_slam_launch:/home/naraphon9/ros2_ws/install/my_robot_description:/home/naraphon9/ros2_ws/install/my_pose_pub:/opt/ros/foxy /opt/cmake-3.26/bin/cmake --install /home/naraphon9/ros2_ws/build/ydlidar
[0.896s] DEBUG:colcon.colcon_core.event_handler.log_command:Invoked command in '/home/naraphon9/ros2_ws/build/slam_toolbox' returned '0': CMAKE_PREFIX_PATH=${CMAKE_PREFIX_PATH}:/home/naraphon9/ros2_ws/install/ydlidar_old:/home/naraphon9/ros2_ws/install/my_slam_launch:/home/naraphon9/ros2_ws/install/my_robot_description:/home/naraphon9/ros2_ws/install/my_pose_pub:/opt/ros/foxy /opt/cmake-3.26/bin/cmake --build /home/naraphon9/ros2_ws/build/slam_toolbox -- -j20 -l20
[0.898s] DEBUG:colcon.colcon_core.event_handler.log_command:Invoking command in '/home/naraphon9/ros2_ws/build/slam_toolbox': CMAKE_PREFIX_PATH=${CMAKE_PREFIX_PATH}:/home/naraphon9/ros2_ws/install/ydlidar_old:/home/naraphon9/ros2_ws/install/my_slam_launch:/home/naraphon9/ros2_ws/install/my_robot_description:/home/naraphon9/ros2_ws/install/my_pose_pub:/opt/ros/foxy /opt/cmake-3.26/bin/cmake --install /home/naraphon9/ros2_ws/build/slam_toolbox
[0.924s] Level 1:colcon.colcon_core.environment:create_environment_scripts_only(ydlidar)
[0.926s] DEBUG:colcon.colcon_core.event_handler.log_command:Invoked command in '/home/naraphon9/ros2_ws/build/ydlidar' returned '0': CMAKE_PREFIX_PATH=${CMAKE_PREFIX_PATH}:/home/naraphon9/ros2_ws/install/ydlidar_old:/home/naraphon9/ros2_ws/install/my_slam_launch:/home/naraphon9/ros2_ws/install/my_robot_description:/home/naraphon9/ros2_ws/install/my_pose_pub:/opt/ros/foxy /opt/cmake-3.26/bin/cmake --install /home/naraphon9/ros2_ws/build/ydlidar
[0.928s] Level 1:colcon.colcon_core.environment:checking '/home/naraphon9/ros2_ws/install/ydlidar' for CMake module files
[0.928s] Level 1:colcon.colcon_core.environment:checking '/home/naraphon9/ros2_ws/install/ydlidar' for CMake config files
[0.928s] Level 1:colcon.colcon_core.shell:create_environment_hook('ydlidar', 'cmake_prefix_path')
[0.929s] INFO:colcon.colcon_core.shell:Creating environment hook '/home/naraphon9/ros2_ws/install/ydlidar/share/ydlidar/hook/cmake_prefix_path.ps1'
[0.929s] INFO:colcon.colcon_core.shell:Creating environment descriptor '/home/naraphon9/ros2_ws/install/ydlidar/share/ydlidar/hook/cmake_prefix_path.dsv'
[0.930s] INFO:colcon.colcon_core.shell:Creating environment hook '/home/naraphon9/ros2_ws/install/ydlidar/share/ydlidar/hook/cmake_prefix_path.sh'
[0.930s] Level 1:colcon.colcon_core.environment:checking '/home/naraphon9/ros2_ws/install/ydlidar/lib'
[0.931s] Level 1:colcon.colcon_core.environment:checking '/home/naraphon9/ros2_ws/install/ydlidar/bin'
[0.931s] Level 1:colcon.colcon_core.environment:checking '/home/naraphon9/ros2_ws/install/ydlidar/lib/pkgconfig/ydlidar.pc'
[0.931s] Level 1:colcon.colcon_core.environment:checking '/home/naraphon9/ros2_ws/install/ydlidar/lib/python3.8/site-packages'
[0.931s] Level 1:colcon.colcon_core.environment:checking '/home/naraphon9/ros2_ws/install/ydlidar/bin'
[0.932s] INFO:colcon.colcon_core.shell:Creating package script '/home/naraphon9/ros2_ws/install/ydlidar/share/ydlidar/package.ps1'
[0.935s] INFO:colcon.colcon_core.shell:Creating package descriptor '/home/naraphon9/ros2_ws/install/ydlidar/share/ydlidar/package.dsv'
[0.937s] INFO:colcon.colcon_core.shell:Creating package script '/home/naraphon9/ros2_ws/install/ydlidar/share/ydlidar/package.sh'
[0.940s] INFO:colcon.colcon_core.shell:Creating package script '/home/naraphon9/ros2_ws/install/ydlidar/share/ydlidar/package.bash'
[0.944s] INFO:colcon.colcon_core.shell:Creating package script '/home/naraphon9/ros2_ws/install/ydlidar/share/ydlidar/package.zsh'
[0.946s] Level 1:colcon.colcon_core.environment:create_file_with_runtime_dependencies(/home/naraphon9/ros2_ws/install/ydlidar/share/colcon-core/packages/ydlidar)
[0.948s] Level 1:colcon.colcon_core.environment:create_environment_scripts_only(ydlidar)
[0.948s] Level 1:colcon.colcon_core.environment:checking '/home/naraphon9/ros2_ws/install/ydlidar' for CMake module files
[0.949s] Level 1:colcon.colcon_core.environment:checking '/home/naraphon9/ros2_ws/install/ydlidar' for CMake config files
[0.949s] Level 1:colcon.colcon_core.shell:create_environment_hook('ydlidar', 'cmake_prefix_path')
[0.949s] INFO:colcon.colcon_core.shell:Creating environment hook '/home/naraphon9/ros2_ws/install/ydlidar/share/ydlidar/hook/cmake_prefix_path.ps1'
[0.949s] INFO:colcon.colcon_core.shell:Creating environment descriptor '/home/naraphon9/ros2_ws/install/ydlidar/share/ydlidar/hook/cmake_prefix_path.dsv'
[0.949s] INFO:colcon.colcon_core.shell:Creating environment hook '/home/naraphon9/ros2_ws/install/ydlidar/share/ydlidar/hook/cmake_prefix_path.sh'
[0.950s] Level 1:colcon.colcon_core.environment:checking '/home/naraphon9/ros2_ws/install/ydlidar/lib'
[0.950s] Level 1:colcon.colcon_core.environment:checking '/home/naraphon9/ros2_ws/install/ydlidar/bin'
[0.950s] Level 1:colcon.colcon_core.environment:checking '/home/naraphon9/ros2_ws/install/ydlidar/lib/pkgconfig/ydlidar.pc'
[0.950s] Level 1:colcon.colcon_core.environment:checking '/home/naraphon9/ros2_ws/install/ydlidar/lib/python3.8/site-packages'
[0.950s] Level 1:colcon.colcon_core.environment:checking '/home/naraphon9/ros2_ws/install/ydlidar/bin'
[0.950s] INFO:colcon.colcon_core.shell:Creating package script '/home/naraphon9/ros2_ws/install/ydlidar/share/ydlidar/package.ps1'
[0.951s] INFO:colcon.colcon_core.shell:Creating package descriptor '/home/naraphon9/ros2_ws/install/ydlidar/share/ydlidar/package.dsv'
[0.951s] INFO:colcon.colcon_core.shell:Creating package script '/home/naraphon9/ros2_ws/install/ydlidar/share/ydlidar/package.sh'
[0.951s] INFO:colcon.colcon_core.shell:Creating package script '/home/naraphon9/ros2_ws/install/ydlidar/share/ydlidar/package.bash'
[0.952s] INFO:colcon.colcon_core.shell:Creating package script '/home/naraphon9/ros2_ws/install/ydlidar/share/ydlidar/package.zsh'
[0.952s] Level 1:colcon.colcon_core.environment:create_file_with_runtime_dependencies(/home/naraphon9/ros2_ws/install/ydlidar/share/colcon-core/packages/ydlidar)
[0.953s] Level 1:colcon.colcon_core.environment:create_environment_scripts_only(slam_toolbox)
[0.953s] Level 1:colcon.colcon_core.environment:checking '/home/naraphon9/ros2_ws/install/slam_toolbox' for CMake module files
[0.953s] DEBUG:colcon.colcon_core.event_handler.log_command:Invoked command in '/home/naraphon9/ros2_ws/build/slam_toolbox' returned '0': CMAKE_PREFIX_PATH=${CMAKE_PREFIX_PATH}:/home/naraphon9/ros2_ws/install/ydlidar_old:/home/naraphon9/ros2_ws/install/my_slam_launch:/home/naraphon9/ros2_ws/install/my_robot_description:/home/naraphon9/ros2_ws/install/my_pose_pub:/opt/ros/foxy /opt/cmake-3.26/bin/cmake --install /home/naraphon9/ros2_ws/build/slam_toolbox
[0.954s] Level 1:colcon.colcon_core.environment:checking '/home/naraphon9/ros2_ws/install/slam_toolbox' for CMake config files
[0.954s] Level 1:colcon.colcon_core.shell:create_environment_hook('slam_toolbox', 'cmake_prefix_path')
[0.954s] INFO:colcon.colcon_core.shell:Creating environment hook '/home/naraphon9/ros2_ws/install/slam_toolbox/share/slam_toolbox/hook/cmake_prefix_path.ps1'
[0.954s] INFO:colcon.colcon_core.shell:Creating environment descriptor '/home/naraphon9/ros2_ws/install/slam_toolbox/share/slam_toolbox/hook/cmake_prefix_path.dsv'
[0.955s] INFO:colcon.colcon_core.shell:Creating environment hook '/home/naraphon9/ros2_ws/install/slam_toolbox/share/slam_toolbox/hook/cmake_prefix_path.sh'
[0.955s] Level 1:colcon.colcon_core.environment:checking '/home/naraphon9/ros2_ws/install/slam_toolbox/lib'
[0.955s] Level 1:colcon.colcon_core.shell:create_environment_hook('slam_toolbox', 'ld_library_path_lib')
[0.955s] INFO:colcon.colcon_core.shell:Creating environment hook '/home/naraphon9/ros2_ws/install/slam_toolbox/share/slam_toolbox/hook/ld_library_path_lib.ps1'
[0.955s] INFO:colcon.colcon_core.shell:Creating environment descriptor '/home/naraphon9/ros2_ws/install/slam_toolbox/share/slam_toolbox/hook/ld_library_path_lib.dsv'
[0.956s] INFO:colcon.colcon_core.shell:Creating environment hook '/home/naraphon9/ros2_ws/install/slam_toolbox/share/slam_toolbox/hook/ld_library_path_lib.sh'
[0.956s] Level 1:colcon.colcon_core.environment:checking '/home/naraphon9/ros2_ws/install/slam_toolbox/bin'
[0.956s] Level 1:colcon.colcon_core.environment:checking '/home/naraphon9/ros2_ws/install/slam_toolbox/lib/pkgconfig/slam_toolbox.pc'
[0.956s] Level 1:colcon.colcon_core.environment:checking '/home/naraphon9/ros2_ws/install/slam_toolbox/lib/python3.8/site-packages'
[0.956s] Level 1:colcon.colcon_core.shell:create_environment_hook('slam_toolbox', 'pythonpath')
[0.956s] INFO:colcon.colcon_core.shell:Creating environment hook '/home/naraphon9/ros2_ws/install/slam_toolbox/share/slam_toolbox/hook/pythonpath.ps1'
[0.957s] INFO:colcon.colcon_core.shell:Creating environment descriptor '/home/naraphon9/ros2_ws/install/slam_toolbox/share/slam_toolbox/hook/pythonpath.dsv'
[0.957s] INFO:colcon.colcon_core.shell:Creating environment hook '/home/naraphon9/ros2_ws/install/slam_toolbox/share/slam_toolbox/hook/pythonpath.sh'
[0.958s] Level 1:colcon.colcon_core.environment:checking '/home/naraphon9/ros2_ws/install/slam_toolbox/bin'
[0.958s] INFO:colcon.colcon_core.shell:Creating package script '/home/naraphon9/ros2_ws/install/slam_toolbox/share/slam_toolbox/package.ps1'
[0.958s] INFO:colcon.colcon_core.shell:Creating package descriptor '/home/naraphon9/ros2_ws/install/slam_toolbox/share/slam_toolbox/package.dsv'
[0.959s] INFO:colcon.colcon_core.shell:Creating package script '/home/naraphon9/ros2_ws/install/slam_toolbox/share/slam_toolbox/package.sh'
[0.959s] INFO:colcon.colcon_core.shell:Creating package script '/home/naraphon9/ros2_ws/install/slam_toolbox/share/slam_toolbox/package.bash'
[0.959s] INFO:colcon.colcon_core.shell:Creating package script '/home/naraphon9/ros2_ws/install/slam_toolbox/share/slam_toolbox/package.zsh'
[0.959s] Level 1:colcon.colcon_core.environment:create_file_with_runtime_dependencies(/home/naraphon9/ros2_ws/install/slam_toolbox/share/colcon-core/packages/slam_toolbox)
[0.960s] Level 1:colcon.colcon_core.environment:create_environment_scripts_only(slam_toolbox)
[0.960s] Level 1:colcon.colcon_core.environment:checking '/home/naraphon9/ros2_ws/install/slam_toolbox' for CMake module files
[0.960s] Level 1:colcon.colcon_core.environment:checking '/home/naraphon9/ros2_ws/install/slam_toolbox' for CMake config files
[0.960s] Level 1:colcon.colcon_core.shell:create_environment_hook('slam_toolbox', 'cmake_prefix_path')
[0.960s] INFO:colcon.colcon_core.shell:Creating environment hook '/home/naraphon9/ros2_ws/install/slam_toolbox/share/slam_toolbox/hook/cmake_prefix_path.ps1'
[0.961s] INFO:colcon.colcon_core.shell:Creating environment descriptor '/home/naraphon9/ros2_ws/install/slam_toolbox/share/slam_toolbox/hook/cmake_prefix_path.dsv'
[0.961s] INFO:colcon.colcon_core.shell:Creating environment hook '/home/naraphon9/ros2_ws/install/slam_toolbox/share/slam_toolbox/hook/cmake_prefix_path.sh'
[0.961s] Level 1:colcon.colcon_core.environment:checking '/home/naraphon9/ros2_ws/install/slam_toolbox/lib'
[0.961s] Level 1:colcon.colcon_core.shell:create_environment_hook('slam_toolbox', 'ld_library_path_lib')
[0.961s] INFO:colcon.colcon_core.shell:Creating environment hook '/home/naraphon9/ros2_ws/install/slam_toolbox/share/slam_toolbox/hook/ld_library_path_lib.ps1'
[0.962s] INFO:colcon.colcon_core.shell:Creating environment descriptor '/home/naraphon9/ros2_ws/install/slam_toolbox/share/slam_toolbox/hook/ld_library_path_lib.dsv'
[0.962s] INFO:colcon.colcon_core.shell:Creating environment hook '/home/naraphon9/ros2_ws/install/slam_toolbox/share/slam_toolbox/hook/ld_library_path_lib.sh'
[0.962s] Level 1:colcon.colcon_core.environment:checking '/home/naraphon9/ros2_ws/install/slam_toolbox/bin'
[0.962s] Level 1:colcon.colcon_core.environment:checking '/home/naraphon9/ros2_ws/install/slam_toolbox/lib/pkgconfig/slam_toolbox.pc'
[0.962s] Level 1:colcon.colcon_core.environment:checking '/home/naraphon9/ros2_ws/install/slam_toolbox/lib/python3.8/site-packages'
[0.962s] Level 1:colcon.colcon_core.shell:create_environment_hook('slam_toolbox', 'pythonpath')
[0.962s] INFO:colcon.colcon_core.shell:Creating environment hook '/home/naraphon9/ros2_ws/install/slam_toolbox/share/slam_toolbox/hook/pythonpath.ps1'
[0.962s] INFO:colcon.colcon_core.shell:Creating environment descriptor '/home/naraphon9/ros2_ws/install/slam_toolbox/share/slam_toolbox/hook/pythonpath.dsv'
[0.963s] INFO:colcon.colcon_core.shell:Creating environment hook '/home/naraphon9/ros2_ws/install/slam_toolbox/share/slam_toolbox/hook/pythonpath.sh'
[0.963s] Level 1:colcon.colcon_core.environment:checking '/home/naraphon9/ros2_ws/install/slam_toolbox/bin'
[0.963s] INFO:colcon.colcon_core.shell:Creating package script '/home/naraphon9/ros2_ws/install/slam_toolbox/share/slam_toolbox/package.ps1'
[0.964s] INFO:colcon.colcon_core.shell:Creating package descriptor '/home/naraphon9/ros2_ws/install/slam_toolbox/share/slam_toolbox/package.dsv'
[0.964s] INFO:colcon.colcon_core.shell:Creating package script '/home/naraphon9/ros2_ws/install/slam_toolbox/share/slam_toolbox/package.sh'
[0.965s] INFO:colcon.colcon_core.shell:Creating package script '/home/naraphon9/ros2_ws/install/slam_toolbox/share/slam_toolbox/package.bash'
[0.965s] INFO:colcon.colcon_core.shell:Creating package script '/home/naraphon9/ros2_ws/install/slam_toolbox/share/slam_toolbox/package.zsh'
[0.965s] Level 1:colcon.colcon_core.environment:create_file_with_runtime_dependencies(/home/naraphon9/ros2_ws/install/slam_toolbox/share/colcon-core/packages/slam_toolbox)
[1.192s] DEBUG:colcon.colcon_core.event_handler.log_command:Invoking command in '/home/naraphon9/ros2_ws/src/my_pose_pub': PYTHONPATH=/home/naraphon9/ros2_ws/build/my_pose_pub/prefix_override:/usr/lib/python3/dist-packages/colcon_core/task/python/colcon_distutils_commands:/home/naraphon9/ros2_ws/install/my_pose_pub/lib/python3.8/site-packages:${PYTHONPATH} /usr/bin/python3 -W ignore:setup.py install is deprecated -W ignore:easy_install command is deprecated setup.py egg_info --egg-base ../../build/my_pose_pub build --build-base /home/naraphon9/ros2_ws/build/my_pose_pub/build install --record /home/naraphon9/ros2_ws/build/my_pose_pub/install.log --install-scripts $base/lib/my_pose_pub --single-version-externally-managed install_data
[1.199s] DEBUG:colcon.colcon_core.event_handler.log_command:Invoking command in '/home/naraphon9/ros2_ws/src/my_robot_description': PYTHONPATH=/home/naraphon9/ros2_ws/build/my_robot_description/prefix_override:/usr/lib/python3/dist-packages/colcon_core/task/python/colcon_distutils_commands:/home/naraphon9/ros2_ws/install/my_robot_description/lib/python3.8/site-packages:${PYTHONPATH} /usr/bin/python3 -W ignore:setup.py install is deprecated -W ignore:easy_install command is deprecated setup.py egg_info --egg-base ../../build/my_robot_description build --build-base /home/naraphon9/ros2_ws/build/my_robot_description/build install --record /home/naraphon9/ros2_ws/build/my_robot_description/install.log --single-version-externally-managed install_data
[1.209s] DEBUG:colcon.colcon_core.event_handler.log_command:Invoking command in '/home/naraphon9/ros2_ws/src/my_slam_launch': PYTHONPATH=/home/naraphon9/ros2_ws/build/my_slam_launch/prefix_override:/usr/lib/python3/dist-packages/colcon_core/task/python/colcon_distutils_commands:/home/naraphon9/ros2_ws/install/my_slam_launch/lib/python3.8/site-packages:${PYTHONPATH} /usr/bin/python3 -W ignore:setup.py install is deprecated -W ignore:easy_install command is deprecated setup.py egg_info --egg-base ../../build/my_slam_launch build --build-base /home/naraphon9/ros2_ws/build/my_slam_launch/build install --record /home/naraphon9/ros2_ws/build/my_slam_launch/install.log --install-scripts $base/lib/my_slam_launch --single-version-externally-managed install_data
[1.212s] DEBUG:colcon.colcon_core.event_handler.log_command:Invoking command in '/home/naraphon9/ros2_ws/ydlidar_old': PYTHONPATH=/home/naraphon9/ros2_ws/build/ydlidar_old/prefix_override:/usr/lib/python3/dist-packages/colcon_core/task/python/colcon_distutils_commands:/home/naraphon9/ros2_ws/install/ydlidar_old/lib/python3.8/site-packages:${PYTHONPATH} /usr/bin/python3 -W ignore:setup.py install is deprecated -W ignore:easy_install command is deprecated setup.py egg_info --egg-base ../build/ydlidar_old build --build-base /home/naraphon9/ros2_ws/build/ydlidar_old/build install --record /home/naraphon9/ros2_ws/build/ydlidar_old/install.log --single-version-externally-managed install_data
[1.378s] Level 1:colcon.colcon_core.environment:checking '/home/naraphon9/ros2_ws/install/my_pose_pub' for CMake module files
[1.379s] DEBUG:colcon.colcon_core.event_handler.log_command:Invoked command in '/home/naraphon9/ros2_ws/src/my_pose_pub' returned '0': PYTHONPATH=/home/naraphon9/ros2_ws/build/my_pose_pub/prefix_override:/usr/lib/python3/dist-packages/colcon_core/task/python/colcon_distutils_commands:/home/naraphon9/ros2_ws/install/my_pose_pub/lib/python3.8/site-packages:${PYTHONPATH} /usr/bin/python3 -W ignore:setup.py install is deprecated -W ignore:easy_install command is deprecated setup.py egg_info --egg-base ../../build/my_pose_pub build --build-base /home/naraphon9/ros2_ws/build/my_pose_pub/build install --record /home/naraphon9/ros2_ws/build/my_pose_pub/install.log --install-scripts $base/lib/my_pose_pub --single-version-externally-managed install_data
[1.379s] Level 1:colcon.colcon_core.environment:checking '/home/naraphon9/ros2_ws/install/my_pose_pub' for CMake config files
[1.379s] Level 1:colcon.colcon_core.environment:checking '/home/naraphon9/ros2_ws/install/my_pose_pub/lib'
[1.379s] Level 1:colcon.colcon_core.environment:checking '/home/naraphon9/ros2_ws/install/my_pose_pub/bin'
[1.379s] Level 1:colcon.colcon_core.environment:checking '/home/naraphon9/ros2_ws/install/my_pose_pub/lib/pkgconfig/my_pose_pub.pc'
[1.380s] Level 1:colcon.colcon_core.environment:checking '/home/naraphon9/ros2_ws/install/my_pose_pub/lib/python3.8/site-packages'
[1.380s] Level 1:colcon.colcon_core.shell:create_environment_hook('my_pose_pub', 'pythonpath')
[1.380s] INFO:colcon.colcon_core.shell:Creating environment hook '/home/naraphon9/ros2_ws/install/my_pose_pub/share/my_pose_pub/hook/pythonpath.ps1'
[1.380s] INFO:colcon.colcon_core.shell:Creating environment descriptor '/home/naraphon9/ros2_ws/install/my_pose_pub/share/my_pose_pub/hook/pythonpath.dsv'
[1.381s] INFO:colcon.colcon_core.shell:Creating environment hook '/home/naraphon9/ros2_ws/install/my_pose_pub/share/my_pose_pub/hook/pythonpath.sh'
[1.382s] Level 1:colcon.colcon_core.environment:checking '/home/naraphon9/ros2_ws/install/my_pose_pub/bin'
[1.382s] Level 1:colcon.colcon_core.environment:create_environment_scripts_only(my_pose_pub)
[1.382s] INFO:colcon.colcon_core.shell:Creating package script '/home/naraphon9/ros2_ws/install/my_pose_pub/share/my_pose_pub/package.ps1'
[1.382s] INFO:colcon.colcon_core.shell:Creating package descriptor '/home/naraphon9/ros2_ws/install/my_pose_pub/share/my_pose_pub/package.dsv'
[1.383s] INFO:colcon.colcon_core.shell:Creating package script '/home/naraphon9/ros2_ws/install/my_pose_pub/share/my_pose_pub/package.sh'
[1.383s] INFO:colcon.colcon_core.shell:Creating package script '/home/naraphon9/ros2_ws/install/my_pose_pub/share/my_pose_pub/package.bash'
[1.383s] INFO:colcon.colcon_core.shell:Creating package script '/home/naraphon9/ros2_ws/install/my_pose_pub/share/my_pose_pub/package.zsh'
[1.383s] Level 1:colcon.colcon_core.environment:create_file_with_runtime_dependencies(/home/naraphon9/ros2_ws/install/my_pose_pub/share/colcon-core/packages/my_pose_pub)
[1.384s] Level 1:colcon.colcon_core.environment:checking '/home/naraphon9/ros2_ws/install/my_robot_description' for CMake module files
[1.385s] DEBUG:colcon.colcon_core.event_handler.log_command:Invoked command in '/home/naraphon9/ros2_ws/src/my_robot_description' returned '0': PYTHONPATH=/home/naraphon9/ros2_ws/build/my_robot_description/prefix_override:/usr/lib/python3/dist-packages/colcon_core/task/python/colcon_distutils_commands:/home/naraphon9/ros2_ws/install/my_robot_description/lib/python3.8/site-packages:${PYTHONPATH} /usr/bin/python3 -W ignore:setup.py install is deprecated -W ignore:easy_install command is deprecated setup.py egg_info --egg-base ../../build/my_robot_description build --build-base /home/naraphon9/ros2_ws/build/my_robot_description/build install --record /home/naraphon9/ros2_ws/build/my_robot_description/install.log --single-version-externally-managed install_data
[1.385s] Level 1:colcon.colcon_core.environment:checking '/home/naraphon9/ros2_ws/install/my_robot_description' for CMake config files
[1.385s] Level 1:colcon.colcon_core.environment:checking '/home/naraphon9/ros2_ws/install/my_robot_description/lib'
[1.385s] Level 1:colcon.colcon_core.environment:checking '/home/naraphon9/ros2_ws/install/my_robot_description/bin'
[1.385s] Level 1:colcon.colcon_core.environment:checking '/home/naraphon9/ros2_ws/install/my_robot_description/lib/pkgconfig/my_robot_description.pc'
[1.385s] Level 1:colcon.colcon_core.environment:checking '/home/naraphon9/ros2_ws/install/my_robot_description/lib/python3.8/site-packages'
[1.385s] Level 1:colcon.colcon_core.shell:create_environment_hook('my_robot_description', 'pythonpath')
[1.386s] INFO:colcon.colcon_core.shell:Creating environment hook '/home/naraphon9/ros2_ws/install/my_robot_description/share/my_robot_description/hook/pythonpath.ps1'
[1.386s] INFO:colcon.colcon_core.shell:Creating environment descriptor '/home/naraphon9/ros2_ws/install/my_robot_description/share/my_robot_description/hook/pythonpath.dsv'
[1.386s] INFO:colcon.colcon_core.shell:Creating environment hook '/home/naraphon9/ros2_ws/install/my_robot_description/share/my_robot_description/hook/pythonpath.sh'
[1.386s] Level 1:colcon.colcon_core.environment:checking '/home/naraphon9/ros2_ws/install/my_robot_description/bin'
[1.386s] Level 1:colcon.colcon_core.environment:create_environment_scripts_only(my_robot_description)
[1.387s] INFO:colcon.colcon_core.shell:Creating package script '/home/naraphon9/ros2_ws/install/my_robot_description/share/my_robot_description/package.ps1'
[1.387s] INFO:colcon.colcon_core.shell:Creating package descriptor '/home/naraphon9/ros2_ws/install/my_robot_description/share/my_robot_description/package.dsv'
[1.387s] INFO:colcon.colcon_core.shell:Creating package script '/home/naraphon9/ros2_ws/install/my_robot_description/share/my_robot_description/package.sh'
[1.387s] INFO:colcon.colcon_core.shell:Creating package script '/home/naraphon9/ros2_ws/install/my_robot_description/share/my_robot_description/package.bash'
[1.388s] INFO:colcon.colcon_core.shell:Creating package script '/home/naraphon9/ros2_ws/install/my_robot_description/share/my_robot_description/package.zsh'
[1.388s] Level 1:colcon.colcon_core.environment:create_file_with_runtime_dependencies(/home/naraphon9/ros2_ws/install/my_robot_description/share/colcon-core/packages/my_robot_description)
[1.396s] Level 1:colcon.colcon_core.environment:checking '/home/naraphon9/ros2_ws/install/my_slam_launch' for CMake module files
[1.397s] DEBUG:colcon.colcon_core.event_handler.log_command:Invoked command in '/home/naraphon9/ros2_ws/src/my_slam_launch' returned '0': PYTHONPATH=/home/naraphon9/ros2_ws/build/my_slam_launch/prefix_override:/usr/lib/python3/dist-packages/colcon_core/task/python/colcon_distutils_commands:/home/naraphon9/ros2_ws/install/my_slam_launch/lib/python3.8/site-packages:${PYTHONPATH} /usr/bin/python3 -W ignore:setup.py install is deprecated -W ignore:easy_install command is deprecated setup.py egg_info --egg-base ../../build/my_slam_launch build --build-base /home/naraphon9/ros2_ws/build/my_slam_launch/build install --record /home/naraphon9/ros2_ws/build/my_slam_launch/install.log --install-scripts $base/lib/my_slam_launch --single-version-externally-managed install_data
[1.397s] Level 1:colcon.colcon_core.environment:checking '/home/naraphon9/ros2_ws/install/my_slam_launch' for CMake config files
[1.398s] Level 1:colcon.colcon_core.environment:checking '/home/naraphon9/ros2_ws/install/my_slam_launch/lib'
[1.398s] Level 1:colcon.colcon_core.environment:checking '/home/naraphon9/ros2_ws/install/my_slam_launch/bin'
[1.398s] Level 1:colcon.colcon_core.environment:checking '/home/naraphon9/ros2_ws/install/my_slam_launch/lib/pkgconfig/my_slam_launch.pc'
[1.398s] Level 1:colcon.colcon_core.environment:checking '/home/naraphon9/ros2_ws/install/my_slam_launch/lib/python3.8/site-packages'
[1.398s] Level 1:colcon.colcon_core.shell:create_environment_hook('my_slam_launch', 'pythonpath')
[1.398s] INFO:colcon.colcon_core.shell:Creating environment hook '/home/naraphon9/ros2_ws/install/my_slam_launch/share/my_slam_launch/hook/pythonpath.ps1'
[1.398s] INFO:colcon.colcon_core.shell:Creating environment descriptor '/home/naraphon9/ros2_ws/install/my_slam_launch/share/my_slam_launch/hook/pythonpath.dsv'
[1.399s] INFO:colcon.colcon_core.shell:Creating environment hook '/home/naraphon9/ros2_ws/install/my_slam_launch/share/my_slam_launch/hook/pythonpath.sh'
[1.399s] Level 1:colcon.colcon_core.environment:checking '/home/naraphon9/ros2_ws/install/my_slam_launch/bin'
[1.399s] Level 1:colcon.colcon_core.environment:create_environment_scripts_only(my_slam_launch)
[1.399s] INFO:colcon.colcon_core.shell:Creating package script '/home/naraphon9/ros2_ws/install/my_slam_launch/share/my_slam_launch/package.ps1'
[1.399s] INFO:colcon.colcon_core.shell:Creating package descriptor '/home/naraphon9/ros2_ws/install/my_slam_launch/share/my_slam_launch/package.dsv'
[1.400s] INFO:colcon.colcon_core.shell:Creating package script '/home/naraphon9/ros2_ws/install/my_slam_launch/share/my_slam_launch/package.sh'
[1.400s] INFO:colcon.colcon_core.shell:Creating package script '/home/naraphon9/ros2_ws/install/my_slam_launch/share/my_slam_launch/package.bash'
[1.400s] INFO:colcon.colcon_core.shell:Creating package script '/home/naraphon9/ros2_ws/install/my_slam_launch/share/my_slam_launch/package.zsh'
[1.400s] Level 1:colcon.colcon_core.environment:create_file_with_runtime_dependencies(/home/naraphon9/ros2_ws/install/my_slam_launch/share/colcon-core/packages/my_slam_launch)
[1.401s] Level 1:colcon.colcon_core.environment:checking '/home/naraphon9/ros2_ws/install/ydlidar_old' for CMake module files
[1.402s] Level 1:colcon.colcon_core.environment:checking '/home/naraphon9/ros2_ws/install/ydlidar_old' for CMake config files
[1.402s] DEBUG:colcon.colcon_core.event_handler.log_command:Invoked command in '/home/naraphon9/ros2_ws/ydlidar_old' returned '0': PYTHONPATH=/home/naraphon9/ros2_ws/build/ydlidar_old/prefix_override:/usr/lib/python3/dist-packages/colcon_core/task/python/colcon_distutils_commands:/home/naraphon9/ros2_ws/install/ydlidar_old/lib/python3.8/site-packages:${PYTHONPATH} /usr/bin/python3 -W ignore:setup.py install is deprecated -W ignore:easy_install command is deprecated setup.py egg_info --egg-base ../build/ydlidar_old build --build-base /home/naraphon9/ros2_ws/build/ydlidar_old/build install --record /home/naraphon9/ros2_ws/build/ydlidar_old/install.log --single-version-externally-managed install_data
[1.403s] Level 1:colcon.colcon_core.environment:checking '/home/naraphon9/ros2_ws/install/ydlidar_old/lib'
[1.403s] Level 1:colcon.colcon_core.environment:checking '/home/naraphon9/ros2_ws/install/ydlidar_old/bin'
[1.403s] Level 1:colcon.colcon_core.shell:create_environment_hook('ydlidar_old', 'path')
[1.403s] INFO:colcon.colcon_core.shell:Creating environment hook '/home/naraphon9/ros2_ws/install/ydlidar_old/share/ydlidar_old/hook/path.ps1'
[1.403s] INFO:colcon.colcon_core.shell:Creating environment descriptor '/home/naraphon9/ros2_ws/install/ydlidar_old/share/ydlidar_old/hook/path.dsv'
[1.403s] INFO:colcon.colcon_core.shell:Creating environment hook '/home/naraphon9/ros2_ws/install/ydlidar_old/share/ydlidar_old/hook/path.sh'
[1.404s] Level 1:colcon.colcon_core.environment:checking '/home/naraphon9/ros2_ws/install/ydlidar_old/lib/pkgconfig/ydlidar_old.pc'
[1.404s] Level 1:colcon.colcon_core.environment:checking '/home/naraphon9/ros2_ws/install/ydlidar_old/lib/python3.8/site-packages'
[1.404s] Level 1:colcon.colcon_core.shell:create_environment_hook('ydlidar_old', 'pythonpath')
[1.404s] INFO:colcon.colcon_core.shell:Creating environment hook '/home/naraphon9/ros2_ws/install/ydlidar_old/share/ydlidar_old/hook/pythonpath.ps1'
[1.404s] INFO:colcon.colcon_core.shell:Creating environment descriptor '/home/naraphon9/ros2_ws/install/ydlidar_old/share/ydlidar_old/hook/pythonpath.dsv'
[1.404s] INFO:colcon.colcon_core.shell:Creating environment hook '/home/naraphon9/ros2_ws/install/ydlidar_old/share/ydlidar_old/hook/pythonpath.sh'
[1.405s] Level 1:colcon.colcon_core.environment:checking '/home/naraphon9/ros2_ws/install/ydlidar_old/bin'
[1.405s] Level 1:colcon.colcon_core.shell:create_environment_hook('ydlidar_old', 'pythonscriptspath')
[1.405s] INFO:colcon.colcon_core.shell:Creating environment hook '/home/naraphon9/ros2_ws/install/ydlidar_old/share/ydlidar_old/hook/pythonscriptspath.ps1'
[1.405s] INFO:colcon.colcon_core.shell:Creating environment descriptor '/home/naraphon9/ros2_ws/install/ydlidar_old/share/ydlidar_old/hook/pythonscriptspath.dsv'
[1.405s] INFO:colcon.colcon_core.shell:Creating environment hook '/home/naraphon9/ros2_ws/install/ydlidar_old/share/ydlidar_old/hook/pythonscriptspath.sh'
[1.405s] Level 1:colcon.colcon_core.environment:create_environment_scripts_only(ydlidar_old)
[1.406s] INFO:colcon.colcon_core.shell:Creating package script '/home/naraphon9/ros2_ws/install/ydlidar_old/share/ydlidar_old/package.ps1'
[1.406s] INFO:colcon.colcon_core.shell:Creating package descriptor '/home/naraphon9/ros2_ws/install/ydlidar_old/share/ydlidar_old/package.dsv'
[1.406s] INFO:colcon.colcon_core.shell:Creating package script '/home/naraphon9/ros2_ws/install/ydlidar_old/share/ydlidar_old/package.sh'
[1.406s] INFO:colcon.colcon_core.shell:Creating package script '/home/naraphon9/ros2_ws/install/ydlidar_old/share/ydlidar_old/package.bash'
[1.406s] INFO:colcon.colcon_core.shell:Creating package script '/home/naraphon9/ros2_ws/install/ydlidar_old/share/ydlidar_old/package.zsh'
[1.407s] Level 1:colcon.colcon_core.environment:create_file_with_runtime_dependencies(/home/naraphon9/ros2_ws/install/ydlidar_old/share/colcon-core/packages/ydlidar_old)
[1.407s] DEBUG:colcon.colcon_parallel_executor.executor.parallel:closing loop
[1.407s] DEBUG:colcon.colcon_parallel_executor.executor.parallel:loop closed
[1.407s] DEBUG:colcon.colcon_parallel_executor.executor.parallel:run_until_complete finished with '0'
[1.407s] DEBUG:colcon.colcon_core.event_reactor:joining thread
[1.411s] INFO:colcon.colcon_core.plugin_system:Skipping extension 'colcon_notification.desktop_notification.terminal_notifier': Not used on non-Darwin systems
[1.411s] INFO:colcon.colcon_core.plugin_system:Skipping extension 'colcon_notification.desktop_notification.win32': Not used on non-Windows systems
[1.411s] INFO:colcon.colcon_notification.desktop_notification:Sending desktop notification using 'notify2'
[1.421s] DEBUG:colcon.colcon_core.event_reactor:joined thread
[1.421s] INFO:colcon.colcon_core.shell:Creating prefix script '/home/naraphon9/ros2_ws/install/local_setup.ps1'
[1.422s] INFO:colcon.colcon_core.shell:Creating prefix util module '/home/naraphon9/ros2_ws/install/_local_setup_util_ps1.py'
[1.422s] INFO:colcon.colcon_core.shell:Creating prefix chain script '/home/naraphon9/ros2_ws/install/setup.ps1'
[1.424s] INFO:colcon.colcon_core.shell:Creating prefix script '/home/naraphon9/ros2_ws/install/local_setup.sh'
[1.426s] INFO:colcon.colcon_core.shell:Creating prefix util module '/home/naraphon9/ros2_ws/install/_local_setup_util_sh.py'
[1.427s] INFO:colcon.colcon_core.shell:Creating prefix chain script '/home/naraphon9/ros2_ws/install/setup.sh'
[1.428s] INFO:colcon.colcon_core.shell:Creating prefix script '/home/naraphon9/ros2_ws/install/local_setup.bash'
[1.428s] INFO:colcon.colcon_core.shell:Creating prefix chain script '/home/naraphon9/ros2_ws/install/setup.bash'
[1.429s] INFO:colcon.colcon_core.shell:Creating prefix script '/home/naraphon9/ros2_ws/install/local_setup.zsh'
[1.429s] INFO:colcon.colcon_core.shell:Creating prefix chain script '/home/naraphon9/ros2_ws/install/setup.zsh'
