-- The C compiler identification is GNU 9.4.0
-- The CXX compiler identification is GNU 9.4.0
-- Detecting C compiler ABI info
-- Detecting C compiler ABI info - done
-- Check for working C compiler: /usr/bin/cc - skipped
-- Detecting C compile features
-- Detecting C compile features - done
-- Detecting CXX compiler ABI info
-- Detecting CXX compiler ABI info - done
-- Check for working CXX compiler: /usr/bin/c++ - skipped
-- Detecting CXX compile features
-- Detecting CXX compile features - done
-- Found ament_cmake: 0.9.12 (/opt/ros/foxy/share/ament_cmake/cmake)
-- Found PythonInterp: /usr/bin/python3 (found suitable version "3.8.10", minimum required is "3") 
-- Using PYTHON_EXECUTABLE: /usr/bin/python3
-- Override CMake install command with custom implementation using symlinks instead of copying resources
-- Found message_filters: 3.2.7 (/opt/ros/foxy/share/message_filters/cmake)
-- Found nav_msgs: 2.0.5 (/opt/ros/foxy/share/nav_msgs/cmake)
-- Using all available rosidl_typesupport_c: rosidl_typesupport_fastrtps_c;rosidl_typesupport_introspection_c
-- Found rosidl_adapter: 1.3.1 (/opt/ros/foxy/share/rosidl_adapter/cmake)
-- Found OpenSSL: /usr/lib/x86_64-linux-gnu/libcrypto.so (found version "1.1.1f")  
-- Found FastRTPS: /opt/ros/foxy/include  
-- Using all available rosidl_typesupport_cpp: rosidl_typesupport_fastrtps_cpp;rosidl_typesupport_introspection_cpp
-- Found rclcpp: 2.4.3 (/opt/ros/foxy/share/rclcpp/cmake)
-- Found rmw_implementation_cmake: 1.0.4 (/opt/ros/foxy/share/rmw_implementation_cmake/cmake)
-- Using RMW implementation 'rmw_fastrtps_cpp' as default
-- Performing Test CMAKE_HAVE_LIBC_PTHREAD
-- Performing Test CMAKE_HAVE_LIBC_PTHREAD - Failed
-- Looking for pthread_create in pthreads
-- Looking for pthread_create in pthreads - not found
-- Looking for pthread_create in pthread
-- Looking for pthread_create in pthread - found
-- Found Threads: TRUE  
-- Found sensor_msgs: 2.0.5 (/opt/ros/foxy/share/sensor_msgs/cmake)
-- Found tf2: 0.13.14 (/opt/ros/foxy/share/tf2/cmake)
-- Found tf2_ros: 0.13.14 (/opt/ros/foxy/share/tf2_ros/cmake)
-- Found visualization_msgs: 2.0.5 (/opt/ros/foxy/share/visualization_msgs/cmake)
-- Found pluginlib: 2.5.4 (/opt/ros/foxy/share/pluginlib/cmake)
-- Found tf2_geometry_msgs: 0.13.14 (/opt/ros/foxy/share/tf2_geometry_msgs/cmake)
-- Found eigen3_cmake_module: 0.1.1 (/opt/ros/foxy/share/eigen3_cmake_module/cmake)
-- Found Eigen3: TRUE (found version "3.3.7") 
-- Found tf2_sensor_msgs: 0.13.14 (/opt/ros/foxy/share/tf2_sensor_msgs/cmake)
-- Found std_srvs: 2.0.5 (/opt/ros/foxy/share/std_srvs/cmake)
-- Found rosidl_default_generators: 1.0.1 (/opt/ros/foxy/share/rosidl_default_generators/cmake)
-- Found nav2_map_server: 0.4.7 (/opt/ros/foxy/share/nav2_map_server/cmake)
-- Found rviz_common: 8.2.8 (/opt/ros/foxy/share/rviz_common/cmake)
-- Setting OGRE_DIR to: '/opt/ros/foxy/share/rviz_ogre_vendor/cmake/../../../opt/rviz_ogre_vendor/lib/OGRE/cmake'
-- Found OGRE
--   static     : OFF
--   components : HLMS;MeshLodGenerator;Overlay;Paging;Property;RTShaderSystem;Terrain;Volume
--   plugins    : Plugin_BSPSceneManager;Plugin_OctreeSceneManager;Plugin_PCZSceneManager;Plugin_ParticleFX;RenderSystem_GL;RenderSystem_GL3Plus;Codec_STBI
--   media      : /opt/ros/foxy/opt/rviz_ogre_vendor/share/OGRE/Media
-- OGRE_LIBRARIES: OgreHLMS;OgreMeshLodGenerator;OgreOverlay;OgrePaging;OgreProperty;OgreRTShaderSystem;OgreTerrain;OgreVolume;OgreMain
-- OGRE_LIBRARY_DIRS: /opt/ros/foxy/opt/rviz_ogre_vendor/lib
-- OGRE_PLUGINS: Plugin_BSPSceneManager;Plugin_OctreeSceneManager;Plugin_PCZSceneManager;Plugin_ParticleFX;RenderSystem_GL;RenderSystem_GL3Plus;Codec_STBI
-- OGRE_PLUGIN_DIR: /opt/ros/foxy/opt/rviz_ogre_vendor/lib/OGRE
-- rviz_ogre_vendor::OgreOverlay for IMPORTED_LOCATION_RELEASE: /opt/ros/foxy/opt/rviz_ogre_vendor/lib/libOgreOverlay.so
-- rviz_ogre_vendor::OgreOverlay for IMPORTED_LOCATION_DEBUG: /opt/ros/foxy/opt/rviz_ogre_vendor/lib/libOgreOverlay.so
-- rviz_ogre_vendor::OgreMain for IMPORTED_LOCATION_RELEASE: /opt/ros/foxy/opt/rviz_ogre_vendor/lib/libOgreMain.so
-- rviz_ogre_vendor::OgreMain for IMPORTED_LOCATION_DEBUG: /opt/ros/foxy/opt/rviz_ogre_vendor/lib/libOgreMain.so
-- Could not find freeimage library
-- Found ZLIB: /usr/lib/x86_64-linux-gnu/libz.so (found version "1.2.11")  
-- Found OpenGL: /usr/lib/x86_64-linux-gnu/libOpenGL.so   
-- Found X11: /usr/include   
-- Looking for XOpenDisplay in /usr/lib/x86_64-linux-gnu/libX11.so;/usr/lib/x86_64-linux-gnu/libXext.so
-- Looking for XOpenDisplay in /usr/lib/x86_64-linux-gnu/libX11.so;/usr/lib/x86_64-linux-gnu/libXext.so - found
-- Looking for gethostbyname
-- Looking for gethostbyname - found
-- Looking for connect
-- Looking for connect - found
-- Looking for remove
-- Looking for remove - found
-- Looking for shmat
-- Looking for shmat - found
-- Looking for IceConnectionNumber in ICE
-- Looking for IceConnectionNumber in ICE - found
-- rviz_ogre_vendor::RenderSystem_GL for IMPORTED_LOCATION_RELEASE: _render_system_gl_static_library_abs-NOTFOUND
-- rviz_ogre_vendor::RenderSystem_GL for IMPORTED_LOCATION_DEBUG: _render_system_gl_static_library_abs-NOTFOUND
-- library: libassimp.so.5
-- library: /usr/lib/x86_64-linux-gnu/libcurl.so
-- Setting yaml-cpp_DIR to: '/opt/ros/foxy/share/yaml_cpp_vendor/cmake/../../../opt/yaml_cpp_vendor/lib/cmake/yaml-cpp'
-- Found rviz_default_plugins: 8.2.8 (/opt/ros/foxy/share/rviz_default_plugins/cmake)
-- Found Boost: /usr/lib/x86_64-linux-gnu/cmake/Boost-1.71.0/BoostConfig.cmake (found version "1.71.0") found components: system serialization filesystem thread 
-- Found PkgConfig: /usr/bin/pkg-config (found version "0.29.1") 
[33mCMake Warning (dev) at /opt/cmake-3.26/share/cmake-3.26/Modules/FindPackageHandleStandardArgs.cmake:438 (message):
  The package name passed to `find_package_handle_standard_args` (CSPARSE)
  does not match the name of the calling package (CSparse).  This can lead to
  problems in calling code that expects `find_package` result variables
  (e.g., `_FOUND`) to follow a certain pattern.
Call Stack (most recent call first):
  CMake/FindCSparse.cmake:24 (find_package_handle_standard_args)
  CMakeLists.txt:77 (find_package)
This warning is for project developers.  Use -Wno-dev to suppress it.
[0m
-- Found CSPARSE: /usr/include/suitesparse  
[33mCMake Warning (dev) at /opt/cmake-3.26/share/cmake-3.26/Modules/FindPackageHandleStandardArgs.cmake:438 (message):
  The package name passed to `find_package_handle_standard_args` (CHOLMOD)
  does not match the name of the calling package (Cholmod).  This can lead to
  problems in calling code that expects `find_package` result variables
  (e.g., `_FOUND`) to follow a certain pattern.
Call Stack (most recent call first):
  CMake/FindCholmod.cmake:86 (find_package_handle_standard_args)
  CMakeLists.txt:79 (find_package)
This warning is for project developers.  Use -Wno-dev to suppress it.
[0m
-- Found CHOLMOD: /usr/include/suitesparse  
-- Looking for sgemm_
-- Looking for sgemm_ - not found
-- Looking for sgemm_
-- Looking for sgemm_ - found
-- Found BLAS: /usr/lib/x86_64-linux-gnu/libblas.so  
-- Looking for cheev_
-- Looking for cheev_ - not found
-- Looking for cheev_
-- Looking for cheev_ - found
-- Found LAPACK: /usr/lib/x86_64-linux-gnu/liblapack.so;/usr/lib/x86_64-linux-gnu/libblas.so  
-- Found installed version of Eigen: /usr/lib/cmake/eigen3
-- Found required Ceres dependency: Eigen version 3.3.7 in /usr/include/eigen3
-- Found required Ceres dependency: glog
-- Found installed version of gflags: /usr/lib/x86_64-linux-gnu/cmake/gflags
-- Detected gflags version: 2.2.2
-- Found required Ceres dependency: gflags
-- Found Ceres version: 1.14.0 installed in: /usr with components: [EigenSparse, SparseLinearAlgebraLibrary, LAPACK, SuiteSparse, CXSparse, SchurSpecializations, OpenMP, Multithreading]
-- Found PythonInterp: /usr/bin/python3 (found version "3.8.10") 
-- Found ament_cmake_ros: 0.9.2 (/opt/ros/foxy/share/ament_cmake_ros/cmake)
-- Using all available rosidl_typesupport_c: rosidl_typesupport_fastrtps_c;rosidl_typesupport_introspection_c
-- Using all available rosidl_typesupport_cpp: rosidl_typesupport_fastrtps_cpp;rosidl_typesupport_introspection_cpp
-- Found PythonInterp: /usr/bin/python3 (found suitable version "3.8.10", minimum required is "3.5") 
-- Found python_cmake_module: 0.8.1 (/opt/ros/foxy/share/python_cmake_module/cmake)
-- Found PythonLibs: /usr/lib/x86_64-linux-gnu/libpython3.8.so (found suitable version "3.8.10", minimum required is "3.5") 
-- Using PYTHON_EXECUTABLE: /usr/bin/python3
-- Using PYTHON_INCLUDE_DIRS: /usr/include/python3.8
-- Using PYTHON_LIBRARIES: /usr/lib/x86_64-linux-gnu/libpython3.8.so
-- Found PythonExtra: .so  
-- Configuring done (2.6s)
-- Generating done (0.1s)
-- Build files have been written to: /home/naraphon9/ros2_ws/src/build/slam_toolbox
[  1%] [34m[1mGenerating C code for ROS interfaces[0m
[  2%] [32mBuilding CXX object lib/karto_sdk/CMakeFiles/kartoSlamToolbox.dir/src/Karto.cpp.o[0m
[  2%] [32mBuilding CXX object lib/karto_sdk/CMakeFiles/kartoSlamToolbox.dir/src/Mapper.cpp.o[0m
[  3%] [34m[1mGenerating C++ code for ROS interfaces[0m
[  3%] Built target slam_toolbox__cpp
[  4%] [34m[1mGenerating C++ type support dispatch for ROS interfaces[0m
[  5%] [34m[1mGenerating C++ type support for eProsima Fast-RTPS[0m
[  6%] [34m[1mGenerating C++ introspection for ROS interfaces[0m
[  6%] [32mBuilding C object CMakeFiles/slam_toolbox__rosidl_generator_c.dir/rosidl_generator_c/slam_toolbox/srv/detail/pause__functions.c.o[0m
[  7%] [32mBuilding C object CMakeFiles/slam_toolbox__rosidl_generator_c.dir/rosidl_generator_c/slam_toolbox/srv/detail/clear_queue__functions.c.o[0m
[  9%] [32mBuilding C object CMakeFiles/slam_toolbox__rosidl_generator_c.dir/rosidl_generator_c/slam_toolbox/srv/detail/clear__functions.c.o[0m
[  9%] [32mBuilding C object CMakeFiles/slam_toolbox__rosidl_generator_c.dir/rosidl_generator_c/slam_toolbox/srv/detail/toggle_interactive__functions.c.o[0m
[  9%] [32mBuilding C object CMakeFiles/slam_toolbox__rosidl_generator_c.dir/rosidl_generator_c/slam_toolbox/srv/detail/save_map__functions.c.o[0m
[ 10%] [32mBuilding C object CMakeFiles/slam_toolbox__rosidl_generator_c.dir/rosidl_generator_c/slam_toolbox/srv/detail/loop_closure__functions.c.o[0m
[ 11%] [32mBuilding C object CMakeFiles/slam_toolbox__rosidl_generator_c.dir/rosidl_generator_c/slam_toolbox/srv/detail/merge_maps__functions.c.o[0m
[ 12%] [32mBuilding C object CMakeFiles/slam_toolbox__rosidl_generator_c.dir/rosidl_generator_c/slam_toolbox/srv/detail/add_submap__functions.c.o[0m
[ 12%] [32mBuilding C object CMakeFiles/slam_toolbox__rosidl_generator_c.dir/rosidl_generator_c/slam_toolbox/srv/detail/deserialize_pose_graph__functions.c.o[0m
[ 13%] [32mBuilding C object CMakeFiles/slam_toolbox__rosidl_generator_c.dir/rosidl_generator_c/slam_toolbox/srv/detail/serialize_pose_graph__functions.c.o[0m
[ 14%] [32m[1mLinking C shared library libslam_toolbox__rosidl_generator_c.so[0m
[ 14%] Built target slam_toolbox__rosidl_generator_c
[ 16%] [34m[1mGenerating C introspection for ROS interfaces[0m
[ 16%] [34m[1mGenerating C type support dispatch for ROS interfaces[0m
[ 17%] [32mBuilding CXX object CMakeFiles/slam_toolbox__rosidl_typesupport_cpp.dir/rosidl_typesupport_cpp/slam_toolbox/srv/pause__type_support.cpp.o[0m
[ 17%] [32mBuilding CXX object CMakeFiles/slam_toolbox__rosidl_typesupport_cpp.dir/rosidl_typesupport_cpp/slam_toolbox/srv/clear_queue__type_support.cpp.o[0m
[ 18%] [32mBuilding CXX object CMakeFiles/slam_toolbox__rosidl_typesupport_cpp.dir/rosidl_typesupport_cpp/slam_toolbox/srv/toggle_interactive__type_support.cpp.o[0m
[ 19%] [32mBuilding CXX object CMakeFiles/slam_toolbox__rosidl_typesupport_cpp.dir/rosidl_typesupport_cpp/slam_toolbox/srv/clear__type_support.cpp.o[0m
[ 20%] [32mBuilding CXX object CMakeFiles/slam_toolbox__rosidl_typesupport_cpp.dir/rosidl_typesupport_cpp/slam_toolbox/srv/save_map__type_support.cpp.o[0m
[ 20%] [32mBuilding CXX object CMakeFiles/slam_toolbox__rosidl_typesupport_cpp.dir/rosidl_typesupport_cpp/slam_toolbox/srv/loop_closure__type_support.cpp.o[0m
[ 21%] [32mBuilding CXX object CMakeFiles/slam_toolbox__rosidl_typesupport_cpp.dir/rosidl_typesupport_cpp/slam_toolbox/srv/merge_maps__type_support.cpp.o[0m
[ 22%] [32mBuilding CXX object CMakeFiles/slam_toolbox__rosidl_typesupport_cpp.dir/rosidl_typesupport_cpp/slam_toolbox/srv/add_submap__type_support.cpp.o[0m
[ 22%] [32mBuilding CXX object CMakeFiles/slam_toolbox__rosidl_typesupport_cpp.dir/rosidl_typesupport_cpp/slam_toolbox/srv/deserialize_pose_graph__type_support.cpp.o[0m
[ 23%] [32mBuilding CXX object CMakeFiles/slam_toolbox__rosidl_typesupport_cpp.dir/rosidl_typesupport_cpp/slam_toolbox/srv/serialize_pose_graph__type_support.cpp.o[0m
[ 24%] [32mBuilding CXX object CMakeFiles/slam_toolbox__rosidl_typesupport_fastrtps_cpp.dir/rosidl_typesupport_fastrtps_cpp/slam_toolbox/srv/detail/dds_fastrtps/clear_queue__type_support.cpp.o[0m
[ 24%] [32mBuilding CXX object CMakeFiles/slam_toolbox__rosidl_typesupport_fastrtps_cpp.dir/rosidl_typesupport_fastrtps_cpp/slam_toolbox/srv/detail/dds_fastrtps/pause__type_support.cpp.o[0m
[ 25%] [32mBuilding CXX object CMakeFiles/slam_toolbox__rosidl_typesupport_fastrtps_cpp.dir/rosidl_typesupport_fastrtps_cpp/slam_toolbox/srv/detail/dds_fastrtps/save_map__type_support.cpp.o[0m
[ 26%] [32mBuilding CXX object CMakeFiles/slam_toolbox__rosidl_typesupport_fastrtps_cpp.dir/rosidl_typesupport_fastrtps_cpp/slam_toolbox/srv/detail/dds_fastrtps/toggle_interactive__type_support.cpp.o[0m
[ 27%] [32mBuilding CXX object CMakeFiles/slam_toolbox__rosidl_typesupport_fastrtps_cpp.dir/rosidl_typesupport_fastrtps_cpp/slam_toolbox/srv/detail/dds_fastrtps/clear__type_support.cpp.o[0m
[ 27%] [32mBuilding CXX object CMakeFiles/slam_toolbox__rosidl_typesupport_fastrtps_cpp.dir/rosidl_typesupport_fastrtps_cpp/slam_toolbox/srv/detail/dds_fastrtps/loop_closure__type_support.cpp.o[0m
[ 28%] [32mBuilding CXX object CMakeFiles/slam_toolbox__rosidl_typesupport_fastrtps_cpp.dir/rosidl_typesupport_fastrtps_cpp/slam_toolbox/srv/detail/dds_fastrtps/merge_maps__type_support.cpp.o[0m
[ 29%] [32mBuilding CXX object CMakeFiles/slam_toolbox__rosidl_typesupport_fastrtps_cpp.dir/rosidl_typesupport_fastrtps_cpp/slam_toolbox/srv/detail/dds_fastrtps/add_submap__type_support.cpp.o[0m
[ 30%] [32mBuilding CXX object CMakeFiles/slam_toolbox__rosidl_typesupport_introspection_cpp.dir/rosidl_typesupport_introspection_cpp/slam_toolbox/srv/detail/pause__type_support.cpp.o[0m
[ 31%] [32mBuilding CXX object CMakeFiles/slam_toolbox__rosidl_typesupport_fastrtps_cpp.dir/rosidl_typesupport_fastrtps_cpp/slam_toolbox/srv/detail/dds_fastrtps/deserialize_pose_graph__type_support.cpp.o[0m
[ 32%] [32mBuilding CXX object CMakeFiles/slam_toolbox__rosidl_typesupport_introspection_cpp.dir/rosidl_typesupport_introspection_cpp/slam_toolbox/srv/detail/clear_queue__type_support.cpp.o[0m
[ 32%] [32mBuilding CXX object CMakeFiles/slam_toolbox__rosidl_typesupport_introspection_cpp.dir/rosidl_typesupport_introspection_cpp/slam_toolbox/srv/detail/toggle_interactive__type_support.cpp.o[0m
[ 33%] [32mBuilding CXX object CMakeFiles/slam_toolbox__rosidl_typesupport_introspection_cpp.dir/rosidl_typesupport_introspection_cpp/slam_toolbox/srv/detail/clear__type_support.cpp.o[0m
[ 33%] [32mBuilding CXX object CMakeFiles/slam_toolbox__rosidl_typesupport_fastrtps_cpp.dir/rosidl_typesupport_fastrtps_cpp/slam_toolbox/srv/detail/dds_fastrtps/serialize_pose_graph__type_support.cpp.o[0m
[ 34%] [32mBuilding CXX object CMakeFiles/slam_toolbox__rosidl_typesupport_introspection_cpp.dir/rosidl_typesupport_introspection_cpp/slam_toolbox/srv/detail/save_map__type_support.cpp.o[0m
[ 35%] [32m[1mLinking CXX shared library libslam_toolbox__rosidl_typesupport_cpp.so[0m
[ 35%] Built target slam_toolbox__rosidl_typesupport_cpp
[ 35%] [32mBuilding CXX object CMakeFiles/slam_toolbox__rosidl_typesupport_introspection_cpp.dir/rosidl_typesupport_introspection_cpp/slam_toolbox/srv/detail/loop_closure__type_support.cpp.o[0m
[ 35%] [32mBuilding CXX object CMakeFiles/slam_toolbox__rosidl_typesupport_c.dir/rosidl_typesupport_c/slam_toolbox/srv/pause__type_support.cpp.o[0m
[ 36%] [32mBuilding CXX object CMakeFiles/slam_toolbox__rosidl_typesupport_c.dir/rosidl_typesupport_c/slam_toolbox/srv/clear_queue__type_support.cpp.o[0m
[ 37%] [32mBuilding CXX object CMakeFiles/slam_toolbox__rosidl_typesupport_c.dir/rosidl_typesupport_c/slam_toolbox/srv/toggle_interactive__type_support.cpp.o[0m
[ 37%] [32mBuilding CXX object CMakeFiles/slam_toolbox__rosidl_typesupport_c.dir/rosidl_typesupport_c/slam_toolbox/srv/clear__type_support.cpp.o[0m
[ 38%] [32mBuilding CXX object CMakeFiles/slam_toolbox__rosidl_typesupport_c.dir/rosidl_typesupport_c/slam_toolbox/srv/save_map__type_support.cpp.o[0m
[ 39%] [32mBuilding C object CMakeFiles/slam_toolbox__rosidl_typesupport_introspection_c.dir/rosidl_typesupport_introspection_c/slam_toolbox/srv/detail/pause__type_support.c.o[0m
[ 39%] [32mBuilding C object CMakeFiles/slam_toolbox__rosidl_typesupport_introspection_c.dir/rosidl_typesupport_introspection_c/slam_toolbox/srv/detail/clear_queue__type_support.c.o[0m
[ 40%] [32mBuilding C object CMakeFiles/slam_toolbox__rosidl_typesupport_introspection_c.dir/rosidl_typesupport_introspection_c/slam_toolbox/srv/detail/toggle_interactive__type_support.c.o[0m
[ 42%] [32mBuilding C object CMakeFiles/slam_toolbox__rosidl_typesupport_introspection_c.dir/rosidl_typesupport_introspection_c/slam_toolbox/srv/detail/clear__type_support.c.o[0m
[ 42%] [32mBuilding CXX object CMakeFiles/slam_toolbox__rosidl_typesupport_introspection_cpp.dir/rosidl_typesupport_introspection_cpp/slam_toolbox/srv/detail/merge_maps__type_support.cpp.o[0m
[ 43%] [32mBuilding CXX object CMakeFiles/slam_toolbox__rosidl_typesupport_c.dir/rosidl_typesupport_c/slam_toolbox/srv/merge_maps__type_support.cpp.o[0m
[ 44%] [32mBuilding CXX object CMakeFiles/slam_toolbox__rosidl_typesupport_c.dir/rosidl_typesupport_c/slam_toolbox/srv/loop_closure__type_support.cpp.o[0m
[ 44%] [32mBuilding C object CMakeFiles/slam_toolbox__rosidl_typesupport_introspection_c.dir/rosidl_typesupport_introspection_c/slam_toolbox/srv/detail/save_map__type_support.c.o[0m
[ 45%] [32mBuilding C object CMakeFiles/slam_toolbox__rosidl_typesupport_introspection_c.dir/rosidl_typesupport_introspection_c/slam_toolbox/srv/detail/loop_closure__type_support.c.o[0m
[ 45%] [32mBuilding CXX object CMakeFiles/slam_toolbox__rosidl_typesupport_c.dir/rosidl_typesupport_c/slam_toolbox/srv/add_submap__type_support.cpp.o[0m
[ 47%] [32mBuilding CXX object CMakeFiles/slam_toolbox__rosidl_typesupport_introspection_cpp.dir/rosidl_typesupport_introspection_cpp/slam_toolbox/srv/detail/add_submap__type_support.cpp.o[0m
[ 47%] [32mBuilding C object CMakeFiles/slam_toolbox__rosidl_typesupport_introspection_c.dir/rosidl_typesupport_introspection_c/slam_toolbox/srv/detail/merge_maps__type_support.c.o[0m
[ 48%] [32mBuilding CXX object CMakeFiles/slam_toolbox__rosidl_typesupport_c.dir/rosidl_typesupport_c/slam_toolbox/srv/deserialize_pose_graph__type_support.cpp.o[0m
[ 49%] [32mBuilding CXX object CMakeFiles/slam_toolbox__rosidl_typesupport_introspection_cpp.dir/rosidl_typesupport_introspection_cpp/slam_toolbox/srv/detail/deserialize_pose_graph__type_support.cpp.o[0m
[ 50%] [32mBuilding CXX object CMakeFiles/slam_toolbox__rosidl_typesupport_c.dir/rosidl_typesupport_c/slam_toolbox/srv/serialize_pose_graph__type_support.cpp.o[0m
[ 51%] [32mBuilding C object CMakeFiles/slam_toolbox__rosidl_typesupport_introspection_c.dir/rosidl_typesupport_introspection_c/slam_toolbox/srv/detail/add_submap__type_support.c.o[0m
[ 51%] [32mBuilding C object CMakeFiles/slam_toolbox__rosidl_typesupport_introspection_c.dir/rosidl_typesupport_introspection_c/slam_toolbox/srv/detail/deserialize_pose_graph__type_support.c.o[0m
[ 52%] [32mBuilding C object CMakeFiles/slam_toolbox__rosidl_typesupport_introspection_c.dir/rosidl_typesupport_introspection_c/slam_toolbox/srv/detail/serialize_pose_graph__type_support.c.o[0m
[ 52%] [32mBuilding CXX object CMakeFiles/slam_toolbox__rosidl_typesupport_introspection_cpp.dir/rosidl_typesupport_introspection_cpp/slam_toolbox/srv/detail/serialize_pose_graph__type_support.cpp.o[0m
[ 53%] [32m[1mLinking CXX shared library libslam_toolbox__rosidl_typesupport_c.so[0m
[ 54%] [32m[1mLinking C shared library libslam_toolbox__rosidl_typesupport_introspection_c.so[0m
[ 54%] Built target slam_toolbox__rosidl_typesupport_c
[ 54%] Built target slam_toolbox__rosidl_typesupport_introspection_c
[ 55%] [32m[1mLinking CXX shared library libslam_toolbox__rosidl_typesupport_fastrtps_cpp.so[0m
[ 55%] Built target slam_toolbox__rosidl_typesupport_fastrtps_cpp
[ 56%] [34m[1mGenerating C type support for eProsima Fast-RTPS[0m
[ 57%] [32m[1mLinking CXX shared library libslam_toolbox__rosidl_typesupport_introspection_cpp.so[0m
[ 57%] Built target slam_toolbox__rosidl_typesupport_introspection_cpp
[ 57%] [32mBuilding CXX object CMakeFiles/slam_toolbox__rosidl_typesupport_fastrtps_c.dir/rosidl_typesupport_fastrtps_c/slam_toolbox/srv/detail/pause__type_support_c.cpp.o[0m
[ 58%] [32mBuilding CXX object CMakeFiles/slam_toolbox__rosidl_typesupport_fastrtps_c.dir/rosidl_typesupport_fastrtps_c/slam_toolbox/srv/detail/clear_queue__type_support_c.cpp.o[0m
[ 59%] [32mBuilding CXX object CMakeFiles/slam_toolbox__rosidl_typesupport_fastrtps_c.dir/rosidl_typesupport_fastrtps_c/slam_toolbox/srv/detail/toggle_interactive__type_support_c.cpp.o[0m
[ 60%] [32mBuilding CXX object CMakeFiles/slam_toolbox__rosidl_typesupport_fastrtps_c.dir/rosidl_typesupport_fastrtps_c/slam_toolbox/srv/detail/clear__type_support_c.cpp.o[0m
[ 60%] [32mBuilding CXX object CMakeFiles/slam_toolbox__rosidl_typesupport_fastrtps_c.dir/rosidl_typesupport_fastrtps_c/slam_toolbox/srv/detail/save_map__type_support_c.cpp.o[0m
[ 61%] [32mBuilding CXX object CMakeFiles/slam_toolbox__rosidl_typesupport_fastrtps_c.dir/rosidl_typesupport_fastrtps_c/slam_toolbox/srv/detail/loop_closure__type_support_c.cpp.o[0m
[ 62%] [32mBuilding CXX object CMakeFiles/slam_toolbox__rosidl_typesupport_fastrtps_c.dir/rosidl_typesupport_fastrtps_c/slam_toolbox/srv/detail/merge_maps__type_support_c.cpp.o[0m
[ 63%] [32mBuilding CXX object CMakeFiles/slam_toolbox__rosidl_typesupport_fastrtps_c.dir/rosidl_typesupport_fastrtps_c/slam_toolbox/srv/detail/add_submap__type_support_c.cpp.o[0m
[ 63%] [32mBuilding CXX object CMakeFiles/slam_toolbox__rosidl_typesupport_fastrtps_c.dir/rosidl_typesupport_fastrtps_c/slam_toolbox/srv/detail/deserialize_pose_graph__type_support_c.cpp.o[0m
[ 64%] [32mBuilding CXX object CMakeFiles/slam_toolbox__rosidl_typesupport_fastrtps_c.dir/rosidl_typesupport_fastrtps_c/slam_toolbox/srv/detail/serialize_pose_graph__type_support_c.cpp.o[0m
[ 65%] [32m[1mLinking CXX shared library libslam_toolbox__rosidl_typesupport_fastrtps_c.so[0m
[ 65%] Built target slam_toolbox__rosidl_typesupport_fastrtps_c
[ 65%] Built target slam_toolbox
[ 65%] [34m[1mGenerating rviz_plugin/moc_slam_toolbox_rviz_plugin.cpp[0m
[ 66%] [34m[1mGenerating Python code for ROS interfaces[0m
[ 67%] [32mBuilding CXX object CMakeFiles/SlamToolboxPlugin.dir/rviz_plugin/slam_toolbox_rviz_plugin.cpp.o[0m
[ 68%] [32mBuilding CXX object CMakeFiles/SlamToolboxPlugin.dir/rviz_plugin/moc_slam_toolbox_rviz_plugin.cpp.o[0m
[ 68%] Built target slam_toolbox__py
[ 69%] [32mBuilding C object CMakeFiles/slam_toolbox__python.dir/rosidl_generator_py/slam_toolbox/srv/_pause_s.c.o[0m
[ 69%] [32mBuilding C object CMakeFiles/slam_toolbox__python.dir/rosidl_generator_py/slam_toolbox/srv/_clear_queue_s.c.o[0m
[ 70%] [32mBuilding C object CMakeFiles/slam_toolbox__python.dir/rosidl_generator_py/slam_toolbox/srv/_toggle_interactive_s.c.o[0m
[ 71%] [32mBuilding C object CMakeFiles/slam_toolbox__python.dir/rosidl_generator_py/slam_toolbox/srv/_clear_s.c.o[0m
[ 72%] [32mBuilding C object CMakeFiles/slam_toolbox__python.dir/rosidl_generator_py/slam_toolbox/srv/_save_map_s.c.o[0m
[ 72%] [32mBuilding C object CMakeFiles/slam_toolbox__python.dir/rosidl_generator_py/slam_toolbox/srv/_loop_closure_s.c.o[0m
[ 73%] [32mBuilding C object CMakeFiles/slam_toolbox__python.dir/rosidl_generator_py/slam_toolbox/srv/_merge_maps_s.c.o[0m
[ 74%] [32mBuilding C object CMakeFiles/slam_toolbox__python.dir/rosidl_generator_py/slam_toolbox/srv/_add_submap_s.c.o[0m
[ 75%] [32mBuilding C object CMakeFiles/slam_toolbox__python.dir/rosidl_generator_py/slam_toolbox/srv/_deserialize_pose_graph_s.c.o[0m
[ 75%] [32mBuilding C object CMakeFiles/slam_toolbox__python.dir/rosidl_generator_py/slam_toolbox/srv/_serialize_pose_graph_s.c.o[0m
[ 76%] [32m[1mLinking C shared library rosidl_generator_py/slam_toolbox/libslam_toolbox__python.so[0m
[ 76%] Built target slam_toolbox__python
[ 76%] [32mBuilding C object CMakeFiles/slam_toolbox__rosidl_typesupport_fastrtps_c__pyext.dir/rosidl_generator_py/slam_toolbox/_slam_toolbox_s.ep.rosidl_typesupport_fastrtps_c.c.o[0m
[ 77%] [32mBuilding C object CMakeFiles/slam_toolbox__rosidl_typesupport_introspection_c__pyext.dir/rosidl_generator_py/slam_toolbox/_slam_toolbox_s.ep.rosidl_typesupport_introspection_c.c.o[0m
[ 77%] [32mBuilding C object CMakeFiles/slam_toolbox__rosidl_typesupport_c__pyext.dir/rosidl_generator_py/slam_toolbox/_slam_toolbox_s.ep.rosidl_typesupport_c.c.o[0m
[ 78%] [32m[1mLinking CXX shared library rosidl_generator_py/slam_toolbox/slam_toolbox_s__rosidl_typesupport_fastrtps_c.cpython-38-x86_64-linux-gnu.so[0m
[ 78%] [32m[1mLinking C shared library rosidl_generator_py/slam_toolbox/slam_toolbox_s__rosidl_typesupport_introspection_c.cpython-38-x86_64-linux-gnu.so[0m
[ 78%] Built target slam_toolbox__rosidl_typesupport_introspection_c__pyext
[ 79%] [32m[1mLinking C shared library rosidl_generator_py/slam_toolbox/slam_toolbox_s__rosidl_typesupport_c.cpython-38-x86_64-linux-gnu.so[0m
[ 79%] Built target slam_toolbox__rosidl_typesupport_fastrtps_c__pyext
[ 79%] Built target slam_toolbox__rosidl_typesupport_c__pyext
[ 79%] [32m[1mLinking CXX shared library libSlamToolboxPlugin.so[0m
[ 79%] Built target SlamToolboxPlugin
[ 80%] [32m[1mLinking CXX shared library libkartoSlamToolbox.so[0m
[ 80%] Built target kartoSlamToolbox
[ 81%] [32mBuilding CXX object CMakeFiles/ceres_solver_plugin.dir/solvers/ceres_solver.cpp.o[0m
[ 82%] [32mBuilding CXX object CMakeFiles/toolbox_common.dir/src/slam_toolbox_common.cpp.o[0m
[ 83%] [32mBuilding CXX object CMakeFiles/toolbox_common.dir/src/map_saver.cpp.o[0m
[ 83%] [32mBuilding CXX object CMakeFiles/toolbox_common.dir/src/loop_closure_assistant.cpp.o[0m
[ 84%] [32mBuilding CXX object CMakeFiles/toolbox_common.dir/src/laser_utils.cpp.o[0m
[ 85%] [32mBuilding CXX object CMakeFiles/toolbox_common.dir/src/slam_mapper.cpp.o[0m
[ 86%] [32m[1mLinking CXX shared library libceres_solver_plugin.so[0m
[ 86%] Built target ceres_solver_plugin
[ 87%] [32m[1mLinking CXX shared library libtoolbox_common.so[0m
[ 87%] Built target toolbox_common
[ 88%] [32mBuilding CXX object CMakeFiles/sync_slam_toolbox.dir/src/slam_toolbox_sync.cpp.o[0m
[ 89%] [32mBuilding CXX object CMakeFiles/async_slam_toolbox.dir/src/slam_toolbox_async.cpp.o[0m
[ 90%] [32mBuilding CXX object CMakeFiles/localization_slam_toolbox.dir/src/slam_toolbox_localization.cpp.o[0m
[ 91%] [32mBuilding CXX object CMakeFiles/lifelong_slam_toolbox.dir/src/experimental/slam_toolbox_lifelong.cpp.o[0m
[ 92%] [32mBuilding CXX object CMakeFiles/merge_maps_kinematic.dir/src/merge_maps_kinematic.cpp.o[0m
[ 93%] [32m[1mLinking CXX shared library libasync_slam_toolbox.so[0m
[ 93%] Built target async_slam_toolbox
[ 94%] [32mBuilding CXX object CMakeFiles/async_slam_toolbox_node.dir/src/slam_toolbox_async_node.cpp.o[0m
[ 95%] [32m[1mLinking CXX shared library liblifelong_slam_toolbox.so[0m
[ 96%] [32m[1mLinking CXX shared library libsync_slam_toolbox.so[0m
[ 96%] Built target lifelong_slam_toolbox
[ 96%] [32mBuilding CXX object CMakeFiles/lifelong_slam_toolbox_node.dir/src/experimental/slam_toolbox_lifelong_node.cpp.o[0m
[ 96%] Built target sync_slam_toolbox
[ 96%] [32mBuilding CXX object CMakeFiles/sync_slam_toolbox_node.dir/src/slam_toolbox_sync_node.cpp.o[0m
[ 96%] [32m[1mLinking CXX executable merge_maps_kinematic[0m
[ 96%] [32m[1mLinking CXX shared library liblocalization_slam_toolbox.so[0m
[ 96%] Built target merge_maps_kinematic
[ 96%] Built target localization_slam_toolbox
[ 97%] [32mBuilding CXX object CMakeFiles/localization_slam_toolbox_node.dir/src/slam_toolbox_localization_node.cpp.o[0m
[ 97%] [32m[1mLinking CXX executable async_slam_toolbox_node[0m
[ 97%] Built target async_slam_toolbox_node
[ 98%] [32m[1mLinking CXX executable lifelong_slam_toolbox_node[0m
[ 99%] [32m[1mLinking CXX executable sync_slam_toolbox_node[0m
[ 99%] Built target lifelong_slam_toolbox_node
[ 99%] Built target sync_slam_toolbox_node
[100%] [32m[1mLinking CXX executable localization_slam_toolbox_node[0m
[100%] Built target localization_slam_toolbox_node
-- Install configuration: "Release"
-- Execute custom install script
-- Symlinking: /home/naraphon9/ros2_ws/src/install/slam_toolbox/include//karto_sdk/Karto.h
-- Symlinking: /home/naraphon9/ros2_ws/src/install/slam_toolbox/include//karto_sdk/Macros.h
-- Symlinking: /home/naraphon9/ros2_ws/src/install/slam_toolbox/include//karto_sdk/Mapper.h
-- Symlinking: /home/naraphon9/ros2_ws/src/install/slam_toolbox/include//karto_sdk/Math.h
-- Symlinking: /home/naraphon9/ros2_ws/src/install/slam_toolbox/include//karto_sdk/Types.h
-- Symlinking: /home/naraphon9/ros2_ws/src/install/slam_toolbox/include//karto_sdk/nanoflann.hpp
-- Symlinking: /home/naraphon9/ros2_ws/src/install/slam_toolbox/include//karto_sdk/nanoflann_adaptors.h
-- Symlinking: /home/naraphon9/ros2_ws/src/install/slam_toolbox/lib/libkartoSlamToolbox.so
-- Symlinking: /home/naraphon9/ros2_ws/src/install/slam_toolbox/share/karto_sdk/environment/library_path.sh
-- Symlinking: /home/naraphon9/ros2_ws/src/install/slam_toolbox/share/karto_sdk/environment/library_path.dsv
-- Symlinking: /home/naraphon9/ros2_ws/src/install/slam_toolbox/share/ament_index/resource_index/package_run_dependencies/karto_sdk
-- Symlinking: /home/naraphon9/ros2_ws/src/install/slam_toolbox/share/ament_index/resource_index/parent_prefix_path/karto_sdk
-- Symlinking: /home/naraphon9/ros2_ws/src/install/slam_toolbox/share/karto_sdk/environment/ament_prefix_path.sh
-- Symlinking: /home/naraphon9/ros2_ws/src/install/slam_toolbox/share/karto_sdk/environment/ament_prefix_path.dsv
-- Symlinking: /home/naraphon9/ros2_ws/src/install/slam_toolbox/share/karto_sdk/environment/path.sh
-- Symlinking: /home/naraphon9/ros2_ws/src/install/slam_toolbox/share/karto_sdk/environment/path.dsv
-- Symlinking: /home/naraphon9/ros2_ws/src/install/slam_toolbox/share/karto_sdk/local_setup.bash
-- Symlinking: /home/naraphon9/ros2_ws/src/install/slam_toolbox/share/karto_sdk/local_setup.sh
-- Symlinking: /home/naraphon9/ros2_ws/src/install/slam_toolbox/share/karto_sdk/local_setup.zsh
-- Symlinking: /home/naraphon9/ros2_ws/src/install/slam_toolbox/share/karto_sdk/local_setup.dsv
-- Symlinking: /home/naraphon9/ros2_ws/src/install/slam_toolbox/share/karto_sdk/package.dsv
-- Symlinking: /home/naraphon9/ros2_ws/src/install/slam_toolbox/share/ament_index/resource_index/packages/karto_sdk
-- Symlinking: /home/naraphon9/ros2_ws/src/install/slam_toolbox/share/karto_sdk/cmake/ament_cmake_export_libraries-extras.cmake
-- Symlinking: /home/naraphon9/ros2_ws/src/install/slam_toolbox/share/karto_sdk/cmake/ament_cmake_export_include_directories-extras.cmake
-- Symlinking: /home/naraphon9/ros2_ws/src/install/slam_toolbox/share/karto_sdk/cmake/ament_cmake_export_dependencies-extras.cmake
-- Symlinking: /home/naraphon9/ros2_ws/src/install/slam_toolbox/share/karto_sdk/cmake/karto_sdkConfig.cmake
-- Symlinking: /home/naraphon9/ros2_ws/src/install/slam_toolbox/share/karto_sdk/cmake/karto_sdkConfig-version.cmake
-- Symlinking: /home/naraphon9/ros2_ws/src/install/slam_toolbox/share/karto_sdk/package.xml
-- Symlinking: /home/naraphon9/ros2_ws/src/install/slam_toolbox/share/ament_index/resource_index/rosidl_interfaces/slam_toolbox
-- Symlinking: /home/naraphon9/ros2_ws/src/install/slam_toolbox/include/slam_toolbox/msg/rosidl_generator_c__visibility_control.h
-- Symlinking: /home/naraphon9/ros2_ws/src/install/slam_toolbox/include/slam_toolbox/srv/add_submap.h
-- Symlinking: /home/naraphon9/ros2_ws/src/install/slam_toolbox/include/slam_toolbox/srv/clear.h
-- Symlinking: /home/naraphon9/ros2_ws/src/install/slam_toolbox/include/slam_toolbox/srv/clear_queue.h
-- Symlinking: /home/naraphon9/ros2_ws/src/install/slam_toolbox/include/slam_toolbox/srv/deserialize_pose_graph.h
-- Symlinking: /home/naraphon9/ros2_ws/src/install/slam_toolbox/include/slam_toolbox/srv/detail/add_submap__functions.h
-- Symlinking: /home/naraphon9/ros2_ws/src/install/slam_toolbox/include/slam_toolbox/srv/detail/add_submap__struct.h
-- Symlinking: /home/naraphon9/ros2_ws/src/install/slam_toolbox/include/slam_toolbox/srv/detail/add_submap__type_support.h
-- Symlinking: /home/naraphon9/ros2_ws/src/install/slam_toolbox/include/slam_toolbox/srv/detail/clear__functions.h
-- Symlinking: /home/naraphon9/ros2_ws/src/install/slam_toolbox/include/slam_toolbox/srv/detail/clear__struct.h
-- Symlinking: /home/naraphon9/ros2_ws/src/install/slam_toolbox/include/slam_toolbox/srv/detail/clear__type_support.h
-- Symlinking: /home/naraphon9/ros2_ws/src/install/slam_toolbox/include/slam_toolbox/srv/detail/clear_queue__functions.h
-- Symlinking: /home/naraphon9/ros2_ws/src/install/slam_toolbox/include/slam_toolbox/srv/detail/clear_queue__struct.h
-- Symlinking: /home/naraphon9/ros2_ws/src/install/slam_toolbox/include/slam_toolbox/srv/detail/clear_queue__type_support.h
-- Symlinking: /home/naraphon9/ros2_ws/src/install/slam_toolbox/include/slam_toolbox/srv/detail/deserialize_pose_graph__functions.h
-- Symlinking: /home/naraphon9/ros2_ws/src/install/slam_toolbox/include/slam_toolbox/srv/detail/deserialize_pose_graph__struct.h
-- Symlinking: /home/naraphon9/ros2_ws/src/install/slam_toolbox/include/slam_toolbox/srv/detail/deserialize_pose_graph__type_support.h
-- Symlinking: /home/naraphon9/ros2_ws/src/install/slam_toolbox/include/slam_toolbox/srv/detail/loop_closure__functions.h
-- Symlinking: /home/naraphon9/ros2_ws/src/install/slam_toolbox/include/slam_toolbox/srv/detail/loop_closure__struct.h
-- Symlinking: /home/naraphon9/ros2_ws/src/install/slam_toolbox/include/slam_toolbox/srv/detail/loop_closure__type_support.h
-- Symlinking: /home/naraphon9/ros2_ws/src/install/slam_toolbox/include/slam_toolbox/srv/detail/merge_maps__functions.h
-- Symlinking: /home/naraphon9/ros2_ws/src/install/slam_toolbox/include/slam_toolbox/srv/detail/merge_maps__struct.h
-- Symlinking: /home/naraphon9/ros2_ws/src/install/slam_toolbox/include/slam_toolbox/srv/detail/merge_maps__type_support.h
-- Symlinking: /home/naraphon9/ros2_ws/src/install/slam_toolbox/include/slam_toolbox/srv/detail/pause__functions.h
-- Symlinking: /home/naraphon9/ros2_ws/src/install/slam_toolbox/include/slam_toolbox/srv/detail/pause__struct.h
-- Symlinking: /home/naraphon9/ros2_ws/src/install/slam_toolbox/include/slam_toolbox/srv/detail/pause__type_support.h
-- Symlinking: /home/naraphon9/ros2_ws/src/install/slam_toolbox/include/slam_toolbox/srv/detail/save_map__functions.h
-- Symlinking: /home/naraphon9/ros2_ws/src/install/slam_toolbox/include/slam_toolbox/srv/detail/save_map__struct.h
-- Symlinking: /home/naraphon9/ros2_ws/src/install/slam_toolbox/include/slam_toolbox/srv/detail/save_map__type_support.h
-- Symlinking: /home/naraphon9/ros2_ws/src/install/slam_toolbox/include/slam_toolbox/srv/detail/serialize_pose_graph__functions.h
-- Symlinking: /home/naraphon9/ros2_ws/src/install/slam_toolbox/include/slam_toolbox/srv/detail/serialize_pose_graph__struct.h
-- Symlinking: /home/naraphon9/ros2_ws/src/install/slam_toolbox/include/slam_toolbox/srv/detail/serialize_pose_graph__type_support.h
-- Symlinking: /home/naraphon9/ros2_ws/src/install/slam_toolbox/include/slam_toolbox/srv/detail/toggle_interactive__functions.h
-- Symlinking: /home/naraphon9/ros2_ws/src/install/slam_toolbox/include/slam_toolbox/srv/detail/toggle_interactive__struct.h
-- Symlinking: /home/naraphon9/ros2_ws/src/install/slam_toolbox/include/slam_toolbox/srv/detail/toggle_interactive__type_support.h
-- Symlinking: /home/naraphon9/ros2_ws/src/install/slam_toolbox/include/slam_toolbox/srv/loop_closure.h
-- Symlinking: /home/naraphon9/ros2_ws/src/install/slam_toolbox/include/slam_toolbox/srv/merge_maps.h
-- Symlinking: /home/naraphon9/ros2_ws/src/install/slam_toolbox/include/slam_toolbox/srv/pause.h
-- Symlinking: /home/naraphon9/ros2_ws/src/install/slam_toolbox/include/slam_toolbox/srv/save_map.h
-- Symlinking: /home/naraphon9/ros2_ws/src/install/slam_toolbox/include/slam_toolbox/srv/serialize_pose_graph.h
-- Symlinking: /home/naraphon9/ros2_ws/src/install/slam_toolbox/include/slam_toolbox/srv/toggle_interactive.h
-- Symlinking: /home/naraphon9/ros2_ws/src/install/slam_toolbox/share/slam_toolbox/environment/library_path.sh
-- Symlinking: /home/naraphon9/ros2_ws/src/install/slam_toolbox/share/slam_toolbox/environment/library_path.dsv
-- Symlinking: /home/naraphon9/ros2_ws/src/install/slam_toolbox/include/slam_toolbox/msg/rosidl_typesupport_fastrtps_c__visibility_control.h
-- Symlinking: /home/naraphon9/ros2_ws/src/install/slam_toolbox/include/slam_toolbox/srv/detail/add_submap__rosidl_typesupport_fastrtps_c.h
-- Symlinking: /home/naraphon9/ros2_ws/src/install/slam_toolbox/include/slam_toolbox/srv/detail/clear__rosidl_typesupport_fastrtps_c.h
-- Symlinking: /home/naraphon9/ros2_ws/src/install/slam_toolbox/include/slam_toolbox/srv/detail/clear_queue__rosidl_typesupport_fastrtps_c.h
-- Symlinking: /home/naraphon9/ros2_ws/src/install/slam_toolbox/include/slam_toolbox/srv/detail/deserialize_pose_graph__rosidl_typesupport_fastrtps_c.h
-- Symlinking: /home/naraphon9/ros2_ws/src/install/slam_toolbox/include/slam_toolbox/srv/detail/loop_closure__rosidl_typesupport_fastrtps_c.h
-- Symlinking: /home/naraphon9/ros2_ws/src/install/slam_toolbox/include/slam_toolbox/srv/detail/merge_maps__rosidl_typesupport_fastrtps_c.h
-- Symlinking: /home/naraphon9/ros2_ws/src/install/slam_toolbox/include/slam_toolbox/srv/detail/pause__rosidl_typesupport_fastrtps_c.h
-- Symlinking: /home/naraphon9/ros2_ws/src/install/slam_toolbox/include/slam_toolbox/srv/detail/save_map__rosidl_typesupport_fastrtps_c.h
-- Symlinking: /home/naraphon9/ros2_ws/src/install/slam_toolbox/include/slam_toolbox/srv/detail/serialize_pose_graph__rosidl_typesupport_fastrtps_c.h
-- Symlinking: /home/naraphon9/ros2_ws/src/install/slam_toolbox/include/slam_toolbox/srv/detail/toggle_interactive__rosidl_typesupport_fastrtps_c.h
-- Symlinking: /home/naraphon9/ros2_ws/src/install/slam_toolbox/lib/libslam_toolbox__rosidl_typesupport_fastrtps_c.so
-- Symlinking: /home/naraphon9/ros2_ws/src/install/slam_toolbox/include/slam_toolbox/msg/rosidl_typesupport_fastrtps_cpp__visibility_control.h
-- Symlinking: /home/naraphon9/ros2_ws/src/install/slam_toolbox/include/slam_toolbox/srv/detail/add_submap__rosidl_typesupport_fastrtps_cpp.hpp
-- Symlinking: /home/naraphon9/ros2_ws/src/install/slam_toolbox/include/slam_toolbox/srv/detail/clear__rosidl_typesupport_fastrtps_cpp.hpp
-- Symlinking: /home/naraphon9/ros2_ws/src/install/slam_toolbox/include/slam_toolbox/srv/detail/clear_queue__rosidl_typesupport_fastrtps_cpp.hpp
-- Symlinking: /home/naraphon9/ros2_ws/src/install/slam_toolbox/include/slam_toolbox/srv/detail/deserialize_pose_graph__rosidl_typesupport_fastrtps_cpp.hpp
-- Symlinking: /home/naraphon9/ros2_ws/src/install/slam_toolbox/include/slam_toolbox/srv/detail/loop_closure__rosidl_typesupport_fastrtps_cpp.hpp
-- Symlinking: /home/naraphon9/ros2_ws/src/install/slam_toolbox/include/slam_toolbox/srv/detail/merge_maps__rosidl_typesupport_fastrtps_cpp.hpp
-- Symlinking: /home/naraphon9/ros2_ws/src/install/slam_toolbox/include/slam_toolbox/srv/detail/pause__rosidl_typesupport_fastrtps_cpp.hpp
-- Symlinking: /home/naraphon9/ros2_ws/src/install/slam_toolbox/include/slam_toolbox/srv/detail/save_map__rosidl_typesupport_fastrtps_cpp.hpp
-- Symlinking: /home/naraphon9/ros2_ws/src/install/slam_toolbox/include/slam_toolbox/srv/detail/serialize_pose_graph__rosidl_typesupport_fastrtps_cpp.hpp
-- Symlinking: /home/naraphon9/ros2_ws/src/install/slam_toolbox/include/slam_toolbox/srv/detail/toggle_interactive__rosidl_typesupport_fastrtps_cpp.hpp
-- Symlinking: /home/naraphon9/ros2_ws/src/install/slam_toolbox/lib/libslam_toolbox__rosidl_typesupport_fastrtps_cpp.so
-- Symlinking: /home/naraphon9/ros2_ws/src/install/slam_toolbox/include/slam_toolbox/msg/rosidl_typesupport_introspection_c__visibility_control.h
-- Symlinking: /home/naraphon9/ros2_ws/src/install/slam_toolbox/include/slam_toolbox/srv/detail/add_submap__rosidl_typesupport_introspection_c.h
-- Symlinking: /home/naraphon9/ros2_ws/src/install/slam_toolbox/include/slam_toolbox/srv/detail/clear__rosidl_typesupport_introspection_c.h
-- Symlinking: /home/naraphon9/ros2_ws/src/install/slam_toolbox/include/slam_toolbox/srv/detail/clear_queue__rosidl_typesupport_introspection_c.h
-- Symlinking: /home/naraphon9/ros2_ws/src/install/slam_toolbox/include/slam_toolbox/srv/detail/deserialize_pose_graph__rosidl_typesupport_introspection_c.h
-- Symlinking: /home/naraphon9/ros2_ws/src/install/slam_toolbox/include/slam_toolbox/srv/detail/loop_closure__rosidl_typesupport_introspection_c.h
-- Symlinking: /home/naraphon9/ros2_ws/src/install/slam_toolbox/include/slam_toolbox/srv/detail/merge_maps__rosidl_typesupport_introspection_c.h
-- Symlinking: /home/naraphon9/ros2_ws/src/install/slam_toolbox/include/slam_toolbox/srv/detail/pause__rosidl_typesupport_introspection_c.h
-- Symlinking: /home/naraphon9/ros2_ws/src/install/slam_toolbox/include/slam_toolbox/srv/detail/save_map__rosidl_typesupport_introspection_c.h
-- Symlinking: /home/naraphon9/ros2_ws/src/install/slam_toolbox/include/slam_toolbox/srv/detail/serialize_pose_graph__rosidl_typesupport_introspection_c.h
-- Symlinking: /home/naraphon9/ros2_ws/src/install/slam_toolbox/include/slam_toolbox/srv/detail/toggle_interactive__rosidl_typesupport_introspection_c.h
-- Symlinking: /home/naraphon9/ros2_ws/src/install/slam_toolbox/include/slam_toolbox/msg/rosidl_generator_cpp__visibility_control.hpp
-- Symlinking: /home/naraphon9/ros2_ws/src/install/slam_toolbox/include/slam_toolbox/srv/add_submap.hpp
-- Symlinking: /home/naraphon9/ros2_ws/src/install/slam_toolbox/include/slam_toolbox/srv/clear.hpp
-- Symlinking: /home/naraphon9/ros2_ws/src/install/slam_toolbox/include/slam_toolbox/srv/clear_queue.hpp
-- Symlinking: /home/naraphon9/ros2_ws/src/install/slam_toolbox/include/slam_toolbox/srv/deserialize_pose_graph.hpp
-- Symlinking: /home/naraphon9/ros2_ws/src/install/slam_toolbox/include/slam_toolbox/srv/detail/add_submap__builder.hpp
-- Symlinking: /home/naraphon9/ros2_ws/src/install/slam_toolbox/include/slam_toolbox/srv/detail/add_submap__struct.hpp
-- Symlinking: /home/naraphon9/ros2_ws/src/install/slam_toolbox/include/slam_toolbox/srv/detail/add_submap__traits.hpp
-- Symlinking: /home/naraphon9/ros2_ws/src/install/slam_toolbox/include/slam_toolbox/srv/detail/add_submap__type_support.hpp
-- Symlinking: /home/naraphon9/ros2_ws/src/install/slam_toolbox/include/slam_toolbox/srv/detail/clear__builder.hpp
-- Symlinking: /home/naraphon9/ros2_ws/src/install/slam_toolbox/include/slam_toolbox/srv/detail/clear__struct.hpp
-- Symlinking: /home/naraphon9/ros2_ws/src/install/slam_toolbox/include/slam_toolbox/srv/detail/clear__traits.hpp
-- Symlinking: /home/naraphon9/ros2_ws/src/install/slam_toolbox/include/slam_toolbox/srv/detail/clear__type_support.hpp
-- Symlinking: /home/naraphon9/ros2_ws/src/install/slam_toolbox/include/slam_toolbox/srv/detail/clear_queue__builder.hpp
-- Symlinking: /home/naraphon9/ros2_ws/src/install/slam_toolbox/include/slam_toolbox/srv/detail/clear_queue__struct.hpp
-- Symlinking: /home/naraphon9/ros2_ws/src/install/slam_toolbox/include/slam_toolbox/srv/detail/clear_queue__traits.hpp
-- Symlinking: /home/naraphon9/ros2_ws/src/install/slam_toolbox/include/slam_toolbox/srv/detail/clear_queue__type_support.hpp
-- Symlinking: /home/naraphon9/ros2_ws/src/install/slam_toolbox/include/slam_toolbox/srv/detail/deserialize_pose_graph__builder.hpp
-- Symlinking: /home/naraphon9/ros2_ws/src/install/slam_toolbox/include/slam_toolbox/srv/detail/deserialize_pose_graph__struct.hpp
-- Symlinking: /home/naraphon9/ros2_ws/src/install/slam_toolbox/include/slam_toolbox/srv/detail/deserialize_pose_graph__traits.hpp
-- Symlinking: /home/naraphon9/ros2_ws/src/install/slam_toolbox/include/slam_toolbox/srv/detail/deserialize_pose_graph__type_support.hpp
-- Symlinking: /home/naraphon9/ros2_ws/src/install/slam_toolbox/include/slam_toolbox/srv/detail/loop_closure__builder.hpp
-- Symlinking: /home/naraphon9/ros2_ws/src/install/slam_toolbox/include/slam_toolbox/srv/detail/loop_closure__struct.hpp
-- Symlinking: /home/naraphon9/ros2_ws/src/install/slam_toolbox/include/slam_toolbox/srv/detail/loop_closure__traits.hpp
-- Symlinking: /home/naraphon9/ros2_ws/src/install/slam_toolbox/include/slam_toolbox/srv/detail/loop_closure__type_support.hpp
-- Symlinking: /home/naraphon9/ros2_ws/src/install/slam_toolbox/include/slam_toolbox/srv/detail/merge_maps__builder.hpp
-- Symlinking: /home/naraphon9/ros2_ws/src/install/slam_toolbox/include/slam_toolbox/srv/detail/merge_maps__struct.hpp
-- Symlinking: /home/naraphon9/ros2_ws/src/install/slam_toolbox/include/slam_toolbox/srv/detail/merge_maps__traits.hpp
-- Symlinking: /home/naraphon9/ros2_ws/src/install/slam_toolbox/include/slam_toolbox/srv/detail/merge_maps__type_support.hpp
-- Symlinking: /home/naraphon9/ros2_ws/src/install/slam_toolbox/include/slam_toolbox/srv/detail/pause__builder.hpp
-- Symlinking: /home/naraphon9/ros2_ws/src/install/slam_toolbox/include/slam_toolbox/srv/detail/pause__struct.hpp
-- Symlinking: /home/naraphon9/ros2_ws/src/install/slam_toolbox/include/slam_toolbox/srv/detail/pause__traits.hpp
-- Symlinking: /home/naraphon9/ros2_ws/src/install/slam_toolbox/include/slam_toolbox/srv/detail/pause__type_support.hpp
-- Symlinking: /home/naraphon9/ros2_ws/src/install/slam_toolbox/include/slam_toolbox/srv/detail/save_map__builder.hpp
-- Symlinking: /home/naraphon9/ros2_ws/src/install/slam_toolbox/include/slam_toolbox/srv/detail/save_map__struct.hpp
-- Symlinking: /home/naraphon9/ros2_ws/src/install/slam_toolbox/include/slam_toolbox/srv/detail/save_map__traits.hpp
-- Symlinking: /home/naraphon9/ros2_ws/src/install/slam_toolbox/include/slam_toolbox/srv/detail/save_map__type_support.hpp
-- Symlinking: /home/naraphon9/ros2_ws/src/install/slam_toolbox/include/slam_toolbox/srv/detail/serialize_pose_graph__builder.hpp
-- Symlinking: /home/naraphon9/ros2_ws/src/install/slam_toolbox/include/slam_toolbox/srv/detail/serialize_pose_graph__struct.hpp
-- Symlinking: /home/naraphon9/ros2_ws/src/install/slam_toolbox/include/slam_toolbox/srv/detail/serialize_pose_graph__traits.hpp
-- Symlinking: /home/naraphon9/ros2_ws/src/install/slam_toolbox/include/slam_toolbox/srv/detail/serialize_pose_graph__type_support.hpp
-- Symlinking: /home/naraphon9/ros2_ws/src/install/slam_toolbox/include/slam_toolbox/srv/detail/toggle_interactive__builder.hpp
-- Symlinking: /home/naraphon9/ros2_ws/src/install/slam_toolbox/include/slam_toolbox/srv/detail/toggle_interactive__struct.hpp
-- Symlinking: /home/naraphon9/ros2_ws/src/install/slam_toolbox/include/slam_toolbox/srv/detail/toggle_interactive__traits.hpp
-- Symlinking: /home/naraphon9/ros2_ws/src/install/slam_toolbox/include/slam_toolbox/srv/detail/toggle_interactive__type_support.hpp
-- Symlinking: /home/naraphon9/ros2_ws/src/install/slam_toolbox/include/slam_toolbox/srv/loop_closure.hpp
-- Symlinking: /home/naraphon9/ros2_ws/src/install/slam_toolbox/include/slam_toolbox/srv/merge_maps.hpp
-- Symlinking: /home/naraphon9/ros2_ws/src/install/slam_toolbox/include/slam_toolbox/srv/pause.hpp
-- Symlinking: /home/naraphon9/ros2_ws/src/install/slam_toolbox/include/slam_toolbox/srv/save_map.hpp
-- Symlinking: /home/naraphon9/ros2_ws/src/install/slam_toolbox/include/slam_toolbox/srv/serialize_pose_graph.hpp
-- Symlinking: /home/naraphon9/ros2_ws/src/install/slam_toolbox/include/slam_toolbox/srv/toggle_interactive.hpp
-- Symlinking: /home/naraphon9/ros2_ws/src/install/slam_toolbox/include/slam_toolbox/srv/detail/add_submap__rosidl_typesupport_introspection_cpp.hpp
-- Symlinking: /home/naraphon9/ros2_ws/src/install/slam_toolbox/include/slam_toolbox/srv/detail/clear__rosidl_typesupport_introspection_cpp.hpp
-- Symlinking: /home/naraphon9/ros2_ws/src/install/slam_toolbox/include/slam_toolbox/srv/detail/clear_queue__rosidl_typesupport_introspection_cpp.hpp
-- Symlinking: /home/naraphon9/ros2_ws/src/install/slam_toolbox/include/slam_toolbox/srv/detail/deserialize_pose_graph__rosidl_typesupport_introspection_cpp.hpp
-- Symlinking: /home/naraphon9/ros2_ws/src/install/slam_toolbox/include/slam_toolbox/srv/detail/loop_closure__rosidl_typesupport_introspection_cpp.hpp
-- Symlinking: /home/naraphon9/ros2_ws/src/install/slam_toolbox/include/slam_toolbox/srv/detail/merge_maps__rosidl_typesupport_introspection_cpp.hpp
-- Symlinking: /home/naraphon9/ros2_ws/src/install/slam_toolbox/include/slam_toolbox/srv/detail/pause__rosidl_typesupport_introspection_cpp.hpp
-- Symlinking: /home/naraphon9/ros2_ws/src/install/slam_toolbox/include/slam_toolbox/srv/detail/save_map__rosidl_typesupport_introspection_cpp.hpp
-- Symlinking: /home/naraphon9/ros2_ws/src/install/slam_toolbox/include/slam_toolbox/srv/detail/serialize_pose_graph__rosidl_typesupport_introspection_cpp.hpp
-- Symlinking: /home/naraphon9/ros2_ws/src/install/slam_toolbox/include/slam_toolbox/srv/detail/toggle_interactive__rosidl_typesupport_introspection_cpp.hpp
-- Symlinking: /home/naraphon9/ros2_ws/src/install/slam_toolbox/share/slam_toolbox/environment/pythonpath.sh
-- Symlinking: /home/naraphon9/ros2_ws/src/install/slam_toolbox/share/slam_toolbox/environment/pythonpath.dsv
-- Symlinking: /home/naraphon9/ros2_ws/src/install/slam_toolbox/lib/python3.8/site-packages/slam_toolbox/__init__.py
-- Symlinking: /home/naraphon9/ros2_ws/src/install/slam_toolbox/lib/python3.8/site-packages/slam_toolbox/srv/__init__.py
-- Symlinking: /home/naraphon9/ros2_ws/src/install/slam_toolbox/lib/python3.8/site-packages/slam_toolbox/srv/_add_submap.py
-- Symlinking: /home/naraphon9/ros2_ws/src/install/slam_toolbox/lib/python3.8/site-packages/slam_toolbox/srv/_clear.py
-- Symlinking: /home/naraphon9/ros2_ws/src/install/slam_toolbox/lib/python3.8/site-packages/slam_toolbox/srv/_clear_queue.py
-- Symlinking: /home/naraphon9/ros2_ws/src/install/slam_toolbox/lib/python3.8/site-packages/slam_toolbox/srv/_deserialize_pose_graph.py
-- Symlinking: /home/naraphon9/ros2_ws/src/install/slam_toolbox/lib/python3.8/site-packages/slam_toolbox/srv/_loop_closure.py
-- Symlinking: /home/naraphon9/ros2_ws/src/install/slam_toolbox/lib/python3.8/site-packages/slam_toolbox/srv/_merge_maps.py
-- Symlinking: /home/naraphon9/ros2_ws/src/install/slam_toolbox/lib/python3.8/site-packages/slam_toolbox/srv/_pause.py
-- Symlinking: /home/naraphon9/ros2_ws/src/install/slam_toolbox/lib/python3.8/site-packages/slam_toolbox/srv/_save_map.py
-- Symlinking: /home/naraphon9/ros2_ws/src/install/slam_toolbox/lib/python3.8/site-packages/slam_toolbox/srv/_serialize_pose_graph.py
-- Symlinking: /home/naraphon9/ros2_ws/src/install/slam_toolbox/lib/python3.8/site-packages/slam_toolbox/srv/_toggle_interactive.py
-- Symlinking: /home/naraphon9/ros2_ws/src/install/slam_toolbox/lib/python3.8/site-packages/slam_toolbox/slam_toolbox_s__rosidl_typesupport_fastrtps_c.cpython-38-x86_64-linux-gnu.so
-- Symlinking: /home/naraphon9/ros2_ws/src/install/slam_toolbox/lib/python3.8/site-packages/slam_toolbox/slam_toolbox_s__rosidl_typesupport_introspection_c.cpython-38-x86_64-linux-gnu.so
-- Symlinking: /home/naraphon9/ros2_ws/src/install/slam_toolbox/lib/python3.8/site-packages/slam_toolbox/slam_toolbox_s__rosidl_typesupport_c.cpython-38-x86_64-linux-gnu.so
-- Symlinking: /home/naraphon9/ros2_ws/src/install/slam_toolbox/lib/libslam_toolbox__python.so
-- Symlinking: /home/naraphon9/ros2_ws/src/install/slam_toolbox/share/slam_toolbox/srv/Pause.idl
-- Symlinking: /home/naraphon9/ros2_ws/src/install/slam_toolbox/share/slam_toolbox/srv/ClearQueue.idl
-- Symlinking: /home/naraphon9/ros2_ws/src/install/slam_toolbox/share/slam_toolbox/srv/ToggleInteractive.idl
-- Symlinking: /home/naraphon9/ros2_ws/src/install/slam_toolbox/share/slam_toolbox/srv/Clear.idl
-- Symlinking: /home/naraphon9/ros2_ws/src/install/slam_toolbox/share/slam_toolbox/srv/SaveMap.idl
-- Symlinking: /home/naraphon9/ros2_ws/src/install/slam_toolbox/share/slam_toolbox/srv/LoopClosure.idl
-- Symlinking: /home/naraphon9/ros2_ws/src/install/slam_toolbox/share/slam_toolbox/srv/MergeMaps.idl
-- Symlinking: /home/naraphon9/ros2_ws/src/install/slam_toolbox/share/slam_toolbox/srv/AddSubmap.idl
-- Symlinking: /home/naraphon9/ros2_ws/src/install/slam_toolbox/share/slam_toolbox/srv/DeserializePoseGraph.idl
-- Symlinking: /home/naraphon9/ros2_ws/src/install/slam_toolbox/share/slam_toolbox/srv/SerializePoseGraph.idl
-- Symlinking: /home/naraphon9/ros2_ws/src/install/slam_toolbox/share/slam_toolbox/srvs/Pause.srv
-- Symlinking: /home/naraphon9/ros2_ws/src/install/slam_toolbox/share/slam_toolbox/srvs/Pause_Request.msg
-- Symlinking: /home/naraphon9/ros2_ws/src/install/slam_toolbox/share/slam_toolbox/srvs/Pause_Response.msg
-- Symlinking: /home/naraphon9/ros2_ws/src/install/slam_toolbox/share/slam_toolbox/srvs/ClearQueue.srv
-- Symlinking: /home/naraphon9/ros2_ws/src/install/slam_toolbox/share/slam_toolbox/srvs/ClearQueue_Request.msg
-- Symlinking: /home/naraphon9/ros2_ws/src/install/slam_toolbox/share/slam_toolbox/srvs/ClearQueue_Response.msg
-- Symlinking: /home/naraphon9/ros2_ws/src/install/slam_toolbox/share/slam_toolbox/srvs/ToggleInteractive.srv
-- Symlinking: /home/naraphon9/ros2_ws/src/install/slam_toolbox/share/slam_toolbox/srvs/ToggleInteractive_Request.msg
-- Symlinking: /home/naraphon9/ros2_ws/src/install/slam_toolbox/share/slam_toolbox/srvs/ToggleInteractive_Response.msg
-- Symlinking: /home/naraphon9/ros2_ws/src/install/slam_toolbox/share/slam_toolbox/srvs/Clear.srv
-- Symlinking: /home/naraphon9/ros2_ws/src/install/slam_toolbox/share/slam_toolbox/srvs/Clear_Request.msg
-- Symlinking: /home/naraphon9/ros2_ws/src/install/slam_toolbox/share/slam_toolbox/srvs/Clear_Response.msg
-- Symlinking: /home/naraphon9/ros2_ws/src/install/slam_toolbox/share/slam_toolbox/srvs/SaveMap.srv
-- Symlinking: /home/naraphon9/ros2_ws/src/install/slam_toolbox/share/slam_toolbox/srvs/SaveMap_Request.msg
-- Symlinking: /home/naraphon9/ros2_ws/src/install/slam_toolbox/share/slam_toolbox/srvs/SaveMap_Response.msg
-- Symlinking: /home/naraphon9/ros2_ws/src/install/slam_toolbox/share/slam_toolbox/srvs/LoopClosure.srv
-- Symlinking: /home/naraphon9/ros2_ws/src/install/slam_toolbox/share/slam_toolbox/srvs/LoopClosure_Request.msg
-- Symlinking: /home/naraphon9/ros2_ws/src/install/slam_toolbox/share/slam_toolbox/srvs/LoopClosure_Response.msg
-- Symlinking: /home/naraphon9/ros2_ws/src/install/slam_toolbox/share/slam_toolbox/srvs/MergeMaps.srv
-- Symlinking: /home/naraphon9/ros2_ws/src/install/slam_toolbox/share/slam_toolbox/srvs/MergeMaps_Request.msg
-- Symlinking: /home/naraphon9/ros2_ws/src/install/slam_toolbox/share/slam_toolbox/srvs/MergeMaps_Response.msg
-- Symlinking: /home/naraphon9/ros2_ws/src/install/slam_toolbox/share/slam_toolbox/srvs/AddSubmap.srv
-- Symlinking: /home/naraphon9/ros2_ws/src/install/slam_toolbox/share/slam_toolbox/srvs/AddSubmap_Request.msg
-- Symlinking: /home/naraphon9/ros2_ws/src/install/slam_toolbox/share/slam_toolbox/srvs/AddSubmap_Response.msg
-- Symlinking: /home/naraphon9/ros2_ws/src/install/slam_toolbox/share/slam_toolbox/srvs/DeserializePoseGraph.srv
-- Symlinking: /home/naraphon9/ros2_ws/src/install/slam_toolbox/share/slam_toolbox/srvs/DeserializePoseGraph_Request.msg
-- Symlinking: /home/naraphon9/ros2_ws/src/install/slam_toolbox/share/slam_toolbox/srvs/DeserializePoseGraph_Response.msg
-- Symlinking: /home/naraphon9/ros2_ws/src/install/slam_toolbox/share/slam_toolbox/srvs/SerializePoseGraph.srv
-- Symlinking: /home/naraphon9/ros2_ws/src/install/slam_toolbox/share/slam_toolbox/srvs/SerializePoseGraph_Request.msg
-- Symlinking: /home/naraphon9/ros2_ws/src/install/slam_toolbox/share/slam_toolbox/srvs/SerializePoseGraph_Response.msg
-- Symlinking: /home/naraphon9/ros2_ws/src/install/slam_toolbox/share/slam_toolbox//rviz_plugins.xml
-- Symlinking: /home/naraphon9/ros2_ws/src/install/slam_toolbox/share/slam_toolbox//solver_plugins.xml
-- Symlinking: /home/naraphon9/ros2_ws/src/install/slam_toolbox/lib/slam_toolbox/async_slam_toolbox_node
-- Symlinking: /home/naraphon9/ros2_ws/src/install/slam_toolbox/lib/slam_toolbox/sync_slam_toolbox_node
-- Symlinking: /home/naraphon9/ros2_ws/src/install/slam_toolbox/lib/slam_toolbox/localization_slam_toolbox_node
-- Symlinking: /home/naraphon9/ros2_ws/src/install/slam_toolbox/lib/slam_toolbox/lifelong_slam_toolbox_node
-- Symlinking: /home/naraphon9/ros2_ws/src/install/slam_toolbox/lib/slam_toolbox/merge_maps_kinematic
-- Symlinking: /home/naraphon9/ros2_ws/src/install/slam_toolbox/lib/libtoolbox_common.so
-- Symlinking: /home/naraphon9/ros2_ws/src/install/slam_toolbox/lib/libSlamToolboxPlugin.so
-- Symlinking: /home/naraphon9/ros2_ws/src/install/slam_toolbox/lib/libceres_solver_plugin.so
-- Symlinking: /home/naraphon9/ros2_ws/src/install/slam_toolbox/lib/libasync_slam_toolbox.so
-- Symlinking: /home/naraphon9/ros2_ws/src/install/slam_toolbox/lib/libsync_slam_toolbox.so
-- Symlinking: /home/naraphon9/ros2_ws/src/install/slam_toolbox/lib/liblocalization_slam_toolbox.so
-- Symlinking: /home/naraphon9/ros2_ws/src/install/slam_toolbox/lib/liblifelong_slam_toolbox.so
-- Symlinking: /home/naraphon9/ros2_ws/src/install/slam_toolbox/include/slam_toolbox/experimental/slam_toolbox_lifelong.hpp
-- Symlinking: /home/naraphon9/ros2_ws/src/install/slam_toolbox/include/slam_toolbox/get_pose_helper.hpp
-- Symlinking: /home/naraphon9/ros2_ws/src/install/slam_toolbox/include/slam_toolbox/laser_utils.hpp
-- Symlinking: /home/naraphon9/ros2_ws/src/install/slam_toolbox/include/slam_toolbox/loop_closure_assistant.hpp
-- Symlinking: /home/naraphon9/ros2_ws/src/install/slam_toolbox/include/slam_toolbox/map_saver.hpp
-- Symlinking: /home/naraphon9/ros2_ws/src/install/slam_toolbox/include/slam_toolbox/merge_maps_kinematic.hpp
-- Symlinking: /home/naraphon9/ros2_ws/src/install/slam_toolbox/include/slam_toolbox/serialization.hpp
-- Symlinking: /home/naraphon9/ros2_ws/src/install/slam_toolbox/include/slam_toolbox/slam_mapper.hpp
-- Symlinking: /home/naraphon9/ros2_ws/src/install/slam_toolbox/include/slam_toolbox/slam_toolbox_async.hpp
-- Symlinking: /home/naraphon9/ros2_ws/src/install/slam_toolbox/include/slam_toolbox/slam_toolbox_common.hpp
-- Symlinking: /home/naraphon9/ros2_ws/src/install/slam_toolbox/include/slam_toolbox/slam_toolbox_localization.hpp
-- Symlinking: /home/naraphon9/ros2_ws/src/install/slam_toolbox/include/slam_toolbox/slam_toolbox_sync.hpp
-- Symlinking: /home/naraphon9/ros2_ws/src/install/slam_toolbox/include/slam_toolbox/snap_utils.hpp
-- Symlinking: /home/naraphon9/ros2_ws/src/install/slam_toolbox/include/slam_toolbox/toolbox_msgs.hpp
-- Symlinking: /home/naraphon9/ros2_ws/src/install/slam_toolbox/include/slam_toolbox/toolbox_types.hpp
-- Symlinking: /home/naraphon9/ros2_ws/src/install/slam_toolbox/include/slam_toolbox/visualization_utils.hpp
-- Symlinking: /home/naraphon9/ros2_ws/src/install/slam_toolbox/share/slam_toolbox/launch/lifelong_launch.py
-- Symlinking: /home/naraphon9/ros2_ws/src/install/slam_toolbox/share/slam_toolbox/launch/localization_launch.py
-- Symlinking: /home/naraphon9/ros2_ws/src/install/slam_toolbox/share/slam_toolbox/launch/merge_maps_kinematic_launch.py
-- Symlinking: /home/naraphon9/ros2_ws/src/install/slam_toolbox/share/slam_toolbox/launch/offline_launch.py
-- Symlinking: /home/naraphon9/ros2_ws/src/install/slam_toolbox/share/slam_toolbox/launch/online_async_launch.py
-- Symlinking: /home/naraphon9/ros2_ws/src/install/slam_toolbox/share/slam_toolbox/launch/online_sync_launch.py
-- Symlinking: /home/naraphon9/ros2_ws/src/install/slam_toolbox/share/slam_toolbox/config/mapper_params_lifelong.yaml
-- Symlinking: /home/naraphon9/ros2_ws/src/install/slam_toolbox/share/slam_toolbox/config/mapper_params_localization.yaml
-- Symlinking: /home/naraphon9/ros2_ws/src/install/slam_toolbox/share/slam_toolbox/config/mapper_params_offline.yaml
-- Symlinking: /home/naraphon9/ros2_ws/src/install/slam_toolbox/share/slam_toolbox/config/mapper_params_online_async.yaml
-- Symlinking: /home/naraphon9/ros2_ws/src/install/slam_toolbox/share/slam_toolbox/config/mapper_params_online_sync.yaml
-- Symlinking: /home/naraphon9/ros2_ws/src/install/slam_toolbox/share/solver_plugins.xml
-- Symlinking: /home/naraphon9/ros2_ws/src/install/slam_toolbox/share/rviz_plugins.xml
-- Symlinking: /home/naraphon9/ros2_ws/src/install/slam_toolbox/share/ament_index/resource_index/package_run_dependencies/slam_toolbox
-- Symlinking: /home/naraphon9/ros2_ws/src/install/slam_toolbox/share/ament_index/resource_index/parent_prefix_path/slam_toolbox
-- Symlinking: /home/naraphon9/ros2_ws/src/install/slam_toolbox/share/slam_toolbox/environment/ament_prefix_path.sh
-- Symlinking: /home/naraphon9/ros2_ws/src/install/slam_toolbox/share/slam_toolbox/environment/ament_prefix_path.dsv
-- Symlinking: /home/naraphon9/ros2_ws/src/install/slam_toolbox/share/slam_toolbox/environment/path.sh
-- Symlinking: /home/naraphon9/ros2_ws/src/install/slam_toolbox/share/slam_toolbox/environment/path.dsv
-- Symlinking: /home/naraphon9/ros2_ws/src/install/slam_toolbox/share/slam_toolbox/local_setup.bash
-- Symlinking: /home/naraphon9/ros2_ws/src/install/slam_toolbox/share/slam_toolbox/local_setup.sh
-- Symlinking: /home/naraphon9/ros2_ws/src/install/slam_toolbox/share/slam_toolbox/local_setup.zsh
-- Symlinking: /home/naraphon9/ros2_ws/src/install/slam_toolbox/share/slam_toolbox/local_setup.dsv
-- Symlinking: /home/naraphon9/ros2_ws/src/install/slam_toolbox/share/slam_toolbox/package.dsv
-- Symlinking: /home/naraphon9/ros2_ws/src/install/slam_toolbox/share/ament_index/resource_index/packages/slam_toolbox
-- Symlinking: /home/naraphon9/ros2_ws/src/install/slam_toolbox/share/ament_index/resource_index/rviz_common__pluginlib__plugin/slam_toolbox
-- Symlinking: /home/naraphon9/ros2_ws/src/install/slam_toolbox/share/ament_index/resource_index/slam_toolbox__pluginlib__plugin/slam_toolbox
-- Symlinking: /home/naraphon9/ros2_ws/src/install/slam_toolbox/share/slam_toolbox/cmake/rosidl_cmake-extras.cmake
-- Symlinking: /home/naraphon9/ros2_ws/src/install/slam_toolbox/share/slam_toolbox/cmake/ament_cmake_export_dependencies-extras.cmake
-- Symlinking: /home/naraphon9/ros2_ws/src/install/slam_toolbox/share/slam_toolbox/cmake/ament_cmake_export_libraries-extras.cmake
-- Symlinking: /home/naraphon9/ros2_ws/src/install/slam_toolbox/share/slam_toolbox/cmake/ament_cmake_export_targets-extras.cmake
-- Symlinking: /home/naraphon9/ros2_ws/src/install/slam_toolbox/share/slam_toolbox/cmake/ament_cmake_export_include_directories-extras.cmake
-- Symlinking: /home/naraphon9/ros2_ws/src/install/slam_toolbox/share/slam_toolbox/cmake/rosidl_cmake_export_typesupport_libraries-extras.cmake
-- Symlinking: /home/naraphon9/ros2_ws/src/install/slam_toolbox/share/slam_toolbox/cmake/rosidl_cmake_export_typesupport_targets-extras.cmake
-- Symlinking: /home/naraphon9/ros2_ws/src/install/slam_toolbox/share/slam_toolbox/cmake/slam_toolboxConfig.cmake
-- Symlinking: /home/naraphon9/ros2_ws/src/install/slam_toolbox/share/slam_toolbox/cmake/slam_toolboxConfig-version.cmake
-- Symlinking: /home/naraphon9/ros2_ws/src/install/slam_toolbox/share/slam_toolbox/package.xml
-- Installing: /home/naraphon9/ros2_ws/src/install/slam_toolbox/lib/libslam_toolbox__rosidl_generator_c.so
-- Set runtime path of "/home/naraphon9/ros2_ws/src/install/slam_toolbox/lib/libslam_toolbox__rosidl_generator_c.so" to ""
-- Installing: /home/naraphon9/ros2_ws/src/install/slam_toolbox/lib/libslam_toolbox__rosidl_typesupport_introspection_c.so
-- Set runtime path of "/home/naraphon9/ros2_ws/src/install/slam_toolbox/lib/libslam_toolbox__rosidl_typesupport_introspection_c.so" to ""
-- Installing: /home/naraphon9/ros2_ws/src/install/slam_toolbox/lib/libslam_toolbox__rosidl_typesupport_c.so
-- Set runtime path of "/home/naraphon9/ros2_ws/src/install/slam_toolbox/lib/libslam_toolbox__rosidl_typesupport_c.so" to ""
-- Installing: /home/naraphon9/ros2_ws/src/install/slam_toolbox/lib/libslam_toolbox__rosidl_typesupport_introspection_cpp.so
-- Set runtime path of "/home/naraphon9/ros2_ws/src/install/slam_toolbox/lib/libslam_toolbox__rosidl_typesupport_introspection_cpp.so" to ""
-- Installing: /home/naraphon9/ros2_ws/src/install/slam_toolbox/lib/libslam_toolbox__rosidl_typesupport_cpp.so
-- Set runtime path of "/home/naraphon9/ros2_ws/src/install/slam_toolbox/lib/libslam_toolbox__rosidl_typesupport_cpp.so" to ""
Compiling '/home/naraphon9/ros2_ws/src/install/slam_toolbox/lib/python3.8/site-packages/slam_toolbox/__init__.py'...
-- Installing: /home/naraphon9/ros2_ws/src/install/slam_toolbox/share/slam_toolbox/cmake/slam_toolbox__rosidl_generator_cExport.cmake
-- Installing: /home/naraphon9/ros2_ws/src/install/slam_toolbox/share/slam_toolbox/cmake/slam_toolbox__rosidl_generator_cExport-release.cmake
-- Installing: /home/naraphon9/ros2_ws/src/install/slam_toolbox/share/slam_toolbox/cmake/slam_toolbox__rosidl_typesupport_introspection_cExport.cmake
-- Installing: /home/naraphon9/ros2_ws/src/install/slam_toolbox/share/slam_toolbox/cmake/slam_toolbox__rosidl_typesupport_introspection_cExport-release.cmake
-- Installing: /home/naraphon9/ros2_ws/src/install/slam_toolbox/share/slam_toolbox/cmake/slam_toolbox__rosidl_typesupport_cExport.cmake
-- Installing: /home/naraphon9/ros2_ws/src/install/slam_toolbox/share/slam_toolbox/cmake/slam_toolbox__rosidl_typesupport_cExport-release.cmake
-- Installing: /home/naraphon9/ros2_ws/src/install/slam_toolbox/share/slam_toolbox/cmake/slam_toolbox__rosidl_generator_cppExport.cmake
-- Installing: /home/naraphon9/ros2_ws/src/install/slam_toolbox/share/slam_toolbox/cmake/slam_toolbox__rosidl_typesupport_introspection_cppExport.cmake
-- Installing: /home/naraphon9/ros2_ws/src/install/slam_toolbox/share/slam_toolbox/cmake/slam_toolbox__rosidl_typesupport_introspection_cppExport-release.cmake
-- Installing: /home/naraphon9/ros2_ws/src/install/slam_toolbox/share/slam_toolbox/cmake/slam_toolbox__rosidl_typesupport_cppExport.cmake
-- Installing: /home/naraphon9/ros2_ws/src/install/slam_toolbox/share/slam_toolbox/cmake/slam_toolbox__rosidl_typesupport_cppExport-release.cmake
-- Installing: /home/naraphon9/ros2_ws/src/install/slam_toolbox/share/slam_toolbox/cmake/SlamToolboxPluginExport.cmake
-- Installing: /home/naraphon9/ros2_ws/src/install/slam_toolbox/share/slam_toolbox/cmake/SlamToolboxPluginExport-release.cmake
