[0.119s] Invoking command in '/home/naraphon9/ros2_ws/src/build/slam_toolbox': CMAKE_PREFIX_PATH=${CMAKE_PREFIX_PATH}:/home/naraphon9/ros2_ws/install/ydlidar:/opt/ros/foxy /opt/cmake-3.26/bin/cmake /home/naraphon9/ros2_ws/src/slam_toolbox -DAMENT_CMAKE_SYMLINK_INSTALL=1 -DCMAKE_INSTALL_PREFIX=/home/naraphon9/ros2_ws/src/install/slam_toolbox
[0.148s] -- The C compiler identification is GNU 9.4.0
[0.183s] -- The CXX compiler identification is GNU 9.4.0
[0.190s] -- Detecting C compiler ABI info
[0.220s] -- Detecting C compiler ABI info - done
[0.228s] -- Check for working C compiler: /usr/bin/cc - skipped
[0.228s] -- Detecting C compile features
[0.229s] -- Detecting C compile features - done
[0.231s] -- Detecting CXX compiler ABI info
[0.267s] -- Detecting CXX compiler ABI info - done
[0.273s] -- Check for working CXX compiler: /usr/bin/c++ - skipped
[0.273s] -- Detecting CXX compile features
[0.274s] -- Detecting CXX compile features - done
[0.275s] -- Found ament_cmake: 0.9.12 (/opt/ros/foxy/share/ament_cmake/cmake)
[0.290s] -- Found PythonInterp: /usr/bin/python3 (found suitable version "3.8.10", minimum required is "3") 
[0.290s] -- Using PYTHON_EXECUTABLE: /usr/bin/python3
[0.382s] -- Override CMake install command with custom implementation using symlinks instead of copying resources
[0.395s] -- Found message_filters: 3.2.7 (/opt/ros/foxy/share/message_filters/cmake)
[0.397s] -- Found nav_msgs: 2.0.5 (/opt/ros/foxy/share/nav_msgs/cmake)
[0.414s] -- Using all available rosidl_typesupport_c: rosidl_typesupport_fastrtps_c;rosidl_typesupport_introspection_c
[0.418s] -- Found rosidl_adapter: 1.3.1 (/opt/ros/foxy/share/rosidl_adapter/cmake)
[0.460s] -- Found OpenSSL: /usr/lib/x86_64-linux-gnu/libcrypto.so (found version "1.1.1f")  
[0.479s] -- Found FastRTPS: /opt/ros/foxy/include  
[0.524s] -- Using all available rosidl_typesupport_cpp: rosidl_typesupport_fastrtps_cpp;rosidl_typesupport_introspection_cpp
[0.617s] -- Found rclcpp: 2.4.3 (/opt/ros/foxy/share/rclcpp/cmake)
[0.641s] -- Found rmw_implementation_cmake: 1.0.4 (/opt/ros/foxy/share/rmw_implementation_cmake/cmake)
[0.641s] -- Using RMW implementation 'rmw_fastrtps_cpp' as default
[0.642s] -- Performing Test CMAKE_HAVE_LIBC_PTHREAD
[0.674s] -- Performing Test CMAKE_HAVE_LIBC_PTHREAD - Failed
[0.674s] -- Looking for pthread_create in pthreads
[0.698s] -- Looking for pthread_create in pthreads - not found
[0.698s] -- Looking for pthread_create in pthread
[0.728s] -- Looking for pthread_create in pthread - found
[0.729s] -- Found Threads: TRUE  
[0.798s] -- Found sensor_msgs: 2.0.5 (/opt/ros/foxy/share/sensor_msgs/cmake)
[0.835s] -- Found tf2: 0.13.14 (/opt/ros/foxy/share/tf2/cmake)
[0.841s] -- Found tf2_ros: 0.13.14 (/opt/ros/foxy/share/tf2_ros/cmake)
[1.039s] -- Found visualization_msgs: 2.0.5 (/opt/ros/foxy/share/visualization_msgs/cmake)
[1.089s] -- Found pluginlib: 2.5.4 (/opt/ros/foxy/share/pluginlib/cmake)
[1.103s] -- Found tf2_geometry_msgs: 0.13.14 (/opt/ros/foxy/share/tf2_geometry_msgs/cmake)
[1.109s] -- Found eigen3_cmake_module: 0.1.1 (/opt/ros/foxy/share/eigen3_cmake_module/cmake)
[1.111s] -- Found Eigen3: TRUE (found version "3.3.7") 
[1.129s] -- Found tf2_sensor_msgs: 0.13.14 (/opt/ros/foxy/share/tf2_sensor_msgs/cmake)
[1.141s] -- Found std_srvs: 2.0.5 (/opt/ros/foxy/share/std_srvs/cmake)
[1.149s] -- Found rosidl_default_generators: 1.0.1 (/opt/ros/foxy/share/rosidl_default_generators/cmake)
[1.157s] -- Found nav2_map_server: 0.4.7 (/opt/ros/foxy/share/nav2_map_server/cmake)
[1.158s] -- Found rviz_common: 8.2.8 (/opt/ros/foxy/share/rviz_common/cmake)
[1.169s] -- Setting OGRE_DIR to: '/opt/ros/foxy/share/rviz_ogre_vendor/cmake/../../../opt/rviz_ogre_vendor/lib/OGRE/cmake'
[1.171s] -- Found OGRE
[1.171s] --   static     : OFF
[1.171s] --   components : HLMS;MeshLodGenerator;Overlay;Paging;Property;RTShaderSystem;Terrain;Volume
[1.171s] --   plugins    : Plugin_BSPSceneManager;Plugin_OctreeSceneManager;Plugin_PCZSceneManager;Plugin_ParticleFX;RenderSystem_GL;RenderSystem_GL3Plus;Codec_STBI
[1.171s] --   media      : /opt/ros/foxy/opt/rviz_ogre_vendor/share/OGRE/Media
[1.171s] -- OGRE_LIBRARIES: OgreHLMS;OgreMeshLodGenerator;OgreOverlay;OgrePaging;OgreProperty;OgreRTShaderSystem;OgreTerrain;OgreVolume;OgreMain
[1.171s] -- OGRE_LIBRARY_DIRS: /opt/ros/foxy/opt/rviz_ogre_vendor/lib
[1.171s] -- OGRE_PLUGINS: Plugin_BSPSceneManager;Plugin_OctreeSceneManager;Plugin_PCZSceneManager;Plugin_ParticleFX;RenderSystem_GL;RenderSystem_GL3Plus;Codec_STBI
[1.171s] -- OGRE_PLUGIN_DIR: /opt/ros/foxy/opt/rviz_ogre_vendor/lib/OGRE
[1.171s] -- rviz_ogre_vendor::OgreOverlay for IMPORTED_LOCATION_RELEASE: /opt/ros/foxy/opt/rviz_ogre_vendor/lib/libOgreOverlay.so
[1.171s] -- rviz_ogre_vendor::OgreOverlay for IMPORTED_LOCATION_DEBUG: /opt/ros/foxy/opt/rviz_ogre_vendor/lib/libOgreOverlay.so
[1.172s] -- rviz_ogre_vendor::OgreMain for IMPORTED_LOCATION_RELEASE: /opt/ros/foxy/opt/rviz_ogre_vendor/lib/libOgreMain.so
[1.172s] -- rviz_ogre_vendor::OgreMain for IMPORTED_LOCATION_DEBUG: /opt/ros/foxy/opt/rviz_ogre_vendor/lib/libOgreMain.so
[1.173s] -- Could not find freeimage library
[1.197s] -- Found ZLIB: /usr/lib/x86_64-linux-gnu/libz.so (found version "1.2.11")  
[1.202s] -- Found OpenGL: /usr/lib/x86_64-linux-gnu/libOpenGL.so   
[1.286s] -- Found X11: /usr/include   
[1.286s] -- Looking for XOpenDisplay in /usr/lib/x86_64-linux-gnu/libX11.so;/usr/lib/x86_64-linux-gnu/libXext.so
[1.324s] -- Looking for XOpenDisplay in /usr/lib/x86_64-linux-gnu/libX11.so;/usr/lib/x86_64-linux-gnu/libXext.so - found
[1.325s] -- Looking for gethostbyname
[1.361s] -- Looking for gethostbyname - found
[1.361s] -- Looking for connect
[1.398s] -- Looking for connect - found
[1.399s] -- Looking for remove
[1.435s] -- Looking for remove - found
[1.435s] -- Looking for shmat
[1.470s] -- Looking for shmat - found
[1.470s] -- Looking for IceConnectionNumber in ICE
[1.504s] -- Looking for IceConnectionNumber in ICE - found
[1.506s] -- rviz_ogre_vendor::RenderSystem_GL for IMPORTED_LOCATION_RELEASE: _render_system_gl_static_library_abs-NOTFOUND
[1.506s] -- rviz_ogre_vendor::RenderSystem_GL for IMPORTED_LOCATION_DEBUG: _render_system_gl_static_library_abs-NOTFOUND
[1.508s] -- library: libassimp.so.5
[1.555s] -- library: /usr/lib/x86_64-linux-gnu/libcurl.so
[1.600s] -- Setting yaml-cpp_DIR to: '/opt/ros/foxy/share/yaml_cpp_vendor/cmake/../../../opt/yaml_cpp_vendor/lib/cmake/yaml-cpp'
[1.602s] -- Found rviz_default_plugins: 8.2.8 (/opt/ros/foxy/share/rviz_default_plugins/cmake)
[1.808s] -- Found Boost: /usr/lib/x86_64-linux-gnu/cmake/Boost-1.71.0/BoostConfig.cmake (found version "1.71.0") found components: system serialization filesystem thread 
[1.864s] -- Found PkgConfig: /usr/bin/pkg-config (found version "0.29.1") 
[1.867s] [33mCMake Warning (dev) at /opt/cmake-3.26/share/cmake-3.26/Modules/FindPackageHandleStandardArgs.cmake:438 (message):
[1.867s]   The package name passed to `find_package_handle_standard_args` (CSPARSE)
[1.868s]   does not match the name of the calling package (CSparse).  This can lead to
[1.868s]   problems in calling code that expects `find_package` result variables
[1.868s]   (e.g., `_FOUND`) to follow a certain pattern.
[1.868s] Call Stack (most recent call first):
[1.868s]   CMake/FindCSparse.cmake:24 (find_package_handle_standard_args)
[1.868s]   CMakeLists.txt:77 (find_package)
[1.868s] This warning is for project developers.  Use -Wno-dev to suppress it.
[1.868s] [0m
[1.868s] -- Found CSPARSE: /usr/include/suitesparse  
[1.902s] [33mCMake Warning (dev) at /opt/cmake-3.26/share/cmake-3.26/Modules/FindPackageHandleStandardArgs.cmake:438 (message):
[1.902s]   The package name passed to `find_package_handle_standard_args` (CHOLMOD)
[1.902s]   does not match the name of the calling package (Cholmod).  This can lead to
[1.902s]   problems in calling code that expects `find_package` result variables
[1.902s]   (e.g., `_FOUND`) to follow a certain pattern.
[1.902s] Call Stack (most recent call first):
[1.902s]   CMake/FindCholmod.cmake:86 (find_package_handle_standard_args)
[1.902s]   CMakeLists.txt:79 (find_package)
[1.902s] This warning is for project developers.  Use -Wno-dev to suppress it.
[1.903s] [0m
[1.903s] -- Found CHOLMOD: /usr/include/suitesparse  
[1.904s] -- Looking for sgemm_
[1.937s] -- Looking for sgemm_ - not found
[1.984s] -- Looking for sgemm_
[2.019s] -- Looking for sgemm_ - found
[2.019s] -- Found BLAS: /usr/lib/x86_64-linux-gnu/libblas.so  
[2.021s] -- Looking for cheev_
[2.055s] -- Looking for cheev_ - not found
[2.069s] -- Looking for cheev_
[2.110s] -- Looking for cheev_ - found
[2.110s] -- Found LAPACK: /usr/lib/x86_64-linux-gnu/liblapack.so;/usr/lib/x86_64-linux-gnu/libblas.so  
[2.112s] -- Found installed version of Eigen: /usr/lib/cmake/eigen3
[2.113s] -- Found required Ceres dependency: Eigen version 3.3.7 in /usr/include/eigen3
[2.115s] -- Found required Ceres dependency: glog
[2.116s] -- Found installed version of gflags: /usr/lib/x86_64-linux-gnu/cmake/gflags
[2.116s] -- Detected gflags version: 2.2.2
[2.117s] -- Found required Ceres dependency: gflags
[2.117s] -- Found Ceres version: 1.14.0 installed in: /usr with components: [EigenSparse, SparseLinearAlgebraLibrary, LAPACK, SuiteSparse, CXSparse, SchurSpecializations, OpenMP, Multithreading]
[2.139s] -- Found PythonInterp: /usr/bin/python3 (found version "3.8.10") 
[2.292s] -- Found ament_cmake_ros: 0.9.2 (/opt/ros/foxy/share/ament_cmake_ros/cmake)
[2.462s] -- Using all available rosidl_typesupport_c: rosidl_typesupport_fastrtps_c;rosidl_typesupport_introspection_c
[2.542s] -- Using all available rosidl_typesupport_cpp: rosidl_typesupport_fastrtps_cpp;rosidl_typesupport_introspection_cpp
[2.558s] -- Found PythonInterp: /usr/bin/python3 (found suitable version "3.8.10", minimum required is "3.5") 
[2.559s] -- Found python_cmake_module: 0.8.1 (/opt/ros/foxy/share/python_cmake_module/cmake)
[2.578s] -- Found PythonLibs: /usr/lib/x86_64-linux-gnu/libpython3.8.so (found suitable version "3.8.10", minimum required is "3.5") 
[2.578s] -- Using PYTHON_EXECUTABLE: /usr/bin/python3
[2.578s] -- Using PYTHON_INCLUDE_DIRS: /usr/include/python3.8
[2.579s] -- Using PYTHON_LIBRARIES: /usr/lib/x86_64-linux-gnu/libpython3.8.so
[2.592s] -- Found PythonExtra: .so  
[2.681s] -- Configuring done (2.6s)
[2.811s] -- Generating done (0.1s)
[2.835s] -- Build files have been written to: /home/naraphon9/ros2_ws/src/build/slam_toolbox
[2.849s] Invoked command in '/home/naraphon9/ros2_ws/src/build/slam_toolbox' returned '0': CMAKE_PREFIX_PATH=${CMAKE_PREFIX_PATH}:/home/naraphon9/ros2_ws/install/ydlidar:/opt/ros/foxy /opt/cmake-3.26/bin/cmake /home/naraphon9/ros2_ws/src/slam_toolbox -DAMENT_CMAKE_SYMLINK_INSTALL=1 -DCMAKE_INSTALL_PREFIX=/home/naraphon9/ros2_ws/src/install/slam_toolbox
[2.850s] Invoking command in '/home/naraphon9/ros2_ws/src/build/slam_toolbox': CMAKE_PREFIX_PATH=${CMAKE_PREFIX_PATH}:/home/naraphon9/ros2_ws/install/ydlidar:/opt/ros/foxy /opt/cmake-3.26/bin/cmake --build /home/naraphon9/ros2_ws/src/build/slam_toolbox -- -j20 -l20
[2.863s] [  1%] [34m[1mGenerating C code for ROS interfaces[0m
[2.865s] [  2%] [32mBuilding CXX object lib/karto_sdk/CMakeFiles/kartoSlamToolbox.dir/src/Karto.cpp.o[0m
[2.865s] [  2%] [32mBuilding CXX object lib/karto_sdk/CMakeFiles/kartoSlamToolbox.dir/src/Mapper.cpp.o[0m
[2.865s] [  3%] [34m[1mGenerating C++ code for ROS interfaces[0m
[3.297s] [  3%] Built target slam_toolbox__cpp
[3.300s] [  4%] [34m[1mGenerating C++ type support dispatch for ROS interfaces[0m
[3.300s] [  5%] [34m[1mGenerating C++ type support for eProsima Fast-RTPS[0m
[3.301s] [  6%] [34m[1mGenerating C++ introspection for ROS interfaces[0m
[3.348s] [  6%] [32mBuilding C object CMakeFiles/slam_toolbox__rosidl_generator_c.dir/rosidl_generator_c/slam_toolbox/srv/detail/pause__functions.c.o[0m
[3.349s] [  7%] [32mBuilding C object CMakeFiles/slam_toolbox__rosidl_generator_c.dir/rosidl_generator_c/slam_toolbox/srv/detail/clear_queue__functions.c.o[0m
[3.349s] [  9%] [32mBuilding C object CMakeFiles/slam_toolbox__rosidl_generator_c.dir/rosidl_generator_c/slam_toolbox/srv/detail/clear__functions.c.o[0m
[3.349s] [  9%] [32mBuilding C object CMakeFiles/slam_toolbox__rosidl_generator_c.dir/rosidl_generator_c/slam_toolbox/srv/detail/toggle_interactive__functions.c.o[0m
[3.349s] [  9%] [32mBuilding C object CMakeFiles/slam_toolbox__rosidl_generator_c.dir/rosidl_generator_c/slam_toolbox/srv/detail/save_map__functions.c.o[0m
[3.349s] [ 10%] [32mBuilding C object CMakeFiles/slam_toolbox__rosidl_generator_c.dir/rosidl_generator_c/slam_toolbox/srv/detail/loop_closure__functions.c.o[0m
[3.350s] [ 11%] [32mBuilding C object CMakeFiles/slam_toolbox__rosidl_generator_c.dir/rosidl_generator_c/slam_toolbox/srv/detail/merge_maps__functions.c.o[0m
[3.350s] [ 12%] [32mBuilding C object CMakeFiles/slam_toolbox__rosidl_generator_c.dir/rosidl_generator_c/slam_toolbox/srv/detail/add_submap__functions.c.o[0m
[3.350s] [ 12%] [32mBuilding C object CMakeFiles/slam_toolbox__rosidl_generator_c.dir/rosidl_generator_c/slam_toolbox/srv/detail/deserialize_pose_graph__functions.c.o[0m
[3.350s] [ 13%] [32mBuilding C object CMakeFiles/slam_toolbox__rosidl_generator_c.dir/rosidl_generator_c/slam_toolbox/srv/detail/serialize_pose_graph__functions.c.o[0m
[3.505s] [ 14%] [32m[1mLinking C shared library libslam_toolbox__rosidl_generator_c.so[0m
[3.525s] [ 14%] Built target slam_toolbox__rosidl_generator_c
[3.530s] [ 16%] [34m[1mGenerating C introspection for ROS interfaces[0m
[3.530s] [ 16%] [34m[1mGenerating C type support dispatch for ROS interfaces[0m
[3.674s] [ 17%] [32mBuilding CXX object CMakeFiles/slam_toolbox__rosidl_typesupport_cpp.dir/rosidl_typesupport_cpp/slam_toolbox/srv/pause__type_support.cpp.o[0m
[3.675s] [ 17%] [32mBuilding CXX object CMakeFiles/slam_toolbox__rosidl_typesupport_cpp.dir/rosidl_typesupport_cpp/slam_toolbox/srv/clear_queue__type_support.cpp.o[0m
[3.675s] [ 18%] [32mBuilding CXX object CMakeFiles/slam_toolbox__rosidl_typesupport_cpp.dir/rosidl_typesupport_cpp/slam_toolbox/srv/toggle_interactive__type_support.cpp.o[0m
[3.675s] [ 19%] [32mBuilding CXX object CMakeFiles/slam_toolbox__rosidl_typesupport_cpp.dir/rosidl_typesupport_cpp/slam_toolbox/srv/clear__type_support.cpp.o[0m
[3.675s] [ 20%] [32mBuilding CXX object CMakeFiles/slam_toolbox__rosidl_typesupport_cpp.dir/rosidl_typesupport_cpp/slam_toolbox/srv/save_map__type_support.cpp.o[0m
[3.676s] [ 20%] [32mBuilding CXX object CMakeFiles/slam_toolbox__rosidl_typesupport_cpp.dir/rosidl_typesupport_cpp/slam_toolbox/srv/loop_closure__type_support.cpp.o[0m
[3.676s] [ 21%] [32mBuilding CXX object CMakeFiles/slam_toolbox__rosidl_typesupport_cpp.dir/rosidl_typesupport_cpp/slam_toolbox/srv/merge_maps__type_support.cpp.o[0m
[3.677s] [ 22%] [32mBuilding CXX object CMakeFiles/slam_toolbox__rosidl_typesupport_cpp.dir/rosidl_typesupport_cpp/slam_toolbox/srv/add_submap__type_support.cpp.o[0m
[3.677s] [ 22%] [32mBuilding CXX object CMakeFiles/slam_toolbox__rosidl_typesupport_cpp.dir/rosidl_typesupport_cpp/slam_toolbox/srv/deserialize_pose_graph__type_support.cpp.o[0m
[3.678s] [ 23%] [32mBuilding CXX object CMakeFiles/slam_toolbox__rosidl_typesupport_cpp.dir/rosidl_typesupport_cpp/slam_toolbox/srv/serialize_pose_graph__type_support.cpp.o[0m
[3.873s] [ 24%] [32mBuilding CXX object CMakeFiles/slam_toolbox__rosidl_typesupport_fastrtps_cpp.dir/rosidl_typesupport_fastrtps_cpp/slam_toolbox/srv/detail/dds_fastrtps/clear_queue__type_support.cpp.o[0m
[3.873s] [ 24%] [32mBuilding CXX object CMakeFiles/slam_toolbox__rosidl_typesupport_fastrtps_cpp.dir/rosidl_typesupport_fastrtps_cpp/slam_toolbox/srv/detail/dds_fastrtps/pause__type_support.cpp.o[0m
[3.873s] [ 25%] [32mBuilding CXX object CMakeFiles/slam_toolbox__rosidl_typesupport_fastrtps_cpp.dir/rosidl_typesupport_fastrtps_cpp/slam_toolbox/srv/detail/dds_fastrtps/save_map__type_support.cpp.o[0m
[3.884s] [ 26%] [32mBuilding CXX object CMakeFiles/slam_toolbox__rosidl_typesupport_fastrtps_cpp.dir/rosidl_typesupport_fastrtps_cpp/slam_toolbox/srv/detail/dds_fastrtps/toggle_interactive__type_support.cpp.o[0m
[3.899s] [ 27%] [32mBuilding CXX object CMakeFiles/slam_toolbox__rosidl_typesupport_fastrtps_cpp.dir/rosidl_typesupport_fastrtps_cpp/slam_toolbox/srv/detail/dds_fastrtps/clear__type_support.cpp.o[0m
[3.925s] [ 27%] [32mBuilding CXX object CMakeFiles/slam_toolbox__rosidl_typesupport_fastrtps_cpp.dir/rosidl_typesupport_fastrtps_cpp/slam_toolbox/srv/detail/dds_fastrtps/loop_closure__type_support.cpp.o[0m
[3.976s] [ 28%] [32mBuilding CXX object CMakeFiles/slam_toolbox__rosidl_typesupport_fastrtps_cpp.dir/rosidl_typesupport_fastrtps_cpp/slam_toolbox/srv/detail/dds_fastrtps/merge_maps__type_support.cpp.o[0m
[4.013s] [ 29%] [32mBuilding CXX object CMakeFiles/slam_toolbox__rosidl_typesupport_fastrtps_cpp.dir/rosidl_typesupport_fastrtps_cpp/slam_toolbox/srv/detail/dds_fastrtps/add_submap__type_support.cpp.o[0m
[4.021s] [ 30%] [32mBuilding CXX object CMakeFiles/slam_toolbox__rosidl_typesupport_introspection_cpp.dir/rosidl_typesupport_introspection_cpp/slam_toolbox/srv/detail/pause__type_support.cpp.o[0m
[4.039s] [ 31%] [32mBuilding CXX object CMakeFiles/slam_toolbox__rosidl_typesupport_fastrtps_cpp.dir/rosidl_typesupport_fastrtps_cpp/slam_toolbox/srv/detail/dds_fastrtps/deserialize_pose_graph__type_support.cpp.o[0m
[4.043s] [ 32%] [32mBuilding CXX object CMakeFiles/slam_toolbox__rosidl_typesupport_introspection_cpp.dir/rosidl_typesupport_introspection_cpp/slam_toolbox/srv/detail/clear_queue__type_support.cpp.o[0m
[4.064s] [ 32%] [32mBuilding CXX object CMakeFiles/slam_toolbox__rosidl_typesupport_introspection_cpp.dir/rosidl_typesupport_introspection_cpp/slam_toolbox/srv/detail/toggle_interactive__type_support.cpp.o[0m
[4.064s] [ 33%] [32mBuilding CXX object CMakeFiles/slam_toolbox__rosidl_typesupport_introspection_cpp.dir/rosidl_typesupport_introspection_cpp/slam_toolbox/srv/detail/clear__type_support.cpp.o[0m
[4.069s] [ 33%] [32mBuilding CXX object CMakeFiles/slam_toolbox__rosidl_typesupport_fastrtps_cpp.dir/rosidl_typesupport_fastrtps_cpp/slam_toolbox/srv/detail/dds_fastrtps/serialize_pose_graph__type_support.cpp.o[0m
[4.072s] [ 34%] [32mBuilding CXX object CMakeFiles/slam_toolbox__rosidl_typesupport_introspection_cpp.dir/rosidl_typesupport_introspection_cpp/slam_toolbox/srv/detail/save_map__type_support.cpp.o[0m
[4.072s] [ 35%] [32m[1mLinking CXX shared library libslam_toolbox__rosidl_typesupport_cpp.so[0m
[4.115s] [ 35%] Built target slam_toolbox__rosidl_typesupport_cpp
[4.133s] [ 35%] [32mBuilding CXX object CMakeFiles/slam_toolbox__rosidl_typesupport_introspection_cpp.dir/rosidl_typesupport_introspection_cpp/slam_toolbox/srv/detail/loop_closure__type_support.cpp.o[0m
[4.188s] [ 35%] [32mBuilding CXX object CMakeFiles/slam_toolbox__rosidl_typesupport_c.dir/rosidl_typesupport_c/slam_toolbox/srv/pause__type_support.cpp.o[0m
[4.243s] [ 36%] [32mBuilding CXX object CMakeFiles/slam_toolbox__rosidl_typesupport_c.dir/rosidl_typesupport_c/slam_toolbox/srv/clear_queue__type_support.cpp.o[0m
[4.300s] [ 37%] [32mBuilding CXX object CMakeFiles/slam_toolbox__rosidl_typesupport_c.dir/rosidl_typesupport_c/slam_toolbox/srv/toggle_interactive__type_support.cpp.o[0m
[4.341s] [ 37%] [32mBuilding CXX object CMakeFiles/slam_toolbox__rosidl_typesupport_c.dir/rosidl_typesupport_c/slam_toolbox/srv/clear__type_support.cpp.o[0m
[4.381s] [ 38%] [32mBuilding CXX object CMakeFiles/slam_toolbox__rosidl_typesupport_c.dir/rosidl_typesupport_c/slam_toolbox/srv/save_map__type_support.cpp.o[0m
[4.397s] [ 39%] [32mBuilding C object CMakeFiles/slam_toolbox__rosidl_typesupport_introspection_c.dir/rosidl_typesupport_introspection_c/slam_toolbox/srv/detail/pause__type_support.c.o[0m
[4.397s] [ 39%] [32mBuilding C object CMakeFiles/slam_toolbox__rosidl_typesupport_introspection_c.dir/rosidl_typesupport_introspection_c/slam_toolbox/srv/detail/clear_queue__type_support.c.o[0m
[4.414s] [ 40%] [32mBuilding C object CMakeFiles/slam_toolbox__rosidl_typesupport_introspection_c.dir/rosidl_typesupport_introspection_c/slam_toolbox/srv/detail/toggle_interactive__type_support.c.o[0m
[4.429s] [ 42%] [32mBuilding C object CMakeFiles/slam_toolbox__rosidl_typesupport_introspection_c.dir/rosidl_typesupport_introspection_c/slam_toolbox/srv/detail/clear__type_support.c.o[0m
[4.429s] [ 42%] [32mBuilding CXX object CMakeFiles/slam_toolbox__rosidl_typesupport_introspection_cpp.dir/rosidl_typesupport_introspection_cpp/slam_toolbox/srv/detail/merge_maps__type_support.cpp.o[0m
[4.438s] [ 43%] [32mBuilding CXX object CMakeFiles/slam_toolbox__rosidl_typesupport_c.dir/rosidl_typesupport_c/slam_toolbox/srv/merge_maps__type_support.cpp.o[0m
[4.442s] [ 44%] [32mBuilding CXX object CMakeFiles/slam_toolbox__rosidl_typesupport_c.dir/rosidl_typesupport_c/slam_toolbox/srv/loop_closure__type_support.cpp.o[0m
[4.450s] [ 44%] [32mBuilding C object CMakeFiles/slam_toolbox__rosidl_typesupport_introspection_c.dir/rosidl_typesupport_introspection_c/slam_toolbox/srv/detail/save_map__type_support.c.o[0m
[4.456s] [ 45%] [32mBuilding C object CMakeFiles/slam_toolbox__rosidl_typesupport_introspection_c.dir/rosidl_typesupport_introspection_c/slam_toolbox/srv/detail/loop_closure__type_support.c.o[0m
[4.469s] [ 45%] [32mBuilding CXX object CMakeFiles/slam_toolbox__rosidl_typesupport_c.dir/rosidl_typesupport_c/slam_toolbox/srv/add_submap__type_support.cpp.o[0m
[4.471s] [ 47%] [32mBuilding CXX object CMakeFiles/slam_toolbox__rosidl_typesupport_introspection_cpp.dir/rosidl_typesupport_introspection_cpp/slam_toolbox/srv/detail/add_submap__type_support.cpp.o[0m
[4.471s] [ 47%] [32mBuilding C object CMakeFiles/slam_toolbox__rosidl_typesupport_introspection_c.dir/rosidl_typesupport_introspection_c/slam_toolbox/srv/detail/merge_maps__type_support.c.o[0m
[4.479s] [ 48%] [32mBuilding CXX object CMakeFiles/slam_toolbox__rosidl_typesupport_c.dir/rosidl_typesupport_c/slam_toolbox/srv/deserialize_pose_graph__type_support.cpp.o[0m
[4.481s] [ 49%] [32mBuilding CXX object CMakeFiles/slam_toolbox__rosidl_typesupport_introspection_cpp.dir/rosidl_typesupport_introspection_cpp/slam_toolbox/srv/detail/deserialize_pose_graph__type_support.cpp.o[0m
[4.481s] [ 50%] [32mBuilding CXX object CMakeFiles/slam_toolbox__rosidl_typesupport_c.dir/rosidl_typesupport_c/slam_toolbox/srv/serialize_pose_graph__type_support.cpp.o[0m
[4.496s] [ 51%] [32mBuilding C object CMakeFiles/slam_toolbox__rosidl_typesupport_introspection_c.dir/rosidl_typesupport_introspection_c/slam_toolbox/srv/detail/add_submap__type_support.c.o[0m
[4.498s] [ 51%] [32mBuilding C object CMakeFiles/slam_toolbox__rosidl_typesupport_introspection_c.dir/rosidl_typesupport_introspection_c/slam_toolbox/srv/detail/deserialize_pose_graph__type_support.c.o[0m
[4.502s] [ 52%] [32mBuilding C object CMakeFiles/slam_toolbox__rosidl_typesupport_introspection_c.dir/rosidl_typesupport_introspection_c/slam_toolbox/srv/detail/serialize_pose_graph__type_support.c.o[0m
[4.506s] [ 52%] [32mBuilding CXX object CMakeFiles/slam_toolbox__rosidl_typesupport_introspection_cpp.dir/rosidl_typesupport_introspection_cpp/slam_toolbox/srv/detail/serialize_pose_graph__type_support.cpp.o[0m
[4.524s] [ 53%] [32m[1mLinking CXX shared library libslam_toolbox__rosidl_typesupport_c.so[0m
[4.548s] [ 54%] [32m[1mLinking C shared library libslam_toolbox__rosidl_typesupport_introspection_c.so[0m
[4.554s] [ 54%] Built target slam_toolbox__rosidl_typesupport_c
[4.569s] [ 54%] Built target slam_toolbox__rosidl_typesupport_introspection_c
[4.651s] [ 55%] [32m[1mLinking CXX shared library libslam_toolbox__rosidl_typesupport_fastrtps_cpp.so[0m
[4.706s] [ 55%] Built target slam_toolbox__rosidl_typesupport_fastrtps_cpp
[4.709s] [ 56%] [34m[1mGenerating C type support for eProsima Fast-RTPS[0m
[4.759s] [ 57%] [32m[1mLinking CXX shared library libslam_toolbox__rosidl_typesupport_introspection_cpp.so[0m
[4.793s] [ 57%] Built target slam_toolbox__rosidl_typesupport_introspection_cpp
[5.079s] [ 57%] [32mBuilding CXX object CMakeFiles/slam_toolbox__rosidl_typesupport_fastrtps_c.dir/rosidl_typesupport_fastrtps_c/slam_toolbox/srv/detail/pause__type_support_c.cpp.o[0m
[5.079s] [ 58%] [32mBuilding CXX object CMakeFiles/slam_toolbox__rosidl_typesupport_fastrtps_c.dir/rosidl_typesupport_fastrtps_c/slam_toolbox/srv/detail/clear_queue__type_support_c.cpp.o[0m
[5.079s] [ 59%] [32mBuilding CXX object CMakeFiles/slam_toolbox__rosidl_typesupport_fastrtps_c.dir/rosidl_typesupport_fastrtps_c/slam_toolbox/srv/detail/toggle_interactive__type_support_c.cpp.o[0m
[5.080s] [ 60%] [32mBuilding CXX object CMakeFiles/slam_toolbox__rosidl_typesupport_fastrtps_c.dir/rosidl_typesupport_fastrtps_c/slam_toolbox/srv/detail/clear__type_support_c.cpp.o[0m
[5.081s] [ 60%] [32mBuilding CXX object CMakeFiles/slam_toolbox__rosidl_typesupport_fastrtps_c.dir/rosidl_typesupport_fastrtps_c/slam_toolbox/srv/detail/save_map__type_support_c.cpp.o[0m
[5.081s] [ 61%] [32mBuilding CXX object CMakeFiles/slam_toolbox__rosidl_typesupport_fastrtps_c.dir/rosidl_typesupport_fastrtps_c/slam_toolbox/srv/detail/loop_closure__type_support_c.cpp.o[0m
[5.081s] [ 62%] [32mBuilding CXX object CMakeFiles/slam_toolbox__rosidl_typesupport_fastrtps_c.dir/rosidl_typesupport_fastrtps_c/slam_toolbox/srv/detail/merge_maps__type_support_c.cpp.o[0m
[5.082s] [ 63%] [32mBuilding CXX object CMakeFiles/slam_toolbox__rosidl_typesupport_fastrtps_c.dir/rosidl_typesupport_fastrtps_c/slam_toolbox/srv/detail/add_submap__type_support_c.cpp.o[0m
[5.082s] [ 63%] [32mBuilding CXX object CMakeFiles/slam_toolbox__rosidl_typesupport_fastrtps_c.dir/rosidl_typesupport_fastrtps_c/slam_toolbox/srv/detail/deserialize_pose_graph__type_support_c.cpp.o[0m
[5.083s] [ 64%] [32mBuilding CXX object CMakeFiles/slam_toolbox__rosidl_typesupport_fastrtps_c.dir/rosidl_typesupport_fastrtps_c/slam_toolbox/srv/detail/serialize_pose_graph__type_support_c.cpp.o[0m
[5.509s] [ 65%] [32m[1mLinking CXX shared library libslam_toolbox__rosidl_typesupport_fastrtps_c.so[0m
[5.556s] [ 65%] Built target slam_toolbox__rosidl_typesupport_fastrtps_c
[5.561s] [ 65%] Built target slam_toolbox
[5.564s] [ 65%] [34m[1mGenerating rviz_plugin/moc_slam_toolbox_rviz_plugin.cpp[0m
[5.566s] [ 66%] [34m[1mGenerating Python code for ROS interfaces[0m
[5.571s] [ 67%] [32mBuilding CXX object CMakeFiles/SlamToolboxPlugin.dir/rviz_plugin/slam_toolbox_rviz_plugin.cpp.o[0m
[5.571s] [ 68%] [32mBuilding CXX object CMakeFiles/SlamToolboxPlugin.dir/rviz_plugin/moc_slam_toolbox_rviz_plugin.cpp.o[0m
[6.451s] [ 68%] Built target slam_toolbox__py
[6.456s] [ 69%] [32mBuilding C object CMakeFiles/slam_toolbox__python.dir/rosidl_generator_py/slam_toolbox/srv/_pause_s.c.o[0m
[6.457s] [ 69%] [32mBuilding C object CMakeFiles/slam_toolbox__python.dir/rosidl_generator_py/slam_toolbox/srv/_clear_queue_s.c.o[0m
[6.457s] [ 70%] [32mBuilding C object CMakeFiles/slam_toolbox__python.dir/rosidl_generator_py/slam_toolbox/srv/_toggle_interactive_s.c.o[0m
[6.458s] [ 71%] [32mBuilding C object CMakeFiles/slam_toolbox__python.dir/rosidl_generator_py/slam_toolbox/srv/_clear_s.c.o[0m
[6.458s] [ 72%] [32mBuilding C object CMakeFiles/slam_toolbox__python.dir/rosidl_generator_py/slam_toolbox/srv/_save_map_s.c.o[0m
[6.458s] [ 72%] [32mBuilding C object CMakeFiles/slam_toolbox__python.dir/rosidl_generator_py/slam_toolbox/srv/_loop_closure_s.c.o[0m
[6.460s] [ 73%] [32mBuilding C object CMakeFiles/slam_toolbox__python.dir/rosidl_generator_py/slam_toolbox/srv/_merge_maps_s.c.o[0m
[6.460s] [ 74%] [32mBuilding C object CMakeFiles/slam_toolbox__python.dir/rosidl_generator_py/slam_toolbox/srv/_add_submap_s.c.o[0m
[6.460s] [ 75%] [32mBuilding C object CMakeFiles/slam_toolbox__python.dir/rosidl_generator_py/slam_toolbox/srv/_deserialize_pose_graph_s.c.o[0m
[6.461s] [ 75%] [32mBuilding C object CMakeFiles/slam_toolbox__python.dir/rosidl_generator_py/slam_toolbox/srv/_serialize_pose_graph_s.c.o[0m
[6.601s] [ 76%] [32m[1mLinking C shared library rosidl_generator_py/slam_toolbox/libslam_toolbox__python.so[0m
[6.625s] [ 76%] Built target slam_toolbox__python
[6.631s] [ 76%] [32mBuilding C object CMakeFiles/slam_toolbox__rosidl_typesupport_fastrtps_c__pyext.dir/rosidl_generator_py/slam_toolbox/_slam_toolbox_s.ep.rosidl_typesupport_fastrtps_c.c.o[0m
[6.632s] [ 77%] [32mBuilding C object CMakeFiles/slam_toolbox__rosidl_typesupport_introspection_c__pyext.dir/rosidl_generator_py/slam_toolbox/_slam_toolbox_s.ep.rosidl_typesupport_introspection_c.c.o[0m
[6.632s] [ 77%] [32mBuilding C object CMakeFiles/slam_toolbox__rosidl_typesupport_c__pyext.dir/rosidl_generator_py/slam_toolbox/_slam_toolbox_s.ep.rosidl_typesupport_c.c.o[0m
[6.867s] [ 78%] [32m[1mLinking CXX shared library rosidl_generator_py/slam_toolbox/slam_toolbox_s__rosidl_typesupport_fastrtps_c.cpython-38-x86_64-linux-gnu.so[0m
[6.867s] [ 78%] [32m[1mLinking C shared library rosidl_generator_py/slam_toolbox/slam_toolbox_s__rosidl_typesupport_introspection_c.cpython-38-x86_64-linux-gnu.so[0m
[6.889s] [ 78%] Built target slam_toolbox__rosidl_typesupport_introspection_c__pyext
[6.905s] [ 79%] [32m[1mLinking C shared library rosidl_generator_py/slam_toolbox/slam_toolbox_s__rosidl_typesupport_c.cpython-38-x86_64-linux-gnu.so[0m
[6.910s] [ 79%] Built target slam_toolbox__rosidl_typesupport_fastrtps_c__pyext
[6.926s] [ 79%] Built target slam_toolbox__rosidl_typesupport_c__pyext
[14.303s] [ 79%] [32m[1mLinking CXX shared library libSlamToolboxPlugin.so[0m
[14.825s] [ 79%] Built target SlamToolboxPlugin
[15.872s] [ 80%] [32m[1mLinking CXX shared library libkartoSlamToolbox.so[0m
[16.058s] [ 80%] Built target kartoSlamToolbox
[16.063s] [ 81%] [32mBuilding CXX object CMakeFiles/ceres_solver_plugin.dir/solvers/ceres_solver.cpp.o[0m
[16.063s] [ 82%] [32mBuilding CXX object CMakeFiles/toolbox_common.dir/src/slam_toolbox_common.cpp.o[0m
[16.063s] [ 83%] [32mBuilding CXX object CMakeFiles/toolbox_common.dir/src/map_saver.cpp.o[0m
[16.063s] [ 83%] [32mBuilding CXX object CMakeFiles/toolbox_common.dir/src/loop_closure_assistant.cpp.o[0m
[16.063s] [ 84%] [32mBuilding CXX object CMakeFiles/toolbox_common.dir/src/laser_utils.cpp.o[0m
[16.064s] [ 85%] [32mBuilding CXX object CMakeFiles/toolbox_common.dir/src/slam_mapper.cpp.o[0m
[23.855s] [ 86%] [32m[1mLinking CXX shared library libceres_solver_plugin.so[0m
[24.093s] [ 86%] Built target ceres_solver_plugin
[33.419s] [ 87%] [32m[1mLinking CXX shared library libtoolbox_common.so[0m
[33.774s] [ 87%] Built target toolbox_common
[33.779s] [ 88%] [32mBuilding CXX object CMakeFiles/sync_slam_toolbox.dir/src/slam_toolbox_sync.cpp.o[0m
[33.779s] [ 89%] [32mBuilding CXX object CMakeFiles/async_slam_toolbox.dir/src/slam_toolbox_async.cpp.o[0m
[33.780s] [ 90%] [32mBuilding CXX object CMakeFiles/localization_slam_toolbox.dir/src/slam_toolbox_localization.cpp.o[0m
[33.780s] [ 91%] [32mBuilding CXX object CMakeFiles/lifelong_slam_toolbox.dir/src/experimental/slam_toolbox_lifelong.cpp.o[0m
[33.780s] [ 92%] [32mBuilding CXX object CMakeFiles/merge_maps_kinematic.dir/src/merge_maps_kinematic.cpp.o[0m
[40.863s] [ 93%] [32m[1mLinking CXX shared library libasync_slam_toolbox.so[0m
[41.142s] [ 93%] Built target async_slam_toolbox
[41.148s] [ 94%] [32mBuilding CXX object CMakeFiles/async_slam_toolbox_node.dir/src/slam_toolbox_async_node.cpp.o[0m
[41.379s] [ 95%] [32m[1mLinking CXX shared library liblifelong_slam_toolbox.so[0m
[41.566s] [ 96%] [32m[1mLinking CXX shared library libsync_slam_toolbox.so[0m
[41.670s] [ 96%] Built target lifelong_slam_toolbox
[41.676s] [ 96%] [32mBuilding CXX object CMakeFiles/lifelong_slam_toolbox_node.dir/src/experimental/slam_toolbox_lifelong_node.cpp.o[0m
[41.858s] [ 96%] Built target sync_slam_toolbox
[41.864s] [ 96%] [32mBuilding CXX object CMakeFiles/sync_slam_toolbox_node.dir/src/slam_toolbox_sync_node.cpp.o[0m
[43.947s] [ 96%] [32m[1mLinking CXX executable merge_maps_kinematic[0m
[44.286s] [ 96%] [32m[1mLinking CXX shared library liblocalization_slam_toolbox.so[0m
[44.482s] [ 96%] Built target merge_maps_kinematic
[44.588s] [ 96%] Built target localization_slam_toolbox
[44.594s] [ 97%] [32mBuilding CXX object CMakeFiles/localization_slam_toolbox_node.dir/src/slam_toolbox_localization_node.cpp.o[0m
[48.418s] [ 97%] [32m[1mLinking CXX executable async_slam_toolbox_node[0m
[48.850s] [ 97%] Built target async_slam_toolbox_node
[48.897s] [ 98%] [32m[1mLinking CXX executable lifelong_slam_toolbox_node[0m
[49.110s] [ 99%] [32m[1mLinking CXX executable sync_slam_toolbox_node[0m
[49.314s] [ 99%] Built target lifelong_slam_toolbox_node
[49.505s] [ 99%] Built target sync_slam_toolbox_node
[51.391s] [100%] [32m[1mLinking CXX executable localization_slam_toolbox_node[0m
[51.762s] [100%] Built target localization_slam_toolbox_node
[51.766s] Invoked command in '/home/naraphon9/ros2_ws/src/build/slam_toolbox' returned '0': CMAKE_PREFIX_PATH=${CMAKE_PREFIX_PATH}:/home/naraphon9/ros2_ws/install/ydlidar:/opt/ros/foxy /opt/cmake-3.26/bin/cmake --build /home/naraphon9/ros2_ws/src/build/slam_toolbox -- -j20 -l20
[51.768s] Invoking command in '/home/naraphon9/ros2_ws/src/build/slam_toolbox': CMAKE_PREFIX_PATH=${CMAKE_PREFIX_PATH}:/home/naraphon9/ros2_ws/install/ydlidar:/opt/ros/foxy /opt/cmake-3.26/bin/cmake --install /home/naraphon9/ros2_ws/src/build/slam_toolbox
[51.769s] -- Install configuration: "Release"
[51.770s] -- Execute custom install script
[51.770s] -- Symlinking: /home/naraphon9/ros2_ws/src/install/slam_toolbox/include//karto_sdk/Karto.h
[51.771s] -- Symlinking: /home/naraphon9/ros2_ws/src/install/slam_toolbox/include//karto_sdk/Macros.h
[51.772s] -- Symlinking: /home/naraphon9/ros2_ws/src/install/slam_toolbox/include//karto_sdk/Mapper.h
[51.773s] -- Symlinking: /home/naraphon9/ros2_ws/src/install/slam_toolbox/include//karto_sdk/Math.h
[51.775s] -- Symlinking: /home/naraphon9/ros2_ws/src/install/slam_toolbox/include//karto_sdk/Types.h
[51.776s] -- Symlinking: /home/naraphon9/ros2_ws/src/install/slam_toolbox/include//karto_sdk/nanoflann.hpp
[51.777s] -- Symlinking: /home/naraphon9/ros2_ws/src/install/slam_toolbox/include//karto_sdk/nanoflann_adaptors.h
[51.778s] -- Symlinking: /home/naraphon9/ros2_ws/src/install/slam_toolbox/lib/libkartoSlamToolbox.so
[51.779s] -- Symlinking: /home/naraphon9/ros2_ws/src/install/slam_toolbox/share/karto_sdk/environment/library_path.sh
[51.780s] -- Symlinking: /home/naraphon9/ros2_ws/src/install/slam_toolbox/share/karto_sdk/environment/library_path.dsv
[51.781s] -- Symlinking: /home/naraphon9/ros2_ws/src/install/slam_toolbox/share/ament_index/resource_index/package_run_dependencies/karto_sdk
[51.783s] -- Symlinking: /home/naraphon9/ros2_ws/src/install/slam_toolbox/share/ament_index/resource_index/parent_prefix_path/karto_sdk
[51.784s] -- Symlinking: /home/naraphon9/ros2_ws/src/install/slam_toolbox/share/karto_sdk/environment/ament_prefix_path.sh
[51.785s] -- Symlinking: /home/naraphon9/ros2_ws/src/install/slam_toolbox/share/karto_sdk/environment/ament_prefix_path.dsv
[51.786s] -- Symlinking: /home/naraphon9/ros2_ws/src/install/slam_toolbox/share/karto_sdk/environment/path.sh
[51.788s] -- Symlinking: /home/naraphon9/ros2_ws/src/install/slam_toolbox/share/karto_sdk/environment/path.dsv
[51.789s] -- Symlinking: /home/naraphon9/ros2_ws/src/install/slam_toolbox/share/karto_sdk/local_setup.bash
[51.790s] -- Symlinking: /home/naraphon9/ros2_ws/src/install/slam_toolbox/share/karto_sdk/local_setup.sh
[51.791s] -- Symlinking: /home/naraphon9/ros2_ws/src/install/slam_toolbox/share/karto_sdk/local_setup.zsh
[51.793s] -- Symlinking: /home/naraphon9/ros2_ws/src/install/slam_toolbox/share/karto_sdk/local_setup.dsv
[51.794s] -- Symlinking: /home/naraphon9/ros2_ws/src/install/slam_toolbox/share/karto_sdk/package.dsv
[51.796s] -- Symlinking: /home/naraphon9/ros2_ws/src/install/slam_toolbox/share/ament_index/resource_index/packages/karto_sdk
[51.797s] -- Symlinking: /home/naraphon9/ros2_ws/src/install/slam_toolbox/share/karto_sdk/cmake/ament_cmake_export_libraries-extras.cmake
[51.799s] -- Symlinking: /home/naraphon9/ros2_ws/src/install/slam_toolbox/share/karto_sdk/cmake/ament_cmake_export_include_directories-extras.cmake
[51.800s] -- Symlinking: /home/naraphon9/ros2_ws/src/install/slam_toolbox/share/karto_sdk/cmake/ament_cmake_export_dependencies-extras.cmake
[51.801s] -- Symlinking: /home/naraphon9/ros2_ws/src/install/slam_toolbox/share/karto_sdk/cmake/karto_sdkConfig.cmake
[51.802s] -- Symlinking: /home/naraphon9/ros2_ws/src/install/slam_toolbox/share/karto_sdk/cmake/karto_sdkConfig-version.cmake
[51.803s] -- Symlinking: /home/naraphon9/ros2_ws/src/install/slam_toolbox/share/karto_sdk/package.xml
[51.805s] -- Symlinking: /home/naraphon9/ros2_ws/src/install/slam_toolbox/share/ament_index/resource_index/rosidl_interfaces/slam_toolbox
[51.806s] -- Symlinking: /home/naraphon9/ros2_ws/src/install/slam_toolbox/include/slam_toolbox/msg/rosidl_generator_c__visibility_control.h
[51.807s] -- Symlinking: /home/naraphon9/ros2_ws/src/install/slam_toolbox/include/slam_toolbox/srv/add_submap.h
[51.808s] -- Symlinking: /home/naraphon9/ros2_ws/src/install/slam_toolbox/include/slam_toolbox/srv/clear.h
[51.809s] -- Symlinking: /home/naraphon9/ros2_ws/src/install/slam_toolbox/include/slam_toolbox/srv/clear_queue.h
[51.811s] -- Symlinking: /home/naraphon9/ros2_ws/src/install/slam_toolbox/include/slam_toolbox/srv/deserialize_pose_graph.h
[51.812s] -- Symlinking: /home/naraphon9/ros2_ws/src/install/slam_toolbox/include/slam_toolbox/srv/detail/add_submap__functions.h
[51.813s] -- Symlinking: /home/naraphon9/ros2_ws/src/install/slam_toolbox/include/slam_toolbox/srv/detail/add_submap__struct.h
[51.814s] -- Symlinking: /home/naraphon9/ros2_ws/src/install/slam_toolbox/include/slam_toolbox/srv/detail/add_submap__type_support.h
[51.815s] -- Symlinking: /home/naraphon9/ros2_ws/src/install/slam_toolbox/include/slam_toolbox/srv/detail/clear__functions.h
[51.816s] -- Symlinking: /home/naraphon9/ros2_ws/src/install/slam_toolbox/include/slam_toolbox/srv/detail/clear__struct.h
[51.817s] -- Symlinking: /home/naraphon9/ros2_ws/src/install/slam_toolbox/include/slam_toolbox/srv/detail/clear__type_support.h
[51.818s] -- Symlinking: /home/naraphon9/ros2_ws/src/install/slam_toolbox/include/slam_toolbox/srv/detail/clear_queue__functions.h
[51.819s] -- Symlinking: /home/naraphon9/ros2_ws/src/install/slam_toolbox/include/slam_toolbox/srv/detail/clear_queue__struct.h
[51.820s] -- Symlinking: /home/naraphon9/ros2_ws/src/install/slam_toolbox/include/slam_toolbox/srv/detail/clear_queue__type_support.h
[51.820s] -- Symlinking: /home/naraphon9/ros2_ws/src/install/slam_toolbox/include/slam_toolbox/srv/detail/deserialize_pose_graph__functions.h
[51.821s] -- Symlinking: /home/naraphon9/ros2_ws/src/install/slam_toolbox/include/slam_toolbox/srv/detail/deserialize_pose_graph__struct.h
[51.822s] -- Symlinking: /home/naraphon9/ros2_ws/src/install/slam_toolbox/include/slam_toolbox/srv/detail/deserialize_pose_graph__type_support.h
[51.823s] -- Symlinking: /home/naraphon9/ros2_ws/src/install/slam_toolbox/include/slam_toolbox/srv/detail/loop_closure__functions.h
[51.824s] -- Symlinking: /home/naraphon9/ros2_ws/src/install/slam_toolbox/include/slam_toolbox/srv/detail/loop_closure__struct.h
[51.825s] -- Symlinking: /home/naraphon9/ros2_ws/src/install/slam_toolbox/include/slam_toolbox/srv/detail/loop_closure__type_support.h
[51.825s] -- Symlinking: /home/naraphon9/ros2_ws/src/install/slam_toolbox/include/slam_toolbox/srv/detail/merge_maps__functions.h
[51.826s] -- Symlinking: /home/naraphon9/ros2_ws/src/install/slam_toolbox/include/slam_toolbox/srv/detail/merge_maps__struct.h
[51.827s] -- Symlinking: /home/naraphon9/ros2_ws/src/install/slam_toolbox/include/slam_toolbox/srv/detail/merge_maps__type_support.h
[51.828s] -- Symlinking: /home/naraphon9/ros2_ws/src/install/slam_toolbox/include/slam_toolbox/srv/detail/pause__functions.h
[51.828s] -- Symlinking: /home/naraphon9/ros2_ws/src/install/slam_toolbox/include/slam_toolbox/srv/detail/pause__struct.h
[51.829s] -- Symlinking: /home/naraphon9/ros2_ws/src/install/slam_toolbox/include/slam_toolbox/srv/detail/pause__type_support.h
[51.830s] -- Symlinking: /home/naraphon9/ros2_ws/src/install/slam_toolbox/include/slam_toolbox/srv/detail/save_map__functions.h
[51.831s] -- Symlinking: /home/naraphon9/ros2_ws/src/install/slam_toolbox/include/slam_toolbox/srv/detail/save_map__struct.h
[51.832s] -- Symlinking: /home/naraphon9/ros2_ws/src/install/slam_toolbox/include/slam_toolbox/srv/detail/save_map__type_support.h
[51.832s] -- Symlinking: /home/naraphon9/ros2_ws/src/install/slam_toolbox/include/slam_toolbox/srv/detail/serialize_pose_graph__functions.h
[51.833s] -- Symlinking: /home/naraphon9/ros2_ws/src/install/slam_toolbox/include/slam_toolbox/srv/detail/serialize_pose_graph__struct.h
[51.834s] -- Symlinking: /home/naraphon9/ros2_ws/src/install/slam_toolbox/include/slam_toolbox/srv/detail/serialize_pose_graph__type_support.h
[51.835s] -- Symlinking: /home/naraphon9/ros2_ws/src/install/slam_toolbox/include/slam_toolbox/srv/detail/toggle_interactive__functions.h
[51.836s] -- Symlinking: /home/naraphon9/ros2_ws/src/install/slam_toolbox/include/slam_toolbox/srv/detail/toggle_interactive__struct.h
[51.837s] -- Symlinking: /home/naraphon9/ros2_ws/src/install/slam_toolbox/include/slam_toolbox/srv/detail/toggle_interactive__type_support.h
[51.838s] -- Symlinking: /home/naraphon9/ros2_ws/src/install/slam_toolbox/include/slam_toolbox/srv/loop_closure.h
[51.838s] -- Symlinking: /home/naraphon9/ros2_ws/src/install/slam_toolbox/include/slam_toolbox/srv/merge_maps.h
[51.839s] -- Symlinking: /home/naraphon9/ros2_ws/src/install/slam_toolbox/include/slam_toolbox/srv/pause.h
[51.840s] -- Symlinking: /home/naraphon9/ros2_ws/src/install/slam_toolbox/include/slam_toolbox/srv/save_map.h
[51.841s] -- Symlinking: /home/naraphon9/ros2_ws/src/install/slam_toolbox/include/slam_toolbox/srv/serialize_pose_graph.h
[51.842s] -- Symlinking: /home/naraphon9/ros2_ws/src/install/slam_toolbox/include/slam_toolbox/srv/toggle_interactive.h
[51.843s] -- Symlinking: /home/naraphon9/ros2_ws/src/install/slam_toolbox/share/slam_toolbox/environment/library_path.sh
[51.844s] -- Symlinking: /home/naraphon9/ros2_ws/src/install/slam_toolbox/share/slam_toolbox/environment/library_path.dsv
[51.845s] -- Symlinking: /home/naraphon9/ros2_ws/src/install/slam_toolbox/include/slam_toolbox/msg/rosidl_typesupport_fastrtps_c__visibility_control.h
[51.846s] -- Symlinking: /home/naraphon9/ros2_ws/src/install/slam_toolbox/include/slam_toolbox/srv/detail/add_submap__rosidl_typesupport_fastrtps_c.h
[51.847s] -- Symlinking: /home/naraphon9/ros2_ws/src/install/slam_toolbox/include/slam_toolbox/srv/detail/clear__rosidl_typesupport_fastrtps_c.h
[51.848s] -- Symlinking: /home/naraphon9/ros2_ws/src/install/slam_toolbox/include/slam_toolbox/srv/detail/clear_queue__rosidl_typesupport_fastrtps_c.h
[51.849s] -- Symlinking: /home/naraphon9/ros2_ws/src/install/slam_toolbox/include/slam_toolbox/srv/detail/deserialize_pose_graph__rosidl_typesupport_fastrtps_c.h
[51.850s] -- Symlinking: /home/naraphon9/ros2_ws/src/install/slam_toolbox/include/slam_toolbox/srv/detail/loop_closure__rosidl_typesupport_fastrtps_c.h
[51.852s] -- Symlinking: /home/naraphon9/ros2_ws/src/install/slam_toolbox/include/slam_toolbox/srv/detail/merge_maps__rosidl_typesupport_fastrtps_c.h
[51.853s] -- Symlinking: /home/naraphon9/ros2_ws/src/install/slam_toolbox/include/slam_toolbox/srv/detail/pause__rosidl_typesupport_fastrtps_c.h
[51.853s] -- Symlinking: /home/naraphon9/ros2_ws/src/install/slam_toolbox/include/slam_toolbox/srv/detail/save_map__rosidl_typesupport_fastrtps_c.h
[51.854s] -- Symlinking: /home/naraphon9/ros2_ws/src/install/slam_toolbox/include/slam_toolbox/srv/detail/serialize_pose_graph__rosidl_typesupport_fastrtps_c.h
[51.856s] -- Symlinking: /home/naraphon9/ros2_ws/src/install/slam_toolbox/include/slam_toolbox/srv/detail/toggle_interactive__rosidl_typesupport_fastrtps_c.h
[51.857s] -- Symlinking: /home/naraphon9/ros2_ws/src/install/slam_toolbox/lib/libslam_toolbox__rosidl_typesupport_fastrtps_c.so
[51.858s] -- Symlinking: /home/naraphon9/ros2_ws/src/install/slam_toolbox/include/slam_toolbox/msg/rosidl_typesupport_fastrtps_cpp__visibility_control.h
[51.859s] -- Symlinking: /home/naraphon9/ros2_ws/src/install/slam_toolbox/include/slam_toolbox/srv/detail/add_submap__rosidl_typesupport_fastrtps_cpp.hpp
[51.860s] -- Symlinking: /home/naraphon9/ros2_ws/src/install/slam_toolbox/include/slam_toolbox/srv/detail/clear__rosidl_typesupport_fastrtps_cpp.hpp
[51.861s] -- Symlinking: /home/naraphon9/ros2_ws/src/install/slam_toolbox/include/slam_toolbox/srv/detail/clear_queue__rosidl_typesupport_fastrtps_cpp.hpp
[51.862s] -- Symlinking: /home/naraphon9/ros2_ws/src/install/slam_toolbox/include/slam_toolbox/srv/detail/deserialize_pose_graph__rosidl_typesupport_fastrtps_cpp.hpp
[51.863s] -- Symlinking: /home/naraphon9/ros2_ws/src/install/slam_toolbox/include/slam_toolbox/srv/detail/loop_closure__rosidl_typesupport_fastrtps_cpp.hpp
[51.864s] -- Symlinking: /home/naraphon9/ros2_ws/src/install/slam_toolbox/include/slam_toolbox/srv/detail/merge_maps__rosidl_typesupport_fastrtps_cpp.hpp
[51.865s] -- Symlinking: /home/naraphon9/ros2_ws/src/install/slam_toolbox/include/slam_toolbox/srv/detail/pause__rosidl_typesupport_fastrtps_cpp.hpp
[51.865s] -- Symlinking: /home/naraphon9/ros2_ws/src/install/slam_toolbox/include/slam_toolbox/srv/detail/save_map__rosidl_typesupport_fastrtps_cpp.hpp
[51.866s] -- Symlinking: /home/naraphon9/ros2_ws/src/install/slam_toolbox/include/slam_toolbox/srv/detail/serialize_pose_graph__rosidl_typesupport_fastrtps_cpp.hpp
[51.868s] -- Symlinking: /home/naraphon9/ros2_ws/src/install/slam_toolbox/include/slam_toolbox/srv/detail/toggle_interactive__rosidl_typesupport_fastrtps_cpp.hpp
[51.869s] -- Symlinking: /home/naraphon9/ros2_ws/src/install/slam_toolbox/lib/libslam_toolbox__rosidl_typesupport_fastrtps_cpp.so
[51.870s] -- Symlinking: /home/naraphon9/ros2_ws/src/install/slam_toolbox/include/slam_toolbox/msg/rosidl_typesupport_introspection_c__visibility_control.h
[51.871s] -- Symlinking: /home/naraphon9/ros2_ws/src/install/slam_toolbox/include/slam_toolbox/srv/detail/add_submap__rosidl_typesupport_introspection_c.h
[51.872s] -- Symlinking: /home/naraphon9/ros2_ws/src/install/slam_toolbox/include/slam_toolbox/srv/detail/clear__rosidl_typesupport_introspection_c.h
[51.873s] -- Symlinking: /home/naraphon9/ros2_ws/src/install/slam_toolbox/include/slam_toolbox/srv/detail/clear_queue__rosidl_typesupport_introspection_c.h
[51.873s] -- Symlinking: /home/naraphon9/ros2_ws/src/install/slam_toolbox/include/slam_toolbox/srv/detail/deserialize_pose_graph__rosidl_typesupport_introspection_c.h
[51.874s] -- Symlinking: /home/naraphon9/ros2_ws/src/install/slam_toolbox/include/slam_toolbox/srv/detail/loop_closure__rosidl_typesupport_introspection_c.h
[51.875s] -- Symlinking: /home/naraphon9/ros2_ws/src/install/slam_toolbox/include/slam_toolbox/srv/detail/merge_maps__rosidl_typesupport_introspection_c.h
[51.876s] -- Symlinking: /home/naraphon9/ros2_ws/src/install/slam_toolbox/include/slam_toolbox/srv/detail/pause__rosidl_typesupport_introspection_c.h
[51.877s] -- Symlinking: /home/naraphon9/ros2_ws/src/install/slam_toolbox/include/slam_toolbox/srv/detail/save_map__rosidl_typesupport_introspection_c.h
[51.878s] -- Symlinking: /home/naraphon9/ros2_ws/src/install/slam_toolbox/include/slam_toolbox/srv/detail/serialize_pose_graph__rosidl_typesupport_introspection_c.h
[51.879s] -- Symlinking: /home/naraphon9/ros2_ws/src/install/slam_toolbox/include/slam_toolbox/srv/detail/toggle_interactive__rosidl_typesupport_introspection_c.h
[51.880s] -- Symlinking: /home/naraphon9/ros2_ws/src/install/slam_toolbox/include/slam_toolbox/msg/rosidl_generator_cpp__visibility_control.hpp
[51.881s] -- Symlinking: /home/naraphon9/ros2_ws/src/install/slam_toolbox/include/slam_toolbox/srv/add_submap.hpp
[51.882s] -- Symlinking: /home/naraphon9/ros2_ws/src/install/slam_toolbox/include/slam_toolbox/srv/clear.hpp
[51.883s] -- Symlinking: /home/naraphon9/ros2_ws/src/install/slam_toolbox/include/slam_toolbox/srv/clear_queue.hpp
[51.884s] -- Symlinking: /home/naraphon9/ros2_ws/src/install/slam_toolbox/include/slam_toolbox/srv/deserialize_pose_graph.hpp
[51.885s] -- Symlinking: /home/naraphon9/ros2_ws/src/install/slam_toolbox/include/slam_toolbox/srv/detail/add_submap__builder.hpp
[51.886s] -- Symlinking: /home/naraphon9/ros2_ws/src/install/slam_toolbox/include/slam_toolbox/srv/detail/add_submap__struct.hpp
[51.887s] -- Symlinking: /home/naraphon9/ros2_ws/src/install/slam_toolbox/include/slam_toolbox/srv/detail/add_submap__traits.hpp
[51.888s] -- Symlinking: /home/naraphon9/ros2_ws/src/install/slam_toolbox/include/slam_toolbox/srv/detail/add_submap__type_support.hpp
[51.888s] -- Symlinking: /home/naraphon9/ros2_ws/src/install/slam_toolbox/include/slam_toolbox/srv/detail/clear__builder.hpp
[51.889s] -- Symlinking: /home/naraphon9/ros2_ws/src/install/slam_toolbox/include/slam_toolbox/srv/detail/clear__struct.hpp
[51.890s] -- Symlinking: /home/naraphon9/ros2_ws/src/install/slam_toolbox/include/slam_toolbox/srv/detail/clear__traits.hpp
[51.891s] -- Symlinking: /home/naraphon9/ros2_ws/src/install/slam_toolbox/include/slam_toolbox/srv/detail/clear__type_support.hpp
[51.892s] -- Symlinking: /home/naraphon9/ros2_ws/src/install/slam_toolbox/include/slam_toolbox/srv/detail/clear_queue__builder.hpp
[51.892s] -- Symlinking: /home/naraphon9/ros2_ws/src/install/slam_toolbox/include/slam_toolbox/srv/detail/clear_queue__struct.hpp
[51.893s] -- Symlinking: /home/naraphon9/ros2_ws/src/install/slam_toolbox/include/slam_toolbox/srv/detail/clear_queue__traits.hpp
[51.894s] -- Symlinking: /home/naraphon9/ros2_ws/src/install/slam_toolbox/include/slam_toolbox/srv/detail/clear_queue__type_support.hpp
[51.895s] -- Symlinking: /home/naraphon9/ros2_ws/src/install/slam_toolbox/include/slam_toolbox/srv/detail/deserialize_pose_graph__builder.hpp
[51.896s] -- Symlinking: /home/naraphon9/ros2_ws/src/install/slam_toolbox/include/slam_toolbox/srv/detail/deserialize_pose_graph__struct.hpp
[51.896s] -- Symlinking: /home/naraphon9/ros2_ws/src/install/slam_toolbox/include/slam_toolbox/srv/detail/deserialize_pose_graph__traits.hpp
[51.897s] -- Symlinking: /home/naraphon9/ros2_ws/src/install/slam_toolbox/include/slam_toolbox/srv/detail/deserialize_pose_graph__type_support.hpp
[51.898s] -- Symlinking: /home/naraphon9/ros2_ws/src/install/slam_toolbox/include/slam_toolbox/srv/detail/loop_closure__builder.hpp
[51.899s] -- Symlinking: /home/naraphon9/ros2_ws/src/install/slam_toolbox/include/slam_toolbox/srv/detail/loop_closure__struct.hpp
[51.900s] -- Symlinking: /home/naraphon9/ros2_ws/src/install/slam_toolbox/include/slam_toolbox/srv/detail/loop_closure__traits.hpp
[51.901s] -- Symlinking: /home/naraphon9/ros2_ws/src/install/slam_toolbox/include/slam_toolbox/srv/detail/loop_closure__type_support.hpp
[51.902s] -- Symlinking: /home/naraphon9/ros2_ws/src/install/slam_toolbox/include/slam_toolbox/srv/detail/merge_maps__builder.hpp
[51.902s] -- Symlinking: /home/naraphon9/ros2_ws/src/install/slam_toolbox/include/slam_toolbox/srv/detail/merge_maps__struct.hpp
[51.904s] -- Symlinking: /home/naraphon9/ros2_ws/src/install/slam_toolbox/include/slam_toolbox/srv/detail/merge_maps__traits.hpp
[51.904s] -- Symlinking: /home/naraphon9/ros2_ws/src/install/slam_toolbox/include/slam_toolbox/srv/detail/merge_maps__type_support.hpp
[51.905s] -- Symlinking: /home/naraphon9/ros2_ws/src/install/slam_toolbox/include/slam_toolbox/srv/detail/pause__builder.hpp
[51.906s] -- Symlinking: /home/naraphon9/ros2_ws/src/install/slam_toolbox/include/slam_toolbox/srv/detail/pause__struct.hpp
[51.908s] -- Symlinking: /home/naraphon9/ros2_ws/src/install/slam_toolbox/include/slam_toolbox/srv/detail/pause__traits.hpp
[51.909s] -- Symlinking: /home/naraphon9/ros2_ws/src/install/slam_toolbox/include/slam_toolbox/srv/detail/pause__type_support.hpp
[51.910s] -- Symlinking: /home/naraphon9/ros2_ws/src/install/slam_toolbox/include/slam_toolbox/srv/detail/save_map__builder.hpp
[51.911s] -- Symlinking: /home/naraphon9/ros2_ws/src/install/slam_toolbox/include/slam_toolbox/srv/detail/save_map__struct.hpp
[51.912s] -- Symlinking: /home/naraphon9/ros2_ws/src/install/slam_toolbox/include/slam_toolbox/srv/detail/save_map__traits.hpp
[51.913s] -- Symlinking: /home/naraphon9/ros2_ws/src/install/slam_toolbox/include/slam_toolbox/srv/detail/save_map__type_support.hpp
[51.914s] -- Symlinking: /home/naraphon9/ros2_ws/src/install/slam_toolbox/include/slam_toolbox/srv/detail/serialize_pose_graph__builder.hpp
[51.915s] -- Symlinking: /home/naraphon9/ros2_ws/src/install/slam_toolbox/include/slam_toolbox/srv/detail/serialize_pose_graph__struct.hpp
[51.916s] -- Symlinking: /home/naraphon9/ros2_ws/src/install/slam_toolbox/include/slam_toolbox/srv/detail/serialize_pose_graph__traits.hpp
[51.917s] -- Symlinking: /home/naraphon9/ros2_ws/src/install/slam_toolbox/include/slam_toolbox/srv/detail/serialize_pose_graph__type_support.hpp
[51.918s] -- Symlinking: /home/naraphon9/ros2_ws/src/install/slam_toolbox/include/slam_toolbox/srv/detail/toggle_interactive__builder.hpp
[51.919s] -- Symlinking: /home/naraphon9/ros2_ws/src/install/slam_toolbox/include/slam_toolbox/srv/detail/toggle_interactive__struct.hpp
[51.920s] -- Symlinking: /home/naraphon9/ros2_ws/src/install/slam_toolbox/include/slam_toolbox/srv/detail/toggle_interactive__traits.hpp
[51.921s] -- Symlinking: /home/naraphon9/ros2_ws/src/install/slam_toolbox/include/slam_toolbox/srv/detail/toggle_interactive__type_support.hpp
[51.922s] -- Symlinking: /home/naraphon9/ros2_ws/src/install/slam_toolbox/include/slam_toolbox/srv/loop_closure.hpp
[51.923s] -- Symlinking: /home/naraphon9/ros2_ws/src/install/slam_toolbox/include/slam_toolbox/srv/merge_maps.hpp
[51.924s] -- Symlinking: /home/naraphon9/ros2_ws/src/install/slam_toolbox/include/slam_toolbox/srv/pause.hpp
[51.925s] -- Symlinking: /home/naraphon9/ros2_ws/src/install/slam_toolbox/include/slam_toolbox/srv/save_map.hpp
[51.926s] -- Symlinking: /home/naraphon9/ros2_ws/src/install/slam_toolbox/include/slam_toolbox/srv/serialize_pose_graph.hpp
[51.927s] -- Symlinking: /home/naraphon9/ros2_ws/src/install/slam_toolbox/include/slam_toolbox/srv/toggle_interactive.hpp
[51.928s] -- Symlinking: /home/naraphon9/ros2_ws/src/install/slam_toolbox/include/slam_toolbox/srv/detail/add_submap__rosidl_typesupport_introspection_cpp.hpp
[51.929s] -- Symlinking: /home/naraphon9/ros2_ws/src/install/slam_toolbox/include/slam_toolbox/srv/detail/clear__rosidl_typesupport_introspection_cpp.hpp
[51.930s] -- Symlinking: /home/naraphon9/ros2_ws/src/install/slam_toolbox/include/slam_toolbox/srv/detail/clear_queue__rosidl_typesupport_introspection_cpp.hpp
[51.931s] -- Symlinking: /home/naraphon9/ros2_ws/src/install/slam_toolbox/include/slam_toolbox/srv/detail/deserialize_pose_graph__rosidl_typesupport_introspection_cpp.hpp
[51.932s] -- Symlinking: /home/naraphon9/ros2_ws/src/install/slam_toolbox/include/slam_toolbox/srv/detail/loop_closure__rosidl_typesupport_introspection_cpp.hpp
[51.933s] -- Symlinking: /home/naraphon9/ros2_ws/src/install/slam_toolbox/include/slam_toolbox/srv/detail/merge_maps__rosidl_typesupport_introspection_cpp.hpp
[51.934s] -- Symlinking: /home/naraphon9/ros2_ws/src/install/slam_toolbox/include/slam_toolbox/srv/detail/pause__rosidl_typesupport_introspection_cpp.hpp
[51.935s] -- Symlinking: /home/naraphon9/ros2_ws/src/install/slam_toolbox/include/slam_toolbox/srv/detail/save_map__rosidl_typesupport_introspection_cpp.hpp
[51.936s] -- Symlinking: /home/naraphon9/ros2_ws/src/install/slam_toolbox/include/slam_toolbox/srv/detail/serialize_pose_graph__rosidl_typesupport_introspection_cpp.hpp
[51.936s] -- Symlinking: /home/naraphon9/ros2_ws/src/install/slam_toolbox/include/slam_toolbox/srv/detail/toggle_interactive__rosidl_typesupport_introspection_cpp.hpp
[51.937s] -- Symlinking: /home/naraphon9/ros2_ws/src/install/slam_toolbox/share/slam_toolbox/environment/pythonpath.sh
[51.938s] -- Symlinking: /home/naraphon9/ros2_ws/src/install/slam_toolbox/share/slam_toolbox/environment/pythonpath.dsv
[51.939s] -- Symlinking: /home/naraphon9/ros2_ws/src/install/slam_toolbox/lib/python3.8/site-packages/slam_toolbox/__init__.py
[51.940s] -- Symlinking: /home/naraphon9/ros2_ws/src/install/slam_toolbox/lib/python3.8/site-packages/slam_toolbox/srv/__init__.py
[51.941s] -- Symlinking: /home/naraphon9/ros2_ws/src/install/slam_toolbox/lib/python3.8/site-packages/slam_toolbox/srv/_add_submap.py
[51.942s] -- Symlinking: /home/naraphon9/ros2_ws/src/install/slam_toolbox/lib/python3.8/site-packages/slam_toolbox/srv/_clear.py
[51.943s] -- Symlinking: /home/naraphon9/ros2_ws/src/install/slam_toolbox/lib/python3.8/site-packages/slam_toolbox/srv/_clear_queue.py
[51.944s] -- Symlinking: /home/naraphon9/ros2_ws/src/install/slam_toolbox/lib/python3.8/site-packages/slam_toolbox/srv/_deserialize_pose_graph.py
[51.944s] -- Symlinking: /home/naraphon9/ros2_ws/src/install/slam_toolbox/lib/python3.8/site-packages/slam_toolbox/srv/_loop_closure.py
[51.945s] -- Symlinking: /home/naraphon9/ros2_ws/src/install/slam_toolbox/lib/python3.8/site-packages/slam_toolbox/srv/_merge_maps.py
[51.946s] -- Symlinking: /home/naraphon9/ros2_ws/src/install/slam_toolbox/lib/python3.8/site-packages/slam_toolbox/srv/_pause.py
[51.947s] -- Symlinking: /home/naraphon9/ros2_ws/src/install/slam_toolbox/lib/python3.8/site-packages/slam_toolbox/srv/_save_map.py
[51.948s] -- Symlinking: /home/naraphon9/ros2_ws/src/install/slam_toolbox/lib/python3.8/site-packages/slam_toolbox/srv/_serialize_pose_graph.py
[51.949s] -- Symlinking: /home/naraphon9/ros2_ws/src/install/slam_toolbox/lib/python3.8/site-packages/slam_toolbox/srv/_toggle_interactive.py
[51.950s] -- Symlinking: /home/naraphon9/ros2_ws/src/install/slam_toolbox/lib/python3.8/site-packages/slam_toolbox/slam_toolbox_s__rosidl_typesupport_fastrtps_c.cpython-38-x86_64-linux-gnu.so
[51.951s] -- Symlinking: /home/naraphon9/ros2_ws/src/install/slam_toolbox/lib/python3.8/site-packages/slam_toolbox/slam_toolbox_s__rosidl_typesupport_introspection_c.cpython-38-x86_64-linux-gnu.so
[51.951s] -- Symlinking: /home/naraphon9/ros2_ws/src/install/slam_toolbox/lib/python3.8/site-packages/slam_toolbox/slam_toolbox_s__rosidl_typesupport_c.cpython-38-x86_64-linux-gnu.so
[51.952s] -- Symlinking: /home/naraphon9/ros2_ws/src/install/slam_toolbox/lib/libslam_toolbox__python.so
[51.953s] -- Symlinking: /home/naraphon9/ros2_ws/src/install/slam_toolbox/share/slam_toolbox/srv/Pause.idl
[51.954s] -- Symlinking: /home/naraphon9/ros2_ws/src/install/slam_toolbox/share/slam_toolbox/srv/ClearQueue.idl
[51.955s] -- Symlinking: /home/naraphon9/ros2_ws/src/install/slam_toolbox/share/slam_toolbox/srv/ToggleInteractive.idl
[51.956s] -- Symlinking: /home/naraphon9/ros2_ws/src/install/slam_toolbox/share/slam_toolbox/srv/Clear.idl
[51.957s] -- Symlinking: /home/naraphon9/ros2_ws/src/install/slam_toolbox/share/slam_toolbox/srv/SaveMap.idl
[51.957s] -- Symlinking: /home/naraphon9/ros2_ws/src/install/slam_toolbox/share/slam_toolbox/srv/LoopClosure.idl
[51.958s] -- Symlinking: /home/naraphon9/ros2_ws/src/install/slam_toolbox/share/slam_toolbox/srv/MergeMaps.idl
[51.959s] -- Symlinking: /home/naraphon9/ros2_ws/src/install/slam_toolbox/share/slam_toolbox/srv/AddSubmap.idl
[51.960s] -- Symlinking: /home/naraphon9/ros2_ws/src/install/slam_toolbox/share/slam_toolbox/srv/DeserializePoseGraph.idl
[51.961s] -- Symlinking: /home/naraphon9/ros2_ws/src/install/slam_toolbox/share/slam_toolbox/srv/SerializePoseGraph.idl
[51.961s] -- Symlinking: /home/naraphon9/ros2_ws/src/install/slam_toolbox/share/slam_toolbox/srvs/Pause.srv
[51.962s] -- Symlinking: /home/naraphon9/ros2_ws/src/install/slam_toolbox/share/slam_toolbox/srvs/Pause_Request.msg
[51.963s] -- Symlinking: /home/naraphon9/ros2_ws/src/install/slam_toolbox/share/slam_toolbox/srvs/Pause_Response.msg
[51.964s] -- Symlinking: /home/naraphon9/ros2_ws/src/install/slam_toolbox/share/slam_toolbox/srvs/ClearQueue.srv
[51.965s] -- Symlinking: /home/naraphon9/ros2_ws/src/install/slam_toolbox/share/slam_toolbox/srvs/ClearQueue_Request.msg
[51.966s] -- Symlinking: /home/naraphon9/ros2_ws/src/install/slam_toolbox/share/slam_toolbox/srvs/ClearQueue_Response.msg
[51.967s] -- Symlinking: /home/naraphon9/ros2_ws/src/install/slam_toolbox/share/slam_toolbox/srvs/ToggleInteractive.srv
[51.967s] -- Symlinking: /home/naraphon9/ros2_ws/src/install/slam_toolbox/share/slam_toolbox/srvs/ToggleInteractive_Request.msg
[51.968s] -- Symlinking: /home/naraphon9/ros2_ws/src/install/slam_toolbox/share/slam_toolbox/srvs/ToggleInteractive_Response.msg
[51.969s] -- Symlinking: /home/naraphon9/ros2_ws/src/install/slam_toolbox/share/slam_toolbox/srvs/Clear.srv
[51.970s] -- Symlinking: /home/naraphon9/ros2_ws/src/install/slam_toolbox/share/slam_toolbox/srvs/Clear_Request.msg
[51.971s] -- Symlinking: /home/naraphon9/ros2_ws/src/install/slam_toolbox/share/slam_toolbox/srvs/Clear_Response.msg
[51.972s] -- Symlinking: /home/naraphon9/ros2_ws/src/install/slam_toolbox/share/slam_toolbox/srvs/SaveMap.srv
[51.972s] -- Symlinking: /home/naraphon9/ros2_ws/src/install/slam_toolbox/share/slam_toolbox/srvs/SaveMap_Request.msg
[51.973s] -- Symlinking: /home/naraphon9/ros2_ws/src/install/slam_toolbox/share/slam_toolbox/srvs/SaveMap_Response.msg
[51.974s] -- Symlinking: /home/naraphon9/ros2_ws/src/install/slam_toolbox/share/slam_toolbox/srvs/LoopClosure.srv
[51.975s] -- Symlinking: /home/naraphon9/ros2_ws/src/install/slam_toolbox/share/slam_toolbox/srvs/LoopClosure_Request.msg
[51.976s] -- Symlinking: /home/naraphon9/ros2_ws/src/install/slam_toolbox/share/slam_toolbox/srvs/LoopClosure_Response.msg
[51.977s] -- Symlinking: /home/naraphon9/ros2_ws/src/install/slam_toolbox/share/slam_toolbox/srvs/MergeMaps.srv
[51.977s] -- Symlinking: /home/naraphon9/ros2_ws/src/install/slam_toolbox/share/slam_toolbox/srvs/MergeMaps_Request.msg
[51.978s] -- Symlinking: /home/naraphon9/ros2_ws/src/install/slam_toolbox/share/slam_toolbox/srvs/MergeMaps_Response.msg
[51.979s] -- Symlinking: /home/naraphon9/ros2_ws/src/install/slam_toolbox/share/slam_toolbox/srvs/AddSubmap.srv
[51.980s] -- Symlinking: /home/naraphon9/ros2_ws/src/install/slam_toolbox/share/slam_toolbox/srvs/AddSubmap_Request.msg
[51.981s] -- Symlinking: /home/naraphon9/ros2_ws/src/install/slam_toolbox/share/slam_toolbox/srvs/AddSubmap_Response.msg
[51.982s] -- Symlinking: /home/naraphon9/ros2_ws/src/install/slam_toolbox/share/slam_toolbox/srvs/DeserializePoseGraph.srv
[51.982s] -- Symlinking: /home/naraphon9/ros2_ws/src/install/slam_toolbox/share/slam_toolbox/srvs/DeserializePoseGraph_Request.msg
[51.983s] -- Symlinking: /home/naraphon9/ros2_ws/src/install/slam_toolbox/share/slam_toolbox/srvs/DeserializePoseGraph_Response.msg
[51.984s] -- Symlinking: /home/naraphon9/ros2_ws/src/install/slam_toolbox/share/slam_toolbox/srvs/SerializePoseGraph.srv
[51.985s] -- Symlinking: /home/naraphon9/ros2_ws/src/install/slam_toolbox/share/slam_toolbox/srvs/SerializePoseGraph_Request.msg
[51.986s] -- Symlinking: /home/naraphon9/ros2_ws/src/install/slam_toolbox/share/slam_toolbox/srvs/SerializePoseGraph_Response.msg
[51.987s] -- Symlinking: /home/naraphon9/ros2_ws/src/install/slam_toolbox/share/slam_toolbox//rviz_plugins.xml
[51.988s] -- Symlinking: /home/naraphon9/ros2_ws/src/install/slam_toolbox/share/slam_toolbox//solver_plugins.xml
[51.989s] -- Symlinking: /home/naraphon9/ros2_ws/src/install/slam_toolbox/lib/slam_toolbox/async_slam_toolbox_node
[51.990s] -- Symlinking: /home/naraphon9/ros2_ws/src/install/slam_toolbox/lib/slam_toolbox/sync_slam_toolbox_node
[51.991s] -- Symlinking: /home/naraphon9/ros2_ws/src/install/slam_toolbox/lib/slam_toolbox/localization_slam_toolbox_node
[51.992s] -- Symlinking: /home/naraphon9/ros2_ws/src/install/slam_toolbox/lib/slam_toolbox/lifelong_slam_toolbox_node
[51.993s] -- Symlinking: /home/naraphon9/ros2_ws/src/install/slam_toolbox/lib/slam_toolbox/merge_maps_kinematic
[51.994s] -- Symlinking: /home/naraphon9/ros2_ws/src/install/slam_toolbox/lib/libtoolbox_common.so
[51.995s] -- Symlinking: /home/naraphon9/ros2_ws/src/install/slam_toolbox/lib/libSlamToolboxPlugin.so
[51.996s] -- Symlinking: /home/naraphon9/ros2_ws/src/install/slam_toolbox/lib/libceres_solver_plugin.so
[51.997s] -- Symlinking: /home/naraphon9/ros2_ws/src/install/slam_toolbox/lib/libasync_slam_toolbox.so
[51.998s] -- Symlinking: /home/naraphon9/ros2_ws/src/install/slam_toolbox/lib/libsync_slam_toolbox.so
[51.999s] -- Symlinking: /home/naraphon9/ros2_ws/src/install/slam_toolbox/lib/liblocalization_slam_toolbox.so
[52.000s] -- Symlinking: /home/naraphon9/ros2_ws/src/install/slam_toolbox/lib/liblifelong_slam_toolbox.so
[52.001s] -- Symlinking: /home/naraphon9/ros2_ws/src/install/slam_toolbox/include/slam_toolbox/experimental/slam_toolbox_lifelong.hpp
[52.002s] -- Symlinking: /home/naraphon9/ros2_ws/src/install/slam_toolbox/include/slam_toolbox/get_pose_helper.hpp
[52.004s] -- Symlinking: /home/naraphon9/ros2_ws/src/install/slam_toolbox/include/slam_toolbox/laser_utils.hpp
[52.005s] -- Symlinking: /home/naraphon9/ros2_ws/src/install/slam_toolbox/include/slam_toolbox/loop_closure_assistant.hpp
[52.005s] -- Symlinking: /home/naraphon9/ros2_ws/src/install/slam_toolbox/include/slam_toolbox/map_saver.hpp
[52.007s] -- Symlinking: /home/naraphon9/ros2_ws/src/install/slam_toolbox/include/slam_toolbox/merge_maps_kinematic.hpp
[52.008s] -- Symlinking: /home/naraphon9/ros2_ws/src/install/slam_toolbox/include/slam_toolbox/serialization.hpp
[52.009s] -- Symlinking: /home/naraphon9/ros2_ws/src/install/slam_toolbox/include/slam_toolbox/slam_mapper.hpp
[52.010s] -- Symlinking: /home/naraphon9/ros2_ws/src/install/slam_toolbox/include/slam_toolbox/slam_toolbox_async.hpp
[52.011s] -- Symlinking: /home/naraphon9/ros2_ws/src/install/slam_toolbox/include/slam_toolbox/slam_toolbox_common.hpp
[52.012s] -- Symlinking: /home/naraphon9/ros2_ws/src/install/slam_toolbox/include/slam_toolbox/slam_toolbox_localization.hpp
[52.013s] -- Symlinking: /home/naraphon9/ros2_ws/src/install/slam_toolbox/include/slam_toolbox/slam_toolbox_sync.hpp
[52.014s] -- Symlinking: /home/naraphon9/ros2_ws/src/install/slam_toolbox/include/slam_toolbox/snap_utils.hpp
[52.015s] -- Symlinking: /home/naraphon9/ros2_ws/src/install/slam_toolbox/include/slam_toolbox/toolbox_msgs.hpp
[52.016s] -- Symlinking: /home/naraphon9/ros2_ws/src/install/slam_toolbox/include/slam_toolbox/toolbox_types.hpp
[52.017s] -- Symlinking: /home/naraphon9/ros2_ws/src/install/slam_toolbox/include/slam_toolbox/visualization_utils.hpp
[52.018s] -- Symlinking: /home/naraphon9/ros2_ws/src/install/slam_toolbox/share/slam_toolbox/launch/lifelong_launch.py
[52.019s] -- Symlinking: /home/naraphon9/ros2_ws/src/install/slam_toolbox/share/slam_toolbox/launch/localization_launch.py
[52.020s] -- Symlinking: /home/naraphon9/ros2_ws/src/install/slam_toolbox/share/slam_toolbox/launch/merge_maps_kinematic_launch.py
[52.021s] -- Symlinking: /home/naraphon9/ros2_ws/src/install/slam_toolbox/share/slam_toolbox/launch/offline_launch.py
[52.022s] -- Symlinking: /home/naraphon9/ros2_ws/src/install/slam_toolbox/share/slam_toolbox/launch/online_async_launch.py
[52.022s] -- Symlinking: /home/naraphon9/ros2_ws/src/install/slam_toolbox/share/slam_toolbox/launch/online_sync_launch.py
[52.024s] -- Symlinking: /home/naraphon9/ros2_ws/src/install/slam_toolbox/share/slam_toolbox/config/mapper_params_lifelong.yaml
[52.025s] -- Symlinking: /home/naraphon9/ros2_ws/src/install/slam_toolbox/share/slam_toolbox/config/mapper_params_localization.yaml
[52.025s] -- Symlinking: /home/naraphon9/ros2_ws/src/install/slam_toolbox/share/slam_toolbox/config/mapper_params_offline.yaml
[52.026s] -- Symlinking: /home/naraphon9/ros2_ws/src/install/slam_toolbox/share/slam_toolbox/config/mapper_params_online_async.yaml
[52.027s] -- Symlinking: /home/naraphon9/ros2_ws/src/install/slam_toolbox/share/slam_toolbox/config/mapper_params_online_sync.yaml
[52.028s] -- Symlinking: /home/naraphon9/ros2_ws/src/install/slam_toolbox/share/solver_plugins.xml
[52.029s] -- Symlinking: /home/naraphon9/ros2_ws/src/install/slam_toolbox/share/rviz_plugins.xml
[52.030s] -- Symlinking: /home/naraphon9/ros2_ws/src/install/slam_toolbox/share/ament_index/resource_index/package_run_dependencies/slam_toolbox
[52.030s] -- Symlinking: /home/naraphon9/ros2_ws/src/install/slam_toolbox/share/ament_index/resource_index/parent_prefix_path/slam_toolbox
[52.031s] -- Symlinking: /home/naraphon9/ros2_ws/src/install/slam_toolbox/share/slam_toolbox/environment/ament_prefix_path.sh
[52.032s] -- Symlinking: /home/naraphon9/ros2_ws/src/install/slam_toolbox/share/slam_toolbox/environment/ament_prefix_path.dsv
[52.033s] -- Symlinking: /home/naraphon9/ros2_ws/src/install/slam_toolbox/share/slam_toolbox/environment/path.sh
[52.034s] -- Symlinking: /home/naraphon9/ros2_ws/src/install/slam_toolbox/share/slam_toolbox/environment/path.dsv
[52.035s] -- Symlinking: /home/naraphon9/ros2_ws/src/install/slam_toolbox/share/slam_toolbox/local_setup.bash
[52.036s] -- Symlinking: /home/naraphon9/ros2_ws/src/install/slam_toolbox/share/slam_toolbox/local_setup.sh
[52.036s] -- Symlinking: /home/naraphon9/ros2_ws/src/install/slam_toolbox/share/slam_toolbox/local_setup.zsh
[52.037s] -- Symlinking: /home/naraphon9/ros2_ws/src/install/slam_toolbox/share/slam_toolbox/local_setup.dsv
[52.038s] -- Symlinking: /home/naraphon9/ros2_ws/src/install/slam_toolbox/share/slam_toolbox/package.dsv
[52.039s] -- Symlinking: /home/naraphon9/ros2_ws/src/install/slam_toolbox/share/ament_index/resource_index/packages/slam_toolbox
[52.040s] -- Symlinking: /home/naraphon9/ros2_ws/src/install/slam_toolbox/share/ament_index/resource_index/rviz_common__pluginlib__plugin/slam_toolbox
[52.041s] -- Symlinking: /home/naraphon9/ros2_ws/src/install/slam_toolbox/share/ament_index/resource_index/slam_toolbox__pluginlib__plugin/slam_toolbox
[52.042s] -- Symlinking: /home/naraphon9/ros2_ws/src/install/slam_toolbox/share/slam_toolbox/cmake/rosidl_cmake-extras.cmake
[52.042s] -- Symlinking: /home/naraphon9/ros2_ws/src/install/slam_toolbox/share/slam_toolbox/cmake/ament_cmake_export_dependencies-extras.cmake
[52.043s] -- Symlinking: /home/naraphon9/ros2_ws/src/install/slam_toolbox/share/slam_toolbox/cmake/ament_cmake_export_libraries-extras.cmake
[52.044s] -- Symlinking: /home/naraphon9/ros2_ws/src/install/slam_toolbox/share/slam_toolbox/cmake/ament_cmake_export_targets-extras.cmake
[52.045s] -- Symlinking: /home/naraphon9/ros2_ws/src/install/slam_toolbox/share/slam_toolbox/cmake/ament_cmake_export_include_directories-extras.cmake
[52.046s] -- Symlinking: /home/naraphon9/ros2_ws/src/install/slam_toolbox/share/slam_toolbox/cmake/rosidl_cmake_export_typesupport_libraries-extras.cmake
[52.047s] -- Symlinking: /home/naraphon9/ros2_ws/src/install/slam_toolbox/share/slam_toolbox/cmake/rosidl_cmake_export_typesupport_targets-extras.cmake
[52.047s] -- Symlinking: /home/naraphon9/ros2_ws/src/install/slam_toolbox/share/slam_toolbox/cmake/slam_toolboxConfig.cmake
[52.048s] -- Symlinking: /home/naraphon9/ros2_ws/src/install/slam_toolbox/share/slam_toolbox/cmake/slam_toolboxConfig-version.cmake
[52.049s] -- Symlinking: /home/naraphon9/ros2_ws/src/install/slam_toolbox/share/slam_toolbox/package.xml
[52.050s] -- Installing: /home/naraphon9/ros2_ws/src/install/slam_toolbox/lib/libslam_toolbox__rosidl_generator_c.so
[52.050s] -- Set runtime path of "/home/naraphon9/ros2_ws/src/install/slam_toolbox/lib/libslam_toolbox__rosidl_generator_c.so" to ""
[52.050s] -- Installing: /home/naraphon9/ros2_ws/src/install/slam_toolbox/lib/libslam_toolbox__rosidl_typesupport_introspection_c.so
[52.050s] -- Set runtime path of "/home/naraphon9/ros2_ws/src/install/slam_toolbox/lib/libslam_toolbox__rosidl_typesupport_introspection_c.so" to ""
[52.050s] -- Installing: /home/naraphon9/ros2_ws/src/install/slam_toolbox/lib/libslam_toolbox__rosidl_typesupport_c.so
[52.050s] -- Set runtime path of "/home/naraphon9/ros2_ws/src/install/slam_toolbox/lib/libslam_toolbox__rosidl_typesupport_c.so" to ""
[52.050s] -- Installing: /home/naraphon9/ros2_ws/src/install/slam_toolbox/lib/libslam_toolbox__rosidl_typesupport_introspection_cpp.so
[52.050s] -- Set runtime path of "/home/naraphon9/ros2_ws/src/install/slam_toolbox/lib/libslam_toolbox__rosidl_typesupport_introspection_cpp.so" to ""
[52.051s] -- Installing: /home/naraphon9/ros2_ws/src/install/slam_toolbox/lib/libslam_toolbox__rosidl_typesupport_cpp.so
[52.051s] -- Set runtime path of "/home/naraphon9/ros2_ws/src/install/slam_toolbox/lib/libslam_toolbox__rosidl_typesupport_cpp.so" to ""
[52.068s] Compiling '/home/naraphon9/ros2_ws/src/install/slam_toolbox/lib/python3.8/site-packages/slam_toolbox/__init__.py'...
[52.070s] -- Installing: /home/naraphon9/ros2_ws/src/install/slam_toolbox/share/slam_toolbox/cmake/slam_toolbox__rosidl_generator_cExport.cmake
[52.070s] -- Installing: /home/naraphon9/ros2_ws/src/install/slam_toolbox/share/slam_toolbox/cmake/slam_toolbox__rosidl_generator_cExport-release.cmake
[52.070s] -- Installing: /home/naraphon9/ros2_ws/src/install/slam_toolbox/share/slam_toolbox/cmake/slam_toolbox__rosidl_typesupport_introspection_cExport.cmake
[52.070s] -- Installing: /home/naraphon9/ros2_ws/src/install/slam_toolbox/share/slam_toolbox/cmake/slam_toolbox__rosidl_typesupport_introspection_cExport-release.cmake
[52.070s] -- Installing: /home/naraphon9/ros2_ws/src/install/slam_toolbox/share/slam_toolbox/cmake/slam_toolbox__rosidl_typesupport_cExport.cmake
[52.070s] -- Installing: /home/naraphon9/ros2_ws/src/install/slam_toolbox/share/slam_toolbox/cmake/slam_toolbox__rosidl_typesupport_cExport-release.cmake
[52.070s] -- Installing: /home/naraphon9/ros2_ws/src/install/slam_toolbox/share/slam_toolbox/cmake/slam_toolbox__rosidl_generator_cppExport.cmake
[52.070s] -- Installing: /home/naraphon9/ros2_ws/src/install/slam_toolbox/share/slam_toolbox/cmake/slam_toolbox__rosidl_typesupport_introspection_cppExport.cmake
[52.070s] -- Installing: /home/naraphon9/ros2_ws/src/install/slam_toolbox/share/slam_toolbox/cmake/slam_toolbox__rosidl_typesupport_introspection_cppExport-release.cmake
[52.070s] -- Installing: /home/naraphon9/ros2_ws/src/install/slam_toolbox/share/slam_toolbox/cmake/slam_toolbox__rosidl_typesupport_cppExport.cmake
[52.070s] -- Installing: /home/naraphon9/ros2_ws/src/install/slam_toolbox/share/slam_toolbox/cmake/slam_toolbox__rosidl_typesupport_cppExport-release.cmake
[52.070s] -- Installing: /home/naraphon9/ros2_ws/src/install/slam_toolbox/share/slam_toolbox/cmake/SlamToolboxPluginExport.cmake
[52.071s] -- Installing: /home/naraphon9/ros2_ws/src/install/slam_toolbox/share/slam_toolbox/cmake/SlamToolboxPluginExport-release.cmake
[52.071s] Invoked command in '/home/naraphon9/ros2_ws/src/build/slam_toolbox' returned '0': CMAKE_PREFIX_PATH=${CMAKE_PREFIX_PATH}:/home/naraphon9/ros2_ws/install/ydlidar:/opt/ros/foxy /opt/cmake-3.26/bin/cmake --install /home/naraphon9/ros2_ws/src/build/slam_toolbox
