[0.095s] DEBUG:colcon:Command line arguments: ['/usr/bin/colcon', 'build', '--symlink-install']
[0.096s] DEBUG:colcon:Parsed command line arguments: Namespace(allow_overriding=[], ament_cmake_args=None, base_paths=['.'], build_base='build', catkin_cmake_args=None, catkin_skip_building_tests=False, cmake_args=None, cmake_clean_cache=False, cmake_clean_first=False, cmake_force_configure=False, cmake_target=None, cmake_target_skip_unavailable=False, continue_on_error=False, event_handlers=None, executor='parallel', ignore_user_meta=False, install_base='install', log_base=None, log_level=None, main=<bound method BuildVerb.main of <colcon_core.verb.build.BuildVerb object at 0x7f002c757220>>, merge_install=False, metas=['./colcon.meta'], packages_above=None, packages_above_and_dependencies=None, packages_above_depth=None, packages_end=None, packages_ignore=None, packages_ignore_regex=None, packages_select=None, packages_select_build_failed=False, packages_select_by_dep=None, packages_select_regex=None, packages_select_test_failures=False, packages_skip=None, packages_skip_build_finished=False, packages_skip_by_dep=None, packages_skip_regex=None, packages_skip_test_passed=False, packages_skip_up_to=None, packages_start=None, packages_up_to=None, packages_up_to_regex=None, parallel_workers=20, paths=None, symlink_install=True, test_result_base=None, verb_extension=<colcon_core.verb.build.BuildVerb object at 0x7f002c757220>, verb_name='build', verb_parser=<colcon_defaults.argument_parser.defaults.DefaultArgumentsDecorator object at 0x7f002c5d3f10>)
[0.165s] Level 1:colcon.colcon_core.package_discovery:discover_packages(colcon_meta) check parameters
[0.165s] Level 1:colcon.colcon_core.package_discovery:discover_packages(recursive) check parameters
[0.165s] Level 1:colcon.colcon_core.package_discovery:discover_packages(ignore) check parameters
[0.165s] Level 1:colcon.colcon_core.package_discovery:discover_packages(path) check parameters
[0.165s] Level 1:colcon.colcon_core.package_discovery:discover_packages(colcon_meta) discover
[0.165s] Level 1:colcon.colcon_core.package_discovery:discover_packages(recursive) discover
[0.166s] INFO:colcon.colcon_core.package_discovery:Crawling recursively for packages in '/home/naraphon9/ros2_ws/src'
[0.166s] Level 1:colcon.colcon_core.package_identification:_identify(.) by extensions ['ignore', 'ignore_ament_install']
[0.166s] Level 1:colcon.colcon_core.package_identification:_identify(.) by extension 'ignore'
[0.166s] Level 1:colcon.colcon_core.package_identification:_identify(.) by extension 'ignore_ament_install'
[0.166s] Level 1:colcon.colcon_core.package_identification:_identify(.) by extensions ['colcon_pkg']
[0.166s] Level 1:colcon.colcon_core.package_identification:_identify(.) by extension 'colcon_pkg'
[0.166s] Level 1:colcon.colcon_core.package_identification:_identify(.) by extensions ['colcon_meta']
[0.166s] Level 1:colcon.colcon_core.package_identification:_identify(.) by extension 'colcon_meta'
[0.166s] Level 1:colcon.colcon_core.package_identification:_identify(.) by extensions ['ros']
[0.166s] Level 1:colcon.colcon_core.package_identification:_identify(.) by extension 'ros'
[0.172s] Level 1:colcon.colcon_core.package_identification:_identify(.) by extensions ['cmake', 'python']
[0.172s] Level 1:colcon.colcon_core.package_identification:_identify(.) by extension 'cmake'
[0.172s] Level 1:colcon.colcon_core.package_identification:_identify(.) by extension 'python'
[0.172s] Level 1:colcon.colcon_core.package_identification:_identify(.) by extensions ['python_setup_py']
[0.172s] Level 1:colcon.colcon_core.package_identification:_identify(.) by extension 'python_setup_py'
[0.172s] Level 1:colcon.colcon_core.package_identification:_identify(build) by extensions ['ignore', 'ignore_ament_install']
[0.172s] Level 1:colcon.colcon_core.package_identification:_identify(build) by extension 'ignore'
[0.172s] Level 1:colcon.colcon_core.package_identification:_identify(build) ignored
[0.172s] Level 1:colcon.colcon_core.package_identification:_identify(install) by extensions ['ignore', 'ignore_ament_install']
[0.172s] Level 1:colcon.colcon_core.package_identification:_identify(install) by extension 'ignore'
[0.172s] Level 1:colcon.colcon_core.package_identification:_identify(install) ignored
[0.172s] Level 1:colcon.colcon_core.package_identification:_identify(log) by extensions ['ignore', 'ignore_ament_install']
[0.172s] Level 1:colcon.colcon_core.package_identification:_identify(log) by extension 'ignore'
[0.172s] Level 1:colcon.colcon_core.package_identification:_identify(log) ignored
[0.172s] Level 1:colcon.colcon_core.package_identification:_identify(my_slam_launch) by extensions ['ignore', 'ignore_ament_install']
[0.172s] Level 1:colcon.colcon_core.package_identification:_identify(my_slam_launch) by extension 'ignore'
[0.172s] Level 1:colcon.colcon_core.package_identification:_identify(my_slam_launch) by extension 'ignore_ament_install'
[0.172s] Level 1:colcon.colcon_core.package_identification:_identify(my_slam_launch) by extensions ['colcon_pkg']
[0.172s] Level 1:colcon.colcon_core.package_identification:_identify(my_slam_launch) by extension 'colcon_pkg'
[0.172s] Level 1:colcon.colcon_core.package_identification:_identify(my_slam_launch) by extensions ['colcon_meta']
[0.172s] Level 1:colcon.colcon_core.package_identification:_identify(my_slam_launch) by extension 'colcon_meta'
[0.172s] Level 1:colcon.colcon_core.package_identification:_identify(my_slam_launch) by extensions ['ros']
[0.172s] Level 1:colcon.colcon_core.package_identification:_identify(my_slam_launch) by extension 'ros'
[0.174s] DEBUG:colcon.colcon_core.package_identification:Package 'my_slam_launch' with type 'ros.ament_python' and name 'my_slam_launch'
[0.174s] Level 1:colcon.colcon_core.package_identification:_identify(slam_toolbox) by extensions ['ignore', 'ignore_ament_install']
[0.174s] Level 1:colcon.colcon_core.package_identification:_identify(slam_toolbox) by extension 'ignore'
[0.174s] Level 1:colcon.colcon_core.package_identification:_identify(slam_toolbox) by extension 'ignore_ament_install'
[0.174s] Level 1:colcon.colcon_core.package_identification:_identify(slam_toolbox) by extensions ['colcon_pkg']
[0.174s] Level 1:colcon.colcon_core.package_identification:_identify(slam_toolbox) by extension 'colcon_pkg'
[0.174s] Level 1:colcon.colcon_core.package_identification:_identify(slam_toolbox) by extensions ['colcon_meta']
[0.174s] Level 1:colcon.colcon_core.package_identification:_identify(slam_toolbox) by extension 'colcon_meta'
[0.174s] Level 1:colcon.colcon_core.package_identification:_identify(slam_toolbox) by extensions ['ros']
[0.174s] Level 1:colcon.colcon_core.package_identification:_identify(slam_toolbox) by extension 'ros'
[0.175s] DEBUG:colcon.colcon_core.package_identification:Package 'slam_toolbox' with type 'ros.ament_cmake' and name 'slam_toolbox'
[0.175s] Level 1:colcon.colcon_core.package_identification:_identify(ydlidar_ros2) by extensions ['ignore', 'ignore_ament_install']
[0.175s] Level 1:colcon.colcon_core.package_identification:_identify(ydlidar_ros2) by extension 'ignore'
[0.175s] Level 1:colcon.colcon_core.package_identification:_identify(ydlidar_ros2) by extension 'ignore_ament_install'
[0.175s] Level 1:colcon.colcon_core.package_identification:_identify(ydlidar_ros2) by extensions ['colcon_pkg']
[0.175s] Level 1:colcon.colcon_core.package_identification:_identify(ydlidar_ros2) by extension 'colcon_pkg'
[0.175s] Level 1:colcon.colcon_core.package_identification:_identify(ydlidar_ros2) by extensions ['colcon_meta']
[0.175s] Level 1:colcon.colcon_core.package_identification:_identify(ydlidar_ros2) by extension 'colcon_meta'
[0.175s] Level 1:colcon.colcon_core.package_identification:_identify(ydlidar_ros2) by extensions ['ros']
[0.175s] Level 1:colcon.colcon_core.package_identification:_identify(ydlidar_ros2) by extension 'ros'
[0.175s] DEBUG:colcon.colcon_core.package_identification:Package 'ydlidar_ros2' with type 'ros.ament_cmake' and name 'ydlidar'
[0.175s] Level 1:colcon.colcon_core.package_discovery:discover_packages(recursive) using defaults
[0.175s] Level 1:colcon.colcon_core.package_discovery:discover_packages(ignore) discover
[0.175s] Level 1:colcon.colcon_core.package_discovery:discover_packages(ignore) using defaults
[0.175s] Level 1:colcon.colcon_core.package_discovery:discover_packages(path) discover
[0.175s] Level 1:colcon.colcon_core.package_discovery:discover_packages(path) using defaults
[0.185s] Level 1:colcon.colcon_core.package_discovery:discover_packages(prefix_path) check parameters
[0.185s] Level 1:colcon.colcon_core.package_discovery:discover_packages(prefix_path) discover
[0.185s] DEBUG:colcon.colcon_installed_package_information.package_discovery:Found 0 installed packages in /home/naraphon9/ros2_ws/src/my_slam_launch/launch/install
[0.186s] DEBUG:colcon.colcon_installed_package_information.package_discovery:Found 4 installed packages in /home/naraphon9/ros2_ws/install
[0.186s] DEBUG:colcon.colcon_installed_package_information.package_discovery:Found 267 installed packages in /opt/ros/foxy
[0.191s] Level 1:colcon.colcon_core.package_discovery:discover_packages(prefix_path) using defaults
[0.216s] Level 5:colcon.colcon_core.verb:set package 'my_slam_launch' build argument 'cmake_args' from command line to 'None'
[0.216s] Level 5:colcon.colcon_core.verb:set package 'my_slam_launch' build argument 'cmake_target' from command line to 'None'
[0.216s] Level 5:colcon.colcon_core.verb:set package 'my_slam_launch' build argument 'cmake_target_skip_unavailable' from command line to 'False'
[0.216s] Level 5:colcon.colcon_core.verb:set package 'my_slam_launch' build argument 'cmake_clean_cache' from command line to 'False'
[0.216s] Level 5:colcon.colcon_core.verb:set package 'my_slam_launch' build argument 'cmake_clean_first' from command line to 'False'
[0.216s] Level 5:colcon.colcon_core.verb:set package 'my_slam_launch' build argument 'cmake_force_configure' from command line to 'False'
[0.216s] Level 5:colcon.colcon_core.verb:set package 'my_slam_launch' build argument 'ament_cmake_args' from command line to 'None'
[0.216s] Level 5:colcon.colcon_core.verb:set package 'my_slam_launch' build argument 'catkin_cmake_args' from command line to 'None'
[0.216s] Level 5:colcon.colcon_core.verb:set package 'my_slam_launch' build argument 'catkin_skip_building_tests' from command line to 'False'
[0.216s] DEBUG:colcon.colcon_core.verb:Building package 'my_slam_launch' with the following arguments: {'ament_cmake_args': None, 'build_base': '/home/naraphon9/ros2_ws/src/build/my_slam_launch', 'catkin_cmake_args': None, 'catkin_skip_building_tests': False, 'cmake_args': None, 'cmake_clean_cache': False, 'cmake_clean_first': False, 'cmake_force_configure': False, 'cmake_target': None, 'cmake_target_skip_unavailable': False, 'install_base': '/home/naraphon9/ros2_ws/src/install/my_slam_launch', 'merge_install': False, 'path': '/home/naraphon9/ros2_ws/src/my_slam_launch', 'symlink_install': True, 'test_result_base': None}
[0.217s] Level 5:colcon.colcon_core.verb:set package 'slam_toolbox' build argument 'cmake_args' from command line to 'None'
[0.217s] Level 5:colcon.colcon_core.verb:set package 'slam_toolbox' build argument 'cmake_target' from command line to 'None'
[0.217s] Level 5:colcon.colcon_core.verb:set package 'slam_toolbox' build argument 'cmake_target_skip_unavailable' from command line to 'False'
[0.217s] Level 5:colcon.colcon_core.verb:set package 'slam_toolbox' build argument 'cmake_clean_cache' from command line to 'False'
[0.217s] Level 5:colcon.colcon_core.verb:set package 'slam_toolbox' build argument 'cmake_clean_first' from command line to 'False'
[0.217s] Level 5:colcon.colcon_core.verb:set package 'slam_toolbox' build argument 'cmake_force_configure' from command line to 'False'
[0.217s] Level 5:colcon.colcon_core.verb:set package 'slam_toolbox' build argument 'ament_cmake_args' from command line to 'None'
[0.217s] Level 5:colcon.colcon_core.verb:set package 'slam_toolbox' build argument 'catkin_cmake_args' from command line to 'None'
[0.217s] Level 5:colcon.colcon_core.verb:set package 'slam_toolbox' build argument 'catkin_skip_building_tests' from command line to 'False'
[0.217s] DEBUG:colcon.colcon_core.verb:Building package 'slam_toolbox' with the following arguments: {'ament_cmake_args': None, 'build_base': '/home/naraphon9/ros2_ws/src/build/slam_toolbox', 'catkin_cmake_args': None, 'catkin_skip_building_tests': False, 'cmake_args': None, 'cmake_clean_cache': False, 'cmake_clean_first': False, 'cmake_force_configure': False, 'cmake_target': None, 'cmake_target_skip_unavailable': False, 'install_base': '/home/naraphon9/ros2_ws/src/install/slam_toolbox', 'merge_install': False, 'path': '/home/naraphon9/ros2_ws/src/slam_toolbox', 'symlink_install': True, 'test_result_base': None}
[0.217s] Level 5:colcon.colcon_core.verb:set package 'ydlidar' build argument 'cmake_args' from command line to 'None'
[0.217s] Level 5:colcon.colcon_core.verb:set package 'ydlidar' build argument 'cmake_target' from command line to 'None'
[0.217s] Level 5:colcon.colcon_core.verb:set package 'ydlidar' build argument 'cmake_target_skip_unavailable' from command line to 'False'
[0.217s] Level 5:colcon.colcon_core.verb:set package 'ydlidar' build argument 'cmake_clean_cache' from command line to 'False'
[0.217s] Level 5:colcon.colcon_core.verb:set package 'ydlidar' build argument 'cmake_clean_first' from command line to 'False'
[0.217s] Level 5:colcon.colcon_core.verb:set package 'ydlidar' build argument 'cmake_force_configure' from command line to 'False'
[0.217s] Level 5:colcon.colcon_core.verb:set package 'ydlidar' build argument 'ament_cmake_args' from command line to 'None'
[0.217s] Level 5:colcon.colcon_core.verb:set package 'ydlidar' build argument 'catkin_cmake_args' from command line to 'None'
[0.217s] Level 5:colcon.colcon_core.verb:set package 'ydlidar' build argument 'catkin_skip_building_tests' from command line to 'False'
[0.217s] DEBUG:colcon.colcon_core.verb:Building package 'ydlidar' with the following arguments: {'ament_cmake_args': None, 'build_base': '/home/naraphon9/ros2_ws/src/build/ydlidar', 'catkin_cmake_args': None, 'catkin_skip_building_tests': False, 'cmake_args': None, 'cmake_clean_cache': False, 'cmake_clean_first': False, 'cmake_force_configure': False, 'cmake_target': None, 'cmake_target_skip_unavailable': False, 'install_base': '/home/naraphon9/ros2_ws/src/install/ydlidar', 'merge_install': False, 'path': '/home/naraphon9/ros2_ws/src/ydlidar_ros2', 'symlink_install': True, 'test_result_base': None}
[0.217s] INFO:colcon.colcon_core.executor:Executing jobs using 'parallel' executor
[0.218s] DEBUG:colcon.colcon_parallel_executor.executor.parallel:run_until_complete
[0.218s] INFO:colcon.colcon_ros.task.ament_python.build:Building ROS package in '/home/naraphon9/ros2_ws/src/my_slam_launch' with build type 'ament_python'
[0.218s] Level 1:colcon.colcon_core.shell:create_environment_hook('my_slam_launch', 'ament_prefix_path')
[0.219s] INFO:colcon.colcon_core.plugin_system:Skipping extension 'colcon_core.shell.bat': Not used on non-Windows systems
[0.219s] INFO:colcon.colcon_core.shell:Creating environment hook '/home/naraphon9/ros2_ws/src/install/my_slam_launch/share/my_slam_launch/hook/ament_prefix_path.ps1'
[0.219s] INFO:colcon.colcon_core.shell:Creating environment descriptor '/home/naraphon9/ros2_ws/src/install/my_slam_launch/share/my_slam_launch/hook/ament_prefix_path.dsv'
[0.220s] INFO:colcon.colcon_core.shell:Creating environment hook '/home/naraphon9/ros2_ws/src/install/my_slam_launch/share/my_slam_launch/hook/ament_prefix_path.sh'
[0.220s] INFO:colcon.colcon_core.shell:Skip shell extension 'powershell' for command environment: Not usable outside of PowerShell
[0.220s] DEBUG:colcon.colcon_core.shell:Skip shell extension 'dsv' for command environment
[0.223s] INFO:colcon.colcon_ros.task.ament_cmake.build:Building ROS package in '/home/naraphon9/ros2_ws/src/slam_toolbox' with build type 'ament_cmake'
[0.223s] INFO:colcon.colcon_cmake.task.cmake.build:Building CMake package in '/home/naraphon9/ros2_ws/src/slam_toolbox'
[0.223s] INFO:colcon.colcon_core.shell:Skip shell extension 'powershell' for command environment: Not usable outside of PowerShell
[0.223s] DEBUG:colcon.colcon_core.shell:Skip shell extension 'dsv' for command environment
[0.226s] INFO:colcon.colcon_ros.task.ament_cmake.build:Building ROS package in '/home/naraphon9/ros2_ws/src/ydlidar_ros2' with build type 'ament_cmake'
[0.226s] INFO:colcon.colcon_cmake.task.cmake.build:Building CMake package in '/home/naraphon9/ros2_ws/src/ydlidar_ros2'
[0.226s] INFO:colcon.colcon_core.shell:Skip shell extension 'powershell' for command environment: Not usable outside of PowerShell
[0.227s] DEBUG:colcon.colcon_core.shell:Skip shell extension 'dsv' for command environment
[0.338s] INFO:colcon.colcon_core.task.python.build:Building Python package in '/home/naraphon9/ros2_ws/src/my_slam_launch'
[0.338s] INFO:colcon.colcon_core.shell:Skip shell extension 'powershell' for command environment: Not usable outside of PowerShell
[0.338s] DEBUG:colcon.colcon_core.shell:Skip shell extension 'dsv' for command environment
[0.345s] DEBUG:colcon.colcon_core.event_handler.log_command:Invoking command in '/home/naraphon9/ros2_ws/src/build/slam_toolbox': CMAKE_PREFIX_PATH=${CMAKE_PREFIX_PATH}:/home/naraphon9/ros2_ws/install/ydlidar_old:/home/naraphon9/ros2_ws/install/my_slam_launch:/opt/ros/foxy /opt/cmake-3.26/bin/cmake --build /home/naraphon9/ros2_ws/src/build/slam_toolbox -- -j20 -l20
[0.349s] DEBUG:colcon.colcon_core.event_handler.log_command:Invoking command in '/home/naraphon9/ros2_ws/src/build/ydlidar': CMAKE_PREFIX_PATH=${CMAKE_PREFIX_PATH}:/home/naraphon9/ros2_ws/install/ydlidar_old:/home/naraphon9/ros2_ws/install/my_slam_launch:/opt/ros/foxy /opt/cmake-3.26/bin/cmake --build /home/naraphon9/ros2_ws/src/build/ydlidar -- -j20 -l20
[0.376s] DEBUG:colcon.colcon_core.event_handler.log_command:Invoked command in '/home/naraphon9/ros2_ws/src/build/ydlidar' returned '0': CMAKE_PREFIX_PATH=${CMAKE_PREFIX_PATH}:/home/naraphon9/ros2_ws/install/ydlidar_old:/home/naraphon9/ros2_ws/install/my_slam_launch:/opt/ros/foxy /opt/cmake-3.26/bin/cmake --build /home/naraphon9/ros2_ws/src/build/ydlidar -- -j20 -l20
[0.379s] DEBUG:colcon.colcon_core.event_handler.log_command:Invoking command in '/home/naraphon9/ros2_ws/src/build/ydlidar': CMAKE_PREFIX_PATH=${CMAKE_PREFIX_PATH}:/home/naraphon9/ros2_ws/install/ydlidar_old:/home/naraphon9/ros2_ws/install/my_slam_launch:/opt/ros/foxy /opt/cmake-3.26/bin/cmake --install /home/naraphon9/ros2_ws/src/build/ydlidar
[0.384s] Level 1:colcon.colcon_core.environment:create_environment_scripts_only(ydlidar)
[0.384s] DEBUG:colcon.colcon_core.event_handler.log_command:Invoked command in '/home/naraphon9/ros2_ws/src/build/ydlidar' returned '0': CMAKE_PREFIX_PATH=${CMAKE_PREFIX_PATH}:/home/naraphon9/ros2_ws/install/ydlidar_old:/home/naraphon9/ros2_ws/install/my_slam_launch:/opt/ros/foxy /opt/cmake-3.26/bin/cmake --install /home/naraphon9/ros2_ws/src/build/ydlidar
[0.386s] Level 1:colcon.colcon_core.environment:checking '/home/naraphon9/ros2_ws/src/install/ydlidar' for CMake module files
[0.387s] Level 1:colcon.colcon_core.environment:checking '/home/naraphon9/ros2_ws/src/install/ydlidar' for CMake config files
[0.387s] Level 1:colcon.colcon_core.shell:create_environment_hook('ydlidar', 'cmake_prefix_path')
[0.387s] INFO:colcon.colcon_core.shell:Creating environment hook '/home/naraphon9/ros2_ws/src/install/ydlidar/share/ydlidar/hook/cmake_prefix_path.ps1'
[0.388s] INFO:colcon.colcon_core.shell:Creating environment descriptor '/home/naraphon9/ros2_ws/src/install/ydlidar/share/ydlidar/hook/cmake_prefix_path.dsv'
[0.388s] INFO:colcon.colcon_core.shell:Creating environment hook '/home/naraphon9/ros2_ws/src/install/ydlidar/share/ydlidar/hook/cmake_prefix_path.sh'
[0.388s] Level 1:colcon.colcon_core.environment:checking '/home/naraphon9/ros2_ws/src/install/ydlidar/lib'
[0.388s] Level 1:colcon.colcon_core.environment:checking '/home/naraphon9/ros2_ws/src/install/ydlidar/bin'
[0.388s] Level 1:colcon.colcon_core.environment:checking '/home/naraphon9/ros2_ws/src/install/ydlidar/lib/pkgconfig/ydlidar.pc'
[0.388s] Level 1:colcon.colcon_core.environment:checking '/home/naraphon9/ros2_ws/src/install/ydlidar/lib/python3.8/site-packages'
[0.388s] Level 1:colcon.colcon_core.environment:checking '/home/naraphon9/ros2_ws/src/install/ydlidar/bin'
[0.389s] INFO:colcon.colcon_core.shell:Creating package script '/home/naraphon9/ros2_ws/src/install/ydlidar/share/ydlidar/package.ps1'
[0.389s] INFO:colcon.colcon_core.shell:Creating package descriptor '/home/naraphon9/ros2_ws/src/install/ydlidar/share/ydlidar/package.dsv'
[0.389s] INFO:colcon.colcon_core.shell:Creating package script '/home/naraphon9/ros2_ws/src/install/ydlidar/share/ydlidar/package.sh'
[0.390s] INFO:colcon.colcon_core.shell:Creating package script '/home/naraphon9/ros2_ws/src/install/ydlidar/share/ydlidar/package.bash'
[0.390s] INFO:colcon.colcon_core.shell:Creating package script '/home/naraphon9/ros2_ws/src/install/ydlidar/share/ydlidar/package.zsh'
[0.390s] Level 1:colcon.colcon_core.environment:create_file_with_runtime_dependencies(/home/naraphon9/ros2_ws/src/install/ydlidar/share/colcon-core/packages/ydlidar)
[0.391s] Level 1:colcon.colcon_core.environment:create_environment_scripts_only(ydlidar)
[0.391s] Level 1:colcon.colcon_core.environment:checking '/home/naraphon9/ros2_ws/src/install/ydlidar' for CMake module files
[0.392s] Level 1:colcon.colcon_core.environment:checking '/home/naraphon9/ros2_ws/src/install/ydlidar' for CMake config files
[0.392s] Level 1:colcon.colcon_core.shell:create_environment_hook('ydlidar', 'cmake_prefix_path')
[0.392s] INFO:colcon.colcon_core.shell:Creating environment hook '/home/naraphon9/ros2_ws/src/install/ydlidar/share/ydlidar/hook/cmake_prefix_path.ps1'
[0.392s] INFO:colcon.colcon_core.shell:Creating environment descriptor '/home/naraphon9/ros2_ws/src/install/ydlidar/share/ydlidar/hook/cmake_prefix_path.dsv'
[0.393s] INFO:colcon.colcon_core.shell:Creating environment hook '/home/naraphon9/ros2_ws/src/install/ydlidar/share/ydlidar/hook/cmake_prefix_path.sh'
[0.393s] Level 1:colcon.colcon_core.environment:checking '/home/naraphon9/ros2_ws/src/install/ydlidar/lib'
[0.393s] Level 1:colcon.colcon_core.environment:checking '/home/naraphon9/ros2_ws/src/install/ydlidar/bin'
[0.393s] Level 1:colcon.colcon_core.environment:checking '/home/naraphon9/ros2_ws/src/install/ydlidar/lib/pkgconfig/ydlidar.pc'
[0.393s] Level 1:colcon.colcon_core.environment:checking '/home/naraphon9/ros2_ws/src/install/ydlidar/lib/python3.8/site-packages'
[0.393s] Level 1:colcon.colcon_core.environment:checking '/home/naraphon9/ros2_ws/src/install/ydlidar/bin'
[0.394s] INFO:colcon.colcon_core.shell:Creating package script '/home/naraphon9/ros2_ws/src/install/ydlidar/share/ydlidar/package.ps1'
[0.394s] INFO:colcon.colcon_core.shell:Creating package descriptor '/home/naraphon9/ros2_ws/src/install/ydlidar/share/ydlidar/package.dsv'
[0.394s] INFO:colcon.colcon_core.shell:Creating package script '/home/naraphon9/ros2_ws/src/install/ydlidar/share/ydlidar/package.sh'
[0.394s] INFO:colcon.colcon_core.shell:Creating package script '/home/naraphon9/ros2_ws/src/install/ydlidar/share/ydlidar/package.bash'
[0.394s] INFO:colcon.colcon_core.shell:Creating package script '/home/naraphon9/ros2_ws/src/install/ydlidar/share/ydlidar/package.zsh'
[0.395s] Level 1:colcon.colcon_core.environment:create_file_with_runtime_dependencies(/home/naraphon9/ros2_ws/src/install/ydlidar/share/colcon-core/packages/ydlidar)
[0.480s] DEBUG:colcon.colcon_core.event_handler.log_command:Invoked command in '/home/naraphon9/ros2_ws/src/build/slam_toolbox' returned '0': CMAKE_PREFIX_PATH=${CMAKE_PREFIX_PATH}:/home/naraphon9/ros2_ws/install/ydlidar_old:/home/naraphon9/ros2_ws/install/my_slam_launch:/opt/ros/foxy /opt/cmake-3.26/bin/cmake --build /home/naraphon9/ros2_ws/src/build/slam_toolbox -- -j20 -l20
[0.482s] DEBUG:colcon.colcon_core.event_handler.log_command:Invoking command in '/home/naraphon9/ros2_ws/src/build/slam_toolbox': CMAKE_PREFIX_PATH=${CMAKE_PREFIX_PATH}:/home/naraphon9/ros2_ws/install/ydlidar_old:/home/naraphon9/ros2_ws/install/my_slam_launch:/opt/ros/foxy /opt/cmake-3.26/bin/cmake --install /home/naraphon9/ros2_ws/src/build/slam_toolbox
[0.529s] Level 1:colcon.colcon_core.environment:create_environment_scripts_only(slam_toolbox)
[0.529s] Level 1:colcon.colcon_core.environment:checking '/home/naraphon9/ros2_ws/src/install/slam_toolbox' for CMake module files
[0.529s] DEBUG:colcon.colcon_core.event_handler.log_command:Invoked command in '/home/naraphon9/ros2_ws/src/build/slam_toolbox' returned '0': CMAKE_PREFIX_PATH=${CMAKE_PREFIX_PATH}:/home/naraphon9/ros2_ws/install/ydlidar_old:/home/naraphon9/ros2_ws/install/my_slam_launch:/opt/ros/foxy /opt/cmake-3.26/bin/cmake --install /home/naraphon9/ros2_ws/src/build/slam_toolbox
[0.530s] Level 1:colcon.colcon_core.environment:checking '/home/naraphon9/ros2_ws/src/install/slam_toolbox' for CMake config files
[0.530s] Level 1:colcon.colcon_core.shell:create_environment_hook('slam_toolbox', 'cmake_prefix_path')
[0.531s] INFO:colcon.colcon_core.shell:Creating environment hook '/home/naraphon9/ros2_ws/src/install/slam_toolbox/share/slam_toolbox/hook/cmake_prefix_path.ps1'
[0.531s] INFO:colcon.colcon_core.shell:Creating environment descriptor '/home/naraphon9/ros2_ws/src/install/slam_toolbox/share/slam_toolbox/hook/cmake_prefix_path.dsv'
[0.531s] INFO:colcon.colcon_core.shell:Creating environment hook '/home/naraphon9/ros2_ws/src/install/slam_toolbox/share/slam_toolbox/hook/cmake_prefix_path.sh'
[0.532s] Level 1:colcon.colcon_core.environment:checking '/home/naraphon9/ros2_ws/src/install/slam_toolbox/lib'
[0.532s] Level 1:colcon.colcon_core.shell:create_environment_hook('slam_toolbox', 'ld_library_path_lib')
[0.532s] INFO:colcon.colcon_core.shell:Creating environment hook '/home/naraphon9/ros2_ws/src/install/slam_toolbox/share/slam_toolbox/hook/ld_library_path_lib.ps1'
[0.532s] INFO:colcon.colcon_core.shell:Creating environment descriptor '/home/naraphon9/ros2_ws/src/install/slam_toolbox/share/slam_toolbox/hook/ld_library_path_lib.dsv'
[0.532s] INFO:colcon.colcon_core.shell:Creating environment hook '/home/naraphon9/ros2_ws/src/install/slam_toolbox/share/slam_toolbox/hook/ld_library_path_lib.sh'
[0.532s] Level 1:colcon.colcon_core.environment:checking '/home/naraphon9/ros2_ws/src/install/slam_toolbox/bin'
[0.532s] Level 1:colcon.colcon_core.environment:checking '/home/naraphon9/ros2_ws/src/install/slam_toolbox/lib/pkgconfig/slam_toolbox.pc'
[0.533s] Level 1:colcon.colcon_core.environment:checking '/home/naraphon9/ros2_ws/src/install/slam_toolbox/lib/python3.8/site-packages'
[0.533s] Level 1:colcon.colcon_core.shell:create_environment_hook('slam_toolbox', 'pythonpath')
[0.533s] INFO:colcon.colcon_core.shell:Creating environment hook '/home/naraphon9/ros2_ws/src/install/slam_toolbox/share/slam_toolbox/hook/pythonpath.ps1'
[0.533s] INFO:colcon.colcon_core.shell:Creating environment descriptor '/home/naraphon9/ros2_ws/src/install/slam_toolbox/share/slam_toolbox/hook/pythonpath.dsv'
[0.533s] INFO:colcon.colcon_core.shell:Creating environment hook '/home/naraphon9/ros2_ws/src/install/slam_toolbox/share/slam_toolbox/hook/pythonpath.sh'
[0.533s] Level 1:colcon.colcon_core.environment:checking '/home/naraphon9/ros2_ws/src/install/slam_toolbox/bin'
[0.534s] INFO:colcon.colcon_core.shell:Creating package script '/home/naraphon9/ros2_ws/src/install/slam_toolbox/share/slam_toolbox/package.ps1'
[0.534s] INFO:colcon.colcon_core.shell:Creating package descriptor '/home/naraphon9/ros2_ws/src/install/slam_toolbox/share/slam_toolbox/package.dsv'
[0.534s] INFO:colcon.colcon_core.shell:Creating package script '/home/naraphon9/ros2_ws/src/install/slam_toolbox/share/slam_toolbox/package.sh'
[0.534s] INFO:colcon.colcon_core.shell:Creating package script '/home/naraphon9/ros2_ws/src/install/slam_toolbox/share/slam_toolbox/package.bash'
[0.535s] INFO:colcon.colcon_core.shell:Creating package script '/home/naraphon9/ros2_ws/src/install/slam_toolbox/share/slam_toolbox/package.zsh'
[0.535s] Level 1:colcon.colcon_core.environment:create_file_with_runtime_dependencies(/home/naraphon9/ros2_ws/src/install/slam_toolbox/share/colcon-core/packages/slam_toolbox)
[0.535s] Level 1:colcon.colcon_core.environment:create_environment_scripts_only(slam_toolbox)
[0.535s] Level 1:colcon.colcon_core.environment:checking '/home/naraphon9/ros2_ws/src/install/slam_toolbox' for CMake module files
[0.536s] Level 1:colcon.colcon_core.environment:checking '/home/naraphon9/ros2_ws/src/install/slam_toolbox' for CMake config files
[0.536s] Level 1:colcon.colcon_core.shell:create_environment_hook('slam_toolbox', 'cmake_prefix_path')
[0.536s] INFO:colcon.colcon_core.shell:Creating environment hook '/home/naraphon9/ros2_ws/src/install/slam_toolbox/share/slam_toolbox/hook/cmake_prefix_path.ps1'
[0.536s] INFO:colcon.colcon_core.shell:Creating environment descriptor '/home/naraphon9/ros2_ws/src/install/slam_toolbox/share/slam_toolbox/hook/cmake_prefix_path.dsv'
[0.537s] INFO:colcon.colcon_core.shell:Creating environment hook '/home/naraphon9/ros2_ws/src/install/slam_toolbox/share/slam_toolbox/hook/cmake_prefix_path.sh'
[0.537s] Level 1:colcon.colcon_core.environment:checking '/home/naraphon9/ros2_ws/src/install/slam_toolbox/lib'
[0.537s] Level 1:colcon.colcon_core.shell:create_environment_hook('slam_toolbox', 'ld_library_path_lib')
[0.537s] INFO:colcon.colcon_core.shell:Creating environment hook '/home/naraphon9/ros2_ws/src/install/slam_toolbox/share/slam_toolbox/hook/ld_library_path_lib.ps1'
[0.537s] INFO:colcon.colcon_core.shell:Creating environment descriptor '/home/naraphon9/ros2_ws/src/install/slam_toolbox/share/slam_toolbox/hook/ld_library_path_lib.dsv'
[0.537s] INFO:colcon.colcon_core.shell:Creating environment hook '/home/naraphon9/ros2_ws/src/install/slam_toolbox/share/slam_toolbox/hook/ld_library_path_lib.sh'
[0.538s] Level 1:colcon.colcon_core.environment:checking '/home/naraphon9/ros2_ws/src/install/slam_toolbox/bin'
[0.538s] Level 1:colcon.colcon_core.environment:checking '/home/naraphon9/ros2_ws/src/install/slam_toolbox/lib/pkgconfig/slam_toolbox.pc'
[0.538s] Level 1:colcon.colcon_core.environment:checking '/home/naraphon9/ros2_ws/src/install/slam_toolbox/lib/python3.8/site-packages'
[0.538s] Level 1:colcon.colcon_core.shell:create_environment_hook('slam_toolbox', 'pythonpath')
[0.538s] INFO:colcon.colcon_core.shell:Creating environment hook '/home/naraphon9/ros2_ws/src/install/slam_toolbox/share/slam_toolbox/hook/pythonpath.ps1'
[0.538s] INFO:colcon.colcon_core.shell:Creating environment descriptor '/home/naraphon9/ros2_ws/src/install/slam_toolbox/share/slam_toolbox/hook/pythonpath.dsv'
[0.538s] INFO:colcon.colcon_core.shell:Creating environment hook '/home/naraphon9/ros2_ws/src/install/slam_toolbox/share/slam_toolbox/hook/pythonpath.sh'
[0.538s] Level 1:colcon.colcon_core.environment:checking '/home/naraphon9/ros2_ws/src/install/slam_toolbox/bin'
[0.539s] INFO:colcon.colcon_core.shell:Creating package script '/home/naraphon9/ros2_ws/src/install/slam_toolbox/share/slam_toolbox/package.ps1'
[0.539s] INFO:colcon.colcon_core.shell:Creating package descriptor '/home/naraphon9/ros2_ws/src/install/slam_toolbox/share/slam_toolbox/package.dsv'
[0.539s] INFO:colcon.colcon_core.shell:Creating package script '/home/naraphon9/ros2_ws/src/install/slam_toolbox/share/slam_toolbox/package.sh'
[0.539s] INFO:colcon.colcon_core.shell:Creating package script '/home/naraphon9/ros2_ws/src/install/slam_toolbox/share/slam_toolbox/package.bash'
[0.540s] INFO:colcon.colcon_core.shell:Creating package script '/home/naraphon9/ros2_ws/src/install/slam_toolbox/share/slam_toolbox/package.zsh'
[0.540s] Level 1:colcon.colcon_core.environment:create_file_with_runtime_dependencies(/home/naraphon9/ros2_ws/src/install/slam_toolbox/share/colcon-core/packages/slam_toolbox)
[0.587s] DEBUG:colcon.colcon_core.event_handler.log_command:Invoking command in '/home/naraphon9/ros2_ws/src/build/my_slam_launch': PYTHONPATH=/home/naraphon9/ros2_ws/src/build/my_slam_launch/prefix_override:/usr/lib/python3/dist-packages/colcon_core/task/python/colcon_distutils_commands:/home/naraphon9/ros2_ws/src/install/my_slam_launch/lib/python3.8/site-packages:${PYTHONPATH} /usr/bin/python3 -W ignore:setup.py install is deprecated -W ignore:easy_install command is deprecated setup.py develop --editable --build-directory /home/naraphon9/ros2_ws/src/build/my_slam_launch/build --no-deps symlink_data
[0.802s] Level 1:colcon.colcon_core.shell:create_environment_hook('my_slam_launch', 'pythonpath_develop')
[0.802s] INFO:colcon.colcon_core.shell:Creating environment hook '/home/naraphon9/ros2_ws/src/build/my_slam_launch/share/my_slam_launch/hook/pythonpath_develop.ps1'
[0.802s] INFO:colcon.colcon_core.shell:Creating environment descriptor '/home/naraphon9/ros2_ws/src/build/my_slam_launch/share/my_slam_launch/hook/pythonpath_develop.dsv'
[0.803s] INFO:colcon.colcon_core.shell:Creating environment hook '/home/naraphon9/ros2_ws/src/build/my_slam_launch/share/my_slam_launch/hook/pythonpath_develop.sh'
[0.803s] DEBUG:colcon.colcon_core.event_handler.log_command:Invoked command in '/home/naraphon9/ros2_ws/src/build/my_slam_launch' returned '0': PYTHONPATH=/home/naraphon9/ros2_ws/src/build/my_slam_launch/prefix_override:/usr/lib/python3/dist-packages/colcon_core/task/python/colcon_distutils_commands:/home/naraphon9/ros2_ws/src/install/my_slam_launch/lib/python3.8/site-packages:${PYTHONPATH} /usr/bin/python3 -W ignore:setup.py install is deprecated -W ignore:easy_install command is deprecated setup.py develop --editable --build-directory /home/naraphon9/ros2_ws/src/build/my_slam_launch/build --no-deps symlink_data
[0.803s] Level 1:colcon.colcon_core.environment:checking '/home/naraphon9/ros2_ws/src/install/my_slam_launch' for CMake module files
[0.804s] Level 1:colcon.colcon_core.environment:checking '/home/naraphon9/ros2_ws/src/install/my_slam_launch' for CMake config files
[0.804s] Level 1:colcon.colcon_core.environment:checking '/home/naraphon9/ros2_ws/src/install/my_slam_launch/lib'
[0.804s] Level 1:colcon.colcon_core.environment:checking '/home/naraphon9/ros2_ws/src/install/my_slam_launch/bin'
[0.804s] Level 1:colcon.colcon_core.environment:checking '/home/naraphon9/ros2_ws/src/install/my_slam_launch/lib/pkgconfig/my_slam_launch.pc'
[0.804s] Level 1:colcon.colcon_core.environment:checking '/home/naraphon9/ros2_ws/src/install/my_slam_launch/lib/python3.8/site-packages'
[0.804s] Level 1:colcon.colcon_core.shell:create_environment_hook('my_slam_launch', 'pythonpath')
[0.804s] INFO:colcon.colcon_core.shell:Creating environment hook '/home/naraphon9/ros2_ws/src/install/my_slam_launch/share/my_slam_launch/hook/pythonpath.ps1'
[0.804s] INFO:colcon.colcon_core.shell:Creating environment descriptor '/home/naraphon9/ros2_ws/src/install/my_slam_launch/share/my_slam_launch/hook/pythonpath.dsv'
[0.804s] INFO:colcon.colcon_core.shell:Creating environment hook '/home/naraphon9/ros2_ws/src/install/my_slam_launch/share/my_slam_launch/hook/pythonpath.sh'
[0.805s] Level 1:colcon.colcon_core.environment:checking '/home/naraphon9/ros2_ws/src/install/my_slam_launch/bin'
[0.805s] Level 1:colcon.colcon_core.environment:create_environment_scripts_only(my_slam_launch)
[0.805s] INFO:colcon.colcon_core.shell:Creating package script '/home/naraphon9/ros2_ws/src/install/my_slam_launch/share/my_slam_launch/package.ps1'
[0.805s] INFO:colcon.colcon_core.shell:Creating package descriptor '/home/naraphon9/ros2_ws/src/install/my_slam_launch/share/my_slam_launch/package.dsv'
[0.805s] INFO:colcon.colcon_core.shell:Creating package script '/home/naraphon9/ros2_ws/src/install/my_slam_launch/share/my_slam_launch/package.sh'
[0.806s] INFO:colcon.colcon_core.shell:Creating package script '/home/naraphon9/ros2_ws/src/install/my_slam_launch/share/my_slam_launch/package.bash'
[0.806s] INFO:colcon.colcon_core.shell:Creating package script '/home/naraphon9/ros2_ws/src/install/my_slam_launch/share/my_slam_launch/package.zsh'
[0.806s] Level 1:colcon.colcon_core.environment:create_file_with_runtime_dependencies(/home/naraphon9/ros2_ws/src/install/my_slam_launch/share/colcon-core/packages/my_slam_launch)
[0.806s] DEBUG:colcon.colcon_parallel_executor.executor.parallel:closing loop
[0.806s] DEBUG:colcon.colcon_parallel_executor.executor.parallel:loop closed
[0.806s] DEBUG:colcon.colcon_parallel_executor.executor.parallel:run_until_complete finished with '0'
[0.806s] DEBUG:colcon.colcon_core.event_reactor:joining thread
[0.810s] INFO:colcon.colcon_core.plugin_system:Skipping extension 'colcon_notification.desktop_notification.terminal_notifier': Not used on non-Darwin systems
[0.810s] INFO:colcon.colcon_core.plugin_system:Skipping extension 'colcon_notification.desktop_notification.win32': Not used on non-Windows systems
[0.810s] INFO:colcon.colcon_notification.desktop_notification:Sending desktop notification using 'notify2'
[0.823s] DEBUG:colcon.colcon_core.event_reactor:joined thread
[0.824s] INFO:colcon.colcon_core.shell:Creating prefix script '/home/naraphon9/ros2_ws/src/install/local_setup.ps1'
[0.824s] INFO:colcon.colcon_core.shell:Creating prefix util module '/home/naraphon9/ros2_ws/src/install/_local_setup_util_ps1.py'
[0.825s] INFO:colcon.colcon_core.shell:Creating prefix chain script '/home/naraphon9/ros2_ws/src/install/setup.ps1'
[0.826s] INFO:colcon.colcon_core.shell:Creating prefix script '/home/naraphon9/ros2_ws/src/install/local_setup.sh'
[0.826s] INFO:colcon.colcon_core.shell:Creating prefix util module '/home/naraphon9/ros2_ws/src/install/_local_setup_util_sh.py'
[0.826s] INFO:colcon.colcon_core.shell:Creating prefix chain script '/home/naraphon9/ros2_ws/src/install/setup.sh'
[0.827s] INFO:colcon.colcon_core.shell:Creating prefix script '/home/naraphon9/ros2_ws/src/install/local_setup.bash'
[0.827s] INFO:colcon.colcon_core.shell:Creating prefix chain script '/home/naraphon9/ros2_ws/src/install/setup.bash'
[0.828s] INFO:colcon.colcon_core.shell:Creating prefix script '/home/naraphon9/ros2_ws/src/install/local_setup.zsh'
[0.828s] INFO:colcon.colcon_core.shell:Creating prefix chain script '/home/naraphon9/ros2_ws/src/install/setup.zsh'
