[0.105s] DEBUG:colcon:Command line arguments: ['/usr/bin/colcon', 'build', '--packages-select', 'my_micro_ros_pkg']
[0.105s] DEBUG:colcon:Parsed command line arguments: Namespace(allow_overriding=[], ament_cmake_args=None, base_paths=['.'], build_base='build', catkin_cmake_args=None, catkin_skip_building_tests=False, cmake_args=None, cmake_clean_cache=False, cmake_clean_first=False, cmake_force_configure=False, cmake_target=None, cmake_target_skip_unavailable=False, continue_on_error=False, event_handlers=None, executor='parallel', ignore_user_meta=False, install_base='install', log_base=None, log_level=None, main=<bound method BuildVerb.main of <colcon_core.verb.build.BuildVerb object at 0x7fb820842430>>, merge_install=False, metas=['./colcon.meta'], packages_above=None, packages_above_and_dependencies=None, packages_above_depth=None, packages_end=None, packages_ignore=None, packages_ignore_regex=None, packages_select=['my_micro_ros_pkg'], packages_select_build_failed=False, packages_select_by_dep=None, packages_select_regex=None, packages_select_test_failures=False, packages_skip=None, packages_skip_build_finished=False, packages_skip_by_dep=None, packages_skip_regex=None, packages_skip_test_passed=False, packages_skip_up_to=None, packages_start=None, packages_up_to=None, packages_up_to_regex=None, parallel_workers=20, paths=None, symlink_install=False, test_result_base=None, verb_extension=<colcon_core.verb.build.BuildVerb object at 0x7fb820842430>, verb_name='build', verb_parser=<colcon_defaults.argument_parser.defaults.DefaultArgumentsDecorator object at 0x7fb8206c8130>)
[0.180s] Level 1:colcon.colcon_core.package_discovery:discover_packages(colcon_meta) check parameters
[0.180s] Level 1:colcon.colcon_core.package_discovery:discover_packages(recursive) check parameters
[0.180s] Level 1:colcon.colcon_core.package_discovery:discover_packages(ignore) check parameters
[0.180s] Level 1:colcon.colcon_core.package_discovery:discover_packages(path) check parameters
[0.180s] Level 1:colcon.colcon_core.package_discovery:discover_packages(colcon_meta) discover
[0.180s] Level 1:colcon.colcon_core.package_discovery:discover_packages(recursive) discover
[0.180s] INFO:colcon.colcon_core.package_discovery:Crawling recursively for packages in '/home/naraphon9/ros2_ws/src'
[0.180s] Level 1:colcon.colcon_core.package_identification:_identify(.) by extensions ['ignore', 'ignore_ament_install']
[0.180s] Level 1:colcon.colcon_core.package_identification:_identify(.) by extension 'ignore'
[0.180s] Level 1:colcon.colcon_core.package_identification:_identify(.) by extension 'ignore_ament_install'
[0.180s] Level 1:colcon.colcon_core.package_identification:_identify(.) by extensions ['colcon_pkg']
[0.180s] Level 1:colcon.colcon_core.package_identification:_identify(.) by extension 'colcon_pkg'
[0.180s] Level 1:colcon.colcon_core.package_identification:_identify(.) by extensions ['colcon_meta']
[0.180s] Level 1:colcon.colcon_core.package_identification:_identify(.) by extension 'colcon_meta'
[0.180s] Level 1:colcon.colcon_core.package_identification:_identify(.) by extensions ['ros']
[0.180s] Level 1:colcon.colcon_core.package_identification:_identify(.) by extension 'ros'
[0.188s] Level 1:colcon.colcon_core.package_identification:_identify(.) by extensions ['cmake', 'python']
[0.188s] Level 1:colcon.colcon_core.package_identification:_identify(.) by extension 'cmake'
[0.188s] Level 1:colcon.colcon_core.package_identification:_identify(.) by extension 'python'
[0.188s] Level 1:colcon.colcon_core.package_identification:_identify(.) by extensions ['python_setup_py']
[0.188s] Level 1:colcon.colcon_core.package_identification:_identify(.) by extension 'python_setup_py'
[0.188s] Level 1:colcon.colcon_core.package_identification:_identify(build) by extensions ['ignore', 'ignore_ament_install']
[0.188s] Level 1:colcon.colcon_core.package_identification:_identify(build) by extension 'ignore'
[0.188s] Level 1:colcon.colcon_core.package_identification:_identify(build) ignored
[0.188s] Level 1:colcon.colcon_core.package_identification:_identify(install) by extensions ['ignore', 'ignore_ament_install']
[0.188s] Level 1:colcon.colcon_core.package_identification:_identify(install) by extension 'ignore'
[0.188s] Level 1:colcon.colcon_core.package_identification:_identify(install) ignored
[0.188s] Level 1:colcon.colcon_core.package_identification:_identify(log) by extensions ['ignore', 'ignore_ament_install']
[0.188s] Level 1:colcon.colcon_core.package_identification:_identify(log) by extension 'ignore'
[0.188s] Level 1:colcon.colcon_core.package_identification:_identify(log) ignored
[0.188s] Level 1:colcon.colcon_core.package_identification:_identify(my_robot_config) by extensions ['ignore', 'ignore_ament_install']
[0.188s] Level 1:colcon.colcon_core.package_identification:_identify(my_robot_config) by extension 'ignore'
[0.188s] Level 1:colcon.colcon_core.package_identification:_identify(my_robot_config) by extension 'ignore_ament_install'
[0.188s] Level 1:colcon.colcon_core.package_identification:_identify(my_robot_config) by extensions ['colcon_pkg']
[0.188s] Level 1:colcon.colcon_core.package_identification:_identify(my_robot_config) by extension 'colcon_pkg'
[0.188s] Level 1:colcon.colcon_core.package_identification:_identify(my_robot_config) by extensions ['colcon_meta']
[0.188s] Level 1:colcon.colcon_core.package_identification:_identify(my_robot_config) by extension 'colcon_meta'
[0.188s] Level 1:colcon.colcon_core.package_identification:_identify(my_robot_config) by extensions ['ros']
[0.188s] Level 1:colcon.colcon_core.package_identification:_identify(my_robot_config) by extension 'ros'
[0.188s] Level 1:colcon.colcon_core.package_identification:_identify(my_robot_config) by extensions ['cmake', 'python']
[0.188s] Level 1:colcon.colcon_core.package_identification:_identify(my_robot_config) by extension 'cmake'
[0.188s] Level 1:colcon.colcon_core.package_identification:_identify(my_robot_config) by extension 'python'
[0.188s] Level 1:colcon.colcon_core.package_identification:_identify(my_robot_config) by extensions ['python_setup_py']
[0.188s] Level 1:colcon.colcon_core.package_identification:_identify(my_robot_config) by extension 'python_setup_py'
[0.188s] Level 1:colcon.colcon_core.package_identification:_identify(my_slam_launch) by extensions ['ignore', 'ignore_ament_install']
[0.188s] Level 1:colcon.colcon_core.package_identification:_identify(my_slam_launch) by extension 'ignore'
[0.188s] Level 1:colcon.colcon_core.package_identification:_identify(my_slam_launch) by extension 'ignore_ament_install'
[0.189s] Level 1:colcon.colcon_core.package_identification:_identify(my_slam_launch) by extensions ['colcon_pkg']
[0.189s] Level 1:colcon.colcon_core.package_identification:_identify(my_slam_launch) by extension 'colcon_pkg'
[0.189s] Level 1:colcon.colcon_core.package_identification:_identify(my_slam_launch) by extensions ['colcon_meta']
[0.189s] Level 1:colcon.colcon_core.package_identification:_identify(my_slam_launch) by extension 'colcon_meta'
[0.189s] Level 1:colcon.colcon_core.package_identification:_identify(my_slam_launch) by extensions ['ros']
[0.189s] Level 1:colcon.colcon_core.package_identification:_identify(my_slam_launch) by extension 'ros'
[0.190s] DEBUG:colcon.colcon_core.package_identification:Package 'my_slam_launch' with type 'ros.ament_python' and name 'my_slam_launch'
[0.190s] Level 1:colcon.colcon_core.package_identification:_identify(slam_toolbox) by extensions ['ignore', 'ignore_ament_install']
[0.190s] Level 1:colcon.colcon_core.package_identification:_identify(slam_toolbox) by extension 'ignore'
[0.190s] Level 1:colcon.colcon_core.package_identification:_identify(slam_toolbox) by extension 'ignore_ament_install'
[0.190s] Level 1:colcon.colcon_core.package_identification:_identify(slam_toolbox) by extensions ['colcon_pkg']
[0.190s] Level 1:colcon.colcon_core.package_identification:_identify(slam_toolbox) by extension 'colcon_pkg'
[0.190s] Level 1:colcon.colcon_core.package_identification:_identify(slam_toolbox) by extensions ['colcon_meta']
[0.190s] Level 1:colcon.colcon_core.package_identification:_identify(slam_toolbox) by extension 'colcon_meta'
[0.190s] Level 1:colcon.colcon_core.package_identification:_identify(slam_toolbox) by extensions ['ros']
[0.190s] Level 1:colcon.colcon_core.package_identification:_identify(slam_toolbox) by extension 'ros'
[0.191s] DEBUG:colcon.colcon_core.package_identification:Package 'slam_toolbox' with type 'ros.ament_cmake' and name 'slam_toolbox'
[0.191s] Level 1:colcon.colcon_core.package_identification:_identify(ydlidar_ros2) by extensions ['ignore', 'ignore_ament_install']
[0.191s] Level 1:colcon.colcon_core.package_identification:_identify(ydlidar_ros2) by extension 'ignore'
[0.191s] Level 1:colcon.colcon_core.package_identification:_identify(ydlidar_ros2) by extension 'ignore_ament_install'
[0.191s] Level 1:colcon.colcon_core.package_identification:_identify(ydlidar_ros2) by extensions ['colcon_pkg']
[0.191s] Level 1:colcon.colcon_core.package_identification:_identify(ydlidar_ros2) by extension 'colcon_pkg'
[0.191s] Level 1:colcon.colcon_core.package_identification:_identify(ydlidar_ros2) by extensions ['colcon_meta']
[0.191s] Level 1:colcon.colcon_core.package_identification:_identify(ydlidar_ros2) by extension 'colcon_meta'
[0.191s] Level 1:colcon.colcon_core.package_identification:_identify(ydlidar_ros2) by extensions ['ros']
[0.191s] Level 1:colcon.colcon_core.package_identification:_identify(ydlidar_ros2) by extension 'ros'
[0.192s] DEBUG:colcon.colcon_core.package_identification:Package 'ydlidar_ros2' with type 'ros.ament_cmake' and name 'ydlidar'
[0.192s] Level 1:colcon.colcon_core.package_discovery:discover_packages(recursive) using defaults
[0.192s] Level 1:colcon.colcon_core.package_discovery:discover_packages(ignore) discover
[0.192s] Level 1:colcon.colcon_core.package_discovery:discover_packages(ignore) using defaults
[0.192s] Level 1:colcon.colcon_core.package_discovery:discover_packages(path) discover
[0.192s] Level 1:colcon.colcon_core.package_discovery:discover_packages(path) using defaults
[0.192s] WARNING:colcon.colcon_core.package_selection:ignoring unknown package 'my_micro_ros_pkg' in --packages-select
[0.201s] INFO:colcon.colcon_core.package_selection:Skipping not selected package 'my_slam_launch' in 'my_slam_launch'
[0.201s] INFO:colcon.colcon_core.package_selection:Skipping not selected package 'slam_toolbox' in 'slam_toolbox'
[0.201s] INFO:colcon.colcon_core.package_selection:Skipping not selected package 'ydlidar' in 'ydlidar_ros2'
[0.201s] Level 1:colcon.colcon_core.package_discovery:discover_packages(prefix_path) check parameters
[0.201s] Level 1:colcon.colcon_core.package_discovery:discover_packages(prefix_path) discover
[0.202s] DEBUG:colcon.colcon_installed_package_information.package_discovery:Found 3 installed packages in /home/naraphon9/ros2_ws/src/install
[0.202s] DEBUG:colcon.colcon_installed_package_information.package_discovery:Found 4 installed packages in /home/naraphon9/ros2_ws/install
[0.203s] DEBUG:colcon.colcon_installed_package_information.package_discovery:Found 270 installed packages in /opt/ros/foxy
[0.211s] Level 1:colcon.colcon_core.package_discovery:discover_packages(prefix_path) using defaults
[0.246s] INFO:colcon.colcon_core.executor:Executing jobs using 'parallel' executor
[0.247s] DEBUG:colcon.colcon_parallel_executor.executor.parallel:run_until_complete
[0.247s] DEBUG:colcon.colcon_parallel_executor.executor.parallel:closing loop
[0.247s] DEBUG:colcon.colcon_parallel_executor.executor.parallel:loop closed
[0.247s] DEBUG:colcon.colcon_parallel_executor.executor.parallel:run_until_complete finished with '0'
[0.247s] DEBUG:colcon.colcon_core.event_reactor:joining thread
[0.251s] INFO:colcon.colcon_core.plugin_system:Skipping extension 'colcon_notification.desktop_notification.terminal_notifier': Not used on non-Darwin systems
[0.251s] INFO:colcon.colcon_core.plugin_system:Skipping extension 'colcon_notification.desktop_notification.win32': Not used on non-Windows systems
[0.251s] INFO:colcon.colcon_notification.desktop_notification:Sending desktop notification using 'notify2'
[0.265s] DEBUG:colcon.colcon_core.event_reactor:joined thread
[0.266s] INFO:colcon.colcon_core.plugin_system:Skipping extension 'colcon_core.shell.bat': Not used on non-Windows systems
[0.267s] INFO:colcon.colcon_core.shell:Creating prefix script '/home/naraphon9/ros2_ws/src/install/local_setup.ps1'
[0.267s] INFO:colcon.colcon_core.shell:Creating prefix util module '/home/naraphon9/ros2_ws/src/install/_local_setup_util_ps1.py'
[0.268s] INFO:colcon.colcon_core.shell:Creating prefix chain script '/home/naraphon9/ros2_ws/src/install/setup.ps1'
[0.268s] INFO:colcon.colcon_core.shell:Creating prefix script '/home/naraphon9/ros2_ws/src/install/local_setup.sh'
[0.269s] INFO:colcon.colcon_core.shell:Creating prefix util module '/home/naraphon9/ros2_ws/src/install/_local_setup_util_sh.py'
[0.269s] INFO:colcon.colcon_core.shell:Creating prefix chain script '/home/naraphon9/ros2_ws/src/install/setup.sh'
[0.270s] INFO:colcon.colcon_core.shell:Creating prefix script '/home/naraphon9/ros2_ws/src/install/local_setup.bash'
[0.270s] INFO:colcon.colcon_core.shell:Creating prefix chain script '/home/naraphon9/ros2_ws/src/install/setup.bash'
[0.271s] INFO:colcon.colcon_core.shell:Creating prefix script '/home/naraphon9/ros2_ws/src/install/local_setup.zsh'
[0.271s] INFO:colcon.colcon_core.shell:Creating prefix chain script '/home/naraphon9/ros2_ws/src/install/setup.zsh'
