running egg_info
creating ../../build/my_robot_description/my_robot_description.egg-info
writing ../../build/my_robot_description/my_robot_description.egg-info/PKG-INFO
writing dependency_links to ../../build/my_robot_description/my_robot_description.egg-info/dependency_links.txt
writing entry points to ../../build/my_robot_description/my_robot_description.egg-info/entry_points.txt
writing requirements to ../../build/my_robot_description/my_robot_description.egg-info/requires.txt
writing top-level names to ../../build/my_robot_description/my_robot_description.egg-info/top_level.txt
writing manifest file '../../build/my_robot_description/my_robot_description.egg-info/SOURCES.txt'
reading manifest file '../../build/my_robot_description/my_robot_description.egg-info/SOURCES.txt'
writing manifest file '../../build/my_robot_description/my_robot_description.egg-info/SOURCES.txt'
running build
running build_py
creating /home/naraphon9/ros2_ws/build/my_robot_description/build
creating /home/naraphon9/ros2_ws/build/my_robot_description/build/lib
creating /home/naraphon9/ros2_ws/build/my_robot_description/build/lib/my_robot_description
copying src/my_robot_description/__init__.py -> /home/naraphon9/ros2_ws/build/my_robot_description/build/lib/my_robot_description
running install
running install_lib
creating /home/naraphon9/ros2_ws/install/my_robot_description/lib/python3.8/site-packages/my_robot_description
copying /home/naraphon9/ros2_ws/build/my_robot_description/build/lib/my_robot_description/__init__.py -> /home/naraphon9/ros2_ws/install/my_robot_description/lib/python3.8/site-packages/my_robot_description
byte-compiling /home/naraphon9/ros2_ws/install/my_robot_description/lib/python3.8/site-packages/my_robot_description/__init__.py to __init__.cpython-38.pyc
running install_data
creating /home/naraphon9/ros2_ws/install/my_robot_description/share/ament_index
creating /home/naraphon9/ros2_ws/install/my_robot_description/share/ament_index/resource_index
creating /home/naraphon9/ros2_ws/install/my_robot_description/share/ament_index/resource_index/packages
copying resource/my_robot_description -> /home/naraphon9/ros2_ws/install/my_robot_description/share/ament_index/resource_index/packages
copying package.xml -> /home/naraphon9/ros2_ws/install/my_robot_description/share/my_robot_description
creating /home/naraphon9/ros2_ws/install/my_robot_description/share/my_robot_description/launch
copying launch/display.launch.py -> /home/naraphon9/ros2_ws/install/my_robot_description/share/my_robot_description/launch
creating /home/naraphon9/ros2_ws/install/my_robot_description/share/my_robot_description/urdf
copying urdf/my_robot.urdf.xacro -> /home/naraphon9/ros2_ws/install/my_robot_description/share/my_robot_description/urdf
running install_egg_info
Copying ../../build/my_robot_description/my_robot_description.egg-info to /home/naraphon9/ros2_ws/install/my_robot_description/lib/python3.8/site-packages/my_robot_description-0.0.0-py3.8.egg-info
running install_scripts
writing list of installed files to '/home/naraphon9/ros2_ws/build/my_robot_description/install.log'
