[0.895s] Invoking command in '/home/naraphon9/ros2_ws/src/my_robot_description': PYTHONPATH=/home/naraphon9/ros2_ws/build/my_robot_description/prefix_override:/usr/lib/python3/dist-packages/colcon_core/task/python/colcon_distutils_commands:/home/naraphon9/ros2_ws/install/my_robot_description/lib/python3.8/site-packages:${PYTHONPATH} /usr/bin/python3 -W ignore:setup.py install is deprecated -W ignore:easy_install command is deprecated setup.py egg_info --egg-base ../../build/my_robot_description build --build-base /home/naraphon9/ros2_ws/build/my_robot_description/build install --record /home/naraphon9/ros2_ws/build/my_robot_description/install.log --single-version-externally-managed install_data
[1.062s] running egg_info
[1.062s] creating ../../build/my_robot_description/my_robot_description.egg-info
[1.062s] writing ../../build/my_robot_description/my_robot_description.egg-info/PKG-INFO
[1.063s] writing dependency_links to ../../build/my_robot_description/my_robot_description.egg-info/dependency_links.txt
[1.063s] writing entry points to ../../build/my_robot_description/my_robot_description.egg-info/entry_points.txt
[1.063s] writing requirements to ../../build/my_robot_description/my_robot_description.egg-info/requires.txt
[1.063s] writing top-level names to ../../build/my_robot_description/my_robot_description.egg-info/top_level.txt
[1.064s] writing manifest file '../../build/my_robot_description/my_robot_description.egg-info/SOURCES.txt'
[1.092s] reading manifest file '../../build/my_robot_description/my_robot_description.egg-info/SOURCES.txt'
[1.093s] writing manifest file '../../build/my_robot_description/my_robot_description.egg-info/SOURCES.txt'
[1.093s] running build
[1.093s] running build_py
[1.093s] creating /home/naraphon9/ros2_ws/build/my_robot_description/build
[1.093s] creating /home/naraphon9/ros2_ws/build/my_robot_description/build/lib
[1.094s] creating /home/naraphon9/ros2_ws/build/my_robot_description/build/lib/my_robot_description
[1.094s] copying src/my_robot_description/__init__.py -> /home/naraphon9/ros2_ws/build/my_robot_description/build/lib/my_robot_description
[1.094s] running install
[1.094s] running install_lib
[1.094s] creating /home/naraphon9/ros2_ws/install/my_robot_description/lib/python3.8/site-packages/my_robot_description
[1.094s] copying /home/naraphon9/ros2_ws/build/my_robot_description/build/lib/my_robot_description/__init__.py -> /home/naraphon9/ros2_ws/install/my_robot_description/lib/python3.8/site-packages/my_robot_description
[1.095s] byte-compiling /home/naraphon9/ros2_ws/install/my_robot_description/lib/python3.8/site-packages/my_robot_description/__init__.py to __init__.cpython-38.pyc
[1.096s] running install_data
[1.096s] creating /home/naraphon9/ros2_ws/install/my_robot_description/share/ament_index
[1.096s] creating /home/naraphon9/ros2_ws/install/my_robot_description/share/ament_index/resource_index
[1.096s] creating /home/naraphon9/ros2_ws/install/my_robot_description/share/ament_index/resource_index/packages
[1.096s] copying resource/my_robot_description -> /home/naraphon9/ros2_ws/install/my_robot_description/share/ament_index/resource_index/packages
[1.097s] copying package.xml -> /home/naraphon9/ros2_ws/install/my_robot_description/share/my_robot_description
[1.097s] creating /home/naraphon9/ros2_ws/install/my_robot_description/share/my_robot_description/launch
[1.097s] copying launch/display.launch.py -> /home/naraphon9/ros2_ws/install/my_robot_description/share/my_robot_description/launch
[1.097s] creating /home/naraphon9/ros2_ws/install/my_robot_description/share/my_robot_description/urdf
[1.097s] copying urdf/my_robot.urdf.xacro -> /home/naraphon9/ros2_ws/install/my_robot_description/share/my_robot_description/urdf
[1.097s] running install_egg_info
[1.098s] Copying ../../build/my_robot_description/my_robot_description.egg-info to /home/naraphon9/ros2_ws/install/my_robot_description/lib/python3.8/site-packages/my_robot_description-0.0.0-py3.8.egg-info
[1.099s] running install_scripts
[1.115s] writing list of installed files to '/home/naraphon9/ros2_ws/build/my_robot_description/install.log'
[1.142s] Invoked command in '/home/naraphon9/ros2_ws/src/my_robot_description' returned '0': PYTHONPATH=/home/naraphon9/ros2_ws/build/my_robot_description/prefix_override:/usr/lib/python3/dist-packages/colcon_core/task/python/colcon_distutils_commands:/home/naraphon9/ros2_ws/install/my_robot_description/lib/python3.8/site-packages:${PYTHONPATH} /usr/bin/python3 -W ignore:setup.py install is deprecated -W ignore:easy_install command is deprecated setup.py egg_info --egg-base ../../build/my_robot_description build --build-base /home/naraphon9/ros2_ws/build/my_robot_description/build install --record /home/naraphon9/ros2_ws/build/my_robot_description/install.log --single-version-externally-managed install_data
