[0.122s] Invoking command in '/home/naraphon9/ros2_ws/src/build/ydlidar': CMAKE_PREFIX_PATH=${CMAKE_PREFIX_PATH}:/home/naraphon9/ros2_ws/install/ydlidar_old:/home/naraphon9/ros2_ws/install/my_slam_launch:/opt/ros/foxy /opt/cmake-3.26/bin/cmake --build /home/naraphon9/ros2_ws/src/build/ydlidar -- -j20 -l20
[0.138s] [ 18%] Built target ydlidar_client
[0.143s] [100%] Built target ydlidar_node
[0.149s] Invoked command in '/home/naraphon9/ros2_ws/src/build/ydlidar' returned '0': CMAKE_PREFIX_PATH=${CMAKE_PREFIX_PATH}:/home/naraphon9/ros2_ws/install/ydlidar_old:/home/naraphon9/ros2_ws/install/my_slam_launch:/opt/ros/foxy /opt/cmake-3.26/bin/cmake --build /home/naraphon9/ros2_ws/src/build/ydlidar -- -j20 -l20
[0.152s] Invoking command in '/home/naraphon9/ros2_ws/src/build/ydlidar': CMAKE_PREFIX_PATH=${CMAKE_PREFIX_PATH}:/home/naraphon9/ros2_ws/install/ydlidar_old:/home/naraphon9/ros2_ws/install/my_slam_launch:/opt/ros/foxy /opt/cmake-3.26/bin/cmake --install /home/naraphon9/ros2_ws/src/build/ydlidar
[0.155s] -- Install configuration: ""
[0.155s] -- Execute custom install script
[0.155s] -- Up-to-date symlink: /home/naraphon9/ros2_ws/src/install/ydlidar/lib/ydlidar/ydlidar_node
[0.155s] -- Up-to-date symlink: /home/naraphon9/ros2_ws/src/install/ydlidar/lib/ydlidar/ydlidar_client
[0.155s] -- Up-to-date symlink: /home/naraphon9/ros2_ws/src/install/ydlidar/share/ydlidar/launch/ydlidar_launch.py
[0.155s] -- Up-to-date symlink: /home/naraphon9/ros2_ws/src/install/ydlidar/share/ydlidar/launch/ydlidar_slam_launch.py
[0.155s] -- Up-to-date symlink: /home/naraphon9/ros2_ws/src/install/ydlidar/share/ydlidar/params/ydlidar.yaml
[0.155s] -- Up-to-date symlink: /home/naraphon9/ros2_ws/src/install/ydlidar/share/ydlidar/startup/initenv.sh
[0.155s] -- Up-to-date symlink: /home/naraphon9/ros2_ws/src/install/ydlidar/share/ament_index/resource_index/package_run_dependencies/ydlidar
[0.155s] -- Up-to-date symlink: /home/naraphon9/ros2_ws/src/install/ydlidar/share/ament_index/resource_index/parent_prefix_path/ydlidar
[0.155s] -- Up-to-date symlink: /home/naraphon9/ros2_ws/src/install/ydlidar/share/ydlidar/environment/ament_prefix_path.sh
[0.156s] -- Up-to-date symlink: /home/naraphon9/ros2_ws/src/install/ydlidar/share/ydlidar/environment/ament_prefix_path.dsv
[0.156s] -- Up-to-date symlink: /home/naraphon9/ros2_ws/src/install/ydlidar/share/ydlidar/environment/path.sh
[0.156s] -- Up-to-date symlink: /home/naraphon9/ros2_ws/src/install/ydlidar/share/ydlidar/environment/path.dsv
[0.156s] -- Up-to-date symlink: /home/naraphon9/ros2_ws/src/install/ydlidar/share/ydlidar/local_setup.bash
[0.156s] -- Up-to-date symlink: /home/naraphon9/ros2_ws/src/install/ydlidar/share/ydlidar/local_setup.sh
[0.156s] -- Up-to-date symlink: /home/naraphon9/ros2_ws/src/install/ydlidar/share/ydlidar/local_setup.zsh
[0.156s] -- Up-to-date symlink: /home/naraphon9/ros2_ws/src/install/ydlidar/share/ydlidar/local_setup.dsv
[0.156s] -- Symlinking: /home/naraphon9/ros2_ws/src/install/ydlidar/share/ydlidar/package.dsv
[0.156s] -- Up-to-date symlink: /home/naraphon9/ros2_ws/src/install/ydlidar/share/ament_index/resource_index/packages/ydlidar
[0.156s] -- Up-to-date symlink: /home/naraphon9/ros2_ws/src/install/ydlidar/share/ydlidar/cmake/ydlidarConfig.cmake
[0.156s] -- Up-to-date symlink: /home/naraphon9/ros2_ws/src/install/ydlidar/share/ydlidar/cmake/ydlidarConfig-version.cmake
[0.156s] -- Up-to-date symlink: /home/naraphon9/ros2_ws/src/install/ydlidar/share/ydlidar/package.xml
[0.158s] Invoked command in '/home/naraphon9/ros2_ws/src/build/ydlidar' returned '0': CMAKE_PREFIX_PATH=${CMAKE_PREFIX_PATH}:/home/naraphon9/ros2_ws/install/ydlidar_old:/home/naraphon9/ros2_ws/install/my_slam_launch:/opt/ros/foxy /opt/cmake-3.26/bin/cmake --install /home/naraphon9/ros2_ws/src/build/ydlidar
