[0.364s] Invoking command in '/home/naraphon9/ros2_ws/build/ydlidar': CMAKE_PREFIX_PATH=${CMAKE_PREFIX_PATH}:/home/naraphon9/ros2_ws/install/ydlidar_old:/home/naraphon9/ros2_ws/install/my_slam_launch:/home/naraphon9/ros2_ws/install/my_robot_description:/home/naraphon9/ros2_ws/install/my_pose_pub:/opt/ros/foxy /opt/cmake-3.26/bin/cmake /home/naraphon9/ros2_ws/src/ydlidar_ros2 -DCMAKE_INSTALL_PREFIX=/home/naraphon9/ros2_ws/install/ydlidar
[0.516s] -- The C compiler identification is GNU 9.4.0
[0.516s] -- The CXX compiler identification is GNU 9.4.0
[0.516s] -- Detecting C compiler ABI info
[0.558s] -- Detecting C compiler ABI info - done
[0.573s] -- Check for working C compiler: /usr/bin/cc - skipped
[0.573s] -- Detecting C compile features
[0.574s] -- Detecting C compile features - done
[0.578s] -- Detecting CXX compiler ABI info
[0.636s] -- Detecting CXX compiler ABI info - done
[0.646s] -- Check for working CXX compiler: /usr/bin/c++ - skipped
[0.646s] -- Detecting CXX compile features
[0.646s] -- Detecting CXX compile features - done
[0.649s] -- Found ament_cmake: 0.9.12 (/opt/ros/foxy/share/ament_cmake/cmake)
[0.674s] -- Found PythonInterp: /usr/bin/python3 (found suitable version "3.8.10", minimum required is "3") 
[0.675s] -- Using PYTHON_EXECUTABLE: /usr/bin/python3
[0.851s] -- Found rclcpp: 2.4.3 (/opt/ros/foxy/share/rclcpp/cmake)
[0.902s] -- Using all available rosidl_typesupport_c: rosidl_typesupport_fastrtps_c;rosidl_typesupport_introspection_c
[0.908s] -- Found rosidl_adapter: 1.3.1 (/opt/ros/foxy/share/rosidl_adapter/cmake)
[0.972s] -- Found OpenSSL: /usr/lib/x86_64-linux-gnu/libcrypto.so (found version "1.1.1f")  
[1.002s] -- Found FastRTPS: /opt/ros/foxy/include  
[1.083s] -- Using all available rosidl_typesupport_cpp: rosidl_typesupport_fastrtps_cpp;rosidl_typesupport_introspection_cpp
[1.141s] -- Found rmw_implementation_cmake: 1.0.4 (/opt/ros/foxy/share/rmw_implementation_cmake/cmake)
[1.142s] -- Using RMW implementation 'rmw_fastrtps_cpp' as default
[1.143s] -- Performing Test CMAKE_HAVE_LIBC_PTHREAD
[1.194s] -- Performing Test CMAKE_HAVE_LIBC_PTHREAD - Failed
[1.194s] -- Looking for pthread_create in pthreads
[1.230s] -- Looking for pthread_create in pthreads - not found
[1.230s] -- Looking for pthread_create in pthread
[1.264s] -- Looking for pthread_create in pthread - found
[1.265s] -- Found Threads: TRUE  
[1.367s] -- Found sensor_msgs: 2.0.5 (/opt/ros/foxy/share/sensor_msgs/cmake)
[1.441s] -- Found visualization_msgs: 2.0.5 (/opt/ros/foxy/share/visualization_msgs/cmake)
[1.487s] -- Found ament_lint_auto: 0.9.8 (/opt/ros/foxy/share/ament_lint_auto/cmake)
[1.542s] -- Added test 'copyright' to check source files copyright and LICENSE
[1.567s] -- Added test 'cppcheck' to perform static code analysis on C / C++ code
[1.567s] -- Configured cppcheck include dirs: /home/naraphon9/ros2_ws/src/ydlidar_ros2/src;/home/naraphon9/ros2_ws/src/ydlidar_ros2/sdk/include;/home/naraphon9/ros2_ws/src/ydlidar_ros2/sdk/src
[1.567s] -- Configured cppcheck exclude dirs and/or files: 
[1.581s] -- Added test 'cpplint' to check C / C++ code against the Google style
[1.582s] -- Configured cpplint exclude dirs and/or files: 
[1.584s] -- Added test 'flake8' to check Python code syntax and style conventions
[1.587s] -- Added test 'lint_cmake' to check CMake code style
[1.591s] -- Added test 'pep257' to check Python code against some of the style conventions in PEP 257
[1.604s] -- Added test 'uncrustify' to check C / C++ code style
[1.604s] -- Configured uncrustify additional arguments: 
[1.606s] -- Added test 'xmllint' to check XML markup files
[1.607s] -- Configuring done (1.2s)
[1.616s] -- Generating done (0.0s)
[1.619s] -- Build files have been written to: /home/naraphon9/ros2_ws/build/ydlidar
[1.626s] Invoked command in '/home/naraphon9/ros2_ws/build/ydlidar' returned '0': CMAKE_PREFIX_PATH=${CMAKE_PREFIX_PATH}:/home/naraphon9/ros2_ws/install/ydlidar_old:/home/naraphon9/ros2_ws/install/my_slam_launch:/home/naraphon9/ros2_ws/install/my_robot_description:/home/naraphon9/ros2_ws/install/my_pose_pub:/opt/ros/foxy /opt/cmake-3.26/bin/cmake /home/naraphon9/ros2_ws/src/ydlidar_ros2 -DCMAKE_INSTALL_PREFIX=/home/naraphon9/ros2_ws/install/ydlidar
[1.627s] Invoking command in '/home/naraphon9/ros2_ws/build/ydlidar': CMAKE_PREFIX_PATH=${CMAKE_PREFIX_PATH}:/home/naraphon9/ros2_ws/install/ydlidar_old:/home/naraphon9/ros2_ws/install/my_slam_launch:/home/naraphon9/ros2_ws/install/my_robot_description:/home/naraphon9/ros2_ws/install/my_pose_pub:/opt/ros/foxy /opt/cmake-3.26/bin/cmake --build /home/naraphon9/ros2_ws/build/ydlidar -- -j20 -l20
[1.640s] [  9%] [32mBuilding CXX object CMakeFiles/ydlidar_node.dir/src/ydlidar_node.cpp.o[0m
[1.640s] [ 27%] [32mBuilding CXX object CMakeFiles/ydlidar_client.dir/src/ydlidar_client.cpp.o[0m
[1.640s] [ 27%] [32mBuilding CXX object CMakeFiles/ydlidar_node.dir/sdk/src/CYdLidar.cpp.o[0m
[1.640s] [ 45%] [32mBuilding CXX object CMakeFiles/ydlidar_node.dir/sdk/src/impl/unix/unix_serial.cpp.o[0m
[1.640s] [ 45%] [32mBuilding CXX object CMakeFiles/ydlidar_node.dir/sdk/src/impl/unix/list_ports_linux.cpp.o[0m
[1.641s] [ 54%] [32mBuilding CXX object CMakeFiles/ydlidar_node.dir/sdk/src/impl/unix/unix_timer.cpp.o[0m
[1.641s] [ 63%] [32mBuilding C object CMakeFiles/ydlidar_node.dir/sdk/src/lock.c.o[0m
[1.641s] [ 72%] [32mBuilding CXX object CMakeFiles/ydlidar_node.dir/sdk/src/ydlidar_driver.cpp.o[0m
[1.642s] [ 81%] [32mBuilding CXX object CMakeFiles/ydlidar_node.dir/sdk/src/serial.cpp.o[0m
[1.675s] [01m[K/home/naraphon9/ros2_ws/src/ydlidar_ros2/sdk/src/lock.c:[m[K In function ‘[01m[Kfhs_lock[m[K’:
[1.675s] [01m[K/home/naraphon9/ros2_ws/src/ydlidar_ros2/sdk/src/lock.c:199:40:[m[K [01;35m[Kwarning: [m[Kunused parameter ‘[01m[Kpid[m[K’ [[01;35m[K-Wunused-parameter[m[K]
[1.675s]   199 | int fhs_lock(const char *filename, [01;35m[Kint pid[m[K) {
[1.675s]       |                                    [01;35m[K~~~~^~~[m[K
[1.675s] [01m[K/home/naraphon9/ros2_ws/src/ydlidar_ros2/sdk/src/lock.c:[m[K In function ‘[01m[Kuucp_lock[m[K’:
[1.675s] [01m[K/home/naraphon9/ros2_ws/src/ydlidar_ros2/sdk/src/lock.c:281:41:[m[K [01;35m[Kwarning: [m[Kunused parameter ‘[01m[Kpid[m[K’ [[01;35m[K-Wunused-parameter[m[K]
[1.675s]   281 | int uucp_lock(const char *filename, [01;35m[Kint pid[m[K) {
[1.675s]       |                                     [01;35m[K~~~~^~~[m[K
[1.760s] In file included from [01m[K/home/naraphon9/ros2_ws/src/ydlidar_ros2/sdk/include/timer.h:2[m[K,
[1.760s]                  from [01m[K/home/naraphon9/ros2_ws/src/ydlidar_ros2/sdk/src/impl/unix/unix_timer.cpp:2[m[K:
[1.760s] [01m[K/home/naraphon9/ros2_ws/src/ydlidar_ros2/sdk/include/v8stdint.h:[m[K In function ‘[01m[Kbool ydlidar::fileExists(std::string)[m[K’:
[1.760s] [01m[K/home/naraphon9/ros2_ws/src/ydlidar_ros2/sdk/include/v8stdint.h:240:24:[m[K [01;35m[Kwarning: [m[Kmissing initializer for member ‘[01m[Kstat::st_ino[m[K’ [[01;35m[K-Wmissing-field-initializers[m[K]
[1.760s]   240 |   struct stat info = {0[01;35m[K}[m[K;
[1.760s]       |                        [01;35m[K^[m[K
[1.760s] [01m[K/home/naraphon9/ros2_ws/src/ydlidar_ros2/sdk/include/v8stdint.h:240:24:[m[K [01;35m[Kwarning: [m[Kmissing initializer for member ‘[01m[Kstat::st_nlink[m[K’ [[01;35m[K-Wmissing-field-initializers[m[K]
[1.760s] [01m[K/home/naraphon9/ros2_ws/src/ydlidar_ros2/sdk/include/v8stdint.h:240:24:[m[K [01;35m[Kwarning: [m[Kmissing initializer for member ‘[01m[Kstat::st_mode[m[K’ [[01;35m[K-Wmissing-field-initializers[m[K]
[1.760s] [01m[K/home/naraphon9/ros2_ws/src/ydlidar_ros2/sdk/include/v8stdint.h:240:24:[m[K [01;35m[Kwarning: [m[Kmissing initializer for member ‘[01m[Kstat::st_uid[m[K’ [[01;35m[K-Wmissing-field-initializers[m[K]
[1.760s] [01m[K/home/naraphon9/ros2_ws/src/ydlidar_ros2/sdk/include/v8stdint.h:240:24:[m[K [01;35m[Kwarning: [m[Kmissing initializer for member ‘[01m[Kstat::st_gid[m[K’ [[01;35m[K-Wmissing-field-initializers[m[K]
[1.761s] [01m[K/home/naraphon9/ros2_ws/src/ydlidar_ros2/sdk/include/v8stdint.h:240:24:[m[K [01;35m[Kwarning: [m[Kmissing initializer for member ‘[01m[Kstat::__pad0[m[K’ [[01;35m[K-Wmissing-field-initializers[m[K]
[1.761s] [01m[K/home/naraphon9/ros2_ws/src/ydlidar_ros2/sdk/include/v8stdint.h:240:24:[m[K [01;35m[Kwarning: [m[Kmissing initializer for member ‘[01m[Kstat::st_rdev[m[K’ [[01;35m[K-Wmissing-field-initializers[m[K]
[1.761s] [01m[K/home/naraphon9/ros2_ws/src/ydlidar_ros2/sdk/include/v8stdint.h:240:24:[m[K [01;35m[Kwarning: [m[Kmissing initializer for member ‘[01m[Kstat::st_size[m[K’ [[01;35m[K-Wmissing-field-initializers[m[K]
[1.761s] [01m[K/home/naraphon9/ros2_ws/src/ydlidar_ros2/sdk/include/v8stdint.h:240:24:[m[K [01;35m[Kwarning: [m[Kmissing initializer for member ‘[01m[Kstat::st_blksize[m[K’ [[01;35m[K-Wmissing-field-initializers[m[K]
[1.761s] [01m[K/home/naraphon9/ros2_ws/src/ydlidar_ros2/sdk/include/v8stdint.h:240:24:[m[K [01;35m[Kwarning: [m[Kmissing initializer for member ‘[01m[Kstat::st_blocks[m[K’ [[01;35m[K-Wmissing-field-initializers[m[K]
[1.761s] [01m[K/home/naraphon9/ros2_ws/src/ydlidar_ros2/sdk/include/v8stdint.h:240:24:[m[K [01;35m[Kwarning: [m[Kmissing initializer for member ‘[01m[Kstat::st_atim[m[K’ [[01;35m[K-Wmissing-field-initializers[m[K]
[1.761s] [01m[K/home/naraphon9/ros2_ws/src/ydlidar_ros2/sdk/include/v8stdint.h:240:24:[m[K [01;35m[Kwarning: [m[Kmissing initializer for member ‘[01m[Kstat::st_mtim[m[K’ [[01;35m[K-Wmissing-field-initializers[m[K]
[1.761s] [01m[K/home/naraphon9/ros2_ws/src/ydlidar_ros2/sdk/include/v8stdint.h:240:24:[m[K [01;35m[Kwarning: [m[Kmissing initializer for member ‘[01m[Kstat::st_ctim[m[K’ [[01;35m[K-Wmissing-field-initializers[m[K]
[1.761s] [01m[K/home/naraphon9/ros2_ws/src/ydlidar_ros2/sdk/include/v8stdint.h:240:24:[m[K [01;35m[Kwarning: [m[Kmissing initializer for member ‘[01m[Kstat::__glibc_reserved[m[K’ [[01;35m[K-Wmissing-field-initializers[m[K]
[1.863s] In file included from [01m[K/home/naraphon9/ros2_ws/src/ydlidar_ros2/sdk/include/serial.h:9[m[K,
[1.864s]                  from [01m[K/home/naraphon9/ros2_ws/src/ydlidar_ros2/sdk/src/impl/unix/unix_serial.h:9[m[K,
[1.864s]                  from [01m[K/home/naraphon9/ros2_ws/src/ydlidar_ros2/sdk/src/impl/unix/unix_serial.cpp:39[m[K:
[1.864s] [01m[K/home/naraphon9/ros2_ws/src/ydlidar_ros2/sdk/include/v8stdint.h:[m[K In function ‘[01m[Kbool ydlidar::fileExists(std::string)[m[K’:
[1.864s] [01m[K/home/naraphon9/ros2_ws/src/ydlidar_ros2/sdk/include/v8stdint.h:240:24:[m[K [01;35m[Kwarning: [m[Kmissing initializer for member ‘[01m[Kstat::st_ino[m[K’ [[01;35m[K-Wmissing-field-initializers[m[K]
[1.864s]   240 |   struct stat info = {0[01;35m[K}[m[K;
[1.864s]       |                        [01;35m[K^[m[K
[1.865s] [01m[K/home/naraphon9/ros2_ws/src/ydlidar_ros2/sdk/include/v8stdint.h:240:24:[m[K [01;35m[Kwarning: [m[Kmissing initializer for member ‘[01m[Kstat::st_nlink[m[K’ [[01;35m[K-Wmissing-field-initializers[m[K]
[1.865s] [01m[K/home/naraphon9/ros2_ws/src/ydlidar_ros2/sdk/include/v8stdint.h:240:24:[m[K [01;35m[Kwarning: [m[Kmissing initializer for member ‘[01m[Kstat::st_mode[m[K’ [[01;35m[K-Wmissing-field-initializers[m[K]
[1.865s] [01m[K/home/naraphon9/ros2_ws/src/ydlidar_ros2/sdk/include/v8stdint.h:240:24:[m[K [01;35m[Kwarning: [m[Kmissing initializer for member ‘[01m[Kstat::st_uid[m[K’ [[01;35m[K-Wmissing-field-initializers[m[K]
[1.865s] [01m[K/home/naraphon9/ros2_ws/src/ydlidar_ros2/sdk/include/v8stdint.h:240:24:[m[K [01;35m[Kwarning: [m[Kmissing initializer for member ‘[01m[Kstat::st_gid[m[K’ [[01;35m[K-Wmissing-field-initializers[m[K]
[1.865s] [01m[K/home/naraphon9/ros2_ws/src/ydlidar_ros2/sdk/include/v8stdint.h:240:24:[m[K [01;35m[Kwarning: [m[Kmissing initializer for member ‘[01m[Kstat::__pad0[m[K’ [[01;35m[K-Wmissing-field-initializers[m[K]
[1.865s] [01m[K/home/naraphon9/ros2_ws/src/ydlidar_ros2/sdk/include/v8stdint.h:240:24:[m[K [01;35m[Kwarning: [m[Kmissing initializer for member ‘[01m[Kstat::st_rdev[m[K’ [[01;35m[K-Wmissing-field-initializers[m[K]
[1.865s] [01m[K/home/naraphon9/ros2_ws/src/ydlidar_ros2/sdk/include/v8stdint.h:240:24:[m[K [01;35m[Kwarning: [m[Kmissing initializer for member ‘[01m[Kstat::st_size[m[K’ [[01;35m[K-Wmissing-field-initializers[m[K]
[1.865s] [01m[K/home/naraphon9/ros2_ws/src/ydlidar_ros2/sdk/include/v8stdint.h:240:24:[m[K [01;35m[Kwarning: [m[Kmissing initializer for member ‘[01m[Kstat::st_blksize[m[K’ [[01;35m[K-Wmissing-field-initializers[m[K]
[1.865s] [01m[K/home/naraphon9/ros2_ws/src/ydlidar_ros2/sdk/include/v8stdint.h:240:24:[m[K [01;35m[Kwarning: [m[Kmissing initializer for member ‘[01m[Kstat::st_blocks[m[K’ [[01;35m[K-Wmissing-field-initializers[m[K]
[1.865s] [01m[K/home/naraphon9/ros2_ws/src/ydlidar_ros2/sdk/include/v8stdint.h:240:24:[m[K [01;35m[Kwarning: [m[Kmissing initializer for member ‘[01m[Kstat::st_atim[m[K’ [[01;35m[K-Wmissing-field-initializers[m[K]
[1.865s] [01m[K/home/naraphon9/ros2_ws/src/ydlidar_ros2/sdk/include/v8stdint.h:240:24:[m[K [01;35m[Kwarning: [m[Kmissing initializer for member ‘[01m[Kstat::st_mtim[m[K’ [[01;35m[K-Wmissing-field-initializers[m[K]
[1.866s] [01m[K/home/naraphon9/ros2_ws/src/ydlidar_ros2/sdk/include/v8stdint.h:240:24:[m[K [01;35m[Kwarning: [m[Kmissing initializer for member ‘[01m[Kstat::st_ctim[m[K’ [[01;35m[K-Wmissing-field-initializers[m[K]
[1.866s] [01m[K/home/naraphon9/ros2_ws/src/ydlidar_ros2/sdk/include/v8stdint.h:240:24:[m[K [01;35m[Kwarning: [m[Kmissing initializer for member ‘[01m[Kstat::__glibc_reserved[m[K’ [[01;35m[K-Wmissing-field-initializers[m[K]
[1.871s] [01m[K/home/naraphon9/ros2_ws/src/ydlidar_ros2/sdk/src/impl/unix/unix_serial.cpp:[m[K In member function ‘[01m[Kbool serial::Serial::SerialImpl::setCustomBaudRate(long unsigned int)[m[K’:
[1.871s] [01m[K/home/naraphon9/ros2_ws/src/ydlidar_ros2/sdk/src/impl/unix/unix_serial.cpp:1235:40:[m[K [01;35m[Kwarning: [m[Kcomparison of integer expressions of different signedness: ‘[01m[Klong unsigned int[m[K’ and ‘[01m[Kint[m[K’ [[01;35m[K-Wsign-compare[m[K]
[1.871s]  1235 |   if ([01;35m[Kserial.custom_divisor * baudrate != serial.baud_base[m[K) {
[1.871s]       |       [01;35m[K~~~~~~~~~~~~~~~~~~~~~~~~~~~~~~~~~^~~~~~~~~~~~~~~~~~~[m[K
[1.878s] In file included from [01m[K/home/naraphon9/ros2_ws/src/ydlidar_ros2/sdk/include/serial.h:9[m[K,
[1.878s]                  from [01m[K/home/naraphon9/ros2_ws/src/ydlidar_ros2/sdk/src/serial.cpp:11[m[K:
[1.878s] [01m[K/home/naraphon9/ros2_ws/src/ydlidar_ros2/sdk/include/v8stdint.h:[m[K In function ‘[01m[Kbool ydlidar::fileExists(std::string)[m[K’:
[1.878s] [01m[K/home/naraphon9/ros2_ws/src/ydlidar_ros2/sdk/include/v8stdint.h:240:24:[m[K [01;35m[Kwarning: [m[Kmissing initializer for member ‘[01m[Kstat::st_ino[m[K’ [[01;35m[K-Wmissing-field-initializers[m[K]
[1.878s]   240 |   struct stat info = {0[01;35m[K}[m[K;
[1.878s]       |                        [01;35m[K^[m[K
[1.878s] [01m[K/home/naraphon9/ros2_ws/src/ydlidar_ros2/sdk/include/v8stdint.h:240:24:[m[K [01;35m[Kwarning: [m[Kmissing initializer for member ‘[01m[Kstat::st_nlink[m[K’ [[01;35m[K-Wmissing-field-initializers[m[K]
[1.878s] [01m[K/home/naraphon9/ros2_ws/src/ydlidar_ros2/sdk/include/v8stdint.h:240:24:[m[K [01;35m[Kwarning: [m[Kmissing initializer for member ‘[01m[Kstat::st_mode[m[K’ [[01;35m[K-Wmissing-field-initializers[m[K]
[1.878s] [01m[K/home/naraphon9/ros2_ws/src/ydlidar_ros2/sdk/include/v8stdint.h:240:24:[m[K [01;35m[Kwarning: [m[Kmissing initializer for member ‘[01m[Kstat::st_uid[m[K’ [[01;35m[K-Wmissing-field-initializers[m[K]
[1.878s] [01m[K/home/naraphon9/ros2_ws/src/ydlidar_ros2/sdk/include/v8stdint.h:240:24:[m[K [01;35m[Kwarning: [m[Kmissing initializer for member ‘[01m[Kstat::st_gid[m[K’ [[01;35m[K-Wmissing-field-initializers[m[K]
[1.878s] [01m[K/home/naraphon9/ros2_ws/src/ydlidar_ros2/sdk/include/v8stdint.h:240:24:[m[K [01;35m[Kwarning: [m[Kmissing initializer for member ‘[01m[Kstat::__pad0[m[K’ [[01;35m[K-Wmissing-field-initializers[m[K]
[1.878s] [01m[K/home/naraphon9/ros2_ws/src/ydlidar_ros2/sdk/include/v8stdint.h:240:24:[m[K [01;35m[Kwarning: [m[Kmissing initializer for member ‘[01m[Kstat::st_rdev[m[K’ [[01;35m[K-Wmissing-field-initializers[m[K]
[1.879s] [01m[K/home/naraphon9/ros2_ws/src/ydlidar_ros2/sdk/include/v8stdint.h:240:24:[m[K [01;35m[Kwarning: [m[Kmissing initializer for member ‘[01m[Kstat::st_size[m[K’ [[01;35m[K-Wmissing-field-initializers[m[K]
[1.879s] [01m[K/home/naraphon9/ros2_ws/src/ydlidar_ros2/sdk/include/v8stdint.h:240:24:[m[K [01;35m[Kwarning: [m[Kmissing initializer for member ‘[01m[Kstat::st_blksize[m[K’ [[01;35m[K-Wmissing-field-initializers[m[K]
[1.879s] [01m[K/home/naraphon9/ros2_ws/src/ydlidar_ros2/sdk/include/v8stdint.h:240:24:[m[K [01;35m[Kwarning: [m[Kmissing initializer for member ‘[01m[Kstat::st_blocks[m[K’ [[01;35m[K-Wmissing-field-initializers[m[K]
[1.879s] [01m[K/home/naraphon9/ros2_ws/src/ydlidar_ros2/sdk/include/v8stdint.h:240:24:[m[K [01;35m[Kwarning: [m[Kmissing initializer for member ‘[01m[Kstat::st_atim[m[K’ [[01;35m[K-Wmissing-field-initializers[m[K]
[1.879s] [01m[K/home/naraphon9/ros2_ws/src/ydlidar_ros2/sdk/include/v8stdint.h:240:24:[m[K [01;35m[Kwarning: [m[Kmissing initializer for member ‘[01m[Kstat::st_mtim[m[K’ [[01;35m[K-Wmissing-field-initializers[m[K]
[1.879s] [01m[K/home/naraphon9/ros2_ws/src/ydlidar_ros2/sdk/include/v8stdint.h:240:24:[m[K [01;35m[Kwarning: [m[Kmissing initializer for member ‘[01m[Kstat::st_ctim[m[K’ [[01;35m[K-Wmissing-field-initializers[m[K]
[1.879s] [01m[K/home/naraphon9/ros2_ws/src/ydlidar_ros2/sdk/include/v8stdint.h:240:24:[m[K [01;35m[Kwarning: [m[Kmissing initializer for member ‘[01m[Kstat::__glibc_reserved[m[K’ [[01;35m[K-Wmissing-field-initializers[m[K]
[1.892s] In file included from [01m[K/home/naraphon9/ros2_ws/src/ydlidar_ros2/sdk/include/serial.h:9[m[K,
[1.892s]                  from [01m[K/home/naraphon9/ros2_ws/src/ydlidar_ros2/sdk/src/impl/unix/list_ports_linux.cpp:26[m[K:
[1.892s] [01m[K/home/naraphon9/ros2_ws/src/ydlidar_ros2/sdk/include/v8stdint.h:[m[K In function ‘[01m[Kbool ydlidar::fileExists(std::string)[m[K’:
[1.892s] [01m[K/home/naraphon9/ros2_ws/src/ydlidar_ros2/sdk/include/v8stdint.h:240:24:[m[K [01;35m[Kwarning: [m[Kmissing initializer for member ‘[01m[Kstat::st_ino[m[K’ [[01;35m[K-Wmissing-field-initializers[m[K]
[1.893s]   240 |   struct stat info = {0[01;35m[K}[m[K;
[1.893s]       |                        [01;35m[K^[m[K
[1.893s] [01m[K/home/naraphon9/ros2_ws/src/ydlidar_ros2/sdk/include/v8stdint.h:240:24:[m[K [01;35m[Kwarning: [m[Kmissing initializer for member ‘[01m[Kstat::st_nlink[m[K’ [[01;35m[K-Wmissing-field-initializers[m[K]
[1.893s] [01m[K/home/naraphon9/ros2_ws/src/ydlidar_ros2/sdk/include/v8stdint.h:240:24:[m[K [01;35m[Kwarning: [m[Kmissing initializer for member ‘[01m[Kstat::st_mode[m[K’ [[01;35m[K-Wmissing-field-initializers[m[K]
[1.893s] [01m[K/home/naraphon9/ros2_ws/src/ydlidar_ros2/sdk/include/v8stdint.h:240:24:[m[K [01;35m[Kwarning: [m[Kmissing initializer for member ‘[01m[Kstat::st_uid[m[K’ [[01;35m[K-Wmissing-field-initializers[m[K]
[1.893s] [01m[K/home/naraphon9/ros2_ws/src/ydlidar_ros2/sdk/include/v8stdint.h:240:24:[m[K [01;35m[Kwarning: [m[Kmissing initializer for member ‘[01m[Kstat::st_gid[m[K’ [[01;35m[K-Wmissing-field-initializers[m[K]
[1.893s] [01m[K/home/naraphon9/ros2_ws/src/ydlidar_ros2/sdk/include/v8stdint.h:240:24:[m[K [01;35m[Kwarning: [m[Kmissing initializer for member ‘[01m[Kstat::__pad0[m[K’ [[01;35m[K-Wmissing-field-initializers[m[K]
[1.893s] [01m[K/home/naraphon9/ros2_ws/src/ydlidar_ros2/sdk/include/v8stdint.h:240:24:[m[K [01;35m[Kwarning: [m[Kmissing initializer for member ‘[01m[Kstat::st_rdev[m[K’ [[01;35m[K-Wmissing-field-initializers[m[K]
[1.893s] [01m[K/home/naraphon9/ros2_ws/src/ydlidar_ros2/sdk/include/v8stdint.h:240:24:[m[K [01;35m[Kwarning: [m[Kmissing initializer for member ‘[01m[Kstat::st_size[m[K’ [[01;35m[K-Wmissing-field-initializers[m[K]
[1.894s] [01m[K/home/naraphon9/ros2_ws/src/ydlidar_ros2/sdk/include/v8stdint.h:240:24:[m[K [01;35m[Kwarning: [m[Kmissing initializer for member ‘[01m[Kstat::st_blksize[m[K’ [[01;35m[K-Wmissing-field-initializers[m[K]
[1.894s] [01m[K/home/naraphon9/ros2_ws/src/ydlidar_ros2/sdk/include/v8stdint.h:240:24:[m[K [01;35m[Kwarning: [m[Kmissing initializer for member ‘[01m[Kstat::st_blocks[m[K’ [[01;35m[K-Wmissing-field-initializers[m[K]
[1.894s] [01m[K/home/naraphon9/ros2_ws/src/ydlidar_ros2/sdk/include/v8stdint.h:240:24:[m[K [01;35m[Kwarning: [m[Kmissing initializer for member ‘[01m[Kstat::st_atim[m[K’ [[01;35m[K-Wmissing-field-initializers[m[K]
[1.894s] [01m[K/home/naraphon9/ros2_ws/src/ydlidar_ros2/sdk/include/v8stdint.h:240:24:[m[K [01;35m[Kwarning: [m[Kmissing initializer for member ‘[01m[Kstat::st_mtim[m[K’ [[01;35m[K-Wmissing-field-initializers[m[K]
[1.894s] [01m[K/home/naraphon9/ros2_ws/src/ydlidar_ros2/sdk/include/v8stdint.h:240:24:[m[K [01;35m[Kwarning: [m[Kmissing initializer for member ‘[01m[Kstat::st_ctim[m[K’ [[01;35m[K-Wmissing-field-initializers[m[K]
[1.894s] [01m[K/home/naraphon9/ros2_ws/src/ydlidar_ros2/sdk/include/v8stdint.h:240:24:[m[K [01;35m[Kwarning: [m[Kmissing initializer for member ‘[01m[Kstat::__glibc_reserved[m[K’ [[01;35m[K-Wmissing-field-initializers[m[K]
[1.894s] In file included from [01m[K/home/naraphon9/ros2_ws/src/ydlidar_ros2/sdk/src/common.h:47[m[K,
[1.894s]                  from [01m[K/home/naraphon9/ros2_ws/src/ydlidar_ros2/sdk/src/serial.cpp:12[m[K:
[1.894s] [01m[K/home/naraphon9/ros2_ws/src/ydlidar_ros2/sdk/include/thread.h:[m[K In static member function ‘[01m[Kstatic Thread Thread::createThread(thread_proc_t, void*)[m[K’:
[1.894s] [01m[K/home/naraphon9/ros2_ws/src/ydlidar_ros2/sdk/include/thread.h:43:76:[m[K [01;35m[Kwarning: [m[Kcast between incompatible function types from ‘[01m[Kthread_proc_t[m[K’ {aka ‘[01m[Klong unsigned int (*)(void*)[m[K’} to ‘[01m[Kvoid* (*)(void*)[m[K’ [[01;35m[K-Wcast-function-type[m[K]
[1.894s]    43 |     pthread_create((pthread_t *)&thread_._handle, NULL, (void *(*)(void *))[01;35m[Kproc[m[K,
[1.894s]       |                                                                            [01;35m[K^~~~[m[K
[1.897s] [01m[K/home/naraphon9/ros2_ws/src/ydlidar_ros2/sdk/src/impl/unix/list_ports_linux.cpp:[m[K In function ‘[01m[Kstd::vector<std::__cxx11::basic_string<char> > glob(const std::vector<std::__cxx11::basic_string<char> >&)[m[K’:
[1.897s] [01m[K/home/naraphon9/ros2_ws/src/ydlidar_ros2/sdk/src/impl/unix/list_ports_linux.cpp:58:7:[m[K [01;35m[Kwarning: [m[Kvariable ‘[01m[Kglob_retval[m[K’ set but not used [[01;35m[K-Wunused-but-set-variable[m[K]
[1.897s]    58 |   int [01;35m[Kglob_retval[m[K = glob(patterns[0].c_str(), 0, NULL, &glob_results);
[1.897s]       |       [01;35m[K^~~~~~~~~~~[m[K
[1.933s] In file included from [01m[K/home/naraphon9/ros2_ws/src/ydlidar_ros2/sdk/include/serial.h:9[m[K,
[1.933s]                  from [01m[K/home/naraphon9/ros2_ws/src/ydlidar_ros2/sdk/include/ydlidar_driver.h:54[m[K,
[1.933s]                  from [01m[K/home/naraphon9/ros2_ws/src/ydlidar_ros2/sdk/include/CYdLidar.h:36[m[K,
[1.934s]                  from [01m[K/home/naraphon9/ros2_ws/src/ydlidar_ros2/sdk/src/CYdLidar.cpp:34[m[K:
[1.934s] [01m[K/home/naraphon9/ros2_ws/src/ydlidar_ros2/sdk/include/v8stdint.h:[m[K In function ‘[01m[Kbool ydlidar::fileExists(std::string)[m[K’:
[1.934s] [01m[K/home/naraphon9/ros2_ws/src/ydlidar_ros2/sdk/include/v8stdint.h:240:24:[m[K [01;35m[Kwarning: [m[Kmissing initializer for member ‘[01m[Kstat::st_ino[m[K’ [[01;35m[K-Wmissing-field-initializers[m[K]
[1.934s]   240 |   struct stat info = {0[01;35m[K}[m[K;
[1.934s]       |                        [01;35m[K^[m[K
[1.934s] [01m[K/home/naraphon9/ros2_ws/src/ydlidar_ros2/sdk/include/v8stdint.h:240:24:[m[K [01;35m[Kwarning: [m[Kmissing initializer for member ‘[01m[Kstat::st_nlink[m[K’ [[01;35m[K-Wmissing-field-initializers[m[K]
[1.934s] [01m[K/home/naraphon9/ros2_ws/src/ydlidar_ros2/sdk/include/v8stdint.h:240:24:[m[K [01;35m[Kwarning: [m[Kmissing initializer for member ‘[01m[Kstat::st_mode[m[K’ [[01;35m[K-Wmissing-field-initializers[m[K]
[1.934s] [01m[K/home/naraphon9/ros2_ws/src/ydlidar_ros2/sdk/include/v8stdint.h:240:24:[m[K [01;35m[Kwarning: [m[Kmissing initializer for member ‘[01m[Kstat::st_uid[m[K’ [[01;35m[K-Wmissing-field-initializers[m[K]
[1.934s] [01m[K/home/naraphon9/ros2_ws/src/ydlidar_ros2/sdk/include/v8stdint.h:240:24:[m[K [01;35m[Kwarning: [m[Kmissing initializer for member ‘[01m[Kstat::st_gid[m[K’ [[01;35m[K-Wmissing-field-initializers[m[K]
[1.934s] [01m[K/home/naraphon9/ros2_ws/src/ydlidar_ros2/sdk/include/v8stdint.h:240:24:[m[K [01;35m[Kwarning: [m[Kmissing initializer for member ‘[01m[Kstat::__pad0[m[K’ [[01;35m[K-Wmissing-field-initializers[m[K]
[1.934s] [01m[K/home/naraphon9/ros2_ws/src/ydlidar_ros2/sdk/include/v8stdint.h:240:24:[m[K [01;35m[Kwarning: [m[Kmissing initializer for member ‘[01m[Kstat::st_rdev[m[K’ [[01;35m[K-Wmissing-field-initializers[m[K]
[1.935s] [01m[K/home/naraphon9/ros2_ws/src/ydlidar_ros2/sdk/include/v8stdint.h:240:24:[m[K [01;35m[Kwarning: [m[Kmissing initializer for member ‘[01m[Kstat::st_size[m[K’ [[01;35m[K-Wmissing-field-initializers[m[K]
[1.935s] [01m[K/home/naraphon9/ros2_ws/src/ydlidar_ros2/sdk/include/v8stdint.h:240:24:[m[K [01;35m[Kwarning: [m[Kmissing initializer for member ‘[01m[Kstat::st_blksize[m[K’ [[01;35m[K-Wmissing-field-initializers[m[K]
[1.935s] [01m[K/home/naraphon9/ros2_ws/src/ydlidar_ros2/sdk/include/v8stdint.h:240:24:[m[K [01;35m[Kwarning: [m[Kmissing initializer for member ‘[01m[Kstat::st_blocks[m[K’ [[01;35m[K-Wmissing-field-initializers[m[K]
[1.935s] [01m[K/home/naraphon9/ros2_ws/src/ydlidar_ros2/sdk/include/v8stdint.h:240:24:[m[K [01;35m[Kwarning: [m[Kmissing initializer for member ‘[01m[Kstat::st_atim[m[K’ [[01;35m[K-Wmissing-field-initializers[m[K]
[1.935s] [01m[K/home/naraphon9/ros2_ws/src/ydlidar_ros2/sdk/include/v8stdint.h:240:24:[m[K [01;35m[Kwarning: [m[Kmissing initializer for member ‘[01m[Kstat::st_mtim[m[K’ [[01;35m[K-Wmissing-field-initializers[m[K]
[1.935s] [01m[K/home/naraphon9/ros2_ws/src/ydlidar_ros2/sdk/include/v8stdint.h:240:24:[m[K [01;35m[Kwarning: [m[Kmissing initializer for member ‘[01m[Kstat::st_ctim[m[K’ [[01;35m[K-Wmissing-field-initializers[m[K]
[1.935s] [01m[K/home/naraphon9/ros2_ws/src/ydlidar_ros2/sdk/include/v8stdint.h:240:24:[m[K [01;35m[Kwarning: [m[Kmissing initializer for member ‘[01m[Kstat::__glibc_reserved[m[K’ [[01;35m[K-Wmissing-field-initializers[m[K]
[1.937s] In file included from [01m[K/home/naraphon9/ros2_ws/src/ydlidar_ros2/sdk/include/ydlidar_driver.h:56[m[K,
[1.937s]                  from [01m[K/home/naraphon9/ros2_ws/src/ydlidar_ros2/sdk/include/CYdLidar.h:36[m[K,
[1.937s]                  from [01m[K/home/naraphon9/ros2_ws/src/ydlidar_ros2/sdk/src/CYdLidar.cpp:34[m[K:
[1.937s] [01m[K/home/naraphon9/ros2_ws/src/ydlidar_ros2/sdk/include/thread.h:[m[K In static member function ‘[01m[Kstatic Thread Thread::createThread(thread_proc_t, void*)[m[K’:
[1.937s] [01m[K/home/naraphon9/ros2_ws/src/ydlidar_ros2/sdk/include/thread.h:43:76:[m[K [01;35m[Kwarning: [m[Kcast between incompatible function types from ‘[01m[Kthread_proc_t[m[K’ {aka ‘[01m[Klong unsigned int (*)(void*)[m[K’} to ‘[01m[Kvoid* (*)(void*)[m[K’ [[01;35m[K-Wcast-function-type[m[K]
[1.937s]    43 |     pthread_create((pthread_t *)&thread_._handle, NULL, (void *(*)(void *))[01;35m[Kproc[m[K,
[1.937s]       |                                                                            [01;35m[K^~~~[m[K
[1.941s] In file included from [01m[K/home/naraphon9/ros2_ws/src/ydlidar_ros2/sdk/include/ydlidar_driver.h:58[m[K,
[1.941s]                  from [01m[K/home/naraphon9/ros2_ws/src/ydlidar_ros2/sdk/include/CYdLidar.h:36[m[K,
[1.941s]                  from [01m[K/home/naraphon9/ros2_ws/src/ydlidar_ros2/sdk/src/CYdLidar.cpp:34[m[K:
[1.941s] [01m[K/home/naraphon9/ros2_ws/src/ydlidar_ros2/sdk/include/help_info.h:[m[K In function ‘[01m[Kbool ydlidar::isSupportMotorCtrl(int)[m[K’:
[1.941s] [01m[K/home/naraphon9/ros2_ws/src/ydlidar_ros2/sdk/include/help_info.h:414:8:[m[K [01;35m[Kwarning: [m[Kvariable ‘[01m[Kret[m[K’ set but not used [[01;35m[K-Wunused-but-set-variable[m[K]
[1.941s]   414 |   bool [01;35m[Kret[m[K = false;
[1.941s]       |        [01;35m[K^~~[m[K
[1.981s] [01m[K/home/naraphon9/ros2_ws/src/ydlidar_ros2/sdk/src/CYdLidar.cpp:[m[K In member function ‘[01m[Kbool CYdLidar::doProcessSimple(LaserScan&, bool&)[m[K’:
[1.981s] [01m[K/home/naraphon9/ros2_ws/src/ydlidar_ros2/sdk/src/CYdLidar.cpp:216:23:[m[K [01;35m[Kwarning: [m[Kcomparison of integer expressions of different signedness: ‘[01m[Kint[m[K’ and ‘[01m[Ksize_t[m[K’ {aka ‘[01m[Klong unsigned int[m[K’} [[01;35m[K-Wsign-compare[m[K]
[1.981s]   216 |     for (int i = 0; [01;35m[Ki < count[m[K; i++) {
[1.981s]       |                     [01;35m[K~~^~~~~~~[m[K
[2.034s] In file included from [01m[K/home/naraphon9/ros2_ws/src/ydlidar_ros2/sdk/include/serial.h:9[m[K,
[2.034s]                  from [01m[K/home/naraphon9/ros2_ws/src/ydlidar_ros2/sdk/include/ydlidar_driver.h:54[m[K,
[2.034s]                  from [01m[K/home/naraphon9/ros2_ws/src/ydlidar_ros2/sdk/src/ydlidar_driver.cpp:34[m[K:
[2.034s] [01m[K/home/naraphon9/ros2_ws/src/ydlidar_ros2/sdk/include/v8stdint.h:[m[K In function ‘[01m[Kbool ydlidar::fileExists(std::string)[m[K’:
[2.034s] [01m[K/home/naraphon9/ros2_ws/src/ydlidar_ros2/sdk/include/v8stdint.h:240:24:[m[K [01;35m[Kwarning: [m[Kmissing initializer for member ‘[01m[Kstat::st_ino[m[K’ [[01;35m[K-Wmissing-field-initializers[m[K]
[2.035s]   240 |   struct stat info = {0[01;35m[K}[m[K;
[2.035s]       |                        [01;35m[K^[m[K
[2.035s] [01m[K/home/naraphon9/ros2_ws/src/ydlidar_ros2/sdk/include/v8stdint.h:240:24:[m[K [01;35m[Kwarning: [m[Kmissing initializer for member ‘[01m[Kstat::st_nlink[m[K’ [[01;35m[K-Wmissing-field-initializers[m[K]
[2.035s] [01m[K/home/naraphon9/ros2_ws/src/ydlidar_ros2/sdk/include/v8stdint.h:240:24:[m[K [01;35m[Kwarning: [m[Kmissing initializer for member ‘[01m[Kstat::st_mode[m[K’ [[01;35m[K-Wmissing-field-initializers[m[K]
[2.035s] [01m[K/home/naraphon9/ros2_ws/src/ydlidar_ros2/sdk/include/v8stdint.h:240:24:[m[K [01;35m[Kwarning: [m[Kmissing initializer for member ‘[01m[Kstat::st_uid[m[K’ [[01;35m[K-Wmissing-field-initializers[m[K]
[2.035s] [01m[K/home/naraphon9/ros2_ws/src/ydlidar_ros2/sdk/include/v8stdint.h:240:24:[m[K [01;35m[Kwarning: [m[Kmissing initializer for member ‘[01m[Kstat::st_gid[m[K’ [[01;35m[K-Wmissing-field-initializers[m[K]
[2.035s] [01m[K/home/naraphon9/ros2_ws/src/ydlidar_ros2/sdk/include/v8stdint.h:240:24:[m[K [01;35m[Kwarning: [m[Kmissing initializer for member ‘[01m[Kstat::__pad0[m[K’ [[01;35m[K-Wmissing-field-initializers[m[K]
[2.035s] [01m[K/home/naraphon9/ros2_ws/src/ydlidar_ros2/sdk/include/v8stdint.h:240:24:[m[K [01;35m[Kwarning: [m[Kmissing initializer for member ‘[01m[Kstat::st_rdev[m[K’ [[01;35m[K-Wmissing-field-initializers[m[K]
[2.035s] [01m[K/home/naraphon9/ros2_ws/src/ydlidar_ros2/sdk/include/v8stdint.h:240:24:[m[K [01;35m[Kwarning: [m[Kmissing initializer for member ‘[01m[Kstat::st_size[m[K’ [[01;35m[K-Wmissing-field-initializers[m[K]
[2.035s] [01m[K/home/naraphon9/ros2_ws/src/ydlidar_ros2/sdk/include/v8stdint.h:240:24:[m[K [01;35m[Kwarning: [m[Kmissing initializer for member ‘[01m[Kstat::st_blksize[m[K’ [[01;35m[K-Wmissing-field-initializers[m[K]
[2.035s] [01m[K/home/naraphon9/ros2_ws/src/ydlidar_ros2/sdk/include/v8stdint.h:240:24:[m[K [01;35m[Kwarning: [m[Kmissing initializer for member ‘[01m[Kstat::st_blocks[m[K’ [[01;35m[K-Wmissing-field-initializers[m[K]
[2.035s] [01m[K/home/naraphon9/ros2_ws/src/ydlidar_ros2/sdk/include/v8stdint.h:240:24:[m[K [01;35m[Kwarning: [m[Kmissing initializer for member ‘[01m[Kstat::st_atim[m[K’ [[01;35m[K-Wmissing-field-initializers[m[K]
[2.036s] [01m[K/home/naraphon9/ros2_ws/src/ydlidar_ros2/sdk/include/v8stdint.h:240:24:[m[K [01;35m[Kwarning: [m[Kmissing initializer for member ‘[01m[Kstat::st_mtim[m[K’ [[01;35m[K-Wmissing-field-initializers[m[K]
[2.036s] [01m[K/home/naraphon9/ros2_ws/src/ydlidar_ros2/sdk/include/v8stdint.h:240:24:[m[K [01;35m[Kwarning: [m[Kmissing initializer for member ‘[01m[Kstat::st_ctim[m[K’ [[01;35m[K-Wmissing-field-initializers[m[K]
[2.036s] [01m[K/home/naraphon9/ros2_ws/src/ydlidar_ros2/sdk/include/v8stdint.h:240:24:[m[K [01;35m[Kwarning: [m[Kmissing initializer for member ‘[01m[Kstat::__glibc_reserved[m[K’ [[01;35m[K-Wmissing-field-initializers[m[K]
[2.037s] In file included from [01m[K/home/naraphon9/ros2_ws/src/ydlidar_ros2/sdk/include/ydlidar_driver.h:56[m[K,
[2.037s]                  from [01m[K/home/naraphon9/ros2_ws/src/ydlidar_ros2/sdk/src/ydlidar_driver.cpp:34[m[K:
[2.037s] [01m[K/home/naraphon9/ros2_ws/src/ydlidar_ros2/sdk/include/thread.h:[m[K In static member function ‘[01m[Kstatic Thread Thread::createThread(thread_proc_t, void*)[m[K’:
[2.038s] [01m[K/home/naraphon9/ros2_ws/src/ydlidar_ros2/sdk/include/thread.h:43:76:[m[K [01;35m[Kwarning: [m[Kcast between incompatible function types from ‘[01m[Kthread_proc_t[m[K’ {aka ‘[01m[Klong unsigned int (*)(void*)[m[K’} to ‘[01m[Kvoid* (*)(void*)[m[K’ [[01;35m[K-Wcast-function-type[m[K]
[2.038s]    43 |     pthread_create((pthread_t *)&thread_._handle, NULL, (void *(*)(void *))[01;35m[Kproc[m[K,
[2.038s]       |                                                                            [01;35m[K^~~~[m[K
[2.042s] In file included from [01m[K/home/naraphon9/ros2_ws/src/ydlidar_ros2/sdk/include/ydlidar_driver.h:58[m[K,
[2.042s]                  from [01m[K/home/naraphon9/ros2_ws/src/ydlidar_ros2/sdk/src/ydlidar_driver.cpp:34[m[K:
[2.042s] [01m[K/home/naraphon9/ros2_ws/src/ydlidar_ros2/sdk/include/help_info.h:[m[K In function ‘[01m[Kbool ydlidar::isSupportMotorCtrl(int)[m[K’:
[2.042s] [01m[K/home/naraphon9/ros2_ws/src/ydlidar_ros2/sdk/include/help_info.h:414:8:[m[K [01;35m[Kwarning: [m[Kvariable ‘[01m[Kret[m[K’ set but not used [[01;35m[K-Wunused-but-set-variable[m[K]
[2.042s]   414 |   bool [01;35m[Kret[m[K = false;
[2.042s]       |        [01;35m[K^~~[m[K
[2.070s] [01m[K/home/naraphon9/ros2_ws/src/ydlidar_ros2/sdk/src/ydlidar_driver.cpp:[m[K In member function ‘[01m[Kresult_t ydlidar::YDlidarDriver::waitPackage(node_info*, uint32_t)[m[K’:
[2.070s] [01m[K/home/naraphon9/ros2_ws/src/ydlidar_ros2/sdk/src/ydlidar_driver.cpp:992:95:[m[K [01;35m[Kwarning: [m[Ksuggest parentheses around arithmetic in operand of ‘[01m[K|[m[K’ [[01;35m[K-Wparentheses[m[K]
[2.070s]   992 |                                          [01;35m[Kpackages.packageSampleDistance[package_Sample_Index] &[m[K
[2.070s]       |                                          [01;35m[K~~~~~~~~~~~~~~~~~~~~~~~~~~~~~~~~~~~~~~~~~~~~~~~~~~~~~^[m[K
[2.070s]   993 | [01;35m[K                                         0x0003[m[K)) << LIDAR_RESP_MEASUREMENT_QUALITY_SHIFT;
[2.070s]       |                                          [01;35m[K~~~~~~[m[K                                                
[2.675s] In file included from [01m[K/home/naraphon9/ros2_ws/src/ydlidar_ros2/sdk/include/serial.h:9[m[K,
[2.675s]                  from [01m[K/home/naraphon9/ros2_ws/src/ydlidar_ros2/sdk/include/ydlidar_driver.h:54[m[K,
[2.675s]                  from [01m[K/home/naraphon9/ros2_ws/src/ydlidar_ros2/sdk/include/CYdLidar.h:36[m[K,
[2.676s]                  from [01m[K/home/naraphon9/ros2_ws/src/ydlidar_ros2/src/ydlidar_node.cpp:26[m[K:
[2.676s] [01m[K/home/naraphon9/ros2_ws/src/ydlidar_ros2/sdk/include/v8stdint.h:[m[K In function ‘[01m[Kbool ydlidar::fileExists(std::string)[m[K’:
[2.676s] [01m[K/home/naraphon9/ros2_ws/src/ydlidar_ros2/sdk/include/v8stdint.h:240:24:[m[K [01;35m[Kwarning: [m[Kmissing initializer for member ‘[01m[Kstat::st_ino[m[K’ [[01;35m[K-Wmissing-field-initializers[m[K]
[2.676s]   240 |   struct stat info = {0[01;35m[K}[m[K;
[2.676s]       |                        [01;35m[K^[m[K
[2.676s] [01m[K/home/naraphon9/ros2_ws/src/ydlidar_ros2/sdk/include/v8stdint.h:240:24:[m[K [01;35m[Kwarning: [m[Kmissing initializer for member ‘[01m[Kstat::st_nlink[m[K’ [[01;35m[K-Wmissing-field-initializers[m[K]
[2.676s] [01m[K/home/naraphon9/ros2_ws/src/ydlidar_ros2/sdk/include/v8stdint.h:240:24:[m[K [01;35m[Kwarning: [m[Kmissing initializer for member ‘[01m[Kstat::st_mode[m[K’ [[01;35m[K-Wmissing-field-initializers[m[K]
[2.676s] [01m[K/home/naraphon9/ros2_ws/src/ydlidar_ros2/sdk/include/v8stdint.h:240:24:[m[K [01;35m[Kwarning: [m[Kmissing initializer for member ‘[01m[Kstat::st_uid[m[K’ [[01;35m[K-Wmissing-field-initializers[m[K]
[2.676s] [01m[K/home/naraphon9/ros2_ws/src/ydlidar_ros2/sdk/include/v8stdint.h:240:24:[m[K [01;35m[Kwarning: [m[Kmissing initializer for member ‘[01m[Kstat::st_gid[m[K’ [[01;35m[K-Wmissing-field-initializers[m[K]
[2.676s] [01m[K/home/naraphon9/ros2_ws/src/ydlidar_ros2/sdk/include/v8stdint.h:240:24:[m[K [01;35m[Kwarning: [m[Kmissing initializer for member ‘[01m[Kstat::__pad0[m[K’ [[01;35m[K-Wmissing-field-initializers[m[K]
[2.676s] [01m[K/home/naraphon9/ros2_ws/src/ydlidar_ros2/sdk/include/v8stdint.h:240:24:[m[K [01;35m[Kwarning: [m[Kmissing initializer for member ‘[01m[Kstat::st_rdev[m[K’ [[01;35m[K-Wmissing-field-initializers[m[K]
[2.676s] [01m[K/home/naraphon9/ros2_ws/src/ydlidar_ros2/sdk/include/v8stdint.h:240:24:[m[K [01;35m[Kwarning: [m[Kmissing initializer for member ‘[01m[Kstat::st_size[m[K’ [[01;35m[K-Wmissing-field-initializers[m[K]
[2.676s] [01m[K/home/naraphon9/ros2_ws/src/ydlidar_ros2/sdk/include/v8stdint.h:240:24:[m[K [01;35m[Kwarning: [m[Kmissing initializer for member ‘[01m[Kstat::st_blksize[m[K’ [[01;35m[K-Wmissing-field-initializers[m[K]
[2.676s] [01m[K/home/naraphon9/ros2_ws/src/ydlidar_ros2/sdk/include/v8stdint.h:240:24:[m[K [01;35m[Kwarning: [m[Kmissing initializer for member ‘[01m[Kstat::st_blocks[m[K’ [[01;35m[K-Wmissing-field-initializers[m[K]
[2.676s] [01m[K/home/naraphon9/ros2_ws/src/ydlidar_ros2/sdk/include/v8stdint.h:240:24:[m[K [01;35m[Kwarning: [m[Kmissing initializer for member ‘[01m[Kstat::st_atim[m[K’ [[01;35m[K-Wmissing-field-initializers[m[K]
[2.676s] [01m[K/home/naraphon9/ros2_ws/src/ydlidar_ros2/sdk/include/v8stdint.h:240:24:[m[K [01;35m[Kwarning: [m[Kmissing initializer for member ‘[01m[Kstat::st_mtim[m[K’ [[01;35m[K-Wmissing-field-initializers[m[K]
[2.676s] [01m[K/home/naraphon9/ros2_ws/src/ydlidar_ros2/sdk/include/v8stdint.h:240:24:[m[K [01;35m[Kwarning: [m[Kmissing initializer for member ‘[01m[Kstat::st_ctim[m[K’ [[01;35m[K-Wmissing-field-initializers[m[K]
[2.676s] [01m[K/home/naraphon9/ros2_ws/src/ydlidar_ros2/sdk/include/v8stdint.h:240:24:[m[K [01;35m[Kwarning: [m[Kmissing initializer for member ‘[01m[Kstat::__glibc_reserved[m[K’ [[01;35m[K-Wmissing-field-initializers[m[K]
[2.678s] In file included from [01m[K/home/naraphon9/ros2_ws/src/ydlidar_ros2/sdk/include/ydlidar_driver.h:56[m[K,
[2.678s]                  from [01m[K/home/naraphon9/ros2_ws/src/ydlidar_ros2/sdk/include/CYdLidar.h:36[m[K,
[2.678s]                  from [01m[K/home/naraphon9/ros2_ws/src/ydlidar_ros2/src/ydlidar_node.cpp:26[m[K:
[2.678s] [01m[K/home/naraphon9/ros2_ws/src/ydlidar_ros2/sdk/include/thread.h:[m[K In static member function ‘[01m[Kstatic Thread Thread::createThread(thread_proc_t, void*)[m[K’:
[2.678s] [01m[K/home/naraphon9/ros2_ws/src/ydlidar_ros2/sdk/include/thread.h:43:76:[m[K [01;35m[Kwarning: [m[Kcast between incompatible function types from ‘[01m[Kthread_proc_t[m[K’ {aka ‘[01m[Klong unsigned int (*)(void*)[m[K’} to ‘[01m[Kvoid* (*)(void*)[m[K’ [[01;35m[K-Wcast-function-type[m[K]
[2.678s]    43 |     pthread_create((pthread_t *)&thread_._handle, NULL, (void *(*)(void *))[01;35m[Kproc[m[K,
[2.678s]       |                                                                            [01;35m[K^~~~[m[K
[2.681s] In file included from [01m[K/home/naraphon9/ros2_ws/src/ydlidar_ros2/sdk/include/ydlidar_driver.h:58[m[K,
[2.681s]                  from [01m[K/home/naraphon9/ros2_ws/src/ydlidar_ros2/sdk/include/CYdLidar.h:36[m[K,
[2.681s]                  from [01m[K/home/naraphon9/ros2_ws/src/ydlidar_ros2/src/ydlidar_node.cpp:26[m[K:
[2.681s] [01m[K/home/naraphon9/ros2_ws/src/ydlidar_ros2/sdk/include/help_info.h:[m[K In function ‘[01m[Kbool ydlidar::isSupportMotorCtrl(int)[m[K’:
[2.681s] [01m[K/home/naraphon9/ros2_ws/src/ydlidar_ros2/sdk/include/help_info.h:414:8:[m[K [01;35m[Kwarning: [m[Kvariable ‘[01m[Kret[m[K’ set but not used [[01;35m[K-Wunused-but-set-variable[m[K]
[2.681s]   414 |   bool [01;35m[Kret[m[K = false;
[2.681s]       |        [01;35m[K^~~[m[K
[2.694s] [01m[K/home/naraphon9/ros2_ws/src/ydlidar_ros2/src/ydlidar_node.cpp:[m[K In function ‘[01m[Kint main(int, char**)[m[K’:
[2.694s] [01m[K/home/naraphon9/ros2_ws/src/ydlidar_ros2/src/ydlidar_node.cpp:208:22:[m[K [01;35m[Kwarning: [m[Kcomparison of integer expressions of different signedness: ‘[01m[Kint[m[K’ and ‘[01m[Kstd::vector<LaserPoint>::size_type[m[K’ {aka ‘[01m[Klong unsigned int[m[K’} [[01;35m[K-Wsign-compare[m[K]
[2.694s]   208 |       for(int i=0; [01;35m[Ki < scan.points.size()[m[K; i++) {
[2.694s]       |                    [01;35m[K~~^~~~~~~~~~~~~~~~~~~~[m[K
[4.020s] [ 90%] [32m[1mLinking CXX executable ydlidar_node[0m
[4.173s] [ 90%] Built target ydlidar_node
[5.380s] [100%] [32m[1mLinking CXX executable ydlidar_client[0m
[5.639s] [100%] Built target ydlidar_client
[5.647s] Invoked command in '/home/naraphon9/ros2_ws/build/ydlidar' returned '0': CMAKE_PREFIX_PATH=${CMAKE_PREFIX_PATH}:/home/naraphon9/ros2_ws/install/ydlidar_old:/home/naraphon9/ros2_ws/install/my_slam_launch:/home/naraphon9/ros2_ws/install/my_robot_description:/home/naraphon9/ros2_ws/install/my_pose_pub:/opt/ros/foxy /opt/cmake-3.26/bin/cmake --build /home/naraphon9/ros2_ws/build/ydlidar -- -j20 -l20
[5.657s] Invoking command in '/home/naraphon9/ros2_ws/build/ydlidar': CMAKE_PREFIX_PATH=${CMAKE_PREFIX_PATH}:/home/naraphon9/ros2_ws/install/ydlidar_old:/home/naraphon9/ros2_ws/install/my_slam_launch:/home/naraphon9/ros2_ws/install/my_robot_description:/home/naraphon9/ros2_ws/install/my_pose_pub:/opt/ros/foxy /opt/cmake-3.26/bin/cmake --install /home/naraphon9/ros2_ws/build/ydlidar
[5.669s] -- Install configuration: ""
[5.669s] -- Installing: /home/naraphon9/ros2_ws/install/ydlidar/lib/ydlidar/ydlidar_node
[5.669s] -- Set runtime path of "/home/naraphon9/ros2_ws/install/ydlidar/lib/ydlidar/ydlidar_node" to ""
[5.670s] -- Installing: /home/naraphon9/ros2_ws/install/ydlidar/lib/ydlidar/ydlidar_client
[5.670s] -- Set runtime path of "/home/naraphon9/ros2_ws/install/ydlidar/lib/ydlidar/ydlidar_client" to ""
[5.670s] -- Installing: /home/naraphon9/ros2_ws/install/ydlidar/share/ydlidar/launch
[5.670s] -- Installing: /home/naraphon9/ros2_ws/install/ydlidar/share/ydlidar/launch/ydlidar_launch_view.py
[5.670s] -- Installing: /home/naraphon9/ros2_ws/install/ydlidar/share/ydlidar/launch/lidar_only_launch.py
[5.670s] -- Installing: /home/naraphon9/ros2_ws/install/ydlidar/share/ydlidar/launch/ydlidar_launch.py
[5.670s] -- Installing: /home/naraphon9/ros2_ws/install/ydlidar/share/ydlidar/launch/ydlidar_slam_launch.py
[5.671s] -- Installing: /home/naraphon9/ros2_ws/install/ydlidar/share/ydlidar/params
[5.671s] -- Installing: /home/naraphon9/ros2_ws/install/ydlidar/share/ydlidar/params/ydlidar.yaml
[5.671s] -- Installing: /home/naraphon9/ros2_ws/install/ydlidar/share/ydlidar/startup
[5.671s] -- Installing: /home/naraphon9/ros2_ws/install/ydlidar/share/ydlidar/startup/initenv.sh
[5.671s] -- Installing: /home/naraphon9/ros2_ws/install/ydlidar/share/ament_index/resource_index/package_run_dependencies/ydlidar
[5.671s] -- Installing: /home/naraphon9/ros2_ws/install/ydlidar/share/ament_index/resource_index/parent_prefix_path/ydlidar
[5.671s] -- Installing: /home/naraphon9/ros2_ws/install/ydlidar/share/ydlidar/environment/ament_prefix_path.sh
[5.672s] -- Installing: /home/naraphon9/ros2_ws/install/ydlidar/share/ydlidar/environment/ament_prefix_path.dsv
[5.672s] -- Installing: /home/naraphon9/ros2_ws/install/ydlidar/share/ydlidar/environment/path.sh
[5.672s] -- Installing: /home/naraphon9/ros2_ws/install/ydlidar/share/ydlidar/environment/path.dsv
[5.673s] -- Installing: /home/naraphon9/ros2_ws/install/ydlidar/share/ydlidar/local_setup.bash
[5.673s] -- Installing: /home/naraphon9/ros2_ws/install/ydlidar/share/ydlidar/local_setup.sh
[5.674s] -- Installing: /home/naraphon9/ros2_ws/install/ydlidar/share/ydlidar/local_setup.zsh
[5.674s] -- Installing: /home/naraphon9/ros2_ws/install/ydlidar/share/ydlidar/local_setup.dsv
[5.674s] -- Installing: /home/naraphon9/ros2_ws/install/ydlidar/share/ydlidar/package.dsv
[5.675s] -- Installing: /home/naraphon9/ros2_ws/install/ydlidar/share/ament_index/resource_index/packages/ydlidar
[5.675s] -- Installing: /home/naraphon9/ros2_ws/install/ydlidar/share/ydlidar/cmake/ydlidarConfig.cmake
[5.675s] -- Installing: /home/naraphon9/ros2_ws/install/ydlidar/share/ydlidar/cmake/ydlidarConfig-version.cmake
[5.676s] -- Installing: /home/naraphon9/ros2_ws/install/ydlidar/share/ydlidar/package.xml
[5.679s] Invoked command in '/home/naraphon9/ros2_ws/build/ydlidar' returned '0': CMAKE_PREFIX_PATH=${CMAKE_PREFIX_PATH}:/home/naraphon9/ros2_ws/install/ydlidar_old:/home/naraphon9/ros2_ws/install/my_slam_launch:/home/naraphon9/ros2_ws/install/my_robot_description:/home/naraphon9/ros2_ws/install/my_pose_pub:/opt/ros/foxy /opt/cmake-3.26/bin/cmake --install /home/naraphon9/ros2_ws/build/ydlidar
