running egg_info
writing ../../build/my_slam_launch/my_slam_launch.egg-info/PKG-INFO
writing dependency_links to ../../build/my_slam_launch/my_slam_launch.egg-info/dependency_links.txt
writing entry points to ../../build/my_slam_launch/my_slam_launch.egg-info/entry_points.txt
writing requirements to ../../build/my_slam_launch/my_slam_launch.egg-info/requires.txt
writing top-level names to ../../build/my_slam_launch/my_slam_launch.egg-info/top_level.txt
reading manifest file '../../build/my_slam_launch/my_slam_launch.egg-info/SOURCES.txt'
writing manifest file '../../build/my_slam_launch/my_slam_launch.egg-info/SOURCES.txt'
running build
running build_py
running install
running install_lib
running install_data
running install_egg_info
removing '/home/naraphon9/ros2_ws/install/my_slam_launch/lib/python3.8/site-packages/my_slam_launch-0.0.0-py3.8.egg-info' (and everything under it)
Copying ../../build/my_slam_launch/my_slam_launch.egg-info to /home/naraphon9/ros2_ws/install/my_slam_launch/lib/python3.8/site-packages/my_slam_launch-0.0.0-py3.8.egg-info
running install_scripts
Installing base_footprint script to /home/naraphon9/ros2_ws/install/my_slam_launch/lib/my_slam_launch
Installing laser_tf_pub script to /home/naraphon9/ros2_ws/install/my_slam_launch/lib/my_slam_launch
writing list of installed files to '/home/naraphon9/ros2_ws/build/my_slam_launch/install.log'
