running develop
running egg_info
creating my_slam_launch.egg-info
writing my_slam_launch.egg-info/PKG-INFO
writing dependency_links to my_slam_launch.egg-info/dependency_links.txt
writing entry points to my_slam_launch.egg-info/entry_points.txt
writing requirements to my_slam_launch.egg-info/requires.txt
writing top-level names to my_slam_launch.egg-info/top_level.txt
writing manifest file 'my_slam_launch.egg-info/SOURCES.txt'
reading manifest file 'my_slam_launch.egg-info/SOURCES.txt'
writing manifest file 'my_slam_launch.egg-info/SOURCES.txt'
running build_ext
Creating /home/naraphon9/ros2_ws/src/install/my_slam_launch/lib/python3.8/site-packages/site.py
Creating /home/naraphon9/ros2_ws/src/install/my_slam_launch/lib/python3.8/site-packages/my-slam-launch.egg-link (link to .)

Installed /home/naraphon9/ros2_ws/src/build/my_slam_launch
running symlink_data
creating /home/naraphon9/ros2_ws/src/install/my_slam_launch/share/ament_index
creating /home/naraphon9/ros2_ws/src/install/my_slam_launch/share/ament_index/resource_index
creating /home/naraphon9/ros2_ws/src/install/my_slam_launch/share/ament_index/resource_index/packages
symbolically linking /home/naraphon9/ros2_ws/src/build/my_slam_launch/resource/my_slam_launch -> /home/naraphon9/ros2_ws/src/install/my_slam_launch/share/ament_index/resource_index/packages
symbolically linking /home/naraphon9/ros2_ws/src/build/my_slam_launch/package.xml -> /home/naraphon9/ros2_ws/src/install/my_slam_launch/share/my_slam_launch
creating /home/naraphon9/ros2_ws/src/install/my_slam_launch/share/my_slam_launch/launch
symbolically linking /home/naraphon9/ros2_ws/src/build/my_slam_launch/launch/slam_with_tf_launch.py -> /home/naraphon9/ros2_ws/src/install/my_slam_launch/share/my_slam_launch/launch
creating /home/naraphon9/ros2_ws/src/install/my_slam_launch/share/my_slam_launch/config
symbolically linking /home/naraphon9/ros2_ws/src/build/my_slam_launch/config/slam.rviz -> /home/naraphon9/ros2_ws/src/install/my_slam_launch/share/my_slam_launch/config
