[1.610s] DEBUG:colcon:Command line arguments: ['/usr/bin/colcon', 'build', '--symlink-install']
[1.610s] DEBUG:colcon:Parsed command line arguments: Namespace(allow_overriding=[], ament_cmake_args=None, base_paths=['.'], build_base='build', catkin_cmake_args=None, catkin_skip_building_tests=False, cmake_args=None, cmake_clean_cache=False, cmake_clean_first=False, cmake_force_configure=False, cmake_target=None, cmake_target_skip_unavailable=False, continue_on_error=False, event_handlers=None, executor='parallel', ignore_user_meta=False, install_base='install', log_base=None, log_level=None, main=<bound method BuildVerb.main of <colcon_core.verb.build.BuildVerb object at 0x7f9d4fe5b0>>, merge_install=False, metas=['./colcon.meta'], packages_above=None, packages_above_and_dependencies=None, packages_above_depth=None, packages_end=None, packages_ignore=None, packages_ignore_regex=None, packages_select=None, packages_select_build_failed=False, packages_select_by_dep=None, packages_select_regex=None, packages_select_test_failures=False, packages_skip=None, packages_skip_build_finished=False, packages_skip_by_dep=None, packages_skip_regex=None, packages_skip_test_passed=False, packages_skip_up_to=None, packages_start=None, packages_up_to=None, packages_up_to_regex=None, parallel_workers=4, paths=None, symlink_install=True, test_result_base=None, verb_extension=<colcon_core.verb.build.BuildVerb object at 0x7f9d4fe5b0>, verb_name='build', verb_parser=<colcon_defaults.argument_parser.defaults.DefaultArgumentsDecorator object at 0x7f9d411c70>)
[2.535s] Level 1:colcon.colcon_core.package_discovery:discover_packages(colcon_meta) check parameters
[2.536s] Level 1:colcon.colcon_core.package_discovery:discover_packages(recursive) check parameters
[2.536s] Level 1:colcon.colcon_core.package_discovery:discover_packages(ignore) check parameters
[2.536s] Level 1:colcon.colcon_core.package_discovery:discover_packages(path) check parameters
[2.536s] Level 1:colcon.colcon_core.package_discovery:discover_packages(colcon_meta) discover
[2.536s] Level 1:colcon.colcon_core.package_discovery:discover_packages(recursive) discover
[2.537s] INFO:colcon.colcon_core.package_discovery:Crawling recursively for packages in '/home/ning/ydlidar_ws/src/my_slam_launch/launch'
[2.537s] Level 1:colcon.colcon_core.package_identification:_identify(.) by extensions ['ignore', 'ignore_ament_install']
[2.537s] Level 1:colcon.colcon_core.package_identification:_identify(.) by extension 'ignore'
[2.537s] Level 1:colcon.colcon_core.package_identification:_identify(.) by extension 'ignore_ament_install'
[2.538s] Level 1:colcon.colcon_core.package_identification:_identify(.) by extensions ['colcon_pkg']
[2.538s] Level 1:colcon.colcon_core.package_identification:_identify(.) by extension 'colcon_pkg'
[2.538s] Level 1:colcon.colcon_core.package_identification:_identify(.) by extensions ['colcon_meta']
[2.538s] Level 1:colcon.colcon_core.package_identification:_identify(.) by extension 'colcon_meta'
[2.538s] Level 1:colcon.colcon_core.package_identification:_identify(.) by extensions ['ros']
[2.539s] Level 1:colcon.colcon_core.package_identification:_identify(.) by extension 'ros'
[2.608s] Level 1:colcon.colcon_core.package_identification:_identify(.) by extensions ['cmake', 'python']
[2.608s] Level 1:colcon.colcon_core.package_identification:_identify(.) by extension 'cmake'
[2.608s] Level 1:colcon.colcon_core.package_identification:_identify(.) by extension 'python'
[2.608s] Level 1:colcon.colcon_core.package_identification:_identify(.) by extensions ['python_setup_py']
[2.608s] Level 1:colcon.colcon_core.package_identification:_identify(.) by extension 'python_setup_py'
[2.609s] Level 1:colcon.colcon_core.package_identification:_identify(build) by extensions ['ignore', 'ignore_ament_install']
[2.609s] Level 1:colcon.colcon_core.package_identification:_identify(build) by extension 'ignore'
[2.609s] Level 1:colcon.colcon_core.package_identification:_identify(build) ignored
[2.610s] Level 1:colcon.colcon_core.package_identification:_identify(install) by extensions ['ignore', 'ignore_ament_install']
[2.610s] Level 1:colcon.colcon_core.package_identification:_identify(install) by extension 'ignore'
[2.610s] Level 1:colcon.colcon_core.package_identification:_identify(install) ignored
[2.611s] Level 1:colcon.colcon_core.package_identification:_identify(log) by extensions ['ignore', 'ignore_ament_install']
[2.611s] Level 1:colcon.colcon_core.package_identification:_identify(log) by extension 'ignore'
[2.611s] Level 1:colcon.colcon_core.package_identification:_identify(log) ignored
[2.611s] Level 1:colcon.colcon_core.package_discovery:discover_packages(recursive) using defaults
[2.612s] Level 1:colcon.colcon_core.package_discovery:discover_packages(ignore) discover
[2.612s] Level 1:colcon.colcon_core.package_discovery:discover_packages(ignore) using defaults
[2.612s] Level 1:colcon.colcon_core.package_discovery:discover_packages(path) discover
[2.612s] Level 1:colcon.colcon_core.package_discovery:discover_packages(path) using defaults
[2.733s] Level 1:colcon.colcon_core.package_discovery:discover_packages(prefix_path) check parameters
[2.733s] Level 1:colcon.colcon_core.package_discovery:discover_packages(prefix_path) discover
[2.745s] DEBUG:colcon.colcon_installed_package_information.package_discovery:Found 0 installed packages in /home/ning/install
[2.748s] DEBUG:colcon.colcon_installed_package_information.package_discovery:Found 0 installed packages in /home/ning/ydlidar_ws/install
[2.754s] DEBUG:colcon.colcon_installed_package_information.package_discovery:Found 263 installed packages in /opt/ros/foxy
[2.767s] Level 1:colcon.colcon_core.package_discovery:discover_packages(prefix_path) using defaults
[3.360s] INFO:colcon.colcon_core.executor:Executing jobs using 'parallel' executor
[3.364s] DEBUG:colcon.colcon_parallel_executor.executor.parallel:run_until_complete
[3.364s] DEBUG:colcon.colcon_parallel_executor.executor.parallel:closing loop
[3.365s] DEBUG:colcon.colcon_parallel_executor.executor.parallel:loop closed
[3.365s] DEBUG:colcon.colcon_parallel_executor.executor.parallel:run_until_complete finished with '0'
[3.365s] DEBUG:colcon.colcon_core.event_reactor:joining thread
[3.406s] INFO:colcon.colcon_core.plugin_system:Skipping extension 'colcon_notification.desktop_notification.terminal_notifier': Not used on non-Darwin systems
[3.406s] INFO:colcon.colcon_core.plugin_system:Skipping extension 'colcon_notification.desktop_notification.win32': Not used on non-Windows systems
[3.406s] INFO:colcon.colcon_notification.desktop_notification:Sending desktop notification using 'notify2'
[3.500s] DEBUG:colcon.colcon_core.event_reactor:joined thread
[3.522s] INFO:colcon.colcon_core.plugin_system:Skipping extension 'colcon_core.shell.bat': Not used on non-Windows systems
[3.523s] INFO:colcon.colcon_core.shell:Creating prefix script '/home/ning/ydlidar_ws/src/my_slam_launch/launch/install/local_setup.ps1'
[3.529s] INFO:colcon.colcon_core.shell:Creating prefix util module '/home/ning/ydlidar_ws/src/my_slam_launch/launch/install/_local_setup_util_ps1.py'
[3.536s] INFO:colcon.colcon_core.shell:Creating prefix chain script '/home/ning/ydlidar_ws/src/my_slam_launch/launch/install/setup.ps1'
[3.541s] INFO:colcon.colcon_core.shell:Creating prefix script '/home/ning/ydlidar_ws/src/my_slam_launch/launch/install/local_setup.sh'
[3.544s] INFO:colcon.colcon_core.shell:Creating prefix util module '/home/ning/ydlidar_ws/src/my_slam_launch/launch/install/_local_setup_util_sh.py'
[3.548s] INFO:colcon.colcon_core.shell:Creating prefix chain script '/home/ning/ydlidar_ws/src/my_slam_launch/launch/install/setup.sh'
[3.554s] INFO:colcon.colcon_core.shell:Creating prefix script '/home/ning/ydlidar_ws/src/my_slam_launch/launch/install/local_setup.bash'
[3.557s] INFO:colcon.colcon_core.shell:Creating prefix chain script '/home/ning/ydlidar_ws/src/my_slam_launch/launch/install/setup.bash'
[3.562s] INFO:colcon.colcon_core.shell:Creating prefix script '/home/ning/ydlidar_ws/src/my_slam_launch/launch/install/local_setup.zsh'
[3.566s] INFO:colcon.colcon_core.shell:Creating prefix chain script '/home/ning/ydlidar_ws/src/my_slam_launch/launch/install/setup.zsh'
