[1.246s] Invoking command in '/home/naraphon9/ros2_ws/src/my_pose_pub': PYTHONPATH=/home/naraphon9/ros2_ws/build/my_pose_pub/prefix_override:/usr/lib/python3/dist-packages/colcon_core/task/python/colcon_distutils_commands:/home/naraphon9/ros2_ws/install/my_pose_pub/lib/python3.8/site-packages:${PYTHONPATH} /usr/bin/python3 -W ignore:setup.py install is deprecated -W ignore:easy_install command is deprecated setup.py egg_info --egg-base ../../build/my_pose_pub build --build-base /home/naraphon9/ros2_ws/build/my_pose_pub/build install --record /home/naraphon9/ros2_ws/build/my_pose_pub/install.log --install-scripts $base/lib/my_pose_pub --single-version-externally-managed install_data
[1.461s] running egg_info
[1.462s] writing ../../build/my_pose_pub/my_pose_pub.egg-info/PKG-INFO
[1.463s] writing dependency_links to ../../build/my_pose_pub/my_pose_pub.egg-info/dependency_links.txt
[1.463s] writing entry points to ../../build/my_pose_pub/my_pose_pub.egg-info/entry_points.txt
[1.463s] writing requirements to ../../build/my_pose_pub/my_pose_pub.egg-info/requires.txt
[1.463s] writing top-level names to ../../build/my_pose_pub/my_pose_pub.egg-info/top_level.txt
[1.501s] reading manifest file '../../build/my_pose_pub/my_pose_pub.egg-info/SOURCES.txt'
[1.502s] writing manifest file '../../build/my_pose_pub/my_pose_pub.egg-info/SOURCES.txt'
[1.502s] running build
[1.502s] running build_py
[1.502s] running install
[1.504s] running install_lib
[1.505s] running install_data
[1.505s] running install_egg_info
[1.507s] removing '/home/naraphon9/ros2_ws/install/my_pose_pub/lib/python3.8/site-packages/my_pose_pub-0.0.0-py3.8.egg-info' (and everything under it)
[1.507s] Copying ../../build/my_pose_pub/my_pose_pub.egg-info to /home/naraphon9/ros2_ws/install/my_pose_pub/lib/python3.8/site-packages/my_pose_pub-0.0.0-py3.8.egg-info
[1.507s] running install_scripts
[1.528s] Installing pose2d_to_ekf script to /home/naraphon9/ros2_ws/install/my_pose_pub/lib/my_pose_pub
[1.528s] writing list of installed files to '/home/naraphon9/ros2_ws/build/my_pose_pub/install.log'
[1.551s] Invoked command in '/home/naraphon9/ros2_ws/src/my_pose_pub' returned '0': PYTHONPATH=/home/naraphon9/ros2_ws/build/my_pose_pub/prefix_override:/usr/lib/python3/dist-packages/colcon_core/task/python/colcon_distutils_commands:/home/naraphon9/ros2_ws/install/my_pose_pub/lib/python3.8/site-packages:${PYTHONPATH} /usr/bin/python3 -W ignore:setup.py install is deprecated -W ignore:easy_install command is deprecated setup.py egg_info --egg-base ../../build/my_pose_pub build --build-base /home/naraphon9/ros2_ws/build/my_pose_pub/build install --record /home/naraphon9/ros2_ws/build/my_pose_pub/install.log --install-scripts $base/lib/my_pose_pub --single-version-externally-managed install_data
