running develop
Removing /home/naraphon9/ros2_ws/src/install/my_slam_launch/lib/python3.8/site-packages/my-slam-launch.egg-link (link to .)
running egg_info
writing ../build/my_slam_launch/my_slam_launch.egg-info/PKG-INFO
writing dependency_links to ../build/my_slam_launch/my_slam_launch.egg-info/dependency_links.txt
writing entry points to ../build/my_slam_launch/my_slam_launch.egg-info/entry_points.txt
writing requirements to ../build/my_slam_launch/my_slam_launch.egg-info/requires.txt
writing top-level names to ../build/my_slam_launch/my_slam_launch.egg-info/top_level.txt
reading manifest file '../build/my_slam_launch/my_slam_launch.egg-info/SOURCES.txt'
writing manifest file '../build/my_slam_launch/my_slam_launch.egg-info/SOURCES.txt'
running build
running build_py
creating /home/naraphon9/ros2_ws/src/build/my_slam_launch/build
creating /home/naraphon9/ros2_ws/src/build/my_slam_launch/build/lib
creating /home/naraphon9/ros2_ws/src/build/my_slam_launch/build/lib/my_slam_launch
copying my_slam_launch/__init__.py -> /home/naraphon9/ros2_ws/src/build/my_slam_launch/build/lib/my_slam_launch
copying my_slam_launch/fake_odom_tf.py -> /home/naraphon9/ros2_ws/src/build/my_slam_launch/build/lib/my_slam_launch
running install
running install_lib
creating /home/naraphon9/ros2_ws/src/install/my_slam_launch/lib/python3.8/site-packages/my_slam_launch
copying /home/naraphon9/ros2_ws/src/build/my_slam_launch/build/lib/my_slam_launch/__init__.py -> /home/naraphon9/ros2_ws/src/install/my_slam_launch/lib/python3.8/site-packages/my_slam_launch
copying /home/naraphon9/ros2_ws/src/build/my_slam_launch/build/lib/my_slam_launch/fake_odom_tf.py -> /home/naraphon9/ros2_ws/src/install/my_slam_launch/lib/python3.8/site-packages/my_slam_launch
byte-compiling /home/naraphon9/ros2_ws/src/install/my_slam_launch/lib/python3.8/site-packages/my_slam_launch/__init__.py to __init__.cpython-38.pyc
byte-compiling /home/naraphon9/ros2_ws/src/install/my_slam_launch/lib/python3.8/site-packages/my_slam_launch/fake_odom_tf.py to fake_odom_tf.cpython-38.pyc
running install_data
copying resource/my_slam_launch -> /home/naraphon9/ros2_ws/src/install/my_slam_launch/share/ament_index/resource_index/packages
copying package.xml -> /home/naraphon9/ros2_ws/src/install/my_slam_launch/share/my_slam_launch
copying launch/robot_bringup_launch.py -> /home/naraphon9/ros2_ws/src/install/my_slam_launch/share/my_slam_launch/launch
copying launch/slam_with_ekf.launch.py -> /home/naraphon9/ros2_ws/src/install/my_slam_launch/share/my_slam_launch/launch
copying launch/slam_with_tf.launch.py -> /home/naraphon9/ros2_ws/src/install/my_slam_launch/share/my_slam_launch/launch
copying config/ekf_odom.yaml -> /home/naraphon9/ros2_ws/src/install/my_slam_launch/share/my_slam_launch/config
creating /home/naraphon9/ros2_ws/src/install/my_slam_launch/share/my_slam_launch/scripts
copying scripts/fake_odom_tf.py -> /home/naraphon9/ros2_ws/src/install/my_slam_launch/share/my_slam_launch/scripts
running install_egg_info
Copying ../build/my_slam_launch/my_slam_launch.egg-info to /home/naraphon9/ros2_ws/src/install/my_slam_launch/lib/python3.8/site-packages/my_slam_launch-0.0.0-py3.8.egg-info
running install_scripts
Installing fake_odom_tf script to /home/naraphon9/ros2_ws/src/install/my_slam_launch/lib/my_slam_launch
writing list of installed files to '/home/naraphon9/ros2_ws/src/build/my_slam_launch/install.log'
