[0.350s] Invoking command in '/home/naraphon9/ros2_ws/src/build/my_slam_launch': PYTHONPATH=/home/naraphon9/ros2_ws/src/build/my_slam_launch/prefix_override:/usr/lib/python3/dist-packages/colcon_core/task/python/colcon_distutils_commands:/home/naraphon9/ros2_ws/src/install/my_slam_launch/lib/python3.8/site-packages:${PYTHONPATH} /usr/bin/python3 -W ignore:setup.py install is deprecated -W ignore:easy_install command is deprecated setup.py develop --uninstall --editable --build-directory /home/naraphon9/ros2_ws/src/build/my_slam_launch/build
[0.476s] running develop
[0.542s] Removing /home/naraphon9/ros2_ws/src/install/my_slam_launch/lib/python3.8/site-packages/my-slam-launch.egg-link (link to .)
[0.556s] Invoked command in '/home/naraphon9/ros2_ws/src/build/my_slam_launch' returned '0': PYTHONPATH=/home/naraphon9/ros2_ws/src/build/my_slam_launch/prefix_override:/usr/lib/python3/dist-packages/colcon_core/task/python/colcon_distutils_commands:/home/naraphon9/ros2_ws/src/install/my_slam_launch/lib/python3.8/site-packages:${PYTHONPATH} /usr/bin/python3 -W ignore:setup.py install is deprecated -W ignore:easy_install command is deprecated setup.py develop --uninstall --editable --build-directory /home/naraphon9/ros2_ws/src/build/my_slam_launch/build
[0.556s] Invoking command in '/home/naraphon9/ros2_ws/src/my_slam_launch': PYTHONPATH=/home/naraphon9/ros2_ws/src/build/my_slam_launch/prefix_override:/usr/lib/python3/dist-packages/colcon_core/task/python/colcon_distutils_commands:/home/naraphon9/ros2_ws/src/install/my_slam_launch/lib/python3.8/site-packages:${PYTHONPATH} /usr/bin/python3 -W ignore:setup.py install is deprecated -W ignore:easy_install command is deprecated setup.py egg_info --egg-base ../build/my_slam_launch build --build-base /home/naraphon9/ros2_ws/src/build/my_slam_launch/build install --record /home/naraphon9/ros2_ws/src/build/my_slam_launch/install.log --install-scripts $base/lib/my_slam_launch --single-version-externally-managed install_data --force
[0.668s] running egg_info
[0.669s] writing ../build/my_slam_launch/my_slam_launch.egg-info/PKG-INFO
[0.669s] writing dependency_links to ../build/my_slam_launch/my_slam_launch.egg-info/dependency_links.txt
[0.669s] writing entry points to ../build/my_slam_launch/my_slam_launch.egg-info/entry_points.txt
[0.669s] writing requirements to ../build/my_slam_launch/my_slam_launch.egg-info/requires.txt
[0.669s] writing top-level names to ../build/my_slam_launch/my_slam_launch.egg-info/top_level.txt
[0.689s] reading manifest file '../build/my_slam_launch/my_slam_launch.egg-info/SOURCES.txt'
[0.689s] writing manifest file '../build/my_slam_launch/my_slam_launch.egg-info/SOURCES.txt'
[0.690s] running build
[0.690s] running build_py
[0.690s] creating /home/naraphon9/ros2_ws/src/build/my_slam_launch/build
[0.690s] creating /home/naraphon9/ros2_ws/src/build/my_slam_launch/build/lib
[0.690s] creating /home/naraphon9/ros2_ws/src/build/my_slam_launch/build/lib/my_slam_launch
[0.690s] copying my_slam_launch/__init__.py -> /home/naraphon9/ros2_ws/src/build/my_slam_launch/build/lib/my_slam_launch
[0.690s] copying my_slam_launch/fake_odom_tf.py -> /home/naraphon9/ros2_ws/src/build/my_slam_launch/build/lib/my_slam_launch
[0.690s] running install
[0.690s] running install_lib
[0.691s] creating /home/naraphon9/ros2_ws/src/install/my_slam_launch/lib/python3.8/site-packages/my_slam_launch
[0.691s] copying /home/naraphon9/ros2_ws/src/build/my_slam_launch/build/lib/my_slam_launch/__init__.py -> /home/naraphon9/ros2_ws/src/install/my_slam_launch/lib/python3.8/site-packages/my_slam_launch
[0.691s] copying /home/naraphon9/ros2_ws/src/build/my_slam_launch/build/lib/my_slam_launch/fake_odom_tf.py -> /home/naraphon9/ros2_ws/src/install/my_slam_launch/lib/python3.8/site-packages/my_slam_launch
[0.691s] byte-compiling /home/naraphon9/ros2_ws/src/install/my_slam_launch/lib/python3.8/site-packages/my_slam_launch/__init__.py to __init__.cpython-38.pyc
[0.692s] byte-compiling /home/naraphon9/ros2_ws/src/install/my_slam_launch/lib/python3.8/site-packages/my_slam_launch/fake_odom_tf.py to fake_odom_tf.cpython-38.pyc
[0.692s] running install_data
[0.692s] copying resource/my_slam_launch -> /home/naraphon9/ros2_ws/src/install/my_slam_launch/share/ament_index/resource_index/packages
[0.692s] copying package.xml -> /home/naraphon9/ros2_ws/src/install/my_slam_launch/share/my_slam_launch
[0.692s] copying launch/robot_bringup_launch.py -> /home/naraphon9/ros2_ws/src/install/my_slam_launch/share/my_slam_launch/launch
[0.692s] copying launch/slam_with_ekf.launch.py -> /home/naraphon9/ros2_ws/src/install/my_slam_launch/share/my_slam_launch/launch
[0.692s] copying launch/slam_with_tf.launch.py -> /home/naraphon9/ros2_ws/src/install/my_slam_launch/share/my_slam_launch/launch
[0.692s] copying config/ekf_odom.yaml -> /home/naraphon9/ros2_ws/src/install/my_slam_launch/share/my_slam_launch/config
[0.692s] creating /home/naraphon9/ros2_ws/src/install/my_slam_launch/share/my_slam_launch/scripts
[0.693s] copying scripts/fake_odom_tf.py -> /home/naraphon9/ros2_ws/src/install/my_slam_launch/share/my_slam_launch/scripts
[0.693s] running install_egg_info
[0.694s] Copying ../build/my_slam_launch/my_slam_launch.egg-info to /home/naraphon9/ros2_ws/src/install/my_slam_launch/lib/python3.8/site-packages/my_slam_launch-0.0.0-py3.8.egg-info
[0.694s] running install_scripts
[0.704s] Installing fake_odom_tf script to /home/naraphon9/ros2_ws/src/install/my_slam_launch/lib/my_slam_launch
[0.704s] writing list of installed files to '/home/naraphon9/ros2_ws/src/build/my_slam_launch/install.log'
[0.715s] Invoked command in '/home/naraphon9/ros2_ws/src/my_slam_launch' returned '0': PYTHONPATH=/home/naraphon9/ros2_ws/src/build/my_slam_launch/prefix_override:/usr/lib/python3/dist-packages/colcon_core/task/python/colcon_distutils_commands:/home/naraphon9/ros2_ws/src/install/my_slam_launch/lib/python3.8/site-packages:${PYTHONPATH} /usr/bin/python3 -W ignore:setup.py install is deprecated -W ignore:easy_install command is deprecated setup.py egg_info --egg-base ../build/my_slam_launch build --build-base /home/naraphon9/ros2_ws/src/build/my_slam_launch/build install --record /home/naraphon9/ros2_ws/src/build/my_slam_launch/install.log --install-scripts $base/lib/my_slam_launch --single-version-externally-managed install_data --force
